#
# A fatal error has been detected by the Java Runtime Environment:
#
#  SIGSEGV (0xb) at pc=0x00007ff8005d2c4f, pid=39532, tid=5891
#
# JRE version: OpenJDK Runtime Environment Temurin-17+35 (17.0+35) (build 17+35)
# Java VM: OpenJDK 64-Bit Server VM Temurin-17+35 (17+35, mixed mode, sharing, tiered, compressed oops, compressed class ptrs, g1 gc, bsd-amd64)
# Problematic frame:
# C  [libobjc.A.dylib+0x8c4f]  objc_release+0x1f
#
# No core dump will be written. Core dumps have been disabled. To enable core dumping, try "ulimit -c unlimited" before starting Java again
#
# If you would like to submit a bug report, please visit:
#   https://github.com/adoptium/adoptium-support/issues
# The crash happened outside the Java Virtual Machine in native code.
# See problematic frame for where to report the bug.
#

---------------  S U M M A R Y ------------

Command Line: -Djava.library.path=lib -javaagent:/Users/loule/Library/Application Support/JetBrains/Toolbox/apps/IDEA-U/ch-0/212.5284.40/IntelliJ IDEA.app/Contents/lib/idea_rt.jar=64423:/Users/loule/Library/Application Support/JetBrains/Toolbox/apps/IDEA-U/ch-0/212.5284.40/IntelliJ IDEA.app/Contents/bin -Dfile.encoding=UTF-8 fr.rphstudio.codingdojo.launcher.MainLauncher

Host: "MacBookPro14,1" x86_64 2300 MHz, 4 cores, 8G, Darwin 21.1.0, macOS 10.16 (21A5522h)
Time: Wed Sep 29 12:05:05 2021 CEST elapsed time: 2.849797 seconds (0d 0h 0m 2s)

---------------  T H R E A D  ---------------

Current thread (0x00007f79bb808e00):  JavaThread "main" [_thread_in_native, id=5891, stack(0x0000700009bf3000,0x0000700009cf3000)]

Stack: [0x0000700009bf3000,0x0000700009cf3000],  sp=0x0000700009cf2358,  free space=1020k
Native frames: (J=compiled Java code, j=interpreted, Vv=VM code, C=native code)
C  [libobjc.A.dylib+0x8c4f]  objc_release+0x1f
C  [libobjc.A.dylib+0xa160]  objc_autoreleasePoolPop+0xa1
C  [CoreFoundation+0x420ec]  _CFAutoreleasePoolPop+0x16
C  [Foundation+0x1e92d]  -[NSAutoreleasePool release]+0x85
j  org.lwjgl.opengl.MacOSXContextImplementation.setView(Ljava/nio/ByteBuffer;Ljava/nio/ByteBuffer;)V+0
j  org.lwjgl.opengl.MacOSXContextImplementation.makeCurrent(Lorg/lwjgl/opengl/PeerInfo;Ljava/nio/ByteBuffer;)V+7
j  org.lwjgl.opengl.ContextGL.makeCurrent()V+46
j  org.lwjgl.opengl.DrawableGL.makeCurrent()V+14
j  org.lwjgl.opengl.Display.makeCurrent()V+3
j  org.lwjgl.opengl.Display.makeCurrentAndSetSwapInterval()V+0
j  org.lwjgl.opengl.Display.create(Lorg/lwjgl/opengl/PixelFormat;Lorg/lwjgl/opengl/Drawable;Lorg/lwjgl/opengl/ContextAttribs;)V+108
j  org.lwjgl.opengl.Display.create(Lorg/lwjgl/opengl/PixelFormat;)V+12
j  org.newdawn.slick.AppGameContainer.tryCreateDisplay(Lorg/lwjgl/opengl/PixelFormat;)V+7
j  org.newdawn.slick.AppGameContainer.access$000(Lorg/newdawn/slick/AppGameContainer;Lorg/lwjgl/opengl/PixelFormat;)V+2
j  org.newdawn.slick.AppGameContainer$2.run()Ljava/lang/Object;+36
j  java.security.AccessController.executePrivileged(Ljava/security/PrivilegedAction;Ljava/security/AccessControlContext;Ljava/lang/Class;)Ljava/lang/Object;+29 java.base@17
j  java.security.AccessController.doPrivileged(Ljava/security/PrivilegedAction;)Ljava/lang/Object;+5 java.base@17
j  org.newdawn.slick.AppGameContainer.setup()V+112
j  org.newdawn.slick.AppGameContainer.start()V+1
j  fr.rphstudio.codingdojo.launcher.MainLauncher.main([Ljava/lang/String;)V+133
v  ~StubRoutines::call_stub
V  [libjvm.dylib+0x519e46]  _ZN9JavaCalls11call_helperEP9JavaValueRK12methodHandleP17JavaCallArgumentsP10JavaThread+0x2b6
V  [libjvm.dylib+0x57d5e8]  _ZL17jni_invoke_staticP7JNIEnv_P9JavaValueP8_jobject11JNICallTypeP10_jmethodIDP18JNI_ArgumentPusherP10JavaThread+0x158
V  [libjvm.dylib+0x580b38]  jni_CallStaticVoidMethod+0x198
C  [libjli.dylib+0x4fcd]  JavaMain+0xc1d
C  [libjli.dylib+0x7699]  ThreadJavaMain+0x9
C  [libsystem_pthread.dylib+0x6514]  _pthread_start+0x7d
C  [libsystem_pthread.dylib+0x202f]  thread_start+0xf

Java frames: (J=compiled Java code, j=interpreted, Vv=VM code)
j  org.lwjgl.opengl.MacOSXContextImplementation.setView(Ljava/nio/ByteBuffer;Ljava/nio/ByteBuffer;)V+0
j  org.lwjgl.opengl.MacOSXContextImplementation.makeCurrent(Lorg/lwjgl/opengl/PeerInfo;Ljava/nio/ByteBuffer;)V+7
j  org.lwjgl.opengl.ContextGL.makeCurrent()V+46
j  org.lwjgl.opengl.DrawableGL.makeCurrent()V+14
j  org.lwjgl.opengl.Display.makeCurrent()V+3
j  org.lwjgl.opengl.Display.makeCurrentAndSetSwapInterval()V+0
j  org.lwjgl.opengl.Display.create(Lorg/lwjgl/opengl/PixelFormat;Lorg/lwjgl/opengl/Drawable;Lorg/lwjgl/opengl/ContextAttribs;)V+108
j  org.lwjgl.opengl.Display.create(Lorg/lwjgl/opengl/PixelFormat;)V+12
j  org.newdawn.slick.AppGameContainer.tryCreateDisplay(Lorg/lwjgl/opengl/PixelFormat;)V+7
j  org.newdawn.slick.AppGameContainer.access$000(Lorg/newdawn/slick/AppGameContainer;Lorg/lwjgl/opengl/PixelFormat;)V+2
j  org.newdawn.slick.AppGameContainer$2.run()Ljava/lang/Object;+36
j  java.security.AccessController.executePrivileged(Ljava/security/PrivilegedAction;Ljava/security/AccessControlContext;Ljava/lang/Class;)Ljava/lang/Object;+29 java.base@17
j  java.security.AccessController.doPrivileged(Ljava/security/PrivilegedAction;)Ljava/lang/Object;+5 java.base@17
j  org.newdawn.slick.AppGameContainer.setup()V+112
j  org.newdawn.slick.AppGameContainer.start()V+1
j  fr.rphstudio.codingdojo.launcher.MainLauncher.main([Ljava/lang/String;)V+133
v  ~StubRoutines::call_stub

siginfo: si_signo: 11 (SIGSEGV), si_code: 1 (SEGV_MAPERR), si_addr: 0x000017c5e8658320

Register to memory mapping:

RAX=0x000097c5e8658300 is an unknown value
RBX=0x0000000000000001 is an unknown value
RCX=0x000017c5e8658300 is an unknown value
RDX=0x0000000000000006 is an unknown value
RSP=0x0000700009cf2358 is pointing into the stack for thread: 0x00007f79bb808e00
RBP=0x0000700009cf2390 is pointing into the stack for thread: 0x00007f79bb808e00
RSI=0x00007ff81af5478a: <offset 0x1a98a78a> in /usr/lib/libobjc.A.dylib at 0x00007ff8005ca000
RDI=0x0000600002678300 points into unknown readable memory: 0x000097c5e8658300 | 00 83 65 e8 c5 97 00 00
R8 =0x00007f79bb907ec8 points into unknown readable memory: 0x0000000000000000 | 00 00 00 00 00 00 00 00
R9 =0x0 is NULL
R10=0x00000001279f5b98: OBJC_CLASS_$_MacOSXOpenGLView+0 in /Users/loule/Documents/GitHub/Java-CodingDojo/resources/lib/liblwjgl.jnilib at 0x00000001279ba000
R11=0x00007ff8031e652b: -[NSResponder release]+0 in /System/Library/Frameworks/AppKit.framework/Versions/C/AppKit at 0x00007ff8031db000
R12=0x0000600002678300 points into unknown readable memory: 0x000097c5e8658300 | 00 83 65 e8 c5 97 00 00
R13=0xa3a3a3a3a3a3a3a3 is an unknown value
R14=0x00007f79bb80f0b8 points into unknown readable memory: 0x0000000000000000 | 00 00 00 00 00 00 00 00
R15=0x00007f79bb80f000 points into unknown readable memory: 0x4f545541a1a1a1a1 | a1 a1 a1 a1 41 55 54 4f


Registers:
RAX=0x000097c5e8658300, RBX=0x0000000000000001, RCX=0x000017c5e8658300, RDX=0x0000000000000006
RSP=0x0000700009cf2358, RBP=0x0000700009cf2390, RSI=0x00007ff81af5478a, RDI=0x0000600002678300
R8 =0x00007f79bb907ec8, R9 =0x0000000000000000, R10=0x00000001279f5b98, R11=0x00007ff8031e652b
R12=0x0000600002678300, R13=0xa3a3a3a3a3a3a3a3, R14=0x00007f79bb80f0b8, R15=0x00007f79bb80f000
RIP=0x00007ff8005d2c4f, EFLAGS=0x0000000000010206, ERR=0x0000000000000004
  TRAPNO=0x000000000000000e

Top of Stack: (sp=0x0000700009cf2358)
0x0000700009cf2358:   00007ff8005d719f e08337130add0000
0x0000700009cf2368:   00007f79bb80f000 0000000000000000
0x0000700009cf2378:   0000000121c84a98 00007ff81af5478a
0x0000700009cf2388:   000060000261ea90 0000700009cf23b0
0x0000700009cf2398:   00007ff8005d4160 e08337130add00b8
0x0000700009cf23a8:   00007f79bb80f0b8 0000700009cf23d0
0x0000700009cf23b8:   00007ff8007c00ec e08337130add00b8
0x0000700009cf23c8:   0000000121c84aa0 0000700009cf2410
0x0000700009cf23d8:   00007ff80161f92d 0000700009cf2410
0x0000700009cf23e8:   00000001279cf804 e08337130add00b8
0x0000700009cf23f8:   0000000121c84aa0 0000700009cf24a0
0x0000700009cf2408:   00007f79bb808e00 0000700009cf2478
0x0000700009cf2418:   000000010c6c953a 0000000121c83b20
0x0000700009cf2428:   000000010c6c9276 0000700009cf2430
0x0000700009cf2438:   0000000121c84a98 0000700009cf24a0
0x0000700009cf2448:   0000000121c85010 0000000000000000
0x0000700009cf2458:   0000000787927260 0000000121c84aa0
0x0000700009cf2468:   0000000000000000 0000700009cf2498
0x0000700009cf2478:   0000700009cf24f0 000000010c6c542b
0x0000700009cf2488:   0000000787927260 000000010c6c6f78
0x0000700009cf2498:   0000000787930488 0000000787abbdf0
0x0000700009cf24a8:   0000700009cf24a8 0000000121c8499f
0x0000700009cf24b8:   0000700009cf2520 0000000121c85010
0x0000700009cf24c8:   0000000000000000 0000000787927260
0x0000700009cf24d8:   0000000121c84a10 0000700009cf2498
0x0000700009cf24e8:   0000700009cf2510 0000700009cf2580
0x0000700009cf24f8:   000000010c6c588f 0000000000000000
0x0000700009cf2508:   0000000787abbdf0 0000000787930488
0x0000700009cf2518:   0000000787abbd30 0000000787927388
0x0000700009cf2528:   0000000000000001 0000000787927398
0x0000700009cf2538:   0000700009cf2528 0000000121c822fe
0x0000700009cf2548:   0000700009cf2590 0000000121c831b8 

Instructions: (pc=0x00007ff8005d2c4f)
0x00007ff8005d2b4f:   4a 18 48 8b 0d f0 45 92 41 48 89 4a 20 b9 05 00
0x00007ff8005d2b5f:   00 00 48 89 df 48 89 c6 e8 3d a7 01 00 84 c0 75
0x00007ff8005d2b6f:   23 66 f0 41 81 4e 1c 00 80 48 8b 05 f9 e1 e6 3f
0x00007ff8005d2b7f:   48 8b 00 48 3b 45 e0 75 2c 48 83 c4 48 5b 41 5e
0x00007ff8005d2b8f:   41 5f 5d c3 31 c0 80 3d 10 58 92 41 00 74 da 0f
0x00007ff8005d2b9f:   b6 d0 4c 89 f7 be 02 00 00 00 e8 b8 e9 01 00 eb
0x00007ff8005d2baf:   c8 b0 01 eb e1 e8 9b f4 01 00 90 90 90 90 90 90
0x00007ff8005d2bbf:   e9 0c 00 00 00 90 90 90 90 90 90 90 90 90 90 90
0x00007ff8005d2bcf:   90 40 f6 c7 01 75 4e 48 8b 07 a8 01 74 34 48 b9
0x00007ff8005d2bdf:   00 00 00 00 00 00 00 01 48 89 c2 48 c1 ea 37 74
0x00007ff8005d2bef:   34 48 89 c2 48 01 ca 72 12 f0 48 0f b1 17 74 25
0x00007ff8005d2bff:   a8 01 75 e4 31 f6 e9 7c d7 01 00 31 f6 e9 eb 86
0x00007ff8005d2c0f:   00 00 48 b9 f8 ff ff ff ff 7f 00 00 48 21 c8 f6
0x00007ff8005d2c1f:   40 1c 01 74 df 48 89 f8 c3 90 90 90 90 90 90 90
0x00007ff8005d2c2f:   90 48 85 ff 74 76 89 f8 83 e0 01 48 85 c0 75 6c
0x00007ff8005d2c3f:   48 8b 07 48 b9 f8 ff ff ff ff 7f 00 00 48 21 c1
0x00007ff8005d2c4f:   48 8b 51 20 f6 c2 04 74 54 a8 01 74 6f 48 b9 00
0x00007ff8005d2c5f:   00 00 00 00 00 80 00 48 ba 00 00 00 00 00 00 00
0x00007ff8005d2c6f:   01 48 39 c8 72 36 48 89 c6 48 29 d6 72 17 f0 48
0x00007ff8005d2c7f:   0f b1 37 74 22 a8 01 75 e8 31 f6 ba 01 00 00 00
0x00007ff8005d2c8f:   e9 82 d3 01 00 48 85 c8 75 3a 48 8b 35 18 45 92
0x00007ff8005d2c9f:   41 ff 25 f2 e2 e6 3f 48 39 ce 72 ee c3 f6 c2 02
0x00007ff8005d2caf:   74 0d 66 83 79 1c 00 79 06 f6 41 28 02 75 1f 48
0x00007ff8005d2cbf:   8b 35 13 44 92 41 ff 25 cd e2 e6 3f f6 41 1c 01
0x00007ff8005d2ccf:   74 b7 eb d8 be 01 00 00 00 e9 05 a8 00 00 48 8b
0x00007ff8005d2cdf:   05 d4 fa 8d 41 ff e0 e9 04 00 00 00 90 90 90 90
0x00007ff8005d2cef:   55 48 89 e5 53 50 48 89 fb f6 c3 01 75 21 48 b8
0x00007ff8005d2cff:   07 00 00 00 00 00 a0 00 48 23 03 48 83 f8 01 75
0x00007ff8005d2d0f:   15 48 89 df 48 83 c4 08 5b 5d e9 08 f4 01 00 48
0x00007ff8005d2d1f:   83 c4 08 5b 5d c3 48 89 df e8 0e 00 00 00 eb e1
0x00007ff8005d2d2f:   90 90 90 90 90 90 90 90 90 90 90 90 55 48 89 e5
0x00007ff8005d2d3f:   41 56 53 48 89 fb 48 85 ff 74 78 4c 8b 33 41 f6 


Stack slot to memory mapping:
stack at sp + 0 slots: 0x00007ff8005d719f: _ZN19AutoreleasePoolPage12releaseUntilEPP11objc_object+0xa7 in /usr/lib/libobjc.A.dylib at 0x00007ff8005ca000
stack at sp + 1 slots: 0xe08337130add0000 is an unknown value
stack at sp + 2 slots: 0x00007f79bb80f000 points into unknown readable memory: 0x4f545541a1a1a1a1 | a1 a1 a1 a1 41 55 54 4f
stack at sp + 3 slots: 0x0 is NULL
stack at sp + 4 slots: 0x0000000121c84a98 is pointing into metadata
stack at sp + 5 slots: 0x00007ff81af5478a: <offset 0x1a98a78a> in /usr/lib/libobjc.A.dylib at 0x00007ff8005ca000
stack at sp + 6 slots: 0x000060000261ea90 points into unknown readable memory: 0x011dfff841d61ac9 | c9 1a d6 41 f8 ff 1d 01
stack at sp + 7 slots: 0x0000700009cf23b0 is pointing into the stack for thread: 0x00007f79bb808e00


---------------  P R O C E S S  ---------------

Threads class SMR info:
_java_thread_list=0x0000600002878120, length=17, elements={
0x00007f79bb808e00, 0x00007f79ba009200, 0x00007f79bb80b800, 0x00007f79ba012a00,
0x00007f79bc008800, 0x00007f79ba06a400, 0x00007f79ba016200, 0x00007f79ba016800,
0x00007f79ba0cd200, 0x00007f79bb041200, 0x00007f79ba117800, 0x00007f79bb03ee00,
0x00007f79bc052c00, 0x00007f79bb041e00, 0x00007f79bb0cd200, 0x00007f79bb80a000,
0x00007f79bc07c200
}

Java Threads: ( => current thread )
=>0x00007f79bb808e00 JavaThread "main" [_thread_in_native, id=5891, stack(0x0000700009bf3000,0x0000700009cf3000)]
  0x00007f79ba009200 JavaThread "Reference Handler" daemon [_thread_blocked, id=16131, stack(0x000070000a308000,0x000070000a408000)]
  0x00007f79bb80b800 JavaThread "Finalizer" daemon [_thread_blocked, id=17411, stack(0x000070000a40b000,0x000070000a50b000)]
  0x00007f79ba012a00 JavaThread "Signal Dispatcher" daemon [_thread_blocked, id=41475, stack(0x000070000a614000,0x000070000a714000)]
  0x00007f79bc008800 JavaThread "Service Thread" daemon [_thread_blocked, id=22019, stack(0x000070000a717000,0x000070000a817000)]
  0x00007f79ba06a400 JavaThread "Monitor Deflation Thread" daemon [_thread_blocked, id=22531, stack(0x000070000a81a000,0x000070000a91a000)]
  0x00007f79ba016200 JavaThread "C2 CompilerThread0" daemon [_thread_blocked, id=40707, stack(0x000070000a91d000,0x000070000aa1d000)]
  0x00007f79ba016800 JavaThread "C1 CompilerThread0" daemon [_thread_blocked, id=22787, stack(0x000070000aa20000,0x000070000ab20000)]
  0x00007f79ba0cd200 JavaThread "Sweeper thread" daemon [_thread_blocked, id=39939, stack(0x000070000ab23000,0x000070000ac23000)]
  0x00007f79bb041200 JavaThread "Common-Cleaner" daemon [_thread_blocked, id=23043, stack(0x000070000ac26000,0x000070000ad26000)]
  0x00007f79ba117800 JavaThread "Monitor Ctrl-Break" daemon [_thread_in_native, id=39171, stack(0x000070000ad29000,0x000070000ae29000)]
  0x00007f79bb03ee00 JavaThread "Notification Thread" daemon [_thread_blocked, id=38659, stack(0x000070000ae2c000,0x000070000af2c000)]
  0x00007f79bc052c00 JavaThread "Attach Listener" daemon [_thread_blocked, id=23559, stack(0x000070000b032000,0x000070000b132000)]
  0x00007f79bb041e00 JavaThread "AppKit Thread" daemon [_thread_in_native, id=259, stack(0x00007ff7bd087000,0x00007ff7bd887000)]
  0x00007f79bb0cd200 JavaThread "AWT-Shutdown" [_thread_blocked, id=30747, stack(0x000070000b23b000,0x000070000b33b000)]
  0x00007f79bb80a000 JavaThread "Java2D Disposer" daemon [_thread_blocked, id=56587, stack(0x000070000b4c7000,0x000070000b5c7000)]
  0x00007f79bc07c200 JavaThread "Java2D Queue Flusher" daemon [_thread_blocked, id=56851, stack(0x000070000b5ca000,0x000070000b6ca000)]

Other Threads:
  0x00007f79baa05940 VMThread "VM Thread" [stack: 0x000070000a205000,0x000070000a305000] [id=15619]
  0x00007f79ba913f60 WatcherThread [stack: 0x000070000af2f000,0x000070000b02f000] [id=38147]
  0x00007f79ba806070 GCTaskThread "GC Thread#0" [stack: 0x0000700009cf6000,0x0000700009df6000] [id=12803]
  0x00007f79ba9047b0 ConcurrentGCThread "G1 Main Marker" [stack: 0x0000700009df9000,0x0000700009ef9000] [id=13059]
  0x00007f79ba905170 ConcurrentGCThread "G1 Conc#0" [stack: 0x0000700009efc000,0x0000700009ffc000] [id=13571]
  0x00007f79baa04db0 ConcurrentGCThread "G1 Refine#0" [stack: 0x0000700009fff000,0x000070000a0ff000] [id=18947]
  0x00007f79ba8064e0 ConcurrentGCThread "G1 Service" [stack: 0x000070000a102000,0x000070000a202000] [id=18435]

Threads with active compile tasks:

VM state: not at safepoint (normal execution)

VM Mutex/Monitor currently owned by a thread: None

Heap address: 0x0000000780000000, size: 2048 MB, Compressed Oops mode: Zero based, Oop shift amount: 3

CDS archive(s) mapped at: [0x0000000800000000-0x0000000800bcd000-0x0000000800bcd000), size 12374016, SharedBaseAddress: 0x0000000800000000, ArchiveRelocationMode: 0.
Compressed class space mapped at: 0x0000000800c00000-0x0000000840c00000, reserved size: 1073741824
Narrow klass base: 0x0000000800000000, Narrow klass shift: 0, Narrow klass range: 0x100000000

GC Precious Log:
 CPUs: 4 total, 4 available
 Memory: 8192M
 Large Page Support: Disabled
 NUMA Support: Disabled
 Compressed Oops: Enabled (Zero based)
 Heap Region Size: 1M
 Heap Min Capacity: 8M
 Heap Initial Capacity: 128M
 Heap Max Capacity: 2G
 Pre-touch: Disabled
 Parallel Workers: 4
 Concurrent Workers: 1
 Concurrent Refinement Workers: 4
 Periodic GC: Disabled

Heap:
 garbage-first heap   total 133120K, used 7120K [0x0000000780000000, 0x0000000800000000)
  region size 1024K, 7 young (7168K), 0 survivors (0K)
 Metaspace       used 5607K, committed 5760K, reserved 1056768K
  class space    used 562K, committed 640K, reserved 1048576K

Heap Regions: E=young(eden), S=young(survivor), O=old, HS=humongous(starts), HC=humongous(continues), CS=collection set, F=free, OA=open archive, CA=closed archive, TAMS=top-at-mark-start (previous, next)
|   0|0x0000000780000000, 0x0000000780000000, 0x0000000780100000|  0%| F|  |TAMS 0x0000000780000000, 0x0000000780000000| Untracked 
|   1|0x0000000780100000, 0x0000000780100000, 0x0000000780200000|  0%| F|  |TAMS 0x0000000780100000, 0x0000000780100000| Untracked 
|   2|0x0000000780200000, 0x0000000780200000, 0x0000000780300000|  0%| F|  |TAMS 0x0000000780200000, 0x0000000780200000| Untracked 
|   3|0x0000000780300000, 0x0000000780300000, 0x0000000780400000|  0%| F|  |TAMS 0x0000000780300000, 0x0000000780300000| Untracked 
|   4|0x0000000780400000, 0x0000000780400000, 0x0000000780500000|  0%| F|  |TAMS 0x0000000780400000, 0x0000000780400000| Untracked 
|   5|0x0000000780500000, 0x0000000780500000, 0x0000000780600000|  0%| F|  |TAMS 0x0000000780500000, 0x0000000780500000| Untracked 
|   6|0x0000000780600000, 0x0000000780600000, 0x0000000780700000|  0%| F|  |TAMS 0x0000000780600000, 0x0000000780600000| Untracked 
|   7|0x0000000780700000, 0x0000000780700000, 0x0000000780800000|  0%| F|  |TAMS 0x0000000780700000, 0x0000000780700000| Untracked 
|   8|0x0000000780800000, 0x0000000780800000, 0x0000000780900000|  0%| F|  |TAMS 0x0000000780800000, 0x0000000780800000| Untracked 
|   9|0x0000000780900000, 0x0000000780900000, 0x0000000780a00000|  0%| F|  |TAMS 0x0000000780900000, 0x0000000780900000| Untracked 
|  10|0x0000000780a00000, 0x0000000780a00000, 0x0000000780b00000|  0%| F|  |TAMS 0x0000000780a00000, 0x0000000780a00000| Untracked 
|  11|0x0000000780b00000, 0x0000000780b00000, 0x0000000780c00000|  0%| F|  |TAMS 0x0000000780b00000, 0x0000000780b00000| Untracked 
|  12|0x0000000780c00000, 0x0000000780c00000, 0x0000000780d00000|  0%| F|  |TAMS 0x0000000780c00000, 0x0000000780c00000| Untracked 
|  13|0x0000000780d00000, 0x0000000780d00000, 0x0000000780e00000|  0%| F|  |TAMS 0x0000000780d00000, 0x0000000780d00000| Untracked 
|  14|0x0000000780e00000, 0x0000000780e00000, 0x0000000780f00000|  0%| F|  |TAMS 0x0000000780e00000, 0x0000000780e00000| Untracked 
|  15|0x0000000780f00000, 0x0000000780f00000, 0x0000000781000000|  0%| F|  |TAMS 0x0000000780f00000, 0x0000000780f00000| Untracked 
|  16|0x0000000781000000, 0x0000000781000000, 0x0000000781100000|  0%| F|  |TAMS 0x0000000781000000, 0x0000000781000000| Untracked 
|  17|0x0000000781100000, 0x0000000781100000, 0x0000000781200000|  0%| F|  |TAMS 0x0000000781100000, 0x0000000781100000| Untracked 
|  18|0x0000000781200000, 0x0000000781200000, 0x0000000781300000|  0%| F|  |TAMS 0x0000000781200000, 0x0000000781200000| Untracked 
|  19|0x0000000781300000, 0x0000000781300000, 0x0000000781400000|  0%| F|  |TAMS 0x0000000781300000, 0x0000000781300000| Untracked 
|  20|0x0000000781400000, 0x0000000781400000, 0x0000000781500000|  0%| F|  |TAMS 0x0000000781400000, 0x0000000781400000| Untracked 
|  21|0x0000000781500000, 0x0000000781500000, 0x0000000781600000|  0%| F|  |TAMS 0x0000000781500000, 0x0000000781500000| Untracked 
|  22|0x0000000781600000, 0x0000000781600000, 0x0000000781700000|  0%| F|  |TAMS 0x0000000781600000, 0x0000000781600000| Untracked 
|  23|0x0000000781700000, 0x0000000781700000, 0x0000000781800000|  0%| F|  |TAMS 0x0000000781700000, 0x0000000781700000| Untracked 
|  24|0x0000000781800000, 0x0000000781800000, 0x0000000781900000|  0%| F|  |TAMS 0x0000000781800000, 0x0000000781800000| Untracked 
|  25|0x0000000781900000, 0x0000000781900000, 0x0000000781a00000|  0%| F|  |TAMS 0x0000000781900000, 0x0000000781900000| Untracked 
|  26|0x0000000781a00000, 0x0000000781a00000, 0x0000000781b00000|  0%| F|  |TAMS 0x0000000781a00000, 0x0000000781a00000| Untracked 
|  27|0x0000000781b00000, 0x0000000781b00000, 0x0000000781c00000|  0%| F|  |TAMS 0x0000000781b00000, 0x0000000781b00000| Untracked 
|  28|0x0000000781c00000, 0x0000000781c00000, 0x0000000781d00000|  0%| F|  |TAMS 0x0000000781c00000, 0x0000000781c00000| Untracked 
|  29|0x0000000781d00000, 0x0000000781d00000, 0x0000000781e00000|  0%| F|  |TAMS 0x0000000781d00000, 0x0000000781d00000| Untracked 
|  30|0x0000000781e00000, 0x0000000781e00000, 0x0000000781f00000|  0%| F|  |TAMS 0x0000000781e00000, 0x0000000781e00000| Untracked 
|  31|0x0000000781f00000, 0x0000000781f00000, 0x0000000782000000|  0%| F|  |TAMS 0x0000000781f00000, 0x0000000781f00000| Untracked 
|  32|0x0000000782000000, 0x0000000782000000, 0x0000000782100000|  0%| F|  |TAMS 0x0000000782000000, 0x0000000782000000| Untracked 
|  33|0x0000000782100000, 0x0000000782100000, 0x0000000782200000|  0%| F|  |TAMS 0x0000000782100000, 0x0000000782100000| Untracked 
|  34|0x0000000782200000, 0x0000000782200000, 0x0000000782300000|  0%| F|  |TAMS 0x0000000782200000, 0x0000000782200000| Untracked 
|  35|0x0000000782300000, 0x0000000782300000, 0x0000000782400000|  0%| F|  |TAMS 0x0000000782300000, 0x0000000782300000| Untracked 
|  36|0x0000000782400000, 0x0000000782400000, 0x0000000782500000|  0%| F|  |TAMS 0x0000000782400000, 0x0000000782400000| Untracked 
|  37|0x0000000782500000, 0x0000000782500000, 0x0000000782600000|  0%| F|  |TAMS 0x0000000782500000, 0x0000000782500000| Untracked 
|  38|0x0000000782600000, 0x0000000782600000, 0x0000000782700000|  0%| F|  |TAMS 0x0000000782600000, 0x0000000782600000| Untracked 
|  39|0x0000000782700000, 0x0000000782700000, 0x0000000782800000|  0%| F|  |TAMS 0x0000000782700000, 0x0000000782700000| Untracked 
|  40|0x0000000782800000, 0x0000000782800000, 0x0000000782900000|  0%| F|  |TAMS 0x0000000782800000, 0x0000000782800000| Untracked 
|  41|0x0000000782900000, 0x0000000782900000, 0x0000000782a00000|  0%| F|  |TAMS 0x0000000782900000, 0x0000000782900000| Untracked 
|  42|0x0000000782a00000, 0x0000000782a00000, 0x0000000782b00000|  0%| F|  |TAMS 0x0000000782a00000, 0x0000000782a00000| Untracked 
|  43|0x0000000782b00000, 0x0000000782b00000, 0x0000000782c00000|  0%| F|  |TAMS 0x0000000782b00000, 0x0000000782b00000| Untracked 
|  44|0x0000000782c00000, 0x0000000782c00000, 0x0000000782d00000|  0%| F|  |TAMS 0x0000000782c00000, 0x0000000782c00000| Untracked 
|  45|0x0000000782d00000, 0x0000000782d00000, 0x0000000782e00000|  0%| F|  |TAMS 0x0000000782d00000, 0x0000000782d00000| Untracked 
|  46|0x0000000782e00000, 0x0000000782e00000, 0x0000000782f00000|  0%| F|  |TAMS 0x0000000782e00000, 0x0000000782e00000| Untracked 
|  47|0x0000000782f00000, 0x0000000782f00000, 0x0000000783000000|  0%| F|  |TAMS 0x0000000782f00000, 0x0000000782f00000| Untracked 
|  48|0x0000000783000000, 0x0000000783000000, 0x0000000783100000|  0%| F|  |TAMS 0x0000000783000000, 0x0000000783000000| Untracked 
|  49|0x0000000783100000, 0x0000000783100000, 0x0000000783200000|  0%| F|  |TAMS 0x0000000783100000, 0x0000000783100000| Untracked 
|  50|0x0000000783200000, 0x0000000783200000, 0x0000000783300000|  0%| F|  |TAMS 0x0000000783200000, 0x0000000783200000| Untracked 
|  51|0x0000000783300000, 0x0000000783300000, 0x0000000783400000|  0%| F|  |TAMS 0x0000000783300000, 0x0000000783300000| Untracked 
|  52|0x0000000783400000, 0x0000000783400000, 0x0000000783500000|  0%| F|  |TAMS 0x0000000783400000, 0x0000000783400000| Untracked 
|  53|0x0000000783500000, 0x0000000783500000, 0x0000000783600000|  0%| F|  |TAMS 0x0000000783500000, 0x0000000783500000| Untracked 
|  54|0x0000000783600000, 0x0000000783600000, 0x0000000783700000|  0%| F|  |TAMS 0x0000000783600000, 0x0000000783600000| Untracked 
|  55|0x0000000783700000, 0x0000000783700000, 0x0000000783800000|  0%| F|  |TAMS 0x0000000783700000, 0x0000000783700000| Untracked 
|  56|0x0000000783800000, 0x0000000783800000, 0x0000000783900000|  0%| F|  |TAMS 0x0000000783800000, 0x0000000783800000| Untracked 
|  57|0x0000000783900000, 0x0000000783900000, 0x0000000783a00000|  0%| F|  |TAMS 0x0000000783900000, 0x0000000783900000| Untracked 
|  58|0x0000000783a00000, 0x0000000783a00000, 0x0000000783b00000|  0%| F|  |TAMS 0x0000000783a00000, 0x0000000783a00000| Untracked 
|  59|0x0000000783b00000, 0x0000000783b00000, 0x0000000783c00000|  0%| F|  |TAMS 0x0000000783b00000, 0x0000000783b00000| Untracked 
|  60|0x0000000783c00000, 0x0000000783c00000, 0x0000000783d00000|  0%| F|  |TAMS 0x0000000783c00000, 0x0000000783c00000| Untracked 
|  61|0x0000000783d00000, 0x0000000783d00000, 0x0000000783e00000|  0%| F|  |TAMS 0x0000000783d00000, 0x0000000783d00000| Untracked 
|  62|0x0000000783e00000, 0x0000000783e00000, 0x0000000783f00000|  0%| F|  |TAMS 0x0000000783e00000, 0x0000000783e00000| Untracked 
|  63|0x0000000783f00000, 0x0000000783f00000, 0x0000000784000000|  0%| F|  |TAMS 0x0000000783f00000, 0x0000000783f00000| Untracked 
|  64|0x0000000784000000, 0x0000000784000000, 0x0000000784100000|  0%| F|  |TAMS 0x0000000784000000, 0x0000000784000000| Untracked 
|  65|0x0000000784100000, 0x0000000784100000, 0x0000000784200000|  0%| F|  |TAMS 0x0000000784100000, 0x0000000784100000| Untracked 
|  66|0x0000000784200000, 0x0000000784200000, 0x0000000784300000|  0%| F|  |TAMS 0x0000000784200000, 0x0000000784200000| Untracked 
|  67|0x0000000784300000, 0x0000000784300000, 0x0000000784400000|  0%| F|  |TAMS 0x0000000784300000, 0x0000000784300000| Untracked 
|  68|0x0000000784400000, 0x0000000784400000, 0x0000000784500000|  0%| F|  |TAMS 0x0000000784400000, 0x0000000784400000| Untracked 
|  69|0x0000000784500000, 0x0000000784500000, 0x0000000784600000|  0%| F|  |TAMS 0x0000000784500000, 0x0000000784500000| Untracked 
|  70|0x0000000784600000, 0x0000000784600000, 0x0000000784700000|  0%| F|  |TAMS 0x0000000784600000, 0x0000000784600000| Untracked 
|  71|0x0000000784700000, 0x0000000784700000, 0x0000000784800000|  0%| F|  |TAMS 0x0000000784700000, 0x0000000784700000| Untracked 
|  72|0x0000000784800000, 0x0000000784800000, 0x0000000784900000|  0%| F|  |TAMS 0x0000000784800000, 0x0000000784800000| Untracked 
|  73|0x0000000784900000, 0x0000000784900000, 0x0000000784a00000|  0%| F|  |TAMS 0x0000000784900000, 0x0000000784900000| Untracked 
|  74|0x0000000784a00000, 0x0000000784a00000, 0x0000000784b00000|  0%| F|  |TAMS 0x0000000784a00000, 0x0000000784a00000| Untracked 
|  75|0x0000000784b00000, 0x0000000784b00000, 0x0000000784c00000|  0%| F|  |TAMS 0x0000000784b00000, 0x0000000784b00000| Untracked 
|  76|0x0000000784c00000, 0x0000000784c00000, 0x0000000784d00000|  0%| F|  |TAMS 0x0000000784c00000, 0x0000000784c00000| Untracked 
|  77|0x0000000784d00000, 0x0000000784d00000, 0x0000000784e00000|  0%| F|  |TAMS 0x0000000784d00000, 0x0000000784d00000| Untracked 
|  78|0x0000000784e00000, 0x0000000784e00000, 0x0000000784f00000|  0%| F|  |TAMS 0x0000000784e00000, 0x0000000784e00000| Untracked 
|  79|0x0000000784f00000, 0x0000000784f00000, 0x0000000785000000|  0%| F|  |TAMS 0x0000000784f00000, 0x0000000784f00000| Untracked 
|  80|0x0000000785000000, 0x0000000785000000, 0x0000000785100000|  0%| F|  |TAMS 0x0000000785000000, 0x0000000785000000| Untracked 
|  81|0x0000000785100000, 0x0000000785100000, 0x0000000785200000|  0%| F|  |TAMS 0x0000000785100000, 0x0000000785100000| Untracked 
|  82|0x0000000785200000, 0x0000000785200000, 0x0000000785300000|  0%| F|  |TAMS 0x0000000785200000, 0x0000000785200000| Untracked 
|  83|0x0000000785300000, 0x0000000785300000, 0x0000000785400000|  0%| F|  |TAMS 0x0000000785300000, 0x0000000785300000| Untracked 
|  84|0x0000000785400000, 0x0000000785400000, 0x0000000785500000|  0%| F|  |TAMS 0x0000000785400000, 0x0000000785400000| Untracked 
|  85|0x0000000785500000, 0x0000000785500000, 0x0000000785600000|  0%| F|  |TAMS 0x0000000785500000, 0x0000000785500000| Untracked 
|  86|0x0000000785600000, 0x0000000785600000, 0x0000000785700000|  0%| F|  |TAMS 0x0000000785600000, 0x0000000785600000| Untracked 
|  87|0x0000000785700000, 0x0000000785700000, 0x0000000785800000|  0%| F|  |TAMS 0x0000000785700000, 0x0000000785700000| Untracked 
|  88|0x0000000785800000, 0x0000000785800000, 0x0000000785900000|  0%| F|  |TAMS 0x0000000785800000, 0x0000000785800000| Untracked 
|  89|0x0000000785900000, 0x0000000785900000, 0x0000000785a00000|  0%| F|  |TAMS 0x0000000785900000, 0x0000000785900000| Untracked 
|  90|0x0000000785a00000, 0x0000000785a00000, 0x0000000785b00000|  0%| F|  |TAMS 0x0000000785a00000, 0x0000000785a00000| Untracked 
|  91|0x0000000785b00000, 0x0000000785b00000, 0x0000000785c00000|  0%| F|  |TAMS 0x0000000785b00000, 0x0000000785b00000| Untracked 
|  92|0x0000000785c00000, 0x0000000785c00000, 0x0000000785d00000|  0%| F|  |TAMS 0x0000000785c00000, 0x0000000785c00000| Untracked 
|  93|0x0000000785d00000, 0x0000000785d00000, 0x0000000785e00000|  0%| F|  |TAMS 0x0000000785d00000, 0x0000000785d00000| Untracked 
|  94|0x0000000785e00000, 0x0000000785e00000, 0x0000000785f00000|  0%| F|  |TAMS 0x0000000785e00000, 0x0000000785e00000| Untracked 
|  95|0x0000000785f00000, 0x0000000785f00000, 0x0000000786000000|  0%| F|  |TAMS 0x0000000785f00000, 0x0000000785f00000| Untracked 
|  96|0x0000000786000000, 0x0000000786000000, 0x0000000786100000|  0%| F|  |TAMS 0x0000000786000000, 0x0000000786000000| Untracked 
|  97|0x0000000786100000, 0x0000000786100000, 0x0000000786200000|  0%| F|  |TAMS 0x0000000786100000, 0x0000000786100000| Untracked 
|  98|0x0000000786200000, 0x0000000786200000, 0x0000000786300000|  0%| F|  |TAMS 0x0000000786200000, 0x0000000786200000| Untracked 
|  99|0x0000000786300000, 0x0000000786300000, 0x0000000786400000|  0%| F|  |TAMS 0x0000000786300000, 0x0000000786300000| Untracked 
| 100|0x0000000786400000, 0x0000000786400000, 0x0000000786500000|  0%| F|  |TAMS 0x0000000786400000, 0x0000000786400000| Untracked 
| 101|0x0000000786500000, 0x0000000786500000, 0x0000000786600000|  0%| F|  |TAMS 0x0000000786500000, 0x0000000786500000| Untracked 
| 102|0x0000000786600000, 0x0000000786600000, 0x0000000786700000|  0%| F|  |TAMS 0x0000000786600000, 0x0000000786600000| Untracked 
| 103|0x0000000786700000, 0x0000000786700000, 0x0000000786800000|  0%| F|  |TAMS 0x0000000786700000, 0x0000000786700000| Untracked 
| 104|0x0000000786800000, 0x0000000786800000, 0x0000000786900000|  0%| F|  |TAMS 0x0000000786800000, 0x0000000786800000| Untracked 
| 105|0x0000000786900000, 0x0000000786900000, 0x0000000786a00000|  0%| F|  |TAMS 0x0000000786900000, 0x0000000786900000| Untracked 
| 106|0x0000000786a00000, 0x0000000786a00000, 0x0000000786b00000|  0%| F|  |TAMS 0x0000000786a00000, 0x0000000786a00000| Untracked 
| 107|0x0000000786b00000, 0x0000000786b00000, 0x0000000786c00000|  0%| F|  |TAMS 0x0000000786b00000, 0x0000000786b00000| Untracked 
| 108|0x0000000786c00000, 0x0000000786c00000, 0x0000000786d00000|  0%| F|  |TAMS 0x0000000786c00000, 0x0000000786c00000| Untracked 
| 109|0x0000000786d00000, 0x0000000786d00000, 0x0000000786e00000|  0%| F|  |TAMS 0x0000000786d00000, 0x0000000786d00000| Untracked 
| 110|0x0000000786e00000, 0x0000000786e00000, 0x0000000786f00000|  0%| F|  |TAMS 0x0000000786e00000, 0x0000000786e00000| Untracked 
| 111|0x0000000786f00000, 0x0000000786f00000, 0x0000000787000000|  0%| F|  |TAMS 0x0000000786f00000, 0x0000000786f00000| Untracked 
| 112|0x0000000787000000, 0x0000000787000000, 0x0000000787100000|  0%| F|  |TAMS 0x0000000787000000, 0x0000000787000000| Untracked 
| 113|0x0000000787100000, 0x0000000787100000, 0x0000000787200000|  0%| F|  |TAMS 0x0000000787100000, 0x0000000787100000| Untracked 
| 114|0x0000000787200000, 0x0000000787200000, 0x0000000787300000|  0%| F|  |TAMS 0x0000000787200000, 0x0000000787200000| Untracked 
| 115|0x0000000787300000, 0x0000000787300000, 0x0000000787400000|  0%| F|  |TAMS 0x0000000787300000, 0x0000000787300000| Untracked 
| 116|0x0000000787400000, 0x0000000787400000, 0x0000000787500000|  0%| F|  |TAMS 0x0000000787400000, 0x0000000787400000| Untracked 
| 117|0x0000000787500000, 0x0000000787500000, 0x0000000787600000|  0%| F|  |TAMS 0x0000000787500000, 0x0000000787500000| Untracked 
| 118|0x0000000787600000, 0x0000000787600000, 0x0000000787700000|  0%| F|  |TAMS 0x0000000787600000, 0x0000000787600000| Untracked 
| 119|0x0000000787700000, 0x0000000787700000, 0x0000000787800000|  0%| F|  |TAMS 0x0000000787700000, 0x0000000787700000| Untracked 
| 120|0x0000000787800000, 0x0000000787800000, 0x0000000787900000|  0%| F|  |TAMS 0x0000000787800000, 0x0000000787800000| Untracked 
| 121|0x0000000787900000, 0x0000000787949f50, 0x0000000787a00000| 28%| E|  |TAMS 0x0000000787900000, 0x0000000787900000| Complete 
| 122|0x0000000787a00000, 0x0000000787b00000, 0x0000000787b00000|100%| E|CS|TAMS 0x0000000787a00000, 0x0000000787a00000| Complete 
| 123|0x0000000787b00000, 0x0000000787c00000, 0x0000000787c00000|100%| E|CS|TAMS 0x0000000787b00000, 0x0000000787b00000| Complete 
| 124|0x0000000787c00000, 0x0000000787d00000, 0x0000000787d00000|100%| E|CS|TAMS 0x0000000787c00000, 0x0000000787c00000| Complete 
| 125|0x0000000787d00000, 0x0000000787e00000, 0x0000000787e00000|100%| E|CS|TAMS 0x0000000787d00000, 0x0000000787d00000| Complete 
| 126|0x0000000787e00000, 0x0000000787f00000, 0x0000000787f00000|100%| E|CS|TAMS 0x0000000787e00000, 0x0000000787e00000| Complete 
| 127|0x0000000787f00000, 0x0000000788000000, 0x0000000788000000|100%| E|CS|TAMS 0x0000000787f00000, 0x0000000787f00000| Complete 
|2046|0x00000007ffe00000, 0x00000007ffe75000, 0x00000007fff00000| 45%|OA|  |TAMS 0x00000007ffe00000, 0x00000007ffe00000| Untracked 
|2047|0x00000007fff00000, 0x00000007fff7f000, 0x0000000800000000| 49%|CA|  |TAMS 0x00000007fff00000, 0x00000007fff00000| Untracked 

Card table byte_map: [0x0000000102e5f000,0x000000010325f000] _byte_map_base: 0x00000000ff25f000

Marking Bits (Prev, Next): (CMBitMap*) 0x00007f79bb022210, (CMBitMap*) 0x00007f79bb022250
 Prev Bits: [0x000000011b6bc000, 0x000000011d6bc000)
 Next Bits: [0x000000011d6bc000, 0x000000011f6bc000)

Polling page: 0x0000000102795000

Metaspace:

Usage:
  Non-class:      4.93 MB used.
      Class:    562.41 KB used.
       Both:      5.48 MB used.

Virtual space:
  Non-class space:        8.00 MB reserved,       5.00 MB ( 62%) committed,  1 nodes.
      Class space:        1.00 GB reserved,     640.00 KB ( <1%) committed,  1 nodes.
             Both:        1.01 GB reserved,       5.62 MB ( <1%) committed. 

Chunk freelists:
   Non-Class:  2.45 MB
       Class:  3.23 MB
        Both:  5.69 MB

MaxMetaspaceSize: unlimited
CompressedClassSpaceSize: 1.00 GB
Initial GC threshold: 21.00 MB
Current GC threshold: 21.00 MB
CDS: on
MetaspaceReclaimPolicy: balanced
 - commit_granule_bytes: 65536.
 - commit_granule_words: 8192.
 - virtual_space_node_default_size: 1048576.
 - enlarge_chunks_in_place: 1.
 - new_chunks_are_fully_committed: 0.
 - uncommit_free_chunks: 1.
 - use_allocation_guard: 0.
 - handle_deallocations: 1.


Internal statistics:

num_allocs_failed_limit: 0.
num_arena_births: 62.
num_arena_deaths: 0.
num_vsnodes_births: 2.
num_vsnodes_deaths: 0.
num_space_committed: 90.
num_space_uncommitted: 0.
num_chunks_returned_to_freelist: 0.
num_chunks_taken_from_freelist: 105.
num_chunk_merges: 0.
num_chunk_splits: 68.
num_chunks_enlarged: 37.
num_purges: 0.
num_inconsistent_stats: 0.

CodeHeap 'non-profiled nmethods': size=120032Kb used=197Kb max_used=197Kb free=119834Kb
 bounds [0x0000000114184000, 0x00000001143f4000, 0x000000011b6bc000]
CodeHeap 'profiled nmethods': size=120028Kb used=868Kb max_used=868Kb free=119159Kb
 bounds [0x000000010cc4d000, 0x000000010cebd000, 0x0000000114184000]
CodeHeap 'non-nmethods': size=5700Kb used=1224Kb max_used=1248Kb free=4475Kb
 bounds [0x000000010c6bc000, 0x000000010c92c000, 0x000000010cc4d000]
 total_blobs=1126 nmethods=585 adapters=455
 compilation: enabled
              stopped_count=0, restarted_count=0
 full_count=0

Compilation events (20 events):
Event: 2.722 Thread 0x00007f79ba016800 nmethod 578 0x00000001141b2810 code [0x00000001141b29a0, 0x00000001141b2a70]
Event: 2.722 Thread 0x00007f79ba016800  579       3       java.lang.String::endsWith (15 bytes)
Event: 2.723 Thread 0x00007f79ba016800 nmethod 579 0x000000010cd23f90 code [0x000000010cd24160, 0x000000010cd244a0]
Event: 2.723 Thread 0x00007f79ba016800  580       3       java.lang.reflect.Modifier::isFinal (13 bytes)
Event: 2.723 Thread 0x00007f79ba016800 nmethod 580 0x000000010cd24690 code [0x000000010cd24820, 0x000000010cd24970]
Event: 2.723 Thread 0x00007f79ba016800  581       1       java.lang.reflect.Field::getType (5 bytes)
Event: 2.723 Thread 0x00007f79ba016800 nmethod 581 0x00000001141b2b10 code [0x00000001141b2ca0, 0x00000001141b2d70]
Event: 2.724 Thread 0x00007f79ba016800  583       3       java.lang.reflect.Field::setFieldAccessor (34 bytes)
Event: 2.724 Thread 0x00007f79ba016800 nmethod 583 0x000000010cd24a10 code [0x000000010cd24be0, 0x000000010cd25020]
Event: 2.724 Thread 0x00007f79ba016800  582       1       java.lang.reflect.Field::getRoot (5 bytes)
Event: 2.724 Thread 0x00007f79ba016800 nmethod 582 0x00000001141b2e10 code [0x00000001141b2fa0, 0x00000001141b3070]
Event: 2.727 Thread 0x00007f79ba016800  584       3       java.nio.Buffer::remaining (20 bytes)
Event: 2.727 Thread 0x00007f79ba016800 nmethod 584 0x000000010cd25110 code [0x000000010cd252c0, 0x000000010cd25450]
Event: 2.730 Thread 0x00007f79ba016800  586       3       java.util.Locale::getDefault (4 bytes)
Event: 2.731 Thread 0x00007f79ba016800 nmethod 586 0x000000010cd25510 code [0x000000010cd256a0, 0x000000010cd25790]
Event: 2.752 Thread 0x00007f79ba016200 nmethod 574 0x00000001141b3590 code [0x00000001141b37a0, 0x00000001141b4d38]
Event: 2.811 Thread 0x00007f79ba016800  587       3       java.lang.ref.PhantomReference::<init> (7 bytes)
Event: 2.811 Thread 0x00007f79ba016800 nmethod 587 0x000000010cd25810 code [0x000000010cd259c0, 0x000000010cd25cb0]
Event: 2.823 Thread 0x00007f79ba016800  588       3       jdk.internal.loader.NativeLibraries$NativeLibraryImpl::find (6 bytes)
Event: 2.823 Thread 0x00007f79ba016800 nmethod 588 0x000000010cd25d90 code [0x000000010cd25f40, 0x000000010cd26060]

GC Heap History (0 events):
No events

Deoptimization events (20 events):
Event: 0.543 Thread 0x00007f79bb808e00 Uncommon trap: trap_request=0xffffffde fr.pc=0x00000001141905ac relative=0x000000000000074c
Event: 0.543 Thread 0x00007f79bb808e00 Uncommon trap: reason=class_check action=maybe_recompile pc=0x00000001141905ac method=java.util.HashMap.putVal(ILjava/lang/Object;Ljava/lang/Object;ZZ)Ljava/lang/Object; @ 56 c2
Event: 0.543 Thread 0x00007f79bb808e00 DEOPT PACKING pc=0x00000001141905ac sp=0x0000700009cf1c40
Event: 0.548 Thread 0x00007f79bb808e00 DEOPT UNPACKING pc=0x000000010c70e099 sp=0x0000700009cf1bb8 mode 2
Event: 0.548 Thread 0x00007f79bb808e00 Uncommon trap: trap_request=0xffffffde fr.pc=0x00000001141905ac relative=0x000000000000074c
Event: 0.548 Thread 0x00007f79bb808e00 Uncommon trap: reason=class_check action=maybe_recompile pc=0x00000001141905ac method=java.util.HashMap.putVal(ILjava/lang/Object;Ljava/lang/Object;ZZ)Ljava/lang/Object; @ 56 c2
Event: 0.548 Thread 0x00007f79bb808e00 DEOPT PACKING pc=0x00000001141905ac sp=0x0000700009cf1c40
Event: 0.549 Thread 0x00007f79bb808e00 DEOPT UNPACKING pc=0x000000010c70e099 sp=0x0000700009cf1bb8 mode 2
Event: 0.553 Thread 0x00007f79bb808e00 Uncommon trap: trap_request=0xffffffde fr.pc=0x00000001141905ac relative=0x000000000000074c
Event: 0.553 Thread 0x00007f79bb808e00 Uncommon trap: reason=class_check action=maybe_recompile pc=0x00000001141905ac method=java.util.HashMap.putVal(ILjava/lang/Object;Ljava/lang/Object;ZZ)Ljava/lang/Object; @ 56 c2
Event: 0.553 Thread 0x00007f79bb808e00 DEOPT PACKING pc=0x00000001141905ac sp=0x0000700009cf1c40
Event: 0.553 Thread 0x00007f79bb808e00 DEOPT UNPACKING pc=0x000000010c70e099 sp=0x0000700009cf1bb8 mode 2
Event: 0.553 Thread 0x00007f79bb808e00 Uncommon trap: trap_request=0xffffffde fr.pc=0x00000001141905ac relative=0x000000000000074c
Event: 0.553 Thread 0x00007f79bb808e00 Uncommon trap: reason=class_check action=maybe_recompile pc=0x00000001141905ac method=java.util.HashMap.putVal(ILjava/lang/Object;Ljava/lang/Object;ZZ)Ljava/lang/Object; @ 56 c2
Event: 0.553 Thread 0x00007f79bb808e00 DEOPT PACKING pc=0x00000001141905ac sp=0x0000700009cf1c40
Event: 0.553 Thread 0x00007f79bb808e00 DEOPT UNPACKING pc=0x000000010c70e099 sp=0x0000700009cf1bb8 mode 2
Event: 2.089 Thread 0x00007f79bb808e00 Uncommon trap: trap_request=0xffffff45 fr.pc=0x00000001141930dc relative=0x000000000000095c
Event: 2.089 Thread 0x00007f79bb808e00 Uncommon trap: reason=unstable_if action=reinterpret pc=0x00000001141930dc method=java.util.HashMap.putVal(ILjava/lang/Object;Ljava/lang/Object;ZZ)Ljava/lang/Object; @ 181 c2
Event: 2.089 Thread 0x00007f79bb808e00 DEOPT PACKING pc=0x00000001141930dc sp=0x0000700009cf1bd0
Event: 2.089 Thread 0x00007f79bb808e00 DEOPT UNPACKING pc=0x000000010c70e099 sp=0x0000700009cf1b70 mode 2

Classes unloaded (0 events):
No events

Classes redefined (0 events):
No events

Internal exceptions (8 events):
Event: 0.491 Thread 0x00007f79bb808e00 Implicit null exception at 0x0000000114190ed5 to 0x0000000114191040
Event: 0.772 Thread 0x00007f79ba117800 Exception <a 'java/lang/NoSuchMethodError'{0x0000000787eccf40}: 'java.lang.Object java.lang.invoke.DirectMethodHandle$Holder.invokeStaticInit(java.lang.Object)'> (0x0000000787eccf40) 
thrown [src/hotspot/share/interpreter/linkResolver.cpp, line 766]
Event: 0.787 Thread 0x00007f79ba117800 Exception <a 'java/lang/NoSuchMethodError'{0x0000000787edb628}: 'void java.lang.invoke.DirectMethodHandle$Holder.invokeStatic(java.lang.Object, java.lang.Object)'> (0x0000000787edb628) 
thrown [src/hotspot/share/interpreter/linkResolver.cpp, line 766]
Event: 0.928 Thread 0x00007f79bb808e00 Exception <a 'java/lang/ClassNotFoundException'{0x0000000787d99728}: sun/awt/resources/spi/awtProvider> (0x0000000787d99728) 
thrown [src/hotspot/share/classfile/systemDictionary.cpp, line 256]
Event: 1.203 Thread 0x00007f79bb808e00 Exception <a 'java/io/FileNotFoundException'{0x0000000787deaf80}> (0x0000000787deaf80) 
thrown [src/hotspot/share/prims/jni.cpp, line 516]
Event: 1.215 Thread 0x00007f79bb808e00 Exception <a 'java/io/FileNotFoundException'{0x0000000787c18130}> (0x0000000787c18130) 
thrown [src/hotspot/share/prims/jni.cpp, line 516]
Event: 1.224 Thread 0x00007f79bb808e00 Exception <a 'java/lang/ClassNotFoundException'{0x0000000787c1bec0}: sun/awt/resources/spi/awtosxProvider> (0x0000000787c1bec0) 
thrown [src/hotspot/share/classfile/systemDictionary.cpp, line 256]
Event: 2.043 Thread 0x00007f79bb808e00 Exception <a 'java/io/FileNotFoundException'{0x0000000787b960a0}> (0x0000000787b960a0) 
thrown [src/hotspot/share/prims/jni.cpp, line 516]

VM Operations (6 events):
Event: 1.029 Executing VM operation: Cleanup
Event: 1.030 Executing VM operation: Cleanup done
Event: 2.055 Executing VM operation: HandshakeAllThreads
Event: 2.055 Executing VM operation: HandshakeAllThreads done
Event: 2.055 Executing VM operation: Cleanup
Event: 2.056 Executing VM operation: Cleanup done

Events (20 events):
Event: 2.693 loading class sun/nio/cs/UTF_16
Event: 2.693 loading class sun/nio/cs/UTF_16 done
Event: 2.694 loading class sun/misc/Unsafe
Event: 2.694 loading class sun/misc/Unsafe done
Event: 2.694 loading class jdk/internal/reflect/UnsafeFieldAccessorFactory
Event: 2.694 loading class jdk/internal/reflect/UnsafeFieldAccessorFactory done
Event: 2.694 loading class jdk/internal/reflect/UnsafeQualifiedStaticObjectFieldAccessorImpl
Event: 2.694 loading class jdk/internal/reflect/UnsafeQualifiedStaticFieldAccessorImpl
Event: 2.694 loading class jdk/internal/reflect/UnsafeQualifiedStaticFieldAccessorImpl done
Event: 2.694 loading class jdk/internal/reflect/UnsafeQualifiedStaticObjectFieldAccessorImpl done
Event: 2.695 loading class jdk/internal/access/foreign/MemorySegmentProxy
Event: 2.695 loading class jdk/internal/access/foreign/MemorySegmentProxy done
Event: 2.695 loading class java/nio/StringCharBuffer
Event: 2.696 loading class java/nio/StringCharBuffer done
Event: 2.708 loading class java/awt/IllegalComponentStateException
Event: 2.708 loading class java/awt/IllegalComponentStateException done
Event: 2.722 loading class jdk/internal/reflect/UnsafeQualifiedStaticIntegerFieldAccessorImpl
Event: 2.722 loading class jdk/internal/reflect/UnsafeQualifiedStaticIntegerFieldAccessorImpl done
Event: 2.729 loading class java/lang/NumberFormatException
Event: 2.729 loading class java/lang/NumberFormatException done


Dynamic libraries:
0x0000000102798000 	/Users/loule/Library/Java/JavaVirtualMachines/temurin-17/Contents/Home/lib/libjli.dylib
0x00007ff80b4ea000 	/usr/lib/libz.1.dylib
0x00007ff80b5ca000 	/usr/lib/libSystem.B.dylib
0x00007ff80b5c5000 	/usr/lib/system/libcache.dylib
0x00007ff80b581000 	/usr/lib/system/libcommonCrypto.dylib
0x00007ff80b5aa000 	/usr/lib/system/libcompiler_rt.dylib
0x00007ff80b5a0000 	/usr/lib/system/libcopyfile.dylib
0x00007ff8004c5000 	/usr/lib/system/libcorecrypto.dylib
0x00007ff800583000 	/usr/lib/system/libdispatch.dylib
0x00007ff80073c000 	/usr/lib/system/libdyld.dylib
0x00007ff80b5bc000 	/usr/lib/system/libkeymgr.dylib
0x00007ff80b55f000 	/usr/lib/system/libmacho.dylib
0x00007ff80abfb000 	/usr/lib/system/libquarantine.dylib
0x00007ff80b5ba000 	/usr/lib/system/libremovefile.dylib
0x00007ff805681000 	/usr/lib/system/libsystem_asl.dylib
0x00007ff800473000 	/usr/lib/system/libsystem_blocks.dylib
0x00007ff800607000 	/usr/lib/system/libsystem_c.dylib
0x00007ff80b5b2000 	/usr/lib/system/libsystem_collections.dylib
0x00007ff809de1000 	/usr/lib/system/libsystem_configuration.dylib
0x00007ff808ff5000 	/usr/lib/system/libsystem_containermanager.dylib
0x00007ff80b2a0000 	/usr/lib/system/libsystem_coreservices.dylib
0x00007ff802d57000 	/usr/lib/system/libsystem_darwin.dylib
0x00007ff80b5bd000 	/usr/lib/system/libsystem_dnssd.dylib
0x00007ff800604000 	/usr/lib/system/libsystem_featureflags.dylib
0x00007ff800753000 	/usr/lib/system/libsystem_info.dylib
0x00007ff80b4fd000 	/usr/lib/system/libsystem_m.dylib
0x00007ff800557000 	/usr/lib/system/libsystem_malloc.dylib
0x00007ff80561e000 	/usr/lib/system/libsystem_networkextension.dylib
0x00007ff80317e000 	/usr/lib/system/libsystem_notify.dylib
0x00007ff811b34000 	/usr/lib/system/libsystem_product_info_filter.dylib
0x00007ff809de5000 	/usr/lib/system/libsystem_sandbox.dylib
0x00007ff80b5b7000 	/usr/lib/system/libsystem_secinit.dylib
0x00007ff8006ff000 	/usr/lib/system/libsystem_kernel.dylib
0x00007ff800748000 	/usr/lib/system/libsystem_platform.dylib
0x00007ff800730000 	/usr/lib/system/libsystem_pthread.dylib
0x00007ff806ec0000 	/usr/lib/system/libsystem_symptoms.dylib
0x00007ff8004ac000 	/usr/lib/system/libsystem_trace.dylib
0x00007ff80b58d000 	/usr/lib/system/libunwind.dylib
0x00007ff800475000 	/usr/lib/system/libxpc.dylib
0x00007ff8006e9000 	/usr/lib/libc++abi.dylib
0x00007ff8005ca000 	/usr/lib/libobjc.A.dylib
0x00007ff80b598000 	/usr/lib/liboah.dylib
0x00007ff800690000 	/usr/lib/libc++.1.dylib
0x00007ff81789c000 	/System/Library/Frameworks/Cocoa.framework/Versions/A/Cocoa
0x00007ff8031db000 	/System/Library/Frameworks/AppKit.framework/Versions/C/AppKit
0x00007ff8066b7000 	/System/Library/Frameworks/CoreData.framework/Versions/A/CoreData
0x00007ff801601000 	/System/Library/Frameworks/Foundation.framework/Versions/C/Foundation
0x00007ff804062000 	/System/Library/PrivateFrameworks/UIFoundation.framework/Versions/A/UIFoundation
0x00007ff81183b000 	/System/Library/PrivateFrameworks/RemoteViewServices.framework/Versions/A/RemoteViewServices
0x00007ff80977b000 	/System/Library/PrivateFrameworks/XCTTargetBootstrap.framework/Versions/A/XCTTargetBootstrap
0x00007ff80d45c000 	/System/Library/PrivateFrameworks/InternationalSupport.framework/Versions/A/InternationalSupport
0x00007ff80d4e6000 	/System/Library/PrivateFrameworks/UserActivity.framework/Versions/A/UserActivity
0x00007ff80c7de000 	/usr/lib/libspindump.dylib
0x00007ff8042f0000 	/System/Library/Frameworks/UniformTypeIdentifiers.framework/Versions/A/UniformTypeIdentifiers
0x00007ff807e0d000 	/usr/lib/libapp_launch_measurement.dylib
0x00007ff807e10000 	/System/Library/PrivateFrameworks/CoreAutoLayout.framework/Versions/A/CoreAutoLayout
0x00007ff80902d000 	/System/Library/Frameworks/Metal.framework/Versions/A/Metal
0x00007ff809df0000 	/usr/lib/liblangid.dylib
0x00007ff80977f000 	/System/Library/PrivateFrameworks/CoreSVG.framework/Versions/A/CoreSVG
0x00007ff8056b1000 	/System/Library/PrivateFrameworks/SkyLight.framework/Versions/A/SkyLight
0x00007ff805a37000 	/System/Library/Frameworks/CoreGraphics.framework/Versions/A/CoreGraphics
0x00007ff811ea4000 	/System/Library/Frameworks/Accelerate.framework/Versions/A/Accelerate
0x00007ff80c233000 	/System/Library/PrivateFrameworks/IconServices.framework/Versions/A/IconServices
0x00007ff809012000 	/System/Library/Frameworks/IOSurface.framework/Versions/A/IOSurface
0x00007ff8070a8000 	/usr/lib/libDiagnosticMessagesClient.dylib
0x00007ff81554d000 	/System/Library/Frameworks/ApplicationServices.framework/Versions/A/ApplicationServices
0x00007ff809767000 	/System/Library/PrivateFrameworks/DFRFoundation.framework/Versions/A/DFRFoundation
0x00007ff802ace000 	/usr/lib/libicucore.A.dylib
0x00007ff80e53d000 	/System/Library/Frameworks/AudioToolbox.framework/Versions/A/AudioToolbox
0x00007ff80d468000 	/System/Library/PrivateFrameworks/DataDetectorsCore.framework/Versions/A/DataDetectorsCore
0x00007ff90904f000 	/System/Library/PrivateFrameworks/TextInput.framework/Versions/A/TextInput
0x00007ff805635000 	/usr/lib/libMobileGestalt.dylib
0x00007ff80946f000 	/System/Library/Frameworks/Carbon.framework/Versions/A/Frameworks/HIToolbox.framework/Versions/A/HIToolbox
0x00007ff80783e000 	/System/Library/Frameworks/QuartzCore.framework/Versions/A/QuartzCore
0x00007ff802770000 	/System/Library/Frameworks/Security.framework/Versions/A/Security
0x00007ff811873000 	/System/Library/Frameworks/Carbon.framework/Versions/A/Frameworks/SpeechRecognition.framework/Versions/A/SpeechRecognition
0x00007ff807b6f000 	/System/Library/PrivateFrameworks/CoreUI.framework/Versions/A/CoreUI
0x00007ff80204f000 	/System/Library/Frameworks/CoreAudio.framework/Versions/A/CoreAudio
0x00007ff807196000 	/System/Library/Frameworks/DiskArbitration.framework/Versions/A/DiskArbitration
0x00007ff80cbc5000 	/System/Library/PrivateFrameworks/MultitouchSupport.framework/Versions/A/MultitouchSupport
0x00007ff805634000 	/usr/lib/libenergytrace.dylib
0x00007ff8030c9000 	/System/Library/Frameworks/IOKit.framework/Versions/A/IOKit
0x00007ff811c5d000 	/System/Library/Frameworks/CoreServices.framework/Versions/A/CoreServices
0x00007ff807da7000 	/System/Library/PrivateFrameworks/PerformanceAnalysis.framework/Versions/A/PerformanceAnalysis
0x00007ffa17cf6000 	/System/Library/Frameworks/OpenGL.framework/Versions/A/OpenGL
0x00007ff80ab27000 	/System/Library/PrivateFrameworks/MobileKeyBag.framework/Versions/A/MobileKeyBag
0x00007ff806104000 	/System/Library/Frameworks/ColorSync.framework/Versions/A/ColorSync
0x00007ff80077e000 	/System/Library/Frameworks/CoreFoundation.framework/Versions/A/CoreFoundation
0x00007ff8099f7000 	/System/Library/Frameworks/CoreImage.framework/Versions/A/CoreImage
0x00007ff801e65000 	/System/Library/Frameworks/CoreText.framework/Versions/A/CoreText
0x00007ff8097ae000 	/System/Library/Frameworks/ImageIO.framework/Versions/A/ImageIO
0x00007ff80b5d0000 	/System/Library/PrivateFrameworks/SoftLinking.framework/Versions/A/SoftLinking
0x00007ff807e58000 	/usr/lib/libxml2.2.dylib
0x00007ff80b853000 	/usr/lib/libcompression.dylib
0x00007ff80d392000 	/System/Library/PrivateFrameworks/TextureIO.framework/Versions/A/TextureIO
0x00007ff80bf46000 	/usr/lib/libate.dylib
0x00007ff80bd24000 	/usr/lib/liblzma.5.dylib
0x00007ff801312000 	/System/Library/Frameworks/SystemConfiguration.framework/Versions/A/SystemConfiguration
0x00007ff80b5cc000 	/usr/lib/libfakelink.dylib
0x00007ff805188000 	/System/Library/Frameworks/CFNetwork.framework/Versions/A/CFNetwork
0x00007ff80b70b000 	/usr/lib/libarchive.2.dylib
0x00007ff80ac21000 	/usr/lib/libbsm.0.dylib
0x00007ff8047c0000 	/usr/lib/libnetwork.dylib
0x00007ff80b565000 	/usr/lib/system/libkxld.dylib
0x00007ffb1549f000 	/usr/lib/libCoreEntitlements.dylib
0x00007ff80b282000 	/System/Library/PrivateFrameworks/AppleFSCompression.framework/Versions/A/AppleFSCompression
0x00007ff80ac0a000 	/usr/lib/libcoretls.dylib
0x00007ff80bd3e000 	/usr/lib/libcoretls_cfhelpers.dylib
0x00007ff80b84e000 	/usr/lib/libpam.2.dylib
0x00007ff806ae3000 	/usr/lib/libsqlite3.dylib
0x00007ff80bdad000 	/usr/lib/libxar.1.dylib
0x00007ff809dec000 	/System/Library/PrivateFrameworks/AppleSystemInfo.framework/Versions/A/AppleSystemInfo
0x00007ff80a84f000 	/System/Library/PrivateFrameworks/IOMobileFramebuffer.framework/Versions/A/IOMobileFramebuffer
0x00007ff80b292000 	/usr/lib/libbz2.1.0.dylib
0x00007ff80b5d1000 	/usr/lib/libpcap.A.dylib
0x00007ff806eb7000 	/usr/lib/libdns_services.dylib
0x00007ff80b81d000 	/usr/lib/libapple_nghttp2.dylib
0x00007ff80b608000 	/usr/lib/libiconv.2.dylib
0x00007ff80b55e000 	/usr/lib/libcharset.1.dylib
0x00007ff807ddb000 	/System/Library/Frameworks/CoreServices.framework/Versions/A/Frameworks/FSEvents.framework/Versions/A/FSEvents
0x00007ff802d61000 	/System/Library/Frameworks/CoreServices.framework/Versions/A/Frameworks/CarbonCore.framework/Versions/A/CarbonCore
0x00007ff8070fb000 	/System/Library/Frameworks/CoreServices.framework/Versions/A/Frameworks/Metadata.framework/Versions/A/Metadata
0x00007ff80b2a5000 	/System/Library/Frameworks/CoreServices.framework/Versions/A/Frameworks/OSServices.framework/Versions/A/OSServices
0x00007ff80b791000 	/System/Library/Frameworks/CoreServices.framework/Versions/A/Frameworks/SearchKit.framework/Versions/A/SearchKit
0x00007ff806e49000 	/System/Library/Frameworks/CoreServices.framework/Versions/A/Frameworks/AE.framework/Versions/A/AE
0x00007ff800c81000 	/System/Library/Frameworks/CoreServices.framework/Versions/A/Frameworks/LaunchServices.framework/Versions/A/LaunchServices
0x00007ff80bcd5000 	/System/Library/Frameworks/CoreServices.framework/Versions/A/Frameworks/DictionaryServices.framework/Versions/A/DictionaryServices
0x00007ff807de8000 	/System/Library/Frameworks/CoreServices.framework/Versions/A/Frameworks/SharedFileList.framework/Versions/A/SharedFileList
0x00007ff80abfe000 	/usr/lib/libCheckFix.dylib
0x00007ff805698000 	/System/Library/PrivateFrameworks/TCC.framework/Versions/A/TCC
0x00007ff809df2000 	/System/Library/PrivateFrameworks/CoreNLP.framework/Versions/A/CoreNLP
0x00007ff8070ab000 	/System/Library/PrivateFrameworks/MetadataUtilities.framework/Versions/A/MetadataUtilities
0x00007ff8013c2000 	/usr/lib/libmecabra.dylib
0x00007ff80ac31000 	/usr/lib/libmecab.dylib
0x00007ff80138d000 	/usr/lib/libCRFSuite.dylib
0x00007ff80ac8e000 	/usr/lib/libgermantok.dylib
0x00007ff80b7f8000 	/usr/lib/libThaiTokenizer.dylib
0x00007ff80719d000 	/System/Library/Frameworks/Accelerate.framework/Versions/A/Frameworks/vImage.framework/Versions/A/vImage
0x00007ff811c34000 	/System/Library/Frameworks/Accelerate.framework/Versions/A/Frameworks/vecLib.framework/Versions/A/vecLib
0x00007ff80bdee000 	/System/Library/Frameworks/Accelerate.framework/Versions/A/Frameworks/vecLib.framework/Versions/A/libvMisc.dylib
0x00007ff80a66d000 	/System/Library/Frameworks/Accelerate.framework/Versions/A/Frameworks/vecLib.framework/Versions/A/libvDSP.dylib
0x00007ff800ff6000 	/System/Library/Frameworks/Accelerate.framework/Versions/A/Frameworks/vecLib.framework/Versions/A/libBLAS.dylib
0x00007ff80b92f000 	/System/Library/Frameworks/Accelerate.framework/Versions/A/Frameworks/vecLib.framework/Versions/A/libLAPACK.dylib
0x00007ff80ac91000 	/System/Library/Frameworks/Accelerate.framework/Versions/A/Frameworks/vecLib.framework/Versions/A/libLinearAlgebra.dylib
0x00007ff80b836000 	/System/Library/Frameworks/Accelerate.framework/Versions/A/Frameworks/vecLib.framework/Versions/A/libSparseBLAS.dylib
0x00007ff80b929000 	/System/Library/Frameworks/Accelerate.framework/Versions/A/Frameworks/vecLib.framework/Versions/A/libQuadrature.dylib
0x00007ff809edc000 	/System/Library/Frameworks/Accelerate.framework/Versions/A/Frameworks/vecLib.framework/Versions/A/libBNNS.dylib
0x00007ff8012a3000 	/System/Library/Frameworks/Accelerate.framework/Versions/A/Frameworks/vecLib.framework/Versions/A/libSparse.dylib
0x00007ff80707a000 	/System/Library/PrivateFrameworks/CoreAnalytics.framework/Versions/A/CoreAnalytics
0x00007ff809ed5000 	/System/Library/PrivateFrameworks/LinguisticData.framework/Versions/A/LinguisticData
0x00007ff801258000 	/System/Library/PrivateFrameworks/Lexicon.framework/Versions/A/Lexicon
0x00007ff80bde7000 	/usr/lib/libChineseTokenizer.dylib
0x00007ff8019ba000 	/System/Library/PrivateFrameworks/LanguageModeling.framework/Versions/A/LanguageModeling
0x00007ff80b7fa000 	/System/Library/PrivateFrameworks/AppleSauce.framework/Versions/A/AppleSauce
0x00007ff80a83d000 	/System/Library/PrivateFrameworks/CoreEmoji.framework/Versions/A/CoreEmoji
0x00007ff80b6fa000 	/usr/lib/libcmph.dylib
0x00007ff807dbf000 	/System/Library/Frameworks/OpenDirectory.framework/Versions/A/Frameworks/CFOpenDirectory.framework/Versions/A/CFOpenDirectory
0x00007ff807db3000 	/System/Library/Frameworks/OpenDirectory.framework/Versions/A/OpenDirectory
0x00007ff80bd40000 	/System/Library/PrivateFrameworks/APFS.framework/Versions/A/APFS
0x00007ff80ab5f000 	/System/Library/Frameworks/SecurityFoundation.framework/Versions/A/SecurityFoundation
0x00007ff80bdbb000 	/usr/lib/libutil.dylib
0x00007ff80308c000 	/System/Library/PrivateFrameworks/CoreServicesStore.framework/Versions/A/CoreServicesStore
0x00007ff80bdbf000 	/usr/lib/libxslt.1.dylib
0x00007ff80abec000 	/System/Library/PrivateFrameworks/BackgroundTaskManagement.framework/Versions/A/BackgroundTaskManagement
0x00007ff80d2b2000 	/System/Library/Frameworks/ImageIO.framework/Versions/A/Resources/libRadiance.dylib
0x00007ff80d2bb000 	/System/Library/Frameworks/ImageIO.framework/Versions/A/Resources/libJPEG.dylib
0x00007ff80d20b000 	/System/Library/Frameworks/ImageIO.framework/Versions/A/Resources/libPng.dylib
0x00007ff80d22c000 	/System/Library/Frameworks/ImageIO.framework/Versions/A/Resources/libTIFF.dylib
0x00007ff80d31b000 	/System/Library/Frameworks/ImageIO.framework/Versions/A/Resources/libGIF.dylib
0x00007ff80cade000 	/System/Library/Frameworks/ImageIO.framework/Versions/A/Resources/libJP2.dylib
0x00007ff80c1fa000 	/usr/lib/libexpat.1.dylib
0x00007ff80ca93000 	/System/Library/PrivateFrameworks/AppleJPEG.framework/Versions/A/AppleJPEG
0x00007ff809336000 	/System/Library/PrivateFrameworks/FontServices.framework/libFontParser.dylib
0x00007ff806df3000 	/System/Library/PrivateFrameworks/RunningBoardServices.framework/Versions/A/RunningBoardServices
0x00007ff817e0b000 	/System/Library/PrivateFrameworks/IOSurfaceAccelerator.framework/Versions/A/IOSurfaceAccelerator
0x00007ff80cbc1000 	/System/Library/PrivateFrameworks/WatchdogClient.framework/Versions/A/WatchdogClient
0x00007ff801aa9000 	/System/Library/Frameworks/CoreDisplay.framework/Versions/A/CoreDisplay
0x00007ff809187000 	/System/Library/Frameworks/CoreMedia.framework/Versions/A/CoreMedia
0x00007ff809024000 	/System/Library/PrivateFrameworks/IOAccelerator.framework/Versions/A/IOAccelerator
0x00007ff807f3b000 	/System/Library/Frameworks/CoreVideo.framework/Versions/A/CoreVideo
0x00007ff80b84c000 	/System/Library/Frameworks/MetalPerformanceShaders.framework/Versions/A/MetalPerformanceShaders
0x00007ff80cbfc000 	/System/Library/Frameworks/VideoToolbox.framework/Versions/A/VideoToolbox
0x00007ff806d3c000 	/System/Library/PrivateFrameworks/BaseBoard.framework/Versions/A/BaseBoard
0x00007ff806ac9000 	/System/Library/PrivateFrameworks/ProtocolBuffer.framework/Versions/A/ProtocolBuffer
0x00007ff80d2ab000 	/System/Library/PrivateFrameworks/GPUWrangler.framework/Versions/A/GPUWrangler
0x00007ff80d28e000 	/System/Library/PrivateFrameworks/IOPresentment.framework/Versions/A/IOPresentment
0x00007ff80d2b5000 	/System/Library/PrivateFrameworks/DSExternalDisplay.framework/Versions/A/DSExternalDisplay
0x00007ffa17cea000 	/System/Library/Frameworks/OpenGL.framework/Versions/A/Libraries/libCoreFSCache.dylib
0x00007ffb03b92000 	/System/Library/PrivateFrameworks/GPUCompiler.framework/Versions/31001/Libraries/libGPUCompilerUtils.dylib
0x00007ff80d320000 	/System/Library/PrivateFrameworks/CMCaptureCore.framework/Versions/A/CMCaptureCore
0x00007ff80c7cc000 	/System/Library/PrivateFrameworks/AppServerSupport.framework/Versions/A/AppServerSupport
0x00007ff80edb9000 	/System/Library/PrivateFrameworks/perfdata.framework/Versions/A/perfdata
0x00007ff801bd5000 	/System/Library/PrivateFrameworks/AudioToolboxCore.framework/Versions/A/AudioToolboxCore
0x00007ff809164000 	/System/Library/PrivateFrameworks/caulk.framework/Versions/A/caulk
0x00007ff80e6e6000 	/usr/lib/libAudioStatistics.dylib
0x00007ff905916000 	/System/Library/PrivateFrameworks/SystemPolicy.framework/Versions/A/SystemPolicy
0x00007ff80e932000 	/usr/lib/libSMC.dylib
0x00007ff817753000 	/System/Library/Frameworks/CoreMIDI.framework/Versions/A/CoreMIDI
0x00007ff80d1db000 	/usr/lib/libAudioToolboxUtility.dylib
0x00007ff901d11000 	/System/Library/PrivateFrameworks/OSAServicesClient.framework/Versions/A/OSAServicesClient
0x00007ff80edc6000 	/usr/lib/libperfcheck.dylib
0x00007ff9063a2000 	/usr/lib/libmis.dylib
0x00007ffa17d46000 	/System/Library/Frameworks/OpenGL.framework/Versions/A/Libraries/libGLU.dylib
0x00007ffa17d09000 	/System/Library/Frameworks/OpenGL.framework/Versions/A/Libraries/libGFXShared.dylib
0x00007ffa17f17000 	/System/Library/Frameworks/OpenGL.framework/Versions/A/Libraries/libGL.dylib
0x00007ffa17d12000 	/System/Library/Frameworks/OpenGL.framework/Versions/A/Libraries/libGLImage.dylib
0x00007ffa17d06000 	/System/Library/Frameworks/OpenGL.framework/Versions/A/Libraries/libCVMSPluginSupport.dylib
0x00007ffa17cf1000 	/System/Library/Frameworks/OpenGL.framework/Versions/A/Libraries/libCoreVMClient.dylib
0x00007ff809d70000 	/System/Library/Frameworks/MetalPerformanceShaders.framework/Versions/A/Frameworks/MPSCore.framework/Versions/A/MPSCore
0x00007ff80b1ee000 	/System/Library/Frameworks/MetalPerformanceShaders.framework/Versions/A/Frameworks/MPSImage.framework/Versions/A/MPSImage
0x00007ff80aca7000 	/System/Library/Frameworks/MetalPerformanceShaders.framework/Versions/A/Frameworks/MPSNeuralNetwork.framework/Versions/A/MPSNeuralNetwork
0x00007ff80b11c000 	/System/Library/Frameworks/MetalPerformanceShaders.framework/Versions/A/Frameworks/MPSMatrix.framework/Versions/A/MPSMatrix
0x00007ff80aed8000 	/System/Library/Frameworks/MetalPerformanceShaders.framework/Versions/A/Frameworks/MPSRayIntersector.framework/Versions/A/MPSRayIntersector
0x00007ff80b155000 	/System/Library/Frameworks/MetalPerformanceShaders.framework/Versions/A/Frameworks/MPSNDArray.framework/Versions/A/MPSNDArray
0x00007ffa1c8eb000 	/System/Library/Frameworks/MetalPerformanceShaders.framework/Versions/A/Frameworks/MPSFunctions.framework/Versions/A/MPSFunctions
0x00007ff800ed9000 	/System/Library/PrivateFrameworks/MetalTools.framework/Versions/A/MetalTools
0x00007ff809dea000 	/System/Library/PrivateFrameworks/AggregateDictionary.framework/Versions/A/AggregateDictionary
0x00007ff80bfdd000 	/usr/lib/libIOReport.dylib
0x00007ffa19326000 	/System/Library/Frameworks/OpenCL.framework/Versions/A/OpenCL
0x00007ff80c366000 	/System/Library/PrivateFrameworks/FaceCore.framework/Versions/A/FaceCore
0x00007ff80c357000 	/System/Library/PrivateFrameworks/GraphVisualizer.framework/Versions/A/GraphVisualizer
0x00007ffb03a9d000 	/System/Library/PrivateFrameworks/FontServices.framework/Versions/A/FontServices
0x00007ff80c783000 	/System/Library/PrivateFrameworks/OTSVG.framework/Versions/A/OTSVG
0x00007ff807b25000 	/System/Library/Frameworks/ApplicationServices.framework/Versions/A/Frameworks/ATS.framework/Versions/A/Resources/libFontRegistry.dylib
0x00007ff80c7d4000 	/System/Library/PrivateFrameworks/FontServices.framework/libhvf.dylib
0x00007ffb03a9e000 	/System/Library/PrivateFrameworks/FontServices.framework/libXTFontStaticRegistryData.dylib
0x00007ff80c1aa000 	/System/Library/PrivateFrameworks/AppleVA.framework/Versions/A/AppleVA
0x00007ff80e706000 	/System/Library/Frameworks/ApplicationServices.framework/Versions/A/Frameworks/ATS.framework/Versions/A/ATS
0x00007ff806200000 	/System/Library/Frameworks/ApplicationServices.framework/Versions/A/Frameworks/HIServices.framework/Versions/A/HIServices
0x00007ff80d32a000 	/System/Library/Frameworks/ApplicationServices.framework/Versions/A/Frameworks/PrintCore.framework/Versions/A/PrintCore
0x00007ff80ea85000 	/System/Library/Frameworks/ApplicationServices.framework/Versions/A/Frameworks/QD.framework/Versions/A/QD
0x00007ff80ea7d000 	/System/Library/Frameworks/ApplicationServices.framework/Versions/A/Frameworks/ColorSyncLegacy.framework/Versions/A/ColorSyncLegacy
0x00007ff80e6f6000 	/System/Library/Frameworks/ApplicationServices.framework/Versions/A/Frameworks/SpeechSynthesis.framework/Versions/A/SpeechSynthesis
0x00007ff80d2eb000 	/System/Library/Frameworks/ApplicationServices.framework/Versions/A/Frameworks/ATSUI.framework/Versions/A/ATSUI
0x00007ff80ea12000 	/usr/lib/libcups.2.dylib
0x00007ff80edd5000 	/System/Library/Frameworks/Kerberos.framework/Versions/A/Kerberos
0x00007ff80ede4000 	/System/Library/Frameworks/GSS.framework/Versions/A/GSS
0x00007ff80e772000 	/usr/lib/libresolv.9.dylib
0x00007ff80c7e3000 	/System/Library/PrivateFrameworks/Heimdal.framework/Versions/A/Heimdal
0x00007ff8158bf000 	/System/Library/Frameworks/Kerberos.framework/Versions/A/Libraries/libHeimdalProxy.dylib
0x00007ff806ec8000 	/System/Library/Frameworks/Network.framework/Versions/A/Network
0x00007ff80c214000 	/usr/lib/libheimdal-asn1.dylib
0x00007ff80ee2f000 	/System/Library/PrivateFrameworks/CommonAuth.framework/Versions/A/CommonAuth
0x00007ff80e677000 	/System/Library/PrivateFrameworks/AudioSession.framework/Versions/A/AudioSession
0x00007ff80c2a4000 	/System/Library/PrivateFrameworks/MediaExperience.framework/Versions/A/MediaExperience
0x00007ff80e50c000 	/System/Library/PrivateFrameworks/AudioSession.framework/libSessionUtility.dylib
0x00007ff80ea91000 	/System/Library/PrivateFrameworks/AudioResourceArbitration.framework/Versions/A/AudioResourceArbitration
0x00007ff80c21d000 	/System/Library/PrivateFrameworks/IconFoundation.framework/Versions/A/IconFoundation
0x00007ff811863000 	/System/Library/PrivateFrameworks/SpeechRecognitionCore.framework/Versions/A/SpeechRecognitionCore
0x0000000103b62000 	/Users/loule/Library/Java/JavaVirtualMachines/temurin-17/Contents/Home/lib/server/libjvm.dylib
0x00000001027c7000 	/Users/loule/Library/Java/JavaVirtualMachines/temurin-17/Contents/Home/lib/libjimage.dylib
0x00000001027e3000 	/Users/loule/Library/Java/JavaVirtualMachines/temurin-17/Contents/Home/lib/libinstrument.dylib
0x000000010281e000 	/Users/loule/Library/Java/JavaVirtualMachines/temurin-17/Contents/Home/lib/libjava.dylib
0x000000010280d000 	/Users/loule/Library/Java/JavaVirtualMachines/temurin-17/Contents/Home/lib/libzip.dylib
0x00000001036b9000 	/Users/loule/Library/Java/JavaVirtualMachines/temurin-17/Contents/Home/lib/libnio.dylib
0x00000001036e8000 	/Users/loule/Library/Java/JavaVirtualMachines/temurin-17/Contents/Home/lib/libnet.dylib
0x00000001036a4000 	/Users/loule/Library/Java/JavaVirtualMachines/temurin-17/Contents/Home/lib/libextnet.dylib
0x0000000103702000 	/Users/loule/Library/Java/JavaVirtualMachines/temurin-17/Contents/Home/lib/libverify.dylib
0x00000001037b2000 	/Users/loule/Library/Java/JavaVirtualMachines/temurin-17/Contents/Home/lib/libawt.dylib
0x0000000103871000 	/Users/loule/Library/Java/JavaVirtualMachines/temurin-17/Contents/Home/lib/libmlib_image.dylib
0x00007ffa1c859000 	/System/Library/Frameworks/JavaRuntimeSupport.framework/Versions/A/JavaRuntimeSupport
0x00007ff905470000 	/System/Library/Frameworks/Carbon.framework/Versions/A/Carbon
0x00007ff813d07000 	/System/Library/PrivateFrameworks/CoreSymbolication.framework/Versions/A/CoreSymbolication
0x00007ff81914f000 	/System/Library/Frameworks/Carbon.framework/Versions/A/Frameworks/CommonPanels.framework/Versions/A/CommonPanels
0x00007ff8152cf000 	/System/Library/Frameworks/Carbon.framework/Versions/A/Frameworks/Help.framework/Versions/A/Help
0x00007ff819153000 	/System/Library/Frameworks/Carbon.framework/Versions/A/Frameworks/ImageCapture.framework/Versions/A/ImageCapture
0x00007ff819123000 	/System/Library/Frameworks/Carbon.framework/Versions/A/Frameworks/OpenScripting.framework/Versions/A/OpenScripting
0x00007ff81914b000 	/System/Library/Frameworks/Carbon.framework/Versions/A/Frameworks/Ink.framework/Versions/A/Ink
0x00007ff90546c000 	/System/Library/Frameworks/Carbon.framework/Versions/A/Frameworks/Print.framework/Versions/A/Print
0x00007ff819147000 	/System/Library/Frameworks/Carbon.framework/Versions/A/Frameworks/SecurityHI.framework/Versions/A/SecurityHI
0x00007ff813ccc000 	/System/Library/PrivateFrameworks/DebugSymbols.framework/Versions/A/DebugSymbols
0x00000001216bc000 	/Users/loule/Library/Java/JavaVirtualMachines/temurin-17/Contents/Home/lib/libawt_lwawt.dylib
0x000000010373a000 	/Users/loule/Library/Java/JavaVirtualMachines/temurin-17/Contents/Home/lib/libosxapp.dylib
0x00007ff9048cd000 	/System/Library/Frameworks/ExceptionHandling.framework/Versions/A/ExceptionHandling
0x0000000123c45000 	/Users/loule/Library/Java/JavaVirtualMachines/temurin-17/Contents/Home/lib/libfontmanager.dylib
0x00000001039b4000 	/Users/loule/Library/Java/JavaVirtualMachines/temurin-17/Contents/Home/lib/libfreetype.dylib
0x00007ff80304d000 	/System/Library/PrivateFrameworks/CoreServicesInternal.framework/Versions/A/CoreServicesInternal
0x00007ff813029000 	/System/Library/Frameworks/FileProvider.framework/Versions/A/FileProvider
0x00007ff806ca8000 	/System/Library/Frameworks/Accounts.framework/Versions/A/Accounts
0x00007ff8131a0000 	/System/Library/PrivateFrameworks/GenerationalStorage.framework/Versions/A/GenerationalStorage
0x00007ff812a2d000 	/System/Library/PrivateFrameworks/SymptomDiagnosticReporter.framework/Versions/A/SymptomDiagnosticReporter
0x00007ff804304000 	/System/Library/PrivateFrameworks/DesktopServicesPriv.framework/Versions/A/DesktopServicesPriv
0x00007ff80318d000 	/usr/lib/libsandbox.1.dylib
0x00007ff807fb9000 	/System/Library/PrivateFrameworks/UserManagement.framework/Versions/A/UserManagement
0x00007ff80ea72000 	/System/Library/PrivateFrameworks/NetAuth.framework/Versions/A/NetAuth
0x00007ff80f95c000 	/System/Library/PrivateFrameworks/Sharing.framework/Versions/A/Sharing
0x00007ff807f8c000 	/System/Library/PrivateFrameworks/login.framework/Versions/A/Frameworks/loginsupport.framework/Versions/A/loginsupport
0x00007ff814dfe000 	/System/Library/PrivateFrameworks/Apple80211.framework/Versions/A/Apple80211
0x00007ff80b2d2000 	/System/Library/PrivateFrameworks/AuthKit.framework/Versions/A/AuthKit
0x00007ff80a934000 	/System/Library/PrivateFrameworks/CoreUtils.framework/Versions/A/CoreUtils
0x00007ff80a85a000 	/System/Library/Frameworks/CoreWLAN.framework/Versions/A/CoreWLAN
0x00007ff80fab6000 	/System/Library/Frameworks/IOBluetooth.framework/Versions/A/IOBluetooth
0x00007ff814e66000 	/System/Library/PrivateFrameworks/CoreWiFi.framework/Versions/A/CoreWiFi
0x00007ff8138a3000 	/System/Library/PrivateFrameworks/FrontBoardServices.framework/Versions/A/FrontBoardServices
0x00007ff813935000 	/System/Library/PrivateFrameworks/BoardServices.framework/Versions/A/BoardServices
0x00007ff80ab4e000 	/System/Library/PrivateFrameworks/AssertionServices.framework/Versions/A/AssertionServices
0x00007ff814fea000 	/System/Library/PrivateFrameworks/BackBoardServices.framework/Versions/A/BackBoardServices
0x00007ff80eebe000 	/System/Library/PrivateFrameworks/CorePhoneNumbers.framework/Versions/A/CorePhoneNumbers
0x00007ff812b4a000 	/System/Library/PrivateFrameworks/DiskManagement.framework/Versions/A/DiskManagement
0x00007ff812a5e000 	/System/Library/PrivateFrameworks/AppleIDAuthSupport.framework/Versions/A/AppleIDAuthSupport
0x00007ffa1e86a000 	/System/Library/PrivateFrameworks/AAAFoundation.framework/Versions/A/AAAFoundation
0x00007ff80ee9f000 	/System/Library/PrivateFrameworks/KeychainCircle.framework/Versions/A/KeychainCircle
0x00007ff812b16000 	/System/Library/PrivateFrameworks/MediaKit.framework/Versions/A/MediaKit
0x00007ff812a6a000 	/System/Library/Frameworks/DiscRecording.framework/Versions/A/DiscRecording
0x00007ff80c122000 	/usr/lib/libCoreStorage.dylib
0x00007ff8152d7000 	/usr/lib/libcsfde.dylib
0x00007ff80fb7f000 	/System/Library/PrivateFrameworks/ProtectedCloudStorage.framework/Versions/A/ProtectedCloudStorage
0x00007ff8152d3000 	/System/Library/PrivateFrameworks/EFILogin.framework/Versions/A/EFILogin
0x00007ff8131c6000 	/System/Library/PrivateFrameworks/OctagonTrust.framework/Versions/A/OctagonTrust
0x00007ffb02df1000 	/System/Library/PrivateFrameworks/CoreUtilsExtras.framework/Versions/A/CoreUtilsExtras
0x00007ff8129a1000 	/System/Library/Frameworks/CoreBluetooth.framework/Versions/A/CoreBluetooth
0x00007ff815944000 	/System/Library/Frameworks/AudioUnit.framework/Versions/A/AudioUnit
0x00007ff80c11a000 	/usr/lib/libMatch.1.dylib
0x00007ff90ce7f000 	/System/Library/CoreServices/RawCamera.bundle/Contents/MacOS/RawCamera
0x00007ff80ee3f000 	/System/Library/PrivateFrameworks/MobileAsset.framework/Versions/A/MobileAsset
0x00007ff81596b000 	/System/Library/PrivateFrameworks/StreamingZip.framework/Versions/A/StreamingZip
0x00007ffa20332000 	/System/Library/PrivateFrameworks/CMPhoto.framework/Versions/A/CMPhoto
0x00007ff813ba3000 	/System/Library/PrivateFrameworks/AppleVPA.framework/Versions/A/AppleVPA
0x00007ff80d552000 	/System/Library/Frameworks/MediaToolbox.framework/Versions/A/MediaToolbox
0x00007ff812ff9000 	/System/Library/PrivateFrameworks/CoreAVCHD.framework/Versions/A/CoreAVCHD
0x00007ff811eec000 	/System/Library/Frameworks/MediaAccessibility.framework/Versions/A/MediaAccessibility
0x00007ff812ff5000 	/System/Library/PrivateFrameworks/Mangrove.framework/Versions/A/Mangrove
0x00007ff811ef7000 	/System/Library/PrivateFrameworks/AlgosScoreFramework.framework/Versions/A/AlgosScoreFramework
0x00007ff812c3a000 	/System/Library/PrivateFrameworks/CoreAUC.framework/Versions/A/CoreAUC
0x00007ff90a75d000 	/System/Library/Frameworks/Accelerate.framework/Versions/A/Frameworks/vImage.framework/Versions/A/Libraries/libCGInterfaces.dylib
0x000000010399b000 	/usr/lib/libobjc-trampolines.dylib
0x00007ff807cb3000 	/System/Library/PrivateFrameworks/ViewBridge.framework/Versions/A/ViewBridge
0x00000001279ba000 	/Users/loule/Documents/GitHub/Java-CodingDojo/resources/lib/liblwjgl.jnilib
0x0000000103aaf000 	/Users/loule/Library/Java/JavaVirtualMachines/temurin-17/Contents/Home/lib/libjawt.dylib
0x00007ffa17f22000 	/System/Library/Frameworks/OpenGL.framework/Versions/A/Resources/GLEngine.bundle/GLEngine
0x00007ffa17d84000 	/System/Library/Frameworks/OpenGL.framework/Versions/A/Libraries/libGLProgrammability.dylib
0x00007ffa0ce57000 	/System/Library/Extensions/AppleIntelKBLGraphicsGLDriver.bundle/Contents/MacOS/AppleIntelKBLGraphicsGLDriver
0x00007ff910147000 	/System/Library/PrivateFrameworks/GPUSupport.framework/Versions/A/Libraries/libGPUSupportMercury.dylib
0x00007ffa180b1000 	/System/Library/Frameworks/OpenGL.framework/Versions/A/Resources/GLRendererFloat.bundle/GLRendererFloat
0x00007ff80c89d000 	/System/Library/PrivateFrameworks/login.framework/Versions/A/login


VM Arguments:
jvm_args: -Djava.library.path=lib -javaagent:/Users/loule/Library/Application Support/JetBrains/Toolbox/apps/IDEA-U/ch-0/212.5284.40/IntelliJ IDEA.app/Contents/lib/idea_rt.jar=64423:/Users/loule/Library/Application Support/JetBrains/Toolbox/apps/IDEA-U/ch-0/212.5284.40/IntelliJ IDEA.app/Contents/bin -Dfile.encoding=UTF-8 
java_command: fr.rphstudio.codingdojo.launcher.MainLauncher
java_class_path (initial): ./codingdojo.jar:students/Student11-2.1-p.jar:students/Student67-2.1-p.jar:students/Teachers-2.1-p.jar:students/Student4-2.1-p.jar:students/Student76-2.1-p.jar:students/Student1-2.1-p.jar:students/Student07-2.1-p.jar:students/Student19-2.1-p.jar
Launcher Type: SUN_STANDARD

[Global flags]
     intx CICompilerCount                          = 3                                         {product} {ergonomic}
     uint ConcGCThreads                            = 1                                         {product} {ergonomic}
     uint G1ConcRefinementThreads                  = 4                                         {product} {ergonomic}
   size_t G1HeapRegionSize                         = 1048576                                   {product} {ergonomic}
    uintx GCDrainStackTargetSize                   = 64                                        {product} {ergonomic}
   size_t InitialHeapSize                          = 134217728                                 {product} {ergonomic}
   size_t MarkStackSize                            = 4194304                                   {product} {ergonomic}
   size_t MaxHeapSize                              = 2147483648                                {product} {ergonomic}
   size_t MaxNewSize                               = 1287651328                                {product} {ergonomic}
   size_t MinHeapDeltaBytes                        = 1048576                                   {product} {ergonomic}
   size_t MinHeapSize                              = 8388608                                   {product} {ergonomic}
    uintx NonNMethodCodeHeapSize                   = 5832780                                {pd product} {ergonomic}
    uintx NonProfiledCodeHeapSize                  = 122912730                              {pd product} {ergonomic}
    uintx ProfiledCodeHeapSize                     = 122912730                              {pd product} {ergonomic}
    uintx ReservedCodeCacheSize                    = 251658240                              {pd product} {ergonomic}
     bool SegmentedCodeCache                       = true                                      {product} {ergonomic}
   size_t SoftMaxHeapSize                          = 2147483648                             {manageable} {ergonomic}
     bool UseCompressedClassPointers               = true                           {product lp64_product} {ergonomic}
     bool UseCompressedOops                        = true                           {product lp64_product} {ergonomic}
     bool UseG1GC                                  = true                                      {product} {ergonomic}
     bool UseNUMA                                  = false                                     {product} {ergonomic}
     bool UseNUMAInterleaving                      = false                                     {product} {ergonomic}

Logging:
Log output configuration:
 #0: stdout all=warning uptime,level,tags
 #1: stderr all=off uptime,level,tags

Environment Variables:
PATH=/usr/local/bin:/usr/bin:/bin:/usr/sbin:/sbin
SHELL=/bin/bash
LC_CTYPE=fr_FR.UTF-8

Signal Handlers:
   SIGSEGV: _ZL13crash_handleriP9__siginfoPv in libjvm.dylib, mask=11100110000111110111111111111111, flags=SA_RESTART|SA_SIGINFO
    SIGBUS: _ZL13crash_handleriP9__siginfoPv in libjvm.dylib, mask=11100110000111110111111111111111, flags=SA_RESTART|SA_SIGINFO
    SIGFPE: _ZL13crash_handleriP9__siginfoPv in libjvm.dylib, mask=11100110000111110111111111111111, flags=SA_RESTART|SA_SIGINFO
   SIGPIPE: _ZL17javaSignalHandleriP9__siginfoPv in libjvm.dylib, mask=11100110000111110111111111111111, flags=SA_RESTART|SA_SIGINFO
   SIGXFSZ: _ZL17javaSignalHandleriP9__siginfoPv in libjvm.dylib, mask=11100110000111110111111111111111, flags=SA_RESTART|SA_SIGINFO
    SIGILL: _ZL13crash_handleriP9__siginfoPv in libjvm.dylib, mask=11100110000111110111111111111111, flags=SA_RESTART|SA_SIGINFO
   SIGUSR2: _ZL10SR_handleriP9__siginfoP17__darwin_ucontext in libjvm.dylib, mask=00100000000000000000000000000000, flags=SA_RESTART|SA_SIGINFO
    SIGHUP: _ZL11UserHandleriPvS_ in libjvm.dylib, mask=11100110000111110111111111111111, flags=SA_RESTART|SA_SIGINFO
    SIGINT: _ZL11UserHandleriPvS_ in libjvm.dylib, mask=11100110000111110111111111111111, flags=SA_RESTART|SA_SIGINFO
   SIGTERM: _ZL11UserHandleriPvS_ in libjvm.dylib, mask=11100110000111110111111111111111, flags=SA_RESTART|SA_SIGINFO
   SIGQUIT: _ZL11UserHandleriPvS_ in libjvm.dylib, mask=11100110000111110111111111111111, flags=SA_RESTART|SA_SIGINFO
   SIGTRAP: _ZL13crash_handleriP9__siginfoPv in libjvm.dylib, mask=11100110000111110111111111111111, flags=SA_RESTART|SA_SIGINFO


---------------  S Y S T E M  ---------------

OS:
uname: Darwin 21.1.0 Darwin Kernel Version 21.1.0: Sat Sep 11 12:27:43 PDT 2021; root:xnu-8019.40.67.171.4~1/RELEASE_X86_64 x86_64
OS uptime: 1 days 19:52 hours
rlimit (soft/hard): STACK 8192k/65532k , CORE 0k/infinity , NPROC 1392/2088 , NOFILE 10240/infinity , AS infinity/infinity , CPU infinity/infinity , DATA infinity/infinity , FSIZE infinity/infinity , MEMLOCK infinity/infinity , RSS infinity/infinity
load average: 12.82 9.06 8.89

CPU: total 4 (initial active 4) (2 cores per cpu, 2 threads per core) family 6 model 142 stepping 9 microcode 0xea, cx8, cmov, fxsr, ht, mmx, 3dnowpref, sse, sse2, sse3, ssse3, sse4.1, sse4.2, popcnt, lzcnt, tsc, tscinvbit, avx, avx2, aes, erms, clmul, bmi1, bmi2, rtm, adx, fma, vzeroupper, clflush, clflushopt

Memory: 4k page, physical 8388608k(137488k free), swap 5242880k(1373696k free)

vm_info: OpenJDK 64-Bit Server VM (17+35) for bsd-amd64 JRE (17+35), built on Sep 14 2021 23:37:50 by "jenkins" with clang 4.2.1 Compatible Apple LLVM 10.0.1 (clang-1001.0.46.4)

END.
