#
# A fatal error has been detected by the Java Runtime Environment:
#
#  SIGSEGV (0xb) at pc=0x00007ff81ed85c4f, pid=4418, tid=6147
#
# JRE version: OpenJDK Runtime Environment Temurin-17+35 (17.0+35) (build 17+35)
# Java VM: OpenJDK 64-Bit Server VM Temurin-17+35 (17+35, mixed mode, sharing, tiered, compressed oops, compressed class ptrs, g1 gc, bsd-amd64)
# Problematic frame:
# C  [libobjc.A.dylib+0x8c4f]  objc_release+0x1f
#
# No core dump will be written. Core dumps have been disabled. To enable core dumping, try "ulimit -c unlimited" before starting Java again
#
# If you would like to submit a bug report, please visit:
#   https://github.com/adoptium/adoptium-support/issues
# The crash happened outside the Java Virtual Machine in native code.
# See problematic frame for where to report the bug.
#

---------------  S U M M A R Y ------------

Command Line: -Djava.library.path=lib -javaagent:/Users/loule/Library/Application Support/JetBrains/Toolbox/apps/IDEA-U/ch-0/212.5284.40/IntelliJ IDEA.app/Contents/lib/idea_rt.jar=54323:/Users/loule/Library/Application Support/JetBrains/Toolbox/apps/IDEA-U/ch-0/212.5284.40/IntelliJ IDEA.app/Contents/bin -Dfile.encoding=UTF-8 fr.rphstudio.codingdojo.launcher.MainLauncher -window

Host: "MacBookPro14,1" x86_64 2300 MHz, 4 cores, 8G, Darwin 21.1.0, macOS 10.16 (21A5522h)
Time: Thu Sep 30 11:59:05 2021 CEST elapsed time: 1.268282 seconds (0d 0h 0m 1s)

---------------  T H R E A D  ---------------

Current thread (0x00007f9c4c808e00):  JavaThread "main" [_thread_in_native, id=6147, stack(0x00007000044cd000,0x00007000045cd000)]

Stack: [0x00007000044cd000,0x00007000045cd000],  sp=0x00007000045cc358,  free space=1020k
Native frames: (J=compiled Java code, j=interpreted, Vv=VM code, C=native code)
C  [libobjc.A.dylib+0x8c4f]  objc_release+0x1f
C  [libobjc.A.dylib+0xa160]  objc_autoreleasePoolPop+0xa1
C  [CoreFoundation+0x420ec]  _CFAutoreleasePoolPop+0x16
C  [Foundation+0x1e92d]  -[NSAutoreleasePool release]+0x85
j  org.lwjgl.opengl.MacOSXContextImplementation.setView(Ljava/nio/ByteBuffer;Ljava/nio/ByteBuffer;)V+0
j  org.lwjgl.opengl.MacOSXContextImplementation.makeCurrent(Lorg/lwjgl/opengl/PeerInfo;Ljava/nio/ByteBuffer;)V+7
j  org.lwjgl.opengl.ContextGL.makeCurrent()V+46
j  org.lwjgl.opengl.DrawableGL.makeCurrent()V+14
j  org.lwjgl.opengl.Display.makeCurrent()V+3
j  org.lwjgl.opengl.Display.makeCurrentAndSetSwapInterval()V+0
j  org.lwjgl.opengl.Display.create(Lorg/lwjgl/opengl/PixelFormat;Lorg/lwjgl/opengl/Drawable;Lorg/lwjgl/opengl/ContextAttribs;)V+108
j  org.lwjgl.opengl.Display.create(Lorg/lwjgl/opengl/PixelFormat;)V+12
j  org.newdawn.slick.AppGameContainer.tryCreateDisplay(Lorg/lwjgl/opengl/PixelFormat;)V+7
j  org.newdawn.slick.AppGameContainer.access$000(Lorg/newdawn/slick/AppGameContainer;Lorg/lwjgl/opengl/PixelFormat;)V+2
j  org.newdawn.slick.AppGameContainer$2.run()Ljava/lang/Object;+36
j  java.security.AccessController.executePrivileged(Ljava/security/PrivilegedAction;Ljava/security/AccessControlContext;Ljava/lang/Class;)Ljava/lang/Object;+29 java.base@17
j  java.security.AccessController.doPrivileged(Ljava/security/PrivilegedAction;)Ljava/lang/Object;+5 java.base@17
j  org.newdawn.slick.AppGameContainer.setup()V+112
j  org.newdawn.slick.AppGameContainer.start()V+1
j  fr.rphstudio.codingdojo.launcher.MainLauncher.main([Ljava/lang/String;)V+133
v  ~StubRoutines::call_stub
V  [libjvm.dylib+0x519e46]  _ZN9JavaCalls11call_helperEP9JavaValueRK12methodHandleP17JavaCallArgumentsP10JavaThread+0x2b6
V  [libjvm.dylib+0x57d5e8]  _ZL17jni_invoke_staticP7JNIEnv_P9JavaValueP8_jobject11JNICallTypeP10_jmethodIDP18JNI_ArgumentPusherP10JavaThread+0x158
V  [libjvm.dylib+0x580b38]  jni_CallStaticVoidMethod+0x198
C  [libjli.dylib+0x4fcd]  JavaMain+0xc1d
C  [libjli.dylib+0x7699]  ThreadJavaMain+0x9
C  [libsystem_pthread.dylib+0x6514]  _pthread_start+0x7d
C  [libsystem_pthread.dylib+0x202f]  thread_start+0xf

Java frames: (J=compiled Java code, j=interpreted, Vv=VM code)
j  org.lwjgl.opengl.MacOSXContextImplementation.setView(Ljava/nio/ByteBuffer;Ljava/nio/ByteBuffer;)V+0
j  org.lwjgl.opengl.MacOSXContextImplementation.makeCurrent(Lorg/lwjgl/opengl/PeerInfo;Ljava/nio/ByteBuffer;)V+7
j  org.lwjgl.opengl.ContextGL.makeCurrent()V+46
j  org.lwjgl.opengl.DrawableGL.makeCurrent()V+14
j  org.lwjgl.opengl.Display.makeCurrent()V+3
j  org.lwjgl.opengl.Display.makeCurrentAndSetSwapInterval()V+0
j  org.lwjgl.opengl.Display.create(Lorg/lwjgl/opengl/PixelFormat;Lorg/lwjgl/opengl/Drawable;Lorg/lwjgl/opengl/ContextAttribs;)V+108
j  org.lwjgl.opengl.Display.create(Lorg/lwjgl/opengl/PixelFormat;)V+12
j  org.newdawn.slick.AppGameContainer.tryCreateDisplay(Lorg/lwjgl/opengl/PixelFormat;)V+7
j  org.newdawn.slick.AppGameContainer.access$000(Lorg/newdawn/slick/AppGameContainer;Lorg/lwjgl/opengl/PixelFormat;)V+2
j  org.newdawn.slick.AppGameContainer$2.run()Ljava/lang/Object;+36
j  java.security.AccessController.executePrivileged(Ljava/security/PrivilegedAction;Ljava/security/AccessControlContext;Ljava/lang/Class;)Ljava/lang/Object;+29 java.base@17
j  java.security.AccessController.doPrivileged(Ljava/security/PrivilegedAction;)Ljava/lang/Object;+5 java.base@17
j  org.newdawn.slick.AppGameContainer.setup()V+112
j  org.newdawn.slick.AppGameContainer.start()V+1
j  fr.rphstudio.codingdojo.launcher.MainLauncher.main([Ljava/lang/String;)V+133
v  ~StubRoutines::call_stub

siginfo: si_signo: 11 (SIGSEGV), si_code: 1 (SEGV_MAPERR), si_addr: 0x000010ae153cf2c0

Register to memory mapping:

RAX=0x000090ae153cf2a0 is an unknown value
RBX=0x0000000000000001 is an unknown value
RCX=0x000010ae153cf2a0 is an unknown value
RDX=0x000000000000000b is an unknown value
RSP=0x00007000045cc358 is pointing into the stack for thread: 0x00007f9c4c808e00
RBP=0x00007000045cc390 is pointing into the stack for thread: 0x00007f9c4c808e00
RSI=0x00007ff83970778a: <offset 0x1a98a78a> in /usr/lib/libobjc.A.dylib at 0x00007ff81ed7d000
RDI=0x0000600002a3f2a0 points into unknown readable memory: 0x000090ae153cf2a0 | a0 f2 3c 15 ae 90 00 00
R8 =0x00007f9c4c20a4c8 points into unknown readable memory: 0x0000000000000000 | 00 00 00 00 00 00 00 00
R9 =0x0 is NULL
R10=0x000000012598cb98: OBJC_CLASS_$_MacOSXOpenGLView+0 in /Users/loule/Documents/GitHub/Java-CodingDojo/resources/lib/liblwjgl.jnilib at 0x0000000125951000
R11=0x00007ff82199952b: -[NSResponder release]+0 in /System/Library/Frameworks/AppKit.framework/Versions/C/AppKit at 0x00007ff82198e000
R12=0x0000600002a3f2a0 points into unknown readable memory: 0x000090ae153cf2a0 | a0 f2 3c 15 ae 90 00 00
R13=0xa3a3a3a3a3a3a3a3 is an unknown value
R14=0x00007f9c4b00d0c8 points into unknown readable memory: 0x0000000000000000 | 00 00 00 00 00 00 00 00
R15=0x00007f9c4b00d000 points into unknown readable memory: 0x4f545541a1a1a1a1 | a1 a1 a1 a1 41 55 54 4f


Registers:
RAX=0x000090ae153cf2a0, RBX=0x0000000000000001, RCX=0x000010ae153cf2a0, RDX=0x000000000000000b
RSP=0x00007000045cc358, RBP=0x00007000045cc390, RSI=0x00007ff83970778a, RDI=0x0000600002a3f2a0
R8 =0x00007f9c4c20a4c8, R9 =0x0000000000000000, R10=0x000000012598cb98, R11=0x00007ff82199952b
R12=0x0000600002a3f2a0, R13=0xa3a3a3a3a3a3a3a3, R14=0x00007f9c4b00d0c8, R15=0x00007f9c4b00d000
RIP=0x00007ff81ed85c4f, EFLAGS=0x0000000000010206, ERR=0x0000000000000004
  TRAPNO=0x000000000000000e

Top of Stack: (sp=0x00007000045cc358)
0x00007000045cc358:   00007ff81ed8a19f b2476dde2aa70000
0x00007000045cc368:   00007f9c4b00d000 0000000000000000
0x00007000045cc378:   000000011fc84ad0 00007ff83970778a
0x00007000045cc388:   0000600002a79f20 00007000045cc3b0
0x00007000045cc398:   00007ff81ed87160 b2476dde2aa7008d
0x00007000045cc3a8:   00007f9c4b00d0c8 00007000045cc3d0
0x00007000045cc3b8:   00007ff81ef730ec b2476dde2aa7008d
0x00007000045cc3c8:   000000011fc84ad8 00007000045cc410
0x00007000045cc3d8:   00007ff81fdd292d 00007000045cc410
0x00007000045cc3e8:   0000000125966804 b2476dde2aa7008d
0x00007000045cc3f8:   000000011fc84ad8 00007000045cc4a0
0x00007000045cc408:   00007f9c4c808e00 00007000045cc478
0x00007000045cc418:   000000011042d53a 000000011fc83b58
0x00007000045cc428:   000000011042d276 00007000045cc430
0x00007000045cc438:   000000011fc84ad0 00007000045cc4a0
0x00007000045cc448:   000000011fc85048 0000000000000000
0x00007000045cc458:   00000007879002b8 000000011fc84ad8
0x00007000045cc468:   0000000000000000 00007000045cc498
0x00007000045cc478:   00007000045cc4f0 000000011042942b
0x00007000045cc488:   00000007879002b8 000000011042af78
0x00007000045cc498:   0000000787909728 0000000787a52500
0x00007000045cc4a8:   00007000045cc4a8 000000011fc849d7
0x00007000045cc4b8:   00007000045cc520 000000011fc85048
0x00007000045cc4c8:   0000000000000000 00000007879002b8
0x00007000045cc4d8:   000000011fc84a48 00007000045cc498
0x00007000045cc4e8:   00007000045cc510 00007000045cc580
0x00007000045cc4f8:   000000011042988f 0000000000000000
0x00007000045cc508:   0000000787a52500 0000000787909728
0x00007000045cc518:   0000000787a52440 00000007879003e0
0x00007000045cc528:   0000000000000001 00000007879003f0
0x00007000045cc538:   00007000045cc528 000000011fc82356
0x00007000045cc548:   00007000045cc590 000000011fc831f0 

Instructions: (pc=0x00007ff81ed85c4f)
0x00007ff81ed85b4f:   4a 18 48 8b 0d f0 45 92 41 48 89 4a 20 b9 05 00
0x00007ff81ed85b5f:   00 00 48 89 df 48 89 c6 e8 3d a7 01 00 84 c0 75
0x00007ff81ed85b6f:   23 66 f0 41 81 4e 1c 00 80 48 8b 05 f9 e1 e6 3f
0x00007ff81ed85b7f:   48 8b 00 48 3b 45 e0 75 2c 48 83 c4 48 5b 41 5e
0x00007ff81ed85b8f:   41 5f 5d c3 31 c0 80 3d 10 58 92 41 00 74 da 0f
0x00007ff81ed85b9f:   b6 d0 4c 89 f7 be 02 00 00 00 e8 b8 e9 01 00 eb
0x00007ff81ed85baf:   c8 b0 01 eb e1 e8 9b f4 01 00 90 90 90 90 90 90
0x00007ff81ed85bbf:   e9 0c 00 00 00 90 90 90 90 90 90 90 90 90 90 90
0x00007ff81ed85bcf:   90 40 f6 c7 01 75 4e 48 8b 07 a8 01 74 34 48 b9
0x00007ff81ed85bdf:   00 00 00 00 00 00 00 01 48 89 c2 48 c1 ea 37 74
0x00007ff81ed85bef:   34 48 89 c2 48 01 ca 72 12 f0 48 0f b1 17 74 25
0x00007ff81ed85bff:   a8 01 75 e4 31 f6 e9 7c d7 01 00 31 f6 e9 eb 86
0x00007ff81ed85c0f:   00 00 48 b9 f8 ff ff ff ff 7f 00 00 48 21 c8 f6
0x00007ff81ed85c1f:   40 1c 01 74 df 48 89 f8 c3 90 90 90 90 90 90 90
0x00007ff81ed85c2f:   90 48 85 ff 74 76 89 f8 83 e0 01 48 85 c0 75 6c
0x00007ff81ed85c3f:   48 8b 07 48 b9 f8 ff ff ff ff 7f 00 00 48 21 c1
0x00007ff81ed85c4f:   48 8b 51 20 f6 c2 04 74 54 a8 01 74 6f 48 b9 00
0x00007ff81ed85c5f:   00 00 00 00 00 80 00 48 ba 00 00 00 00 00 00 00
0x00007ff81ed85c6f:   01 48 39 c8 72 36 48 89 c6 48 29 d6 72 17 f0 48
0x00007ff81ed85c7f:   0f b1 37 74 22 a8 01 75 e8 31 f6 ba 01 00 00 00
0x00007ff81ed85c8f:   e9 82 d3 01 00 48 85 c8 75 3a 48 8b 35 18 45 92
0x00007ff81ed85c9f:   41 ff 25 f2 e2 e6 3f 48 39 ce 72 ee c3 f6 c2 02
0x00007ff81ed85caf:   74 0d 66 83 79 1c 00 79 06 f6 41 28 02 75 1f 48
0x00007ff81ed85cbf:   8b 35 13 44 92 41 ff 25 cd e2 e6 3f f6 41 1c 01
0x00007ff81ed85ccf:   74 b7 eb d8 be 01 00 00 00 e9 05 a8 00 00 48 8b
0x00007ff81ed85cdf:   05 d4 fa 8d 41 ff e0 e9 04 00 00 00 90 90 90 90
0x00007ff81ed85cef:   55 48 89 e5 53 50 48 89 fb f6 c3 01 75 21 48 b8
0x00007ff81ed85cff:   07 00 00 00 00 00 a0 00 48 23 03 48 83 f8 01 75
0x00007ff81ed85d0f:   15 48 89 df 48 83 c4 08 5b 5d e9 08 f4 01 00 48
0x00007ff81ed85d1f:   83 c4 08 5b 5d c3 48 89 df e8 0e 00 00 00 eb e1
0x00007ff81ed85d2f:   90 90 90 90 90 90 90 90 90 90 90 90 55 48 89 e5
0x00007ff81ed85d3f:   41 56 53 48 89 fb 48 85 ff 74 78 4c 8b 33 41 f6 


Stack slot to memory mapping:
stack at sp + 0 slots: 0x00007ff81ed8a19f: _ZN19AutoreleasePoolPage12releaseUntilEPP11objc_object+0xa7 in /usr/lib/libobjc.A.dylib at 0x00007ff81ed7d000
stack at sp + 1 slots: 0xb2476dde2aa70000 is an unknown value
stack at sp + 2 slots: 0x00007f9c4b00d000 points into unknown readable memory: 0x4f545541a1a1a1a1 | a1 a1 a1 a1 41 55 54 4f
stack at sp + 3 slots: 0x0 is NULL
stack at sp + 4 slots: 0x000000011fc84ad0 is pointing into metadata
stack at sp + 5 slots: 0x00007ff83970778a: <offset 0x1a98a78a> in /usr/lib/libobjc.A.dylib at 0x00007ff81ed7d000
stack at sp + 6 slots: 0x0000600002a79f20 points into unknown readable memory: 0x011dfff860514ac9 | c9 4a 51 60 f8 ff 1d 01
stack at sp + 7 slots: 0x00007000045cc3b0 is pointing into the stack for thread: 0x00007f9c4c808e00


---------------  P R O C E S S  ---------------

Threads class SMR info:
_java_thread_list=0x00006000024201a0, length=17, elements={
0x00007f9c4c808e00, 0x00007f9c4a836c00, 0x00007f9c4c88b400, 0x00007f9c4a837200,
0x00007f9c4a839a00, 0x00007f9c4a83a000, 0x00007f9c4a83a600, 0x00007f9c4c893200,
0x00007f9c4c890600, 0x00007f9c4a837800, 0x00007f9c4c009400, 0x00007f9c4c009a00,
0x00007f9c4a85dc00, 0x00007f9c4a86b000, 0x00007f9c4b0d6c00, 0x00007f9c4c95ca00,
0x00007f9c4a91b000
}

Java Threads: ( => current thread )
=>0x00007f9c4c808e00 JavaThread "main" [_thread_in_native, id=6147, stack(0x00007000044cd000,0x00007000045cd000)]
  0x00007f9c4a836c00 JavaThread "Reference Handler" daemon [_thread_blocked, id=16131, stack(0x0000700004be2000,0x0000700004ce2000)]
  0x00007f9c4c88b400 JavaThread "Finalizer" daemon [_thread_blocked, id=15619, stack(0x0000700004ce5000,0x0000700004de5000)]
  0x00007f9c4a837200 JavaThread "Signal Dispatcher" daemon [_thread_blocked, id=23043, stack(0x0000700004eee000,0x0000700004fee000)]
  0x00007f9c4a839a00 JavaThread "Service Thread" daemon [_thread_blocked, id=42243, stack(0x0000700004ff1000,0x00007000050f1000)]
  0x00007f9c4a83a000 JavaThread "Monitor Deflation Thread" daemon [_thread_blocked, id=23555, stack(0x00007000050f4000,0x00007000051f4000)]
  0x00007f9c4a83a600 JavaThread "C2 CompilerThread0" daemon [_thread_blocked, id=41987, stack(0x00007000051f7000,0x00007000052f7000)]
  0x00007f9c4c893200 JavaThread "C1 CompilerThread0" daemon [_thread_blocked, id=24323, stack(0x00007000052fa000,0x00007000053fa000)]
  0x00007f9c4c890600 JavaThread "Sweeper thread" daemon [_thread_blocked, id=41731, stack(0x00007000053fd000,0x00007000054fd000)]
  0x00007f9c4a837800 JavaThread "Common-Cleaner" daemon [_thread_blocked, id=41219, stack(0x0000700005500000,0x0000700005600000)]
  0x00007f9c4c009400 JavaThread "Monitor Ctrl-Break" daemon [_thread_in_native, id=24835, stack(0x0000700005603000,0x0000700005703000)]
  0x00007f9c4c009a00 JavaThread "Notification Thread" daemon [_thread_blocked, id=40451, stack(0x0000700005706000,0x0000700005806000)]
  0x00007f9c4a85dc00 JavaThread "AppKit Thread" daemon [_thread_in_native, id=259, stack(0x00007ff7bf381000,0x00007ff7bfb81000)]
  0x00007f9c4a86b000 JavaThread "AWT-Shutdown" [_thread_blocked, id=31771, stack(0x000070000598f000,0x0000700005a8f000)]
  0x00007f9c4b0d6c00 JavaThread "Java2D Disposer" daemon [_thread_blocked, id=75795, stack(0x0000700005b98000,0x0000700005c98000)]
  0x00007f9c4c95ca00 JavaThread "Java2D Queue Flusher" daemon [_thread_blocked, id=51739, stack(0x0000700005c9b000,0x0000700005d9b000)]
  0x00007f9c4a91b000 JavaThread "Attach Listener" daemon [_thread_blocked, id=54283, stack(0x0000700005e21000,0x0000700005f21000)]

Other Threads:
  0x00007f9c4bb098a0 VMThread "VM Thread" [stack: 0x0000700004adf000,0x0000700004bdf000] [id=16899]
  0x00007f9c4a705990 WatcherThread [stack: 0x0000700005809000,0x0000700005909000] [id=40195]
  0x00007f9c4bb06750 GCTaskThread "GC Thread#0" [stack: 0x00007000045d0000,0x00007000046d0000] [id=12803]
  0x00007f9c4bb06df0 ConcurrentGCThread "G1 Main Marker" [stack: 0x00007000046d3000,0x00007000047d3000] [id=19971]
  0x00007f9c4bb07670 ConcurrentGCThread "G1 Conc#0" [stack: 0x00007000047d6000,0x00007000048d6000] [id=13315]
  0x00007f9c4bb08ed0 ConcurrentGCThread "G1 Refine#0" [stack: 0x00007000048d9000,0x00007000049d9000] [id=18691]
  0x00007f9c4b904eb0 ConcurrentGCThread "G1 Service" [stack: 0x00007000049dc000,0x0000700004adc000] [id=13571]

Threads with active compile tasks:

VM state: not at safepoint (normal execution)

VM Mutex/Monitor currently owned by a thread: None

Heap address: 0x0000000780000000, size: 2048 MB, Compressed Oops mode: Zero based, Oop shift amount: 3

CDS archive(s) mapped at: [0x0000000800000000-0x0000000800bcd000-0x0000000800bcd000), size 12374016, SharedBaseAddress: 0x0000000800000000, ArchiveRelocationMode: 0.
Compressed class space mapped at: 0x0000000800c00000-0x0000000840c00000, reserved size: 1073741824
Narrow klass base: 0x0000000800000000, Narrow klass shift: 0, Narrow klass range: 0x100000000

GC Precious Log:
 CPUs: 4 total, 4 available
 Memory: 8192M
 Large Page Support: Disabled
 NUMA Support: Disabled
 Compressed Oops: Enabled (Zero based)
 Heap Region Size: 1M
 Heap Min Capacity: 8M
 Heap Initial Capacity: 128M
 Heap Max Capacity: 2G
 Pre-touch: Disabled
 Parallel Workers: 4
 Concurrent Workers: 1
 Concurrent Refinement Workers: 4
 Periodic GC: Disabled

Heap:
 garbage-first heap   total 133120K, used 7120K [0x0000000780000000, 0x0000000800000000)
  region size 1024K, 7 young (7168K), 0 survivors (0K)
 Metaspace       used 5594K, committed 5760K, reserved 1056768K
  class space    used 561K, committed 640K, reserved 1048576K

Heap Regions: E=young(eden), S=young(survivor), O=old, HS=humongous(starts), HC=humongous(continues), CS=collection set, F=free, OA=open archive, CA=closed archive, TAMS=top-at-mark-start (previous, next)
|   0|0x0000000780000000, 0x0000000780000000, 0x0000000780100000|  0%| F|  |TAMS 0x0000000780000000, 0x0000000780000000| Untracked 
|   1|0x0000000780100000, 0x0000000780100000, 0x0000000780200000|  0%| F|  |TAMS 0x0000000780100000, 0x0000000780100000| Untracked 
|   2|0x0000000780200000, 0x0000000780200000, 0x0000000780300000|  0%| F|  |TAMS 0x0000000780200000, 0x0000000780200000| Untracked 
|   3|0x0000000780300000, 0x0000000780300000, 0x0000000780400000|  0%| F|  |TAMS 0x0000000780300000, 0x0000000780300000| Untracked 
|   4|0x0000000780400000, 0x0000000780400000, 0x0000000780500000|  0%| F|  |TAMS 0x0000000780400000, 0x0000000780400000| Untracked 
|   5|0x0000000780500000, 0x0000000780500000, 0x0000000780600000|  0%| F|  |TAMS 0x0000000780500000, 0x0000000780500000| Untracked 
|   6|0x0000000780600000, 0x0000000780600000, 0x0000000780700000|  0%| F|  |TAMS 0x0000000780600000, 0x0000000780600000| Untracked 
|   7|0x0000000780700000, 0x0000000780700000, 0x0000000780800000|  0%| F|  |TAMS 0x0000000780700000, 0x0000000780700000| Untracked 
|   8|0x0000000780800000, 0x0000000780800000, 0x0000000780900000|  0%| F|  |TAMS 0x0000000780800000, 0x0000000780800000| Untracked 
|   9|0x0000000780900000, 0x0000000780900000, 0x0000000780a00000|  0%| F|  |TAMS 0x0000000780900000, 0x0000000780900000| Untracked 
|  10|0x0000000780a00000, 0x0000000780a00000, 0x0000000780b00000|  0%| F|  |TAMS 0x0000000780a00000, 0x0000000780a00000| Untracked 
|  11|0x0000000780b00000, 0x0000000780b00000, 0x0000000780c00000|  0%| F|  |TAMS 0x0000000780b00000, 0x0000000780b00000| Untracked 
|  12|0x0000000780c00000, 0x0000000780c00000, 0x0000000780d00000|  0%| F|  |TAMS 0x0000000780c00000, 0x0000000780c00000| Untracked 
|  13|0x0000000780d00000, 0x0000000780d00000, 0x0000000780e00000|  0%| F|  |TAMS 0x0000000780d00000, 0x0000000780d00000| Untracked 
|  14|0x0000000780e00000, 0x0000000780e00000, 0x0000000780f00000|  0%| F|  |TAMS 0x0000000780e00000, 0x0000000780e00000| Untracked 
|  15|0x0000000780f00000, 0x0000000780f00000, 0x0000000781000000|  0%| F|  |TAMS 0x0000000780f00000, 0x0000000780f00000| Untracked 
|  16|0x0000000781000000, 0x0000000781000000, 0x0000000781100000|  0%| F|  |TAMS 0x0000000781000000, 0x0000000781000000| Untracked 
|  17|0x0000000781100000, 0x0000000781100000, 0x0000000781200000|  0%| F|  |TAMS 0x0000000781100000, 0x0000000781100000| Untracked 
|  18|0x0000000781200000, 0x0000000781200000, 0x0000000781300000|  0%| F|  |TAMS 0x0000000781200000, 0x0000000781200000| Untracked 
|  19|0x0000000781300000, 0x0000000781300000, 0x0000000781400000|  0%| F|  |TAMS 0x0000000781300000, 0x0000000781300000| Untracked 
|  20|0x0000000781400000, 0x0000000781400000, 0x0000000781500000|  0%| F|  |TAMS 0x0000000781400000, 0x0000000781400000| Untracked 
|  21|0x0000000781500000, 0x0000000781500000, 0x0000000781600000|  0%| F|  |TAMS 0x0000000781500000, 0x0000000781500000| Untracked 
|  22|0x0000000781600000, 0x0000000781600000, 0x0000000781700000|  0%| F|  |TAMS 0x0000000781600000, 0x0000000781600000| Untracked 
|  23|0x0000000781700000, 0x0000000781700000, 0x0000000781800000|  0%| F|  |TAMS 0x0000000781700000, 0x0000000781700000| Untracked 
|  24|0x0000000781800000, 0x0000000781800000, 0x0000000781900000|  0%| F|  |TAMS 0x0000000781800000, 0x0000000781800000| Untracked 
|  25|0x0000000781900000, 0x0000000781900000, 0x0000000781a00000|  0%| F|  |TAMS 0x0000000781900000, 0x0000000781900000| Untracked 
|  26|0x0000000781a00000, 0x0000000781a00000, 0x0000000781b00000|  0%| F|  |TAMS 0x0000000781a00000, 0x0000000781a00000| Untracked 
|  27|0x0000000781b00000, 0x0000000781b00000, 0x0000000781c00000|  0%| F|  |TAMS 0x0000000781b00000, 0x0000000781b00000| Untracked 
|  28|0x0000000781c00000, 0x0000000781c00000, 0x0000000781d00000|  0%| F|  |TAMS 0x0000000781c00000, 0x0000000781c00000| Untracked 
|  29|0x0000000781d00000, 0x0000000781d00000, 0x0000000781e00000|  0%| F|  |TAMS 0x0000000781d00000, 0x0000000781d00000| Untracked 
|  30|0x0000000781e00000, 0x0000000781e00000, 0x0000000781f00000|  0%| F|  |TAMS 0x0000000781e00000, 0x0000000781e00000| Untracked 
|  31|0x0000000781f00000, 0x0000000781f00000, 0x0000000782000000|  0%| F|  |TAMS 0x0000000781f00000, 0x0000000781f00000| Untracked 
|  32|0x0000000782000000, 0x0000000782000000, 0x0000000782100000|  0%| F|  |TAMS 0x0000000782000000, 0x0000000782000000| Untracked 
|  33|0x0000000782100000, 0x0000000782100000, 0x0000000782200000|  0%| F|  |TAMS 0x0000000782100000, 0x0000000782100000| Untracked 
|  34|0x0000000782200000, 0x0000000782200000, 0x0000000782300000|  0%| F|  |TAMS 0x0000000782200000, 0x0000000782200000| Untracked 
|  35|0x0000000782300000, 0x0000000782300000, 0x0000000782400000|  0%| F|  |TAMS 0x0000000782300000, 0x0000000782300000| Untracked 
|  36|0x0000000782400000, 0x0000000782400000, 0x0000000782500000|  0%| F|  |TAMS 0x0000000782400000, 0x0000000782400000| Untracked 
|  37|0x0000000782500000, 0x0000000782500000, 0x0000000782600000|  0%| F|  |TAMS 0x0000000782500000, 0x0000000782500000| Untracked 
|  38|0x0000000782600000, 0x0000000782600000, 0x0000000782700000|  0%| F|  |TAMS 0x0000000782600000, 0x0000000782600000| Untracked 
|  39|0x0000000782700000, 0x0000000782700000, 0x0000000782800000|  0%| F|  |TAMS 0x0000000782700000, 0x0000000782700000| Untracked 
|  40|0x0000000782800000, 0x0000000782800000, 0x0000000782900000|  0%| F|  |TAMS 0x0000000782800000, 0x0000000782800000| Untracked 
|  41|0x0000000782900000, 0x0000000782900000, 0x0000000782a00000|  0%| F|  |TAMS 0x0000000782900000, 0x0000000782900000| Untracked 
|  42|0x0000000782a00000, 0x0000000782a00000, 0x0000000782b00000|  0%| F|  |TAMS 0x0000000782a00000, 0x0000000782a00000| Untracked 
|  43|0x0000000782b00000, 0x0000000782b00000, 0x0000000782c00000|  0%| F|  |TAMS 0x0000000782b00000, 0x0000000782b00000| Untracked 
|  44|0x0000000782c00000, 0x0000000782c00000, 0x0000000782d00000|  0%| F|  |TAMS 0x0000000782c00000, 0x0000000782c00000| Untracked 
|  45|0x0000000782d00000, 0x0000000782d00000, 0x0000000782e00000|  0%| F|  |TAMS 0x0000000782d00000, 0x0000000782d00000| Untracked 
|  46|0x0000000782e00000, 0x0000000782e00000, 0x0000000782f00000|  0%| F|  |TAMS 0x0000000782e00000, 0x0000000782e00000| Untracked 
|  47|0x0000000782f00000, 0x0000000782f00000, 0x0000000783000000|  0%| F|  |TAMS 0x0000000782f00000, 0x0000000782f00000| Untracked 
|  48|0x0000000783000000, 0x0000000783000000, 0x0000000783100000|  0%| F|  |TAMS 0x0000000783000000, 0x0000000783000000| Untracked 
|  49|0x0000000783100000, 0x0000000783100000, 0x0000000783200000|  0%| F|  |TAMS 0x0000000783100000, 0x0000000783100000| Untracked 
|  50|0x0000000783200000, 0x0000000783200000, 0x0000000783300000|  0%| F|  |TAMS 0x0000000783200000, 0x0000000783200000| Untracked 
|  51|0x0000000783300000, 0x0000000783300000, 0x0000000783400000|  0%| F|  |TAMS 0x0000000783300000, 0x0000000783300000| Untracked 
|  52|0x0000000783400000, 0x0000000783400000, 0x0000000783500000|  0%| F|  |TAMS 0x0000000783400000, 0x0000000783400000| Untracked 
|  53|0x0000000783500000, 0x0000000783500000, 0x0000000783600000|  0%| F|  |TAMS 0x0000000783500000, 0x0000000783500000| Untracked 
|  54|0x0000000783600000, 0x0000000783600000, 0x0000000783700000|  0%| F|  |TAMS 0x0000000783600000, 0x0000000783600000| Untracked 
|  55|0x0000000783700000, 0x0000000783700000, 0x0000000783800000|  0%| F|  |TAMS 0x0000000783700000, 0x0000000783700000| Untracked 
|  56|0x0000000783800000, 0x0000000783800000, 0x0000000783900000|  0%| F|  |TAMS 0x0000000783800000, 0x0000000783800000| Untracked 
|  57|0x0000000783900000, 0x0000000783900000, 0x0000000783a00000|  0%| F|  |TAMS 0x0000000783900000, 0x0000000783900000| Untracked 
|  58|0x0000000783a00000, 0x0000000783a00000, 0x0000000783b00000|  0%| F|  |TAMS 0x0000000783a00000, 0x0000000783a00000| Untracked 
|  59|0x0000000783b00000, 0x0000000783b00000, 0x0000000783c00000|  0%| F|  |TAMS 0x0000000783b00000, 0x0000000783b00000| Untracked 
|  60|0x0000000783c00000, 0x0000000783c00000, 0x0000000783d00000|  0%| F|  |TAMS 0x0000000783c00000, 0x0000000783c00000| Untracked 
|  61|0x0000000783d00000, 0x0000000783d00000, 0x0000000783e00000|  0%| F|  |TAMS 0x0000000783d00000, 0x0000000783d00000| Untracked 
|  62|0x0000000783e00000, 0x0000000783e00000, 0x0000000783f00000|  0%| F|  |TAMS 0x0000000783e00000, 0x0000000783e00000| Untracked 
|  63|0x0000000783f00000, 0x0000000783f00000, 0x0000000784000000|  0%| F|  |TAMS 0x0000000783f00000, 0x0000000783f00000| Untracked 
|  64|0x0000000784000000, 0x0000000784000000, 0x0000000784100000|  0%| F|  |TAMS 0x0000000784000000, 0x0000000784000000| Untracked 
|  65|0x0000000784100000, 0x0000000784100000, 0x0000000784200000|  0%| F|  |TAMS 0x0000000784100000, 0x0000000784100000| Untracked 
|  66|0x0000000784200000, 0x0000000784200000, 0x0000000784300000|  0%| F|  |TAMS 0x0000000784200000, 0x0000000784200000| Untracked 
|  67|0x0000000784300000, 0x0000000784300000, 0x0000000784400000|  0%| F|  |TAMS 0x0000000784300000, 0x0000000784300000| Untracked 
|  68|0x0000000784400000, 0x0000000784400000, 0x0000000784500000|  0%| F|  |TAMS 0x0000000784400000, 0x0000000784400000| Untracked 
|  69|0x0000000784500000, 0x0000000784500000, 0x0000000784600000|  0%| F|  |TAMS 0x0000000784500000, 0x0000000784500000| Untracked 
|  70|0x0000000784600000, 0x0000000784600000, 0x0000000784700000|  0%| F|  |TAMS 0x0000000784600000, 0x0000000784600000| Untracked 
|  71|0x0000000784700000, 0x0000000784700000, 0x0000000784800000|  0%| F|  |TAMS 0x0000000784700000, 0x0000000784700000| Untracked 
|  72|0x0000000784800000, 0x0000000784800000, 0x0000000784900000|  0%| F|  |TAMS 0x0000000784800000, 0x0000000784800000| Untracked 
|  73|0x0000000784900000, 0x0000000784900000, 0x0000000784a00000|  0%| F|  |TAMS 0x0000000784900000, 0x0000000784900000| Untracked 
|  74|0x0000000784a00000, 0x0000000784a00000, 0x0000000784b00000|  0%| F|  |TAMS 0x0000000784a00000, 0x0000000784a00000| Untracked 
|  75|0x0000000784b00000, 0x0000000784b00000, 0x0000000784c00000|  0%| F|  |TAMS 0x0000000784b00000, 0x0000000784b00000| Untracked 
|  76|0x0000000784c00000, 0x0000000784c00000, 0x0000000784d00000|  0%| F|  |TAMS 0x0000000784c00000, 0x0000000784c00000| Untracked 
|  77|0x0000000784d00000, 0x0000000784d00000, 0x0000000784e00000|  0%| F|  |TAMS 0x0000000784d00000, 0x0000000784d00000| Untracked 
|  78|0x0000000784e00000, 0x0000000784e00000, 0x0000000784f00000|  0%| F|  |TAMS 0x0000000784e00000, 0x0000000784e00000| Untracked 
|  79|0x0000000784f00000, 0x0000000784f00000, 0x0000000785000000|  0%| F|  |TAMS 0x0000000784f00000, 0x0000000784f00000| Untracked 
|  80|0x0000000785000000, 0x0000000785000000, 0x0000000785100000|  0%| F|  |TAMS 0x0000000785000000, 0x0000000785000000| Untracked 
|  81|0x0000000785100000, 0x0000000785100000, 0x0000000785200000|  0%| F|  |TAMS 0x0000000785100000, 0x0000000785100000| Untracked 
|  82|0x0000000785200000, 0x0000000785200000, 0x0000000785300000|  0%| F|  |TAMS 0x0000000785200000, 0x0000000785200000| Untracked 
|  83|0x0000000785300000, 0x0000000785300000, 0x0000000785400000|  0%| F|  |TAMS 0x0000000785300000, 0x0000000785300000| Untracked 
|  84|0x0000000785400000, 0x0000000785400000, 0x0000000785500000|  0%| F|  |TAMS 0x0000000785400000, 0x0000000785400000| Untracked 
|  85|0x0000000785500000, 0x0000000785500000, 0x0000000785600000|  0%| F|  |TAMS 0x0000000785500000, 0x0000000785500000| Untracked 
|  86|0x0000000785600000, 0x0000000785600000, 0x0000000785700000|  0%| F|  |TAMS 0x0000000785600000, 0x0000000785600000| Untracked 
|  87|0x0000000785700000, 0x0000000785700000, 0x0000000785800000|  0%| F|  |TAMS 0x0000000785700000, 0x0000000785700000| Untracked 
|  88|0x0000000785800000, 0x0000000785800000, 0x0000000785900000|  0%| F|  |TAMS 0x0000000785800000, 0x0000000785800000| Untracked 
|  89|0x0000000785900000, 0x0000000785900000, 0x0000000785a00000|  0%| F|  |TAMS 0x0000000785900000, 0x0000000785900000| Untracked 
|  90|0x0000000785a00000, 0x0000000785a00000, 0x0000000785b00000|  0%| F|  |TAMS 0x0000000785a00000, 0x0000000785a00000| Untracked 
|  91|0x0000000785b00000, 0x0000000785b00000, 0x0000000785c00000|  0%| F|  |TAMS 0x0000000785b00000, 0x0000000785b00000| Untracked 
|  92|0x0000000785c00000, 0x0000000785c00000, 0x0000000785d00000|  0%| F|  |TAMS 0x0000000785c00000, 0x0000000785c00000| Untracked 
|  93|0x0000000785d00000, 0x0000000785d00000, 0x0000000785e00000|  0%| F|  |TAMS 0x0000000785d00000, 0x0000000785d00000| Untracked 
|  94|0x0000000785e00000, 0x0000000785e00000, 0x0000000785f00000|  0%| F|  |TAMS 0x0000000785e00000, 0x0000000785e00000| Untracked 
|  95|0x0000000785f00000, 0x0000000785f00000, 0x0000000786000000|  0%| F|  |TAMS 0x0000000785f00000, 0x0000000785f00000| Untracked 
|  96|0x0000000786000000, 0x0000000786000000, 0x0000000786100000|  0%| F|  |TAMS 0x0000000786000000, 0x0000000786000000| Untracked 
|  97|0x0000000786100000, 0x0000000786100000, 0x0000000786200000|  0%| F|  |TAMS 0x0000000786100000, 0x0000000786100000| Untracked 
|  98|0x0000000786200000, 0x0000000786200000, 0x0000000786300000|  0%| F|  |TAMS 0x0000000786200000, 0x0000000786200000| Untracked 
|  99|0x0000000786300000, 0x0000000786300000, 0x0000000786400000|  0%| F|  |TAMS 0x0000000786300000, 0x0000000786300000| Untracked 
| 100|0x0000000786400000, 0x0000000786400000, 0x0000000786500000|  0%| F|  |TAMS 0x0000000786400000, 0x0000000786400000| Untracked 
| 101|0x0000000786500000, 0x0000000786500000, 0x0000000786600000|  0%| F|  |TAMS 0x0000000786500000, 0x0000000786500000| Untracked 
| 102|0x0000000786600000, 0x0000000786600000, 0x0000000786700000|  0%| F|  |TAMS 0x0000000786600000, 0x0000000786600000| Untracked 
| 103|0x0000000786700000, 0x0000000786700000, 0x0000000786800000|  0%| F|  |TAMS 0x0000000786700000, 0x0000000786700000| Untracked 
| 104|0x0000000786800000, 0x0000000786800000, 0x0000000786900000|  0%| F|  |TAMS 0x0000000786800000, 0x0000000786800000| Untracked 
| 105|0x0000000786900000, 0x0000000786900000, 0x0000000786a00000|  0%| F|  |TAMS 0x0000000786900000, 0x0000000786900000| Untracked 
| 106|0x0000000786a00000, 0x0000000786a00000, 0x0000000786b00000|  0%| F|  |TAMS 0x0000000786a00000, 0x0000000786a00000| Untracked 
| 107|0x0000000786b00000, 0x0000000786b00000, 0x0000000786c00000|  0%| F|  |TAMS 0x0000000786b00000, 0x0000000786b00000| Untracked 
| 108|0x0000000786c00000, 0x0000000786c00000, 0x0000000786d00000|  0%| F|  |TAMS 0x0000000786c00000, 0x0000000786c00000| Untracked 
| 109|0x0000000786d00000, 0x0000000786d00000, 0x0000000786e00000|  0%| F|  |TAMS 0x0000000786d00000, 0x0000000786d00000| Untracked 
| 110|0x0000000786e00000, 0x0000000786e00000, 0x0000000786f00000|  0%| F|  |TAMS 0x0000000786e00000, 0x0000000786e00000| Untracked 
| 111|0x0000000786f00000, 0x0000000786f00000, 0x0000000787000000|  0%| F|  |TAMS 0x0000000786f00000, 0x0000000786f00000| Untracked 
| 112|0x0000000787000000, 0x0000000787000000, 0x0000000787100000|  0%| F|  |TAMS 0x0000000787000000, 0x0000000787000000| Untracked 
| 113|0x0000000787100000, 0x0000000787100000, 0x0000000787200000|  0%| F|  |TAMS 0x0000000787100000, 0x0000000787100000| Untracked 
| 114|0x0000000787200000, 0x0000000787200000, 0x0000000787300000|  0%| F|  |TAMS 0x0000000787200000, 0x0000000787200000| Untracked 
| 115|0x0000000787300000, 0x0000000787300000, 0x0000000787400000|  0%| F|  |TAMS 0x0000000787300000, 0x0000000787300000| Untracked 
| 116|0x0000000787400000, 0x0000000787400000, 0x0000000787500000|  0%| F|  |TAMS 0x0000000787400000, 0x0000000787400000| Untracked 
| 117|0x0000000787500000, 0x0000000787500000, 0x0000000787600000|  0%| F|  |TAMS 0x0000000787500000, 0x0000000787500000| Untracked 
| 118|0x0000000787600000, 0x0000000787600000, 0x0000000787700000|  0%| F|  |TAMS 0x0000000787600000, 0x0000000787600000| Untracked 
| 119|0x0000000787700000, 0x0000000787700000, 0x0000000787800000|  0%| F|  |TAMS 0x0000000787700000, 0x0000000787700000| Untracked 
| 120|0x0000000787800000, 0x0000000787800000, 0x0000000787900000|  0%| F|  |TAMS 0x0000000787800000, 0x0000000787800000| Untracked 
| 121|0x0000000787900000, 0x0000000787943120, 0x0000000787a00000| 26%| E|  |TAMS 0x0000000787900000, 0x0000000787900000| Complete 
| 122|0x0000000787a00000, 0x0000000787b00000, 0x0000000787b00000|100%| E|CS|TAMS 0x0000000787a00000, 0x0000000787a00000| Complete 
| 123|0x0000000787b00000, 0x0000000787c00000, 0x0000000787c00000|100%| E|CS|TAMS 0x0000000787b00000, 0x0000000787b00000| Complete 
| 124|0x0000000787c00000, 0x0000000787d00000, 0x0000000787d00000|100%| E|CS|TAMS 0x0000000787c00000, 0x0000000787c00000| Complete 
| 125|0x0000000787d00000, 0x0000000787e00000, 0x0000000787e00000|100%| E|CS|TAMS 0x0000000787d00000, 0x0000000787d00000| Complete 
| 126|0x0000000787e00000, 0x0000000787f00000, 0x0000000787f00000|100%| E|CS|TAMS 0x0000000787e00000, 0x0000000787e00000| Complete 
| 127|0x0000000787f00000, 0x0000000788000000, 0x0000000788000000|100%| E|CS|TAMS 0x0000000787f00000, 0x0000000787f00000| Complete 
|2046|0x00000007ffe00000, 0x00000007ffe75000, 0x00000007fff00000| 45%|OA|  |TAMS 0x00000007ffe00000, 0x00000007ffe00000| Untracked 
|2047|0x00000007fff00000, 0x00000007fff7f000, 0x0000000800000000| 49%|CA|  |TAMS 0x00000007fff00000, 0x00000007fff00000| Untracked 

Card table byte_map: [0x0000000100b65000,0x0000000100f65000] _byte_map_base: 0x00000000fcf65000

Marking Bits (Prev, Next): (CMBitMap*) 0x00007f9c4c82ac10, (CMBitMap*) 0x00007f9c4c82ac50
 Prev Bits: [0x0000000102766000, 0x0000000104766000)
 Next Bits: [0x0000000104766000, 0x0000000106766000)

Polling page: 0x000000010049b000

Metaspace:

Usage:
  Non-class:      4.92 MB used.
      Class:    561.24 KB used.
       Both:      5.46 MB used.

Virtual space:
  Non-class space:        8.00 MB reserved,       5.00 MB ( 62%) committed,  1 nodes.
      Class space:        1.00 GB reserved,     640.00 KB ( <1%) committed,  1 nodes.
             Both:        1.01 GB reserved,       5.62 MB ( <1%) committed. 

Chunk freelists:
   Non-Class:  2.45 MB
       Class:  3.23 MB
        Both:  5.69 MB

MaxMetaspaceSize: unlimited
CompressedClassSpaceSize: 1.00 GB
Initial GC threshold: 21.00 MB
Current GC threshold: 21.00 MB
CDS: on
MetaspaceReclaimPolicy: balanced
 - commit_granule_bytes: 65536.
 - commit_granule_words: 8192.
 - virtual_space_node_default_size: 1048576.
 - enlarge_chunks_in_place: 1.
 - new_chunks_are_fully_committed: 0.
 - uncommit_free_chunks: 1.
 - use_allocation_guard: 0.
 - handle_deallocations: 1.


Internal statistics:

num_allocs_failed_limit: 0.
num_arena_births: 62.
num_arena_deaths: 0.
num_vsnodes_births: 2.
num_vsnodes_deaths: 0.
num_space_committed: 90.
num_space_uncommitted: 0.
num_chunks_returned_to_freelist: 0.
num_chunks_taken_from_freelist: 112.
num_chunk_merges: 0.
num_chunk_splits: 66.
num_chunks_enlarged: 33.
num_purges: 0.
num_inconsistent_stats: 0.

CodeHeap 'non-profiled nmethods': size=120032Kb used=191Kb max_used=191Kb free=119840Kb
 bounds [0x0000000117ee8000, 0x0000000118158000, 0x000000011f420000]
CodeHeap 'profiled nmethods': size=120028Kb used=854Kb max_used=854Kb free=119173Kb
 bounds [0x00000001109b1000, 0x0000000110c21000, 0x0000000117ee8000]
CodeHeap 'non-nmethods': size=5700Kb used=1224Kb max_used=1239Kb free=4475Kb
 bounds [0x0000000110420000, 0x0000000110690000, 0x00000001109b1000]
 total_blobs=1148 nmethods=607 adapters=455
 compilation: enabled
              stopped_count=0, restarted_count=0
 full_count=0

Compilation events (20 events):
Event: 1.257 Thread 0x00007f9c4c893200 nmethod 596 0x0000000110a81d10 code [0x0000000110a81ec0, 0x0000000110a82050]
Event: 1.257 Thread 0x00007f9c4c893200  598       3       sun.net.www.ParseUtil::firstEncodeIndex (86 bytes)
Event: 1.258 Thread 0x00007f9c4a83a600 nmethod 595 0x0000000117f16d10 code [0x0000000117f16ea0, 0x0000000117f16fb8]
Event: 1.258 Thread 0x00007f9c4a83a600  597       4       java.lang.String::<init> (15 bytes)
Event: 1.258 Thread 0x00007f9c4c893200 nmethod 598 0x0000000110a82110 code [0x0000000110a82360, 0x0000000110a82d20]
Event: 1.258 Thread 0x00007f9c4c893200  599       3       java.util.WeakHashMap::getTable (9 bytes)
Event: 1.258 Thread 0x00007f9c4c893200 nmethod 599 0x0000000110a83090 code [0x0000000110a83240, 0x0000000110a83380]
Event: 1.258 Thread 0x00007f9c4c893200  600   !   3       java.util.WeakHashMap::expungeStaleEntries (139 bytes)
Event: 1.259 Thread 0x00007f9c4c893200 nmethod 600 0x0000000110a83410 code [0x0000000110a83620, 0x0000000110a84060]
Event: 1.259 Thread 0x00007f9c4c893200  601       3       java.util.WeakHashMap::indexFor (6 bytes)
Event: 1.259 Thread 0x00007f9c4c893200 nmethod 601 0x0000000110a84510 code [0x0000000110a846a0, 0x0000000110a84790]
Event: 1.259 Thread 0x00007f9c4a83a600 nmethod 597 0x0000000117f17510 code [0x0000000117f17680, 0x0000000117f177f8]
Event: 1.259 Thread 0x00007f9c4c893200  603   !   3       java.util.zip.ZipFile$ZipFileInputStream::close (59 bytes)
Event: 1.260 Thread 0x00007f9c4c893200 nmethod 603 0x0000000110a84810 code [0x0000000110a849e0, 0x0000000110a84d60]
Event: 1.260 Thread 0x00007f9c4c893200  604       3       jdk.internal.ref.PhantomCleanable::<init> (49 bytes)
Event: 1.261 Thread 0x00007f9c4c893200 nmethod 604 0x0000000110a84f90 code [0x0000000110a851e0, 0x0000000110a85d30]
Event: 1.261 Thread 0x00007f9c4c893200  605   !   3       jdk.internal.ref.PhantomCleanable::insert (53 bytes)
Event: 1.261 Thread 0x00007f9c4c893200 nmethod 605 0x0000000110a86090 code [0x0000000110a86240, 0x0000000110a865d0]
Event: 1.263 Thread 0x00007f9c4c893200  606       3       jdk.internal.loader.NativeLibraries$NativeLibraryImpl::find (6 bytes)
Event: 1.263 Thread 0x00007f9c4c893200 nmethod 606 0x0000000110a86790 code [0x0000000110a86940, 0x0000000110a86a60]

GC Heap History (0 events):
No events

Deoptimization events (12 events):
Event: 0.177 Thread 0x00007f9c4c808e00 Uncommon trap: trap_request=0xfffffff4 fr.pc=0x0000000117ef4cd0 relative=0x00000000000001b0
Event: 0.177 Thread 0x00007f9c4c808e00 Uncommon trap: reason=null_check action=make_not_entrant pc=0x0000000117ef4cd0 method=java.lang.String.equals(Ljava/lang/Object;)Z @ 8 c2
Event: 0.177 Thread 0x00007f9c4c808e00 DEOPT PACKING pc=0x0000000117ef4cd0 sp=0x00007000045cb670
Event: 0.177 Thread 0x00007f9c4c808e00 DEOPT UNPACKING pc=0x0000000110472099 sp=0x00007000045cb638 mode 2
Event: 0.955 Thread 0x00007f9c4c808e00 Uncommon trap: trap_request=0xffffff45 fr.pc=0x0000000117f0e620 relative=0x0000000000001180
Event: 0.955 Thread 0x00007f9c4c808e00 Uncommon trap: reason=unstable_if action=reinterpret pc=0x0000000117f0e620 method=java.util.HashMap.putVal(ILjava/lang/Object;Ljava/lang/Object;ZZ)Ljava/lang/Object; @ 181 c2
Event: 0.955 Thread 0x00007f9c4c808e00 DEOPT PACKING pc=0x0000000117f0e620 sp=0x00007000045cbc50
Event: 0.955 Thread 0x00007f9c4c808e00 DEOPT UNPACKING pc=0x0000000110472099 sp=0x00007000045cbba8 mode 2
Event: 0.955 Thread 0x00007f9c4c808e00 Uncommon trap: trap_request=0xffffff45 fr.pc=0x0000000117ef4370 relative=0x0000000000000870
Event: 0.955 Thread 0x00007f9c4c808e00 Uncommon trap: reason=unstable_if action=reinterpret pc=0x0000000117ef4370 method=java.util.HashMap.putVal(ILjava/lang/Object;Ljava/lang/Object;ZZ)Ljava/lang/Object; @ 181 c2
Event: 0.955 Thread 0x00007f9c4c808e00 DEOPT PACKING pc=0x0000000117ef4370 sp=0x00007000045cbbf0
Event: 0.955 Thread 0x00007f9c4c808e00 DEOPT UNPACKING pc=0x0000000110472099 sp=0x00007000045cbbb0 mode 2

Classes unloaded (0 events):
No events

Classes redefined (0 events):
No events

Internal exceptions (8 events):
Event: 0.177 Thread 0x00007f9c4c808e00 Implicit null exception at 0x0000000117ef4b55 to 0x0000000117ef4cc0
Event: 0.213 Thread 0x00007f9c4c009400 Exception <a 'java/lang/NoSuchMethodError'{0x0000000787ecd0b8}: 'java.lang.Object java.lang.invoke.DirectMethodHandle$Holder.invokeStaticInit(java.lang.Object)'> (0x0000000787ecd0b8) 
thrown [src/hotspot/share/interpreter/linkResolver.cpp, line 766]
Event: 0.225 Thread 0x00007f9c4c009400 Exception <a 'java/lang/NoSuchMethodError'{0x0000000787edb7a0}: 'void java.lang.invoke.DirectMethodHandle$Holder.invokeStatic(java.lang.Object, java.lang.Object)'> (0x0000000787edb7a0) 
thrown [src/hotspot/share/interpreter/linkResolver.cpp, line 766]
Event: 0.261 Thread 0x00007f9c4c808e00 Exception <a 'java/lang/ClassNotFoundException'{0x0000000787da2410}: sun/awt/resources/spi/awtProvider> (0x0000000787da2410) 
thrown [src/hotspot/share/classfile/systemDictionary.cpp, line 256]
Event: 0.350 Thread 0x00007f9c4c808e00 Exception <a 'java/io/FileNotFoundException'{0x0000000787df3c88}> (0x0000000787df3c88) 
thrown [src/hotspot/share/prims/jni.cpp, line 516]
Event: 0.360 Thread 0x00007f9c4c808e00 Exception <a 'java/io/FileNotFoundException'{0x0000000787c210d8}> (0x0000000787c210d8) 
thrown [src/hotspot/share/prims/jni.cpp, line 516]
Event: 0.365 Thread 0x00007f9c4c808e00 Exception <a 'java/lang/ClassNotFoundException'{0x0000000787c24e68}: sun/awt/resources/spi/awtosxProvider> (0x0000000787c24e68) 
thrown [src/hotspot/share/classfile/systemDictionary.cpp, line 256]
Event: 0.825 Thread 0x00007f9c4c808e00 Exception <a 'java/io/FileNotFoundException'{0x0000000787c9ee90}> (0x0000000787c9ee90) 
thrown [src/hotspot/share/prims/jni.cpp, line 516]

VM Operations (10 events):
Event: 0.136 Executing VM operation: HandshakeAllThreads
Event: 0.136 Executing VM operation: HandshakeAllThreads done
Event: 0.210 Executing VM operation: HandshakeAllThreads
Event: 0.210 Executing VM operation: HandshakeAllThreads done
Event: 0.871 Executing VM operation: HandshakeAllThreads
Event: 0.871 Executing VM operation: HandshakeAllThreads done
Event: 1.098 Executing VM operation: Cleanup
Event: 1.098 Executing VM operation: Cleanup done
Event: 1.131 Executing VM operation: HandshakeAllThreads
Event: 1.131 Executing VM operation: HandshakeAllThreads done

Events (20 events):
Event: 1.225 loading class sun/nio/cs/UTF_16
Event: 1.225 loading class sun/nio/cs/UTF_16 done
Event: 1.226 loading class sun/misc/Unsafe
Event: 1.226 loading class sun/misc/Unsafe done
Event: 1.226 loading class jdk/internal/reflect/UnsafeFieldAccessorFactory
Event: 1.226 loading class jdk/internal/reflect/UnsafeFieldAccessorFactory done
Event: 1.227 loading class jdk/internal/reflect/UnsafeQualifiedStaticObjectFieldAccessorImpl
Event: 1.227 loading class jdk/internal/reflect/UnsafeQualifiedStaticFieldAccessorImpl
Event: 1.227 loading class jdk/internal/reflect/UnsafeQualifiedStaticFieldAccessorImpl done
Event: 1.227 loading class jdk/internal/reflect/UnsafeQualifiedStaticObjectFieldAccessorImpl done
Event: 1.228 loading class jdk/internal/access/foreign/MemorySegmentProxy
Event: 1.228 loading class jdk/internal/access/foreign/MemorySegmentProxy done
Event: 1.230 loading class java/nio/StringCharBuffer
Event: 1.230 loading class java/nio/StringCharBuffer done
Event: 1.245 loading class java/awt/IllegalComponentStateException
Event: 1.245 loading class java/awt/IllegalComponentStateException done
Event: 1.249 loading class jdk/internal/reflect/UnsafeQualifiedStaticIntegerFieldAccessorImpl
Event: 1.250 loading class jdk/internal/reflect/UnsafeQualifiedStaticIntegerFieldAccessorImpl done
Event: 1.260 loading class java/lang/NumberFormatException
Event: 1.260 loading class java/lang/NumberFormatException done


Dynamic libraries:
0x000000010049e000 	/Users/loule/Library/Java/JavaVirtualMachines/temurin-17/Contents/Home/lib/libjli.dylib
0x00007ff829c9d000 	/usr/lib/libz.1.dylib
0x00007ff829d7d000 	/usr/lib/libSystem.B.dylib
0x00007ff829d78000 	/usr/lib/system/libcache.dylib
0x00007ff829d34000 	/usr/lib/system/libcommonCrypto.dylib
0x00007ff829d5d000 	/usr/lib/system/libcompiler_rt.dylib
0x00007ff829d53000 	/usr/lib/system/libcopyfile.dylib
0x00007ff81ec78000 	/usr/lib/system/libcorecrypto.dylib
0x00007ff81ed36000 	/usr/lib/system/libdispatch.dylib
0x00007ff81eeef000 	/usr/lib/system/libdyld.dylib
0x00007ff829d6f000 	/usr/lib/system/libkeymgr.dylib
0x00007ff829d12000 	/usr/lib/system/libmacho.dylib
0x00007ff8293ae000 	/usr/lib/system/libquarantine.dylib
0x00007ff829d6d000 	/usr/lib/system/libremovefile.dylib
0x00007ff823e34000 	/usr/lib/system/libsystem_asl.dylib
0x00007ff81ec26000 	/usr/lib/system/libsystem_blocks.dylib
0x00007ff81edba000 	/usr/lib/system/libsystem_c.dylib
0x00007ff829d65000 	/usr/lib/system/libsystem_collections.dylib
0x00007ff828594000 	/usr/lib/system/libsystem_configuration.dylib
0x00007ff8277a8000 	/usr/lib/system/libsystem_containermanager.dylib
0x00007ff829a53000 	/usr/lib/system/libsystem_coreservices.dylib
0x00007ff82150a000 	/usr/lib/system/libsystem_darwin.dylib
0x00007ff829d70000 	/usr/lib/system/libsystem_dnssd.dylib
0x00007ff81edb7000 	/usr/lib/system/libsystem_featureflags.dylib
0x00007ff81ef06000 	/usr/lib/system/libsystem_info.dylib
0x00007ff829cb0000 	/usr/lib/system/libsystem_m.dylib
0x00007ff81ed0a000 	/usr/lib/system/libsystem_malloc.dylib
0x00007ff823dd1000 	/usr/lib/system/libsystem_networkextension.dylib
0x00007ff821931000 	/usr/lib/system/libsystem_notify.dylib
0x00007ff8302e7000 	/usr/lib/system/libsystem_product_info_filter.dylib
0x00007ff828598000 	/usr/lib/system/libsystem_sandbox.dylib
0x00007ff829d6a000 	/usr/lib/system/libsystem_secinit.dylib
0x00007ff81eeb2000 	/usr/lib/system/libsystem_kernel.dylib
0x00007ff81eefb000 	/usr/lib/system/libsystem_platform.dylib
0x00007ff81eee3000 	/usr/lib/system/libsystem_pthread.dylib
0x00007ff825673000 	/usr/lib/system/libsystem_symptoms.dylib
0x00007ff81ec5f000 	/usr/lib/system/libsystem_trace.dylib
0x00007ff829d40000 	/usr/lib/system/libunwind.dylib
0x00007ff81ec28000 	/usr/lib/system/libxpc.dylib
0x00007ff81ee9c000 	/usr/lib/libc++abi.dylib
0x00007ff81ed7d000 	/usr/lib/libobjc.A.dylib
0x00007ff829d4b000 	/usr/lib/liboah.dylib
0x00007ff81ee43000 	/usr/lib/libc++.1.dylib
0x00007ff83604f000 	/System/Library/Frameworks/Cocoa.framework/Versions/A/Cocoa
0x00007ff82198e000 	/System/Library/Frameworks/AppKit.framework/Versions/C/AppKit
0x00007ff824e6a000 	/System/Library/Frameworks/CoreData.framework/Versions/A/CoreData
0x00007ff81fdb4000 	/System/Library/Frameworks/Foundation.framework/Versions/C/Foundation
0x00007ff822815000 	/System/Library/PrivateFrameworks/UIFoundation.framework/Versions/A/UIFoundation
0x00007ff82ffee000 	/System/Library/PrivateFrameworks/RemoteViewServices.framework/Versions/A/RemoteViewServices
0x00007ff827f2e000 	/System/Library/PrivateFrameworks/XCTTargetBootstrap.framework/Versions/A/XCTTargetBootstrap
0x00007ff82bc0f000 	/System/Library/PrivateFrameworks/InternationalSupport.framework/Versions/A/InternationalSupport
0x00007ff82bc99000 	/System/Library/PrivateFrameworks/UserActivity.framework/Versions/A/UserActivity
0x00007ff82af91000 	/usr/lib/libspindump.dylib
0x00007ff822aa3000 	/System/Library/Frameworks/UniformTypeIdentifiers.framework/Versions/A/UniformTypeIdentifiers
0x00007ff8265c0000 	/usr/lib/libapp_launch_measurement.dylib
0x00007ff8265c3000 	/System/Library/PrivateFrameworks/CoreAutoLayout.framework/Versions/A/CoreAutoLayout
0x00007ff8277e0000 	/System/Library/Frameworks/Metal.framework/Versions/A/Metal
0x00007ff8285a3000 	/usr/lib/liblangid.dylib
0x00007ff827f32000 	/System/Library/PrivateFrameworks/CoreSVG.framework/Versions/A/CoreSVG
0x00007ff823e64000 	/System/Library/PrivateFrameworks/SkyLight.framework/Versions/A/SkyLight
0x00007ff8241ea000 	/System/Library/Frameworks/CoreGraphics.framework/Versions/A/CoreGraphics
0x00007ff830657000 	/System/Library/Frameworks/Accelerate.framework/Versions/A/Accelerate
0x00007ff82a9e6000 	/System/Library/PrivateFrameworks/IconServices.framework/Versions/A/IconServices
0x00007ff8277c5000 	/System/Library/Frameworks/IOSurface.framework/Versions/A/IOSurface
0x00007ff82585b000 	/usr/lib/libDiagnosticMessagesClient.dylib
0x00007ff833d00000 	/System/Library/Frameworks/ApplicationServices.framework/Versions/A/ApplicationServices
0x00007ff827f1a000 	/System/Library/PrivateFrameworks/DFRFoundation.framework/Versions/A/DFRFoundation
0x00007ff821281000 	/usr/lib/libicucore.A.dylib
0x00007ff82ccf0000 	/System/Library/Frameworks/AudioToolbox.framework/Versions/A/AudioToolbox
0x00007ff82bc1b000 	/System/Library/PrivateFrameworks/DataDetectorsCore.framework/Versions/A/DataDetectorsCore
0x00007ff927802000 	/System/Library/PrivateFrameworks/TextInput.framework/Versions/A/TextInput
0x00007ff823de8000 	/usr/lib/libMobileGestalt.dylib
0x00007ff827c22000 	/System/Library/Frameworks/Carbon.framework/Versions/A/Frameworks/HIToolbox.framework/Versions/A/HIToolbox
0x00007ff825ff1000 	/System/Library/Frameworks/QuartzCore.framework/Versions/A/QuartzCore
0x00007ff820f23000 	/System/Library/Frameworks/Security.framework/Versions/A/Security
0x00007ff830026000 	/System/Library/Frameworks/Carbon.framework/Versions/A/Frameworks/SpeechRecognition.framework/Versions/A/SpeechRecognition
0x00007ff826322000 	/System/Library/PrivateFrameworks/CoreUI.framework/Versions/A/CoreUI
0x00007ff820802000 	/System/Library/Frameworks/CoreAudio.framework/Versions/A/CoreAudio
0x00007ff825949000 	/System/Library/Frameworks/DiskArbitration.framework/Versions/A/DiskArbitration
0x00007ff82b378000 	/System/Library/PrivateFrameworks/MultitouchSupport.framework/Versions/A/MultitouchSupport
0x00007ff823de7000 	/usr/lib/libenergytrace.dylib
0x00007ff82187c000 	/System/Library/Frameworks/IOKit.framework/Versions/A/IOKit
0x00007ff830410000 	/System/Library/Frameworks/CoreServices.framework/Versions/A/CoreServices
0x00007ff82655a000 	/System/Library/PrivateFrameworks/PerformanceAnalysis.framework/Versions/A/PerformanceAnalysis
0x00007ffa364a9000 	/System/Library/Frameworks/OpenGL.framework/Versions/A/OpenGL
0x00007ff8292da000 	/System/Library/PrivateFrameworks/MobileKeyBag.framework/Versions/A/MobileKeyBag
0x00007ff8248b7000 	/System/Library/Frameworks/ColorSync.framework/Versions/A/ColorSync
0x00007ff81ef31000 	/System/Library/Frameworks/CoreFoundation.framework/Versions/A/CoreFoundation
0x00007ff8281aa000 	/System/Library/Frameworks/CoreImage.framework/Versions/A/CoreImage
0x00007ff820618000 	/System/Library/Frameworks/CoreText.framework/Versions/A/CoreText
0x00007ff827f61000 	/System/Library/Frameworks/ImageIO.framework/Versions/A/ImageIO
0x00007ff829d83000 	/System/Library/PrivateFrameworks/SoftLinking.framework/Versions/A/SoftLinking
0x00007ff82660b000 	/usr/lib/libxml2.2.dylib
0x00007ff82a006000 	/usr/lib/libcompression.dylib
0x00007ff82bb45000 	/System/Library/PrivateFrameworks/TextureIO.framework/Versions/A/TextureIO
0x00007ff82a6f9000 	/usr/lib/libate.dylib
0x00007ff82a4d7000 	/usr/lib/liblzma.5.dylib
0x00007ff81fac5000 	/System/Library/Frameworks/SystemConfiguration.framework/Versions/A/SystemConfiguration
0x00007ff829d7f000 	/usr/lib/libfakelink.dylib
0x00007ff82393b000 	/System/Library/Frameworks/CFNetwork.framework/Versions/A/CFNetwork
0x00007ff829ebe000 	/usr/lib/libarchive.2.dylib
0x00007ff8293d4000 	/usr/lib/libbsm.0.dylib
0x00007ff822f73000 	/usr/lib/libnetwork.dylib
0x00007ff829d18000 	/usr/lib/system/libkxld.dylib
0x00007ffb33c52000 	/usr/lib/libCoreEntitlements.dylib
0x00007ff829a35000 	/System/Library/PrivateFrameworks/AppleFSCompression.framework/Versions/A/AppleFSCompression
0x00007ff8293bd000 	/usr/lib/libcoretls.dylib
0x00007ff82a4f1000 	/usr/lib/libcoretls_cfhelpers.dylib
0x00007ff82a001000 	/usr/lib/libpam.2.dylib
0x00007ff825296000 	/usr/lib/libsqlite3.dylib
0x00007ff82a560000 	/usr/lib/libxar.1.dylib
0x00007ff82859f000 	/System/Library/PrivateFrameworks/AppleSystemInfo.framework/Versions/A/AppleSystemInfo
0x00007ff829002000 	/System/Library/PrivateFrameworks/IOMobileFramebuffer.framework/Versions/A/IOMobileFramebuffer
0x00007ff829a45000 	/usr/lib/libbz2.1.0.dylib
0x00007ff829d84000 	/usr/lib/libpcap.A.dylib
0x00007ff82566a000 	/usr/lib/libdns_services.dylib
0x00007ff829fd0000 	/usr/lib/libapple_nghttp2.dylib
0x00007ff829dbb000 	/usr/lib/libiconv.2.dylib
0x00007ff829d11000 	/usr/lib/libcharset.1.dylib
0x00007ff82658e000 	/System/Library/Frameworks/CoreServices.framework/Versions/A/Frameworks/FSEvents.framework/Versions/A/FSEvents
0x00007ff821514000 	/System/Library/Frameworks/CoreServices.framework/Versions/A/Frameworks/CarbonCore.framework/Versions/A/CarbonCore
0x00007ff8258ae000 	/System/Library/Frameworks/CoreServices.framework/Versions/A/Frameworks/Metadata.framework/Versions/A/Metadata
0x00007ff829a58000 	/System/Library/Frameworks/CoreServices.framework/Versions/A/Frameworks/OSServices.framework/Versions/A/OSServices
0x00007ff829f44000 	/System/Library/Frameworks/CoreServices.framework/Versions/A/Frameworks/SearchKit.framework/Versions/A/SearchKit
0x00007ff8255fc000 	/System/Library/Frameworks/CoreServices.framework/Versions/A/Frameworks/AE.framework/Versions/A/AE
0x00007ff81f434000 	/System/Library/Frameworks/CoreServices.framework/Versions/A/Frameworks/LaunchServices.framework/Versions/A/LaunchServices
0x00007ff82a488000 	/System/Library/Frameworks/CoreServices.framework/Versions/A/Frameworks/DictionaryServices.framework/Versions/A/DictionaryServices
0x00007ff82659b000 	/System/Library/Frameworks/CoreServices.framework/Versions/A/Frameworks/SharedFileList.framework/Versions/A/SharedFileList
0x00007ff8293b1000 	/usr/lib/libCheckFix.dylib
0x00007ff823e4b000 	/System/Library/PrivateFrameworks/TCC.framework/Versions/A/TCC
0x00007ff8285a5000 	/System/Library/PrivateFrameworks/CoreNLP.framework/Versions/A/CoreNLP
0x00007ff82585e000 	/System/Library/PrivateFrameworks/MetadataUtilities.framework/Versions/A/MetadataUtilities
0x00007ff81fb75000 	/usr/lib/libmecabra.dylib
0x00007ff8293e4000 	/usr/lib/libmecab.dylib
0x00007ff81fb40000 	/usr/lib/libCRFSuite.dylib
0x00007ff829441000 	/usr/lib/libgermantok.dylib
0x00007ff829fab000 	/usr/lib/libThaiTokenizer.dylib
0x00007ff825950000 	/System/Library/Frameworks/Accelerate.framework/Versions/A/Frameworks/vImage.framework/Versions/A/vImage
0x00007ff8303e7000 	/System/Library/Frameworks/Accelerate.framework/Versions/A/Frameworks/vecLib.framework/Versions/A/vecLib
0x00007ff82a5a1000 	/System/Library/Frameworks/Accelerate.framework/Versions/A/Frameworks/vecLib.framework/Versions/A/libvMisc.dylib
0x00007ff828e20000 	/System/Library/Frameworks/Accelerate.framework/Versions/A/Frameworks/vecLib.framework/Versions/A/libvDSP.dylib
0x00007ff81f7a9000 	/System/Library/Frameworks/Accelerate.framework/Versions/A/Frameworks/vecLib.framework/Versions/A/libBLAS.dylib
0x00007ff82a0e2000 	/System/Library/Frameworks/Accelerate.framework/Versions/A/Frameworks/vecLib.framework/Versions/A/libLAPACK.dylib
0x00007ff829444000 	/System/Library/Frameworks/Accelerate.framework/Versions/A/Frameworks/vecLib.framework/Versions/A/libLinearAlgebra.dylib
0x00007ff829fe9000 	/System/Library/Frameworks/Accelerate.framework/Versions/A/Frameworks/vecLib.framework/Versions/A/libSparseBLAS.dylib
0x00007ff82a0dc000 	/System/Library/Frameworks/Accelerate.framework/Versions/A/Frameworks/vecLib.framework/Versions/A/libQuadrature.dylib
0x00007ff82868f000 	/System/Library/Frameworks/Accelerate.framework/Versions/A/Frameworks/vecLib.framework/Versions/A/libBNNS.dylib
0x00007ff81fa56000 	/System/Library/Frameworks/Accelerate.framework/Versions/A/Frameworks/vecLib.framework/Versions/A/libSparse.dylib
0x00007ff82582d000 	/System/Library/PrivateFrameworks/CoreAnalytics.framework/Versions/A/CoreAnalytics
0x00007ff828688000 	/System/Library/PrivateFrameworks/LinguisticData.framework/Versions/A/LinguisticData
0x00007ff81fa0b000 	/System/Library/PrivateFrameworks/Lexicon.framework/Versions/A/Lexicon
0x00007ff82a59a000 	/usr/lib/libChineseTokenizer.dylib
0x00007ff82016d000 	/System/Library/PrivateFrameworks/LanguageModeling.framework/Versions/A/LanguageModeling
0x00007ff829fad000 	/System/Library/PrivateFrameworks/AppleSauce.framework/Versions/A/AppleSauce
0x00007ff828ff0000 	/System/Library/PrivateFrameworks/CoreEmoji.framework/Versions/A/CoreEmoji
0x00007ff829ead000 	/usr/lib/libcmph.dylib
0x00007ff826572000 	/System/Library/Frameworks/OpenDirectory.framework/Versions/A/Frameworks/CFOpenDirectory.framework/Versions/A/CFOpenDirectory
0x00007ff826566000 	/System/Library/Frameworks/OpenDirectory.framework/Versions/A/OpenDirectory
0x00007ff82a4f3000 	/System/Library/PrivateFrameworks/APFS.framework/Versions/A/APFS
0x00007ff829312000 	/System/Library/Frameworks/SecurityFoundation.framework/Versions/A/SecurityFoundation
0x00007ff82a56e000 	/usr/lib/libutil.dylib
0x00007ff82183f000 	/System/Library/PrivateFrameworks/CoreServicesStore.framework/Versions/A/CoreServicesStore
0x00007ff82a572000 	/usr/lib/libxslt.1.dylib
0x00007ff82939f000 	/System/Library/PrivateFrameworks/BackgroundTaskManagement.framework/Versions/A/BackgroundTaskManagement
0x00007ff82ba65000 	/System/Library/Frameworks/ImageIO.framework/Versions/A/Resources/libRadiance.dylib
0x00007ff82ba6e000 	/System/Library/Frameworks/ImageIO.framework/Versions/A/Resources/libJPEG.dylib
0x00007ff82b9be000 	/System/Library/Frameworks/ImageIO.framework/Versions/A/Resources/libPng.dylib
0x00007ff82b9df000 	/System/Library/Frameworks/ImageIO.framework/Versions/A/Resources/libTIFF.dylib
0x00007ff82bace000 	/System/Library/Frameworks/ImageIO.framework/Versions/A/Resources/libGIF.dylib
0x00007ff82b291000 	/System/Library/Frameworks/ImageIO.framework/Versions/A/Resources/libJP2.dylib
0x00007ff82a9ad000 	/usr/lib/libexpat.1.dylib
0x00007ff82b246000 	/System/Library/PrivateFrameworks/AppleJPEG.framework/Versions/A/AppleJPEG
0x00007ff827ae9000 	/System/Library/PrivateFrameworks/FontServices.framework/libFontParser.dylib
0x00007ff8255a6000 	/System/Library/PrivateFrameworks/RunningBoardServices.framework/Versions/A/RunningBoardServices
0x00007ff8365be000 	/System/Library/PrivateFrameworks/IOSurfaceAccelerator.framework/Versions/A/IOSurfaceAccelerator
0x00007ff82b374000 	/System/Library/PrivateFrameworks/WatchdogClient.framework/Versions/A/WatchdogClient
0x00007ff82025c000 	/System/Library/Frameworks/CoreDisplay.framework/Versions/A/CoreDisplay
0x00007ff82793a000 	/System/Library/Frameworks/CoreMedia.framework/Versions/A/CoreMedia
0x00007ff8277d7000 	/System/Library/PrivateFrameworks/IOAccelerator.framework/Versions/A/IOAccelerator
0x00007ff8266ee000 	/System/Library/Frameworks/CoreVideo.framework/Versions/A/CoreVideo
0x00007ff829fff000 	/System/Library/Frameworks/MetalPerformanceShaders.framework/Versions/A/MetalPerformanceShaders
0x00007ff82b3af000 	/System/Library/Frameworks/VideoToolbox.framework/Versions/A/VideoToolbox
0x00007ff8254ef000 	/System/Library/PrivateFrameworks/BaseBoard.framework/Versions/A/BaseBoard
0x00007ff82527c000 	/System/Library/PrivateFrameworks/ProtocolBuffer.framework/Versions/A/ProtocolBuffer
0x00007ff82ba5e000 	/System/Library/PrivateFrameworks/GPUWrangler.framework/Versions/A/GPUWrangler
0x00007ff82ba41000 	/System/Library/PrivateFrameworks/IOPresentment.framework/Versions/A/IOPresentment
0x00007ff82ba68000 	/System/Library/PrivateFrameworks/DSExternalDisplay.framework/Versions/A/DSExternalDisplay
0x00007ffa3649d000 	/System/Library/Frameworks/OpenGL.framework/Versions/A/Libraries/libCoreFSCache.dylib
0x00007ffb22345000 	/System/Library/PrivateFrameworks/GPUCompiler.framework/Versions/31001/Libraries/libGPUCompilerUtils.dylib
0x00007ff82bad3000 	/System/Library/PrivateFrameworks/CMCaptureCore.framework/Versions/A/CMCaptureCore
0x00007ff82af7f000 	/System/Library/PrivateFrameworks/AppServerSupport.framework/Versions/A/AppServerSupport
0x00007ff82d56c000 	/System/Library/PrivateFrameworks/perfdata.framework/Versions/A/perfdata
0x00007ff820388000 	/System/Library/PrivateFrameworks/AudioToolboxCore.framework/Versions/A/AudioToolboxCore
0x00007ff827917000 	/System/Library/PrivateFrameworks/caulk.framework/Versions/A/caulk
0x00007ff82ce99000 	/usr/lib/libAudioStatistics.dylib
0x00007ff9240c9000 	/System/Library/PrivateFrameworks/SystemPolicy.framework/Versions/A/SystemPolicy
0x00007ff82d0e5000 	/usr/lib/libSMC.dylib
0x00007ff835f06000 	/System/Library/Frameworks/CoreMIDI.framework/Versions/A/CoreMIDI
0x00007ff82b98e000 	/usr/lib/libAudioToolboxUtility.dylib
0x00007ff9204c4000 	/System/Library/PrivateFrameworks/OSAServicesClient.framework/Versions/A/OSAServicesClient
0x00007ff82d579000 	/usr/lib/libperfcheck.dylib
0x00007ff924b55000 	/usr/lib/libmis.dylib
0x00007ffa364f9000 	/System/Library/Frameworks/OpenGL.framework/Versions/A/Libraries/libGLU.dylib
0x00007ffa364bc000 	/System/Library/Frameworks/OpenGL.framework/Versions/A/Libraries/libGFXShared.dylib
0x00007ffa366ca000 	/System/Library/Frameworks/OpenGL.framework/Versions/A/Libraries/libGL.dylib
0x00007ffa364c5000 	/System/Library/Frameworks/OpenGL.framework/Versions/A/Libraries/libGLImage.dylib
0x00007ffa364b9000 	/System/Library/Frameworks/OpenGL.framework/Versions/A/Libraries/libCVMSPluginSupport.dylib
0x00007ffa364a4000 	/System/Library/Frameworks/OpenGL.framework/Versions/A/Libraries/libCoreVMClient.dylib
0x00007ff828523000 	/System/Library/Frameworks/MetalPerformanceShaders.framework/Versions/A/Frameworks/MPSCore.framework/Versions/A/MPSCore
0x00007ff8299a1000 	/System/Library/Frameworks/MetalPerformanceShaders.framework/Versions/A/Frameworks/MPSImage.framework/Versions/A/MPSImage
0x00007ff82945a000 	/System/Library/Frameworks/MetalPerformanceShaders.framework/Versions/A/Frameworks/MPSNeuralNetwork.framework/Versions/A/MPSNeuralNetwork
0x00007ff8298cf000 	/System/Library/Frameworks/MetalPerformanceShaders.framework/Versions/A/Frameworks/MPSMatrix.framework/Versions/A/MPSMatrix
0x00007ff82968b000 	/System/Library/Frameworks/MetalPerformanceShaders.framework/Versions/A/Frameworks/MPSRayIntersector.framework/Versions/A/MPSRayIntersector
0x00007ff829908000 	/System/Library/Frameworks/MetalPerformanceShaders.framework/Versions/A/Frameworks/MPSNDArray.framework/Versions/A/MPSNDArray
0x00007ffa3b09e000 	/System/Library/Frameworks/MetalPerformanceShaders.framework/Versions/A/Frameworks/MPSFunctions.framework/Versions/A/MPSFunctions
0x00007ff81f68c000 	/System/Library/PrivateFrameworks/MetalTools.framework/Versions/A/MetalTools
0x00007ff82859d000 	/System/Library/PrivateFrameworks/AggregateDictionary.framework/Versions/A/AggregateDictionary
0x00007ff82a790000 	/usr/lib/libIOReport.dylib
0x00007ffa37ad9000 	/System/Library/Frameworks/OpenCL.framework/Versions/A/OpenCL
0x00007ff82ab19000 	/System/Library/PrivateFrameworks/FaceCore.framework/Versions/A/FaceCore
0x00007ff82ab0a000 	/System/Library/PrivateFrameworks/GraphVisualizer.framework/Versions/A/GraphVisualizer
0x00007ffb22250000 	/System/Library/PrivateFrameworks/FontServices.framework/Versions/A/FontServices
0x00007ff82af36000 	/System/Library/PrivateFrameworks/OTSVG.framework/Versions/A/OTSVG
0x00007ff8262d8000 	/System/Library/Frameworks/ApplicationServices.framework/Versions/A/Frameworks/ATS.framework/Versions/A/Resources/libFontRegistry.dylib
0x00007ff82af87000 	/System/Library/PrivateFrameworks/FontServices.framework/libhvf.dylib
0x00007ffb22251000 	/System/Library/PrivateFrameworks/FontServices.framework/libXTFontStaticRegistryData.dylib
0x00007ff82a95d000 	/System/Library/PrivateFrameworks/AppleVA.framework/Versions/A/AppleVA
0x00007ff82ceb9000 	/System/Library/Frameworks/ApplicationServices.framework/Versions/A/Frameworks/ATS.framework/Versions/A/ATS
0x00007ff8249b3000 	/System/Library/Frameworks/ApplicationServices.framework/Versions/A/Frameworks/HIServices.framework/Versions/A/HIServices
0x00007ff82badd000 	/System/Library/Frameworks/ApplicationServices.framework/Versions/A/Frameworks/PrintCore.framework/Versions/A/PrintCore
0x00007ff82d238000 	/System/Library/Frameworks/ApplicationServices.framework/Versions/A/Frameworks/QD.framework/Versions/A/QD
0x00007ff82d230000 	/System/Library/Frameworks/ApplicationServices.framework/Versions/A/Frameworks/ColorSyncLegacy.framework/Versions/A/ColorSyncLegacy
0x00007ff82cea9000 	/System/Library/Frameworks/ApplicationServices.framework/Versions/A/Frameworks/SpeechSynthesis.framework/Versions/A/SpeechSynthesis
0x00007ff82ba9e000 	/System/Library/Frameworks/ApplicationServices.framework/Versions/A/Frameworks/ATSUI.framework/Versions/A/ATSUI
0x00007ff82d1c5000 	/usr/lib/libcups.2.dylib
0x00007ff82d588000 	/System/Library/Frameworks/Kerberos.framework/Versions/A/Kerberos
0x00007ff82d597000 	/System/Library/Frameworks/GSS.framework/Versions/A/GSS
0x00007ff82cf25000 	/usr/lib/libresolv.9.dylib
0x00007ff82af96000 	/System/Library/PrivateFrameworks/Heimdal.framework/Versions/A/Heimdal
0x00007ff834072000 	/System/Library/Frameworks/Kerberos.framework/Versions/A/Libraries/libHeimdalProxy.dylib
0x00007ff82567b000 	/System/Library/Frameworks/Network.framework/Versions/A/Network
0x00007ff82a9c7000 	/usr/lib/libheimdal-asn1.dylib
0x00007ff82d5e2000 	/System/Library/PrivateFrameworks/CommonAuth.framework/Versions/A/CommonAuth
0x00007ff82ce2a000 	/System/Library/PrivateFrameworks/AudioSession.framework/Versions/A/AudioSession
0x00007ff82aa57000 	/System/Library/PrivateFrameworks/MediaExperience.framework/Versions/A/MediaExperience
0x00007ff82ccbf000 	/System/Library/PrivateFrameworks/AudioSession.framework/libSessionUtility.dylib
0x00007ff82d244000 	/System/Library/PrivateFrameworks/AudioResourceArbitration.framework/Versions/A/AudioResourceArbitration
0x00007ff82a9d0000 	/System/Library/PrivateFrameworks/IconFoundation.framework/Versions/A/IconFoundation
0x00007ff830016000 	/System/Library/PrivateFrameworks/SpeechRecognitionCore.framework/Versions/A/SpeechRecognitionCore
0x00000001015eb000 	/Users/loule/Library/Java/JavaVirtualMachines/temurin-17/Contents/Home/lib/server/libjvm.dylib
0x00000001004cd000 	/Users/loule/Library/Java/JavaVirtualMachines/temurin-17/Contents/Home/lib/libjimage.dylib
0x00000001004e9000 	/Users/loule/Library/Java/JavaVirtualMachines/temurin-17/Contents/Home/lib/libinstrument.dylib
0x0000000100524000 	/Users/loule/Library/Java/JavaVirtualMachines/temurin-17/Contents/Home/lib/libjava.dylib
0x0000000100513000 	/Users/loule/Library/Java/JavaVirtualMachines/temurin-17/Contents/Home/lib/libzip.dylib
0x00000001013bf000 	/Users/loule/Library/Java/JavaVirtualMachines/temurin-17/Contents/Home/lib/libnio.dylib
0x00000001013ee000 	/Users/loule/Library/Java/JavaVirtualMachines/temurin-17/Contents/Home/lib/libnet.dylib
0x00000001013d4000 	/Users/loule/Library/Java/JavaVirtualMachines/temurin-17/Contents/Home/lib/libverify.dylib
0x00000001013aa000 	/Users/loule/Library/Java/JavaVirtualMachines/temurin-17/Contents/Home/lib/libextnet.dylib
0x00000001014a6000 	/Users/loule/Library/Java/JavaVirtualMachines/temurin-17/Contents/Home/lib/libawt.dylib
0x0000000108766000 	/Users/loule/Library/Java/JavaVirtualMachines/temurin-17/Contents/Home/lib/libmlib_image.dylib
0x00007ffa3b00c000 	/System/Library/Frameworks/JavaRuntimeSupport.framework/Versions/A/JavaRuntimeSupport
0x00007ff923c23000 	/System/Library/Frameworks/Carbon.framework/Versions/A/Carbon
0x00007ff8324ba000 	/System/Library/PrivateFrameworks/CoreSymbolication.framework/Versions/A/CoreSymbolication
0x00007ff837902000 	/System/Library/Frameworks/Carbon.framework/Versions/A/Frameworks/CommonPanels.framework/Versions/A/CommonPanels
0x00007ff833a82000 	/System/Library/Frameworks/Carbon.framework/Versions/A/Frameworks/Help.framework/Versions/A/Help
0x00007ff837906000 	/System/Library/Frameworks/Carbon.framework/Versions/A/Frameworks/ImageCapture.framework/Versions/A/ImageCapture
0x00007ff8378d6000 	/System/Library/Frameworks/Carbon.framework/Versions/A/Frameworks/OpenScripting.framework/Versions/A/OpenScripting
0x00007ff8378fe000 	/System/Library/Frameworks/Carbon.framework/Versions/A/Frameworks/Ink.framework/Versions/A/Ink
0x00007ff923c1f000 	/System/Library/Frameworks/Carbon.framework/Versions/A/Frameworks/Print.framework/Versions/A/Print
0x00007ff8378fa000 	/System/Library/Frameworks/Carbon.framework/Versions/A/Frameworks/SecurityHI.framework/Versions/A/SecurityHI
0x00007ff83247f000 	/System/Library/PrivateFrameworks/DebugSymbols.framework/Versions/A/DebugSymbols
0x000000011f420000 	/Users/loule/Library/Java/JavaVirtualMachines/temurin-17/Contents/Home/lib/libawt_lwawt.dylib
0x000000010142e000 	/Users/loule/Library/Java/JavaVirtualMachines/temurin-17/Contents/Home/lib/libosxapp.dylib
0x00007ff923080000 	/System/Library/Frameworks/ExceptionHandling.framework/Versions/A/ExceptionHandling
0x0000000121c45000 	/Users/loule/Library/Java/JavaVirtualMachines/temurin-17/Contents/Home/lib/libfontmanager.dylib
0x00000001088a9000 	/Users/loule/Library/Java/JavaVirtualMachines/temurin-17/Contents/Home/lib/libfreetype.dylib
0x00007ff821800000 	/System/Library/PrivateFrameworks/CoreServicesInternal.framework/Versions/A/CoreServicesInternal
0x00007ff8317dc000 	/System/Library/Frameworks/FileProvider.framework/Versions/A/FileProvider
0x00007ff82545b000 	/System/Library/Frameworks/Accounts.framework/Versions/A/Accounts
0x00007ff831953000 	/System/Library/PrivateFrameworks/GenerationalStorage.framework/Versions/A/GenerationalStorage
0x00007ff8311e0000 	/System/Library/PrivateFrameworks/SymptomDiagnosticReporter.framework/Versions/A/SymptomDiagnosticReporter
0x00007ff822ab7000 	/System/Library/PrivateFrameworks/DesktopServicesPriv.framework/Versions/A/DesktopServicesPriv
0x00007ff821940000 	/usr/lib/libsandbox.1.dylib
0x00007ff82676c000 	/System/Library/PrivateFrameworks/UserManagement.framework/Versions/A/UserManagement
0x00007ff82d225000 	/System/Library/PrivateFrameworks/NetAuth.framework/Versions/A/NetAuth
0x00007ff82e10f000 	/System/Library/PrivateFrameworks/Sharing.framework/Versions/A/Sharing
0x00007ff82673f000 	/System/Library/PrivateFrameworks/login.framework/Versions/A/Frameworks/loginsupport.framework/Versions/A/loginsupport
0x00007ff8335b1000 	/System/Library/PrivateFrameworks/Apple80211.framework/Versions/A/Apple80211
0x00007ff829a85000 	/System/Library/PrivateFrameworks/AuthKit.framework/Versions/A/AuthKit
0x00007ff8290e7000 	/System/Library/PrivateFrameworks/CoreUtils.framework/Versions/A/CoreUtils
0x00007ff82900d000 	/System/Library/Frameworks/CoreWLAN.framework/Versions/A/CoreWLAN
0x00007ff82e269000 	/System/Library/Frameworks/IOBluetooth.framework/Versions/A/IOBluetooth
0x00007ff833619000 	/System/Library/PrivateFrameworks/CoreWiFi.framework/Versions/A/CoreWiFi
0x00007ff832056000 	/System/Library/PrivateFrameworks/FrontBoardServices.framework/Versions/A/FrontBoardServices
0x00007ff8320e8000 	/System/Library/PrivateFrameworks/BoardServices.framework/Versions/A/BoardServices
0x00007ff829301000 	/System/Library/PrivateFrameworks/AssertionServices.framework/Versions/A/AssertionServices
0x00007ff83379d000 	/System/Library/PrivateFrameworks/BackBoardServices.framework/Versions/A/BackBoardServices
0x00007ff82d671000 	/System/Library/PrivateFrameworks/CorePhoneNumbers.framework/Versions/A/CorePhoneNumbers
0x00007ff8312fd000 	/System/Library/PrivateFrameworks/DiskManagement.framework/Versions/A/DiskManagement
0x00007ff831211000 	/System/Library/PrivateFrameworks/AppleIDAuthSupport.framework/Versions/A/AppleIDAuthSupport
0x00007ffa3d01d000 	/System/Library/PrivateFrameworks/AAAFoundation.framework/Versions/A/AAAFoundation
0x00007ff82d652000 	/System/Library/PrivateFrameworks/KeychainCircle.framework/Versions/A/KeychainCircle
0x00007ff8312c9000 	/System/Library/PrivateFrameworks/MediaKit.framework/Versions/A/MediaKit
0x00007ff83121d000 	/System/Library/Frameworks/DiscRecording.framework/Versions/A/DiscRecording
0x00007ff82a8d5000 	/usr/lib/libCoreStorage.dylib
0x00007ff833a8a000 	/usr/lib/libcsfde.dylib
0x00007ff82e332000 	/System/Library/PrivateFrameworks/ProtectedCloudStorage.framework/Versions/A/ProtectedCloudStorage
0x00007ff833a86000 	/System/Library/PrivateFrameworks/EFILogin.framework/Versions/A/EFILogin
0x00007ff831979000 	/System/Library/PrivateFrameworks/OctagonTrust.framework/Versions/A/OctagonTrust
0x00007ffb215a4000 	/System/Library/PrivateFrameworks/CoreUtilsExtras.framework/Versions/A/CoreUtilsExtras
0x00007ff831154000 	/System/Library/Frameworks/CoreBluetooth.framework/Versions/A/CoreBluetooth
0x00007ff8340f7000 	/System/Library/Frameworks/AudioUnit.framework/Versions/A/AudioUnit
0x00007ff82a8cd000 	/usr/lib/libMatch.1.dylib
0x00007ff92b632000 	/System/Library/CoreServices/RawCamera.bundle/Contents/MacOS/RawCamera
0x00007ff82d5f2000 	/System/Library/PrivateFrameworks/MobileAsset.framework/Versions/A/MobileAsset
0x00007ff83411e000 	/System/Library/PrivateFrameworks/StreamingZip.framework/Versions/A/StreamingZip
0x00007ffa3eae5000 	/System/Library/PrivateFrameworks/CMPhoto.framework/Versions/A/CMPhoto
0x00007ff832356000 	/System/Library/PrivateFrameworks/AppleVPA.framework/Versions/A/AppleVPA
0x00007ff82bd05000 	/System/Library/Frameworks/MediaToolbox.framework/Versions/A/MediaToolbox
0x00007ff8317ac000 	/System/Library/PrivateFrameworks/CoreAVCHD.framework/Versions/A/CoreAVCHD
0x00007ff83069f000 	/System/Library/Frameworks/MediaAccessibility.framework/Versions/A/MediaAccessibility
0x00007ff8317a8000 	/System/Library/PrivateFrameworks/Mangrove.framework/Versions/A/Mangrove
0x00007ff8306aa000 	/System/Library/PrivateFrameworks/AlgosScoreFramework.framework/Versions/A/AlgosScoreFramework
0x00007ff8313ed000 	/System/Library/PrivateFrameworks/CoreAUC.framework/Versions/A/CoreAUC
0x00007ff928f10000 	/System/Library/Frameworks/Accelerate.framework/Versions/A/Frameworks/vImage.framework/Versions/A/Libraries/libCGInterfaces.dylib
0x0000000108885000 	/usr/lib/libobjc-trampolines.dylib
0x00007ff826466000 	/System/Library/PrivateFrameworks/ViewBridge.framework/Versions/A/ViewBridge
0x00007ffb33d60000 	/usr/lib/libRosetta.dylib
0x0000000125951000 	/Users/loule/Documents/GitHub/Java-CodingDojo/resources/lib/liblwjgl.jnilib
0x000000011f7f0000 	/Users/loule/Library/Java/JavaVirtualMachines/temurin-17/Contents/Home/lib/libjawt.dylib
0x00007ff8306db000 	/System/Library/PrivateFrameworks/SystemAdministration.framework/Versions/A/SystemAdministration
0x00007ff82b050000 	/System/Library/PrivateFrameworks/login.framework/Versions/A/login
0x00007ff82ffe2000 	/System/Library/Frameworks/DirectoryService.framework/Versions/A/DirectoryService
0x00007ff833929000 	/System/Library/PrivateFrameworks/DiskImages.framework/Versions/A/DiskImages
0x00007ff8293a9000 	/System/Library/Frameworks/ServiceManagement.framework/Versions/A/ServiceManagement
0x00007ff833b02000 	/System/Library/PrivateFrameworks/LoginUIKit.framework/Versions/A/Frameworks/LoginUICore.framework/Versions/A/LoginUICore
0x00007ff82b1fe000 	/usr/lib/libodfde.dylib
0x00007ff833a96000 	/usr/lib/libcurl.4.dylib
0x00007ff8337f5000 	/usr/lib/libcrypto.44.dylib
0x00007ff8338fc000 	/usr/lib/libssl.46.dylib
0x00007ff8337bb000 	/System/Library/Frameworks/LDAP.framework/Versions/A/LDAP
0x00007ff8337f3000 	/System/Library/PrivateFrameworks/TrustEvaluationAgent.framework/Versions/A/TrustEvaluationAgent
0x00007ff82cf3e000 	/usr/lib/libsasl2.2.dylib
0x00007ff8306cf000 	/System/Library/PrivateFrameworks/CoreDaemon.framework/Versions/B/CoreDaemon
0x00007ff8306ca000 	/System/Library/PrivateFrameworks/AppleSRP.framework/Versions/A/AppleSRP
0x00007ffa3d6d3000 	/System/Library/PrivateFrameworks/AccessibilityBundles.framework/Versions/A/AccessibilityBundles
0x00007ffa366d5000 	/System/Library/Frameworks/OpenGL.framework/Versions/A/Resources/GLEngine.bundle/GLEngine
0x00007ffa36537000 	/System/Library/Frameworks/OpenGL.framework/Versions/A/Libraries/libGLProgrammability.dylib
0x00007ffa2b60a000 	/System/Library/Extensions/AppleIntelKBLGraphicsGLDriver.bundle/Contents/MacOS/AppleIntelKBLGraphicsGLDriver
0x00007ff92e8fa000 	/System/Library/PrivateFrameworks/GPUSupport.framework/Versions/A/Libraries/libGPUSupportMercury.dylib
0x00007ffa36864000 	/System/Library/Frameworks/OpenGL.framework/Versions/A/Resources/GLRendererFloat.bundle/GLRendererFloat


VM Arguments:
jvm_args: -Djava.library.path=lib -javaagent:/Users/loule/Library/Application Support/JetBrains/Toolbox/apps/IDEA-U/ch-0/212.5284.40/IntelliJ IDEA.app/Contents/lib/idea_rt.jar=54323:/Users/loule/Library/Application Support/JetBrains/Toolbox/apps/IDEA-U/ch-0/212.5284.40/IntelliJ IDEA.app/Contents/bin -Dfile.encoding=UTF-8 
java_command: fr.rphstudio.codingdojo.launcher.MainLauncher -window
java_class_path (initial): ./codingdojo.jar:students/Student3-2.1-p.jar:students/Student47-2.1-p.jar:students/Student5-2.1-p.jar:students/Student11-2.1-p.jar:students/Student67-2.1-p.jar:students/Teachers-2.1-p.jar:students/Student10-2.1-p.jar:students/Student4-2.1-p.jar:students/Student76-2.1-p.jar:students/Student1-2.1-p.jar:students/Student64-2.1-p.jar:students/Student7-2.1-p.jar:students/Student07-2.1-p.jar:students/Student19-2.1-p.jar:students/Student99-2.1-p.jar
Launcher Type: SUN_STANDARD

[Global flags]
     intx CICompilerCount                          = 3                                         {product} {ergonomic}
     uint ConcGCThreads                            = 1                                         {product} {ergonomic}
     uint G1ConcRefinementThreads                  = 4                                         {product} {ergonomic}
   size_t G1HeapRegionSize                         = 1048576                                   {product} {ergonomic}
    uintx GCDrainStackTargetSize                   = 64                                        {product} {ergonomic}
   size_t InitialHeapSize                          = 134217728                                 {product} {ergonomic}
   size_t MarkStackSize                            = 4194304                                   {product} {ergonomic}
   size_t MaxHeapSize                              = 2147483648                                {product} {ergonomic}
   size_t MaxNewSize                               = 1287651328                                {product} {ergonomic}
   size_t MinHeapDeltaBytes                        = 1048576                                   {product} {ergonomic}
   size_t MinHeapSize                              = 8388608                                   {product} {ergonomic}
    uintx NonNMethodCodeHeapSize                   = 5832780                                {pd product} {ergonomic}
    uintx NonProfiledCodeHeapSize                  = 122912730                              {pd product} {ergonomic}
    uintx ProfiledCodeHeapSize                     = 122912730                              {pd product} {ergonomic}
    uintx ReservedCodeCacheSize                    = 251658240                              {pd product} {ergonomic}
     bool SegmentedCodeCache                       = true                                      {product} {ergonomic}
   size_t SoftMaxHeapSize                          = 2147483648                             {manageable} {ergonomic}
     bool UseCompressedClassPointers               = true                           {product lp64_product} {ergonomic}
     bool UseCompressedOops                        = true                           {product lp64_product} {ergonomic}
     bool UseG1GC                                  = true                                      {product} {ergonomic}
     bool UseNUMA                                  = false                                     {product} {ergonomic}
     bool UseNUMAInterleaving                      = false                                     {product} {ergonomic}

Logging:
Log output configuration:
 #0: stdout all=warning uptime,level,tags
 #1: stderr all=off uptime,level,tags

Environment Variables:
PATH=/usr/local/bin:/usr/bin:/bin:/usr/sbin:/sbin:/Users/loule/.fig/bin
SHELL=/bin/bash
LC_CTYPE=fr_FR.UTF-8

Signal Handlers:
   SIGSEGV: _ZL13crash_handleriP9__siginfoPv in libjvm.dylib, mask=11100110000111110111111111111111, flags=SA_RESTART|SA_SIGINFO
    SIGBUS: _ZL13crash_handleriP9__siginfoPv in libjvm.dylib, mask=11100110000111110111111111111111, flags=SA_RESTART|SA_SIGINFO
    SIGFPE: _ZL13crash_handleriP9__siginfoPv in libjvm.dylib, mask=11100110000111110111111111111111, flags=SA_RESTART|SA_SIGINFO
   SIGPIPE: _ZL17javaSignalHandleriP9__siginfoPv in libjvm.dylib, mask=11100110000111110111111111111111, flags=SA_RESTART|SA_SIGINFO
   SIGXFSZ: _ZL17javaSignalHandleriP9__siginfoPv in libjvm.dylib, mask=11100110000111110111111111111111, flags=SA_RESTART|SA_SIGINFO
    SIGILL: _ZL13crash_handleriP9__siginfoPv in libjvm.dylib, mask=11100110000111110111111111111111, flags=SA_RESTART|SA_SIGINFO
   SIGUSR2: _ZL10SR_handleriP9__siginfoP17__darwin_ucontext in libjvm.dylib, mask=00100000000000000000000000000000, flags=SA_RESTART|SA_SIGINFO
    SIGHUP: _ZL11UserHandleriPvS_ in libjvm.dylib, mask=11100110000111110111111111111111, flags=SA_RESTART|SA_SIGINFO
    SIGINT: _ZL11UserHandleriPvS_ in libjvm.dylib, mask=11100110000111110111111111111111, flags=SA_RESTART|SA_SIGINFO
   SIGTERM: _ZL11UserHandleriPvS_ in libjvm.dylib, mask=11100110000111110111111111111111, flags=SA_RESTART|SA_SIGINFO
   SIGQUIT: _ZL11UserHandleriPvS_ in libjvm.dylib, mask=11100110000111110111111111111111, flags=SA_RESTART|SA_SIGINFO
   SIGTRAP: _ZL13crash_handleriP9__siginfoPv in libjvm.dylib, mask=11100110000111110111111111111111, flags=SA_RESTART|SA_SIGINFO


---------------  S Y S T E M  ---------------

OS:
uname: Darwin 21.1.0 Darwin Kernel Version 21.1.0: Sat Sep 11 12:27:43 PDT 2021; root:xnu-8019.40.67.171.4~1/RELEASE_X86_64 x86_64
OS uptime: 0 days 3:12 hours
rlimit (soft/hard): STACK 8192k/65532k , CORE 0k/infinity , NPROC 1392/2088 , NOFILE 10240/infinity , AS infinity/infinity , CPU infinity/infinity , DATA infinity/infinity , FSIZE infinity/infinity , MEMLOCK infinity/infinity , RSS infinity/infinity
load average: 6.51 5.46 5.99

CPU: total 4 (initial active 4) (2 cores per cpu, 2 threads per core) family 6 model 142 stepping 9 microcode 0xea, cx8, cmov, fxsr, ht, mmx, 3dnowpref, sse, sse2, sse3, ssse3, sse4.1, sse4.2, popcnt, lzcnt, tsc, tscinvbit, avx, avx2, aes, erms, clmul, bmi1, bmi2, rtm, adx, fma, vzeroupper, clflush, clflushopt

Memory: 4k page, physical 8388608k(498652k free), swap 3145728k(1343744k free)

vm_info: OpenJDK 64-Bit Server VM (17+35) for bsd-amd64 JRE (17+35), built on Sep 14 2021 23:37:50 by "jenkins" with clang 4.2.1 Compatible Apple LLVM 10.0.1 (clang-1001.0.46.4)

END.
