#
# A fatal error has been detected by the Java Runtime Environment:
#
#  SIGSEGV (0xb) at pc=0x00007ff81b80ac4f, pid=2019, tid=9731
#
# JRE version: OpenJDK Runtime Environment Temurin-17+35 (17.0+35) (build 17+35)
# Java VM: OpenJDK 64-Bit Server VM Temurin-17+35 (17+35, mixed mode, sharing, tiered, compressed oops, compressed class ptrs, g1 gc, bsd-amd64)
# Problematic frame:
# C  [libobjc.A.dylib+0x8c4f]  objc_release+0x1f
#
# No core dump will be written. Core dumps have been disabled. To enable core dumping, try "ulimit -c unlimited" before starting Java again
#
# If you would like to submit a bug report, please visit:
#   https://github.com/adoptium/adoptium-support/issues
# The crash happened outside the Java Virtual Machine in native code.
# See problematic frame for where to report the bug.
#

---------------  S U M M A R Y ------------

Command Line: -Djava.library.path=lib -javaagent:/Users/loule/Library/Application Support/JetBrains/Toolbox/apps/IDEA-U/ch-0/212.5284.40/IntelliJ IDEA.app/Contents/lib/idea_rt.jar=51789:/Users/loule/Library/Application Support/JetBrains/Toolbox/apps/IDEA-U/ch-0/212.5284.40/IntelliJ IDEA.app/Contents/bin -Dfile.encoding=UTF-8 fr.rphstudio.codingdojo.launcher.MainLauncher -window

Host: "MacBookPro14,1" x86_64 2300 MHz, 4 cores, 8G, Darwin 21.1.0, macOS 10.16 (21A5522h)
Time: Wed Sep 29 22:36:38 2021 CEST elapsed time: 1.002937 seconds (0d 0h 0m 1s)

---------------  T H R E A D  ---------------

Current thread (0x00007ff4d1808a00):  JavaThread "main" [_thread_in_native, id=9731, stack(0x000070000b136000,0x000070000b236000)]

Stack: [0x000070000b136000,0x000070000b236000],  sp=0x000070000b235358,  free space=1020k
Native frames: (J=compiled Java code, j=interpreted, Vv=VM code, C=native code)
C  [libobjc.A.dylib+0x8c4f]  objc_release+0x1f
C  [libobjc.A.dylib+0xa160]  objc_autoreleasePoolPop+0xa1
C  [CoreFoundation+0x420ec]  _CFAutoreleasePoolPop+0x16
C  [Foundation+0x1e92d]  -[NSAutoreleasePool release]+0x85
j  org.lwjgl.opengl.MacOSXContextImplementation.setView(Ljava/nio/ByteBuffer;Ljava/nio/ByteBuffer;)V+0
j  org.lwjgl.opengl.MacOSXContextImplementation.makeCurrent(Lorg/lwjgl/opengl/PeerInfo;Ljava/nio/ByteBuffer;)V+7
j  org.lwjgl.opengl.ContextGL.makeCurrent()V+46
j  org.lwjgl.opengl.DrawableGL.makeCurrent()V+14
j  org.lwjgl.opengl.Display.makeCurrent()V+3
j  org.lwjgl.opengl.Display.makeCurrentAndSetSwapInterval()V+0
j  org.lwjgl.opengl.Display.create(Lorg/lwjgl/opengl/PixelFormat;Lorg/lwjgl/opengl/Drawable;Lorg/lwjgl/opengl/ContextAttribs;)V+108
j  org.lwjgl.opengl.Display.create(Lorg/lwjgl/opengl/PixelFormat;)V+12
j  org.newdawn.slick.AppGameContainer.tryCreateDisplay(Lorg/lwjgl/opengl/PixelFormat;)V+7
j  org.newdawn.slick.AppGameContainer.access$000(Lorg/newdawn/slick/AppGameContainer;Lorg/lwjgl/opengl/PixelFormat;)V+2
j  org.newdawn.slick.AppGameContainer$2.run()Ljava/lang/Object;+36
j  java.security.AccessController.executePrivileged(Ljava/security/PrivilegedAction;Ljava/security/AccessControlContext;Ljava/lang/Class;)Ljava/lang/Object;+29 java.base@17
j  java.security.AccessController.doPrivileged(Ljava/security/PrivilegedAction;)Ljava/lang/Object;+5 java.base@17
j  org.newdawn.slick.AppGameContainer.setup()V+112
j  org.newdawn.slick.AppGameContainer.start()V+1
j  fr.rphstudio.codingdojo.launcher.MainLauncher.main([Ljava/lang/String;)V+133
v  ~StubRoutines::call_stub
V  [libjvm.dylib+0x519e46]  JavaCalls::call_helper(JavaValue*, methodHandle const&, JavaCallArguments*, JavaThread*)+0x2b6
V  [libjvm.dylib+0x57d5e8]  jni_invoke_static(JNIEnv_*, JavaValue*, _jobject*, JNICallType, _jmethodID*, JNI_ArgumentPusher*, JavaThread*)+0x158
V  [libjvm.dylib+0x580b38]  jni_CallStaticVoidMethod+0x198
C  [libjli.dylib+0x4fcd]  JavaMain+0xc1d
C  [libjli.dylib+0x7699]  ThreadJavaMain+0x9
C  [libsystem_pthread.dylib+0x6514]  _pthread_start+0x7d
C  [libsystem_pthread.dylib+0x202f]  thread_start+0xf

Java frames: (J=compiled Java code, j=interpreted, Vv=VM code)
j  org.lwjgl.opengl.MacOSXContextImplementation.setView(Ljava/nio/ByteBuffer;Ljava/nio/ByteBuffer;)V+0
j  org.lwjgl.opengl.MacOSXContextImplementation.makeCurrent(Lorg/lwjgl/opengl/PeerInfo;Ljava/nio/ByteBuffer;)V+7
j  org.lwjgl.opengl.ContextGL.makeCurrent()V+46
j  org.lwjgl.opengl.DrawableGL.makeCurrent()V+14
j  org.lwjgl.opengl.Display.makeCurrent()V+3
j  org.lwjgl.opengl.Display.makeCurrentAndSetSwapInterval()V+0
j  org.lwjgl.opengl.Display.create(Lorg/lwjgl/opengl/PixelFormat;Lorg/lwjgl/opengl/Drawable;Lorg/lwjgl/opengl/ContextAttribs;)V+108
j  org.lwjgl.opengl.Display.create(Lorg/lwjgl/opengl/PixelFormat;)V+12
j  org.newdawn.slick.AppGameContainer.tryCreateDisplay(Lorg/lwjgl/opengl/PixelFormat;)V+7
j  org.newdawn.slick.AppGameContainer.access$000(Lorg/newdawn/slick/AppGameContainer;Lorg/lwjgl/opengl/PixelFormat;)V+2
j  org.newdawn.slick.AppGameContainer$2.run()Ljava/lang/Object;+36
j  java.security.AccessController.executePrivileged(Ljava/security/PrivilegedAction;Ljava/security/AccessControlContext;Ljava/lang/Class;)Ljava/lang/Object;+29 java.base@17
j  java.security.AccessController.doPrivileged(Ljava/security/PrivilegedAction;)Ljava/lang/Object;+5 java.base@17
j  org.newdawn.slick.AppGameContainer.setup()V+112
j  org.newdawn.slick.AppGameContainer.start()V+1
j  fr.rphstudio.codingdojo.launcher.MainLauncher.main([Ljava/lang/String;)V+133
v  ~StubRoutines::call_stub

siginfo: si_signo: 11 (SIGSEGV), si_code: 1 (SEGV_MAPERR), si_addr: 0x000022889a763c20

Register to memory mapping:

RAX=0x000022889a763c00 is an unknown value
RBX=0x0000000000000001 is an unknown value
RCX=0x000022889a763c00 is an unknown value
RDX=0x0000000000000006 is an unknown value
RSP=0x000070000b235358 is pointing into the stack for thread: 0x00007ff4d1808a00
RBP=0x000070000b235390 is pointing into the stack for thread: 0x00007ff4d1808a00
RSI=0x00007ff83618c78a: <offset 0x1a98a78a> in /usr/lib/libobjc.A.dylib at 0x00007ff81b802000
RDI=0x0000600003ff3c00 points into unknown readable memory: 0x000022889a763c00 | 00 3c 76 9a 88 22 00 00
R8 =0x00007ff4d2a206c8 points into unknown readable memory: 0x0000000000000000 | 00 00 00 00 00 00 00 00
R9 =0x0 is NULL
R10=0x000000012d62bb98: OBJC_CLASS_$_MacOSXOpenGLView+0 in /Users/loule/Documents/GitHub/Java-CodingDojo/resources/lib/liblwjgl.jnilib at 0x000000012d5f0000
R11=0x00007ff81e41e52b: -[NSResponder release]+0 in /System/Library/Frameworks/AppKit.framework/Versions/C/AppKit at 0x00007ff81e413000
R12=0x0000600003ff3c00 points into unknown readable memory: 0x000022889a763c00 | 00 3c 76 9a 88 22 00 00
R13=0xa3a3a3a3a3a3a3a3 is an unknown value
R14=0x00007ff4d18ab0b8 points into unknown readable memory: 0x0000000000000000 | 00 00 00 00 00 00 00 00
R15=0x00007ff4d18ab000 points into unknown readable memory: 0x4f545541a1a1a1a1 | a1 a1 a1 a1 41 55 54 4f


Registers:
RAX=0x000022889a763c00, RBX=0x0000000000000001, RCX=0x000022889a763c00, RDX=0x0000000000000006
RSP=0x000070000b235358, RBP=0x000070000b235390, RSI=0x00007ff83618c78a, RDI=0x0000600003ff3c00
R8 =0x00007ff4d2a206c8, R9 =0x0000000000000000, R10=0x000000012d62bb98, R11=0x00007ff81e41e52b
R12=0x0000600003ff3c00, R13=0xa3a3a3a3a3a3a3a3, R14=0x00007ff4d18ab0b8, R15=0x00007ff4d18ab000
RIP=0x00007ff81b80ac4f, EFLAGS=0x0000000000010206, ERR=0x0000000000000004
  TRAPNO=0x000000000000000e

Top of Stack: (sp=0x000070000b235358)
0x000070000b235358:   00007ff81b80f19f af4f01f9d6460000
0x000070000b235368:   00007ff4d18ab000 0000000000000000
0x000070000b235378:   000000010ac84ad0 00007ff83618c78a
0x000070000b235388:   0000600003fc54d0 000070000b2353b0
0x000070000b235398:   00007ff81b80c160 af4f01f9d6460063
0x000070000b2353a8:   00007ff4d18ab0b8 000070000b2353d0
0x000070000b2353b8:   00007ff81b9f80ec af4f01f9d6460063
0x000070000b2353c8:   000000010ac84ad8 000070000b235410
0x000070000b2353d8:   00007ff81c85792d 000070000b235410
0x000070000b2353e8:   000000012d605804 af4f01f9d6460063
0x000070000b2353f8:   000000010ac84ad8 000070000b2354a0
0x000070000b235408:   00007ff4d1808a00 000070000b235478
0x000070000b235418:   0000000112d4e53a 000000010ac83b58
0x000070000b235428:   0000000112d4e276 000070000b235430
0x000070000b235438:   000000010ac84ad0 000070000b2354a0
0x000070000b235448:   000000010ac85048 0000000000000000
0x000070000b235458:   0000000787a7ae68 000000010ac84ad8
0x000070000b235468:   0000000000000000 000070000b235498
0x000070000b235478:   000070000b2354f0 0000000112d4a42b
0x000070000b235488:   0000000787a7ae68 0000000112d4bf78
0x000070000b235498:   0000000787a84090 0000000787a0fb70
0x000070000b2354a8:   000070000b2354a8 000000010ac849d7
0x000070000b2354b8:   000070000b235520 000000010ac85048
0x000070000b2354c8:   0000000000000000 0000000787a7ae68
0x000070000b2354d8:   000000010ac84a48 000070000b235498
0x000070000b2354e8:   000070000b235510 000070000b235580
0x000070000b2354f8:   0000000112d4a88f 0000000000000000
0x000070000b235508:   0000000787a0fb70 0000000787a84090
0x000070000b235518:   0000000787a0fab0 0000000787a7af90
0x000070000b235528:   0000000000000001 0000000787a7afa0
0x000070000b235538:   000070000b235528 000000010ac82356
0x000070000b235548:   000070000b235590 000000010ac831f0 

Instructions: (pc=0x00007ff81b80ac4f)
0x00007ff81b80ab4f:   4a 18 48 8b 0d f0 45 92 41 48 89 4a 20 b9 05 00
0x00007ff81b80ab5f:   00 00 48 89 df 48 89 c6 e8 3d a7 01 00 84 c0 75
0x00007ff81b80ab6f:   23 66 f0 41 81 4e 1c 00 80 48 8b 05 f9 e1 e6 3f
0x00007ff81b80ab7f:   48 8b 00 48 3b 45 e0 75 2c 48 83 c4 48 5b 41 5e
0x00007ff81b80ab8f:   41 5f 5d c3 31 c0 80 3d 10 58 92 41 00 74 da 0f
0x00007ff81b80ab9f:   b6 d0 4c 89 f7 be 02 00 00 00 e8 b8 e9 01 00 eb
0x00007ff81b80abaf:   c8 b0 01 eb e1 e8 9b f4 01 00 90 90 90 90 90 90
0x00007ff81b80abbf:   e9 0c 00 00 00 90 90 90 90 90 90 90 90 90 90 90
0x00007ff81b80abcf:   90 40 f6 c7 01 75 4e 48 8b 07 a8 01 74 34 48 b9
0x00007ff81b80abdf:   00 00 00 00 00 00 00 01 48 89 c2 48 c1 ea 37 74
0x00007ff81b80abef:   34 48 89 c2 48 01 ca 72 12 f0 48 0f b1 17 74 25
0x00007ff81b80abff:   a8 01 75 e4 31 f6 e9 7c d7 01 00 31 f6 e9 eb 86
0x00007ff81b80ac0f:   00 00 48 b9 f8 ff ff ff ff 7f 00 00 48 21 c8 f6
0x00007ff81b80ac1f:   40 1c 01 74 df 48 89 f8 c3 90 90 90 90 90 90 90
0x00007ff81b80ac2f:   90 48 85 ff 74 76 89 f8 83 e0 01 48 85 c0 75 6c
0x00007ff81b80ac3f:   48 8b 07 48 b9 f8 ff ff ff ff 7f 00 00 48 21 c1
0x00007ff81b80ac4f:   48 8b 51 20 f6 c2 04 74 54 a8 01 74 6f 48 b9 00
0x00007ff81b80ac5f:   00 00 00 00 00 80 00 48 ba 00 00 00 00 00 00 00
0x00007ff81b80ac6f:   01 48 39 c8 72 36 48 89 c6 48 29 d6 72 17 f0 48
0x00007ff81b80ac7f:   0f b1 37 74 22 a8 01 75 e8 31 f6 ba 01 00 00 00
0x00007ff81b80ac8f:   e9 82 d3 01 00 48 85 c8 75 3a 48 8b 35 18 45 92
0x00007ff81b80ac9f:   41 ff 25 f2 e2 e6 3f 48 39 ce 72 ee c3 f6 c2 02
0x00007ff81b80acaf:   74 0d 66 83 79 1c 00 79 06 f6 41 28 02 75 1f 48
0x00007ff81b80acbf:   8b 35 13 44 92 41 ff 25 cd e2 e6 3f f6 41 1c 01
0x00007ff81b80accf:   74 b7 eb d8 be 01 00 00 00 e9 05 a8 00 00 48 8b
0x00007ff81b80acdf:   05 d4 fa 8d 41 ff e0 e9 04 00 00 00 90 90 90 90
0x00007ff81b80acef:   55 48 89 e5 53 50 48 89 fb f6 c3 01 75 21 48 b8
0x00007ff81b80acff:   07 00 00 00 00 00 a0 00 48 23 03 48 83 f8 01 75
0x00007ff81b80ad0f:   15 48 89 df 48 83 c4 08 5b 5d e9 08 f4 01 00 48
0x00007ff81b80ad1f:   83 c4 08 5b 5d c3 48 89 df e8 0e 00 00 00 eb e1
0x00007ff81b80ad2f:   90 90 90 90 90 90 90 90 90 90 90 90 55 48 89 e5
0x00007ff81b80ad3f:   41 56 53 48 89 fb 48 85 ff 74 78 4c 8b 33 41 f6 


Stack slot to memory mapping:
stack at sp + 0 slots: 0x00007ff81b80f19f: _ZN19AutoreleasePoolPage12releaseUntilEPP11objc_object+0xa7 in /usr/lib/libobjc.A.dylib at 0x00007ff81b802000
stack at sp + 1 slots: 0xaf4f01f9d6460000 is an unknown value
stack at sp + 2 slots: 0x00007ff4d18ab000 points into unknown readable memory: 0x4f545541a1a1a1a1 | a1 a1 a1 a1 41 55 54 4f
stack at sp + 3 slots: 0x0 is NULL
stack at sp + 4 slots: 0x000000010ac84ad0 is pointing into metadata
stack at sp + 5 slots: 0x00007ff83618c78a: <offset 0x1a98a78a> in /usr/lib/libobjc.A.dylib at 0x00007ff81b802000
stack at sp + 6 slots: 0x0000600003fc54d0 points into unknown readable memory: 0x011dfff85cf99ac9 | c9 9a f9 5c f8 ff 1d 01
stack at sp + 7 slots: 0x000070000b2353b0 is pointing into the stack for thread: 0x00007ff4d1808a00


---------------  P R O C E S S  ---------------

Threads class SMR info:
_java_thread_list=0x00006000031f3560, length=17, elements={
0x00007ff4d1808a00, 0x00007ff4d18a7400, 0x00007ff4d18a9c00, 0x00007ff4d18aa800,
0x00007ff4d18a9000, 0x00007ff4d3012000, 0x00007ff4d3012600, 0x00007ff4d2809600,
0x00007ff4d2809c00, 0x00007ff4d100ec00, 0x00007ff4d18a9600, 0x00007ff4d18aea00,
0x00007ff4d2827000, 0x00007ff4d1056400, 0x00007ff4d19c7000, 0x00007ff4d101e200,
0x00007ff4d2a4d000
}

Java Threads: ( => current thread )
=>0x00007ff4d1808a00 JavaThread "main" [_thread_in_native, id=9731, stack(0x000070000b136000,0x000070000b236000)]
  0x00007ff4d18a7400 JavaThread "Reference Handler" daemon [_thread_blocked, id=15107, stack(0x000070000b84b000,0x000070000b94b000)]
  0x00007ff4d18a9c00 JavaThread "Finalizer" daemon [_thread_blocked, id=16387, stack(0x000070000b94e000,0x000070000ba4e000)]
  0x00007ff4d18aa800 JavaThread "Signal Dispatcher" daemon [_thread_blocked, id=22787, stack(0x000070000bb57000,0x000070000bc57000)]
  0x00007ff4d18a9000 JavaThread "Service Thread" daemon [_thread_blocked, id=41987, stack(0x000070000bc5a000,0x000070000bd5a000)]
  0x00007ff4d3012000 JavaThread "Monitor Deflation Thread" daemon [_thread_blocked, id=41475, stack(0x000070000bd5d000,0x000070000be5d000)]
  0x00007ff4d3012600 JavaThread "C2 CompilerThread0" daemon [_thread_blocked, id=23299, stack(0x000070000be60000,0x000070000bf60000)]
  0x00007ff4d2809600 JavaThread "C1 CompilerThread0" daemon [_thread_blocked, id=40963, stack(0x000070000bf63000,0x000070000c063000)]
  0x00007ff4d2809c00 JavaThread "Sweeper thread" daemon [_thread_blocked, id=23555, stack(0x000070000c066000,0x000070000c166000)]
  0x00007ff4d100ec00 JavaThread "Common-Cleaner" daemon [_thread_blocked, id=23811, stack(0x000070000c169000,0x000070000c269000)]
  0x00007ff4d18a9600 JavaThread "Monitor Ctrl-Break" daemon [_thread_in_native, id=24323, stack(0x000070000c26c000,0x000070000c36c000)]
  0x00007ff4d18aea00 JavaThread "Notification Thread" daemon [_thread_blocked, id=24835, stack(0x000070000c36f000,0x000070000c46f000)]
  0x00007ff4d2827000 JavaThread "AppKit Thread" daemon [_thread_in_native, id=259, stack(0x00007ff7b74a8000,0x00007ff7b7ca8000)]
  0x00007ff4d1056400 JavaThread "AWT-Shutdown" [_thread_blocked, id=31771, stack(0x000070000c5f8000,0x000070000c6f8000)]
  0x00007ff4d19c7000 JavaThread "Java2D Disposer" daemon [_thread_blocked, id=53011, stack(0x000070000c884000,0x000070000c984000)]
  0x00007ff4d101e200 JavaThread "Java2D Queue Flusher" daemon [_thread_blocked, id=79111, stack(0x000070000c987000,0x000070000ca87000)]
  0x00007ff4d2a4d000 JavaThread "Attach Listener" daemon [_thread_blocked, id=62223, stack(0x000070000ca8a000,0x000070000cb8a000)]

Other Threads:
  0x00007ff4d200de70 VMThread "VM Thread" [stack: 0x000070000b748000,0x000070000b848000] [id=17155]
  0x00007ff4d0f079a0 WatcherThread [stack: 0x000070000c472000,0x000070000c572000] [id=39939]
  0x00007ff4d20072f0 GCTaskThread "GC Thread#0" [stack: 0x000070000b239000,0x000070000b339000] [id=11779]
  0x00007ff4d2007990 ConcurrentGCThread "G1 Main Marker" [stack: 0x000070000b33c000,0x000070000b43c000] [id=12291]
  0x00007ff4d2008210 ConcurrentGCThread "G1 Conc#0" [stack: 0x000070000b43f000,0x000070000b53f000] [id=18691]
  0x00007ff4d2009a70 ConcurrentGCThread "G1 Refine#0" [stack: 0x000070000b542000,0x000070000b642000] [id=18435]
  0x00007ff4d200a300 ConcurrentGCThread "G1 Service" [stack: 0x000070000b645000,0x000070000b745000] [id=13571]

Threads with active compile tasks:

VM state: not at safepoint (normal execution)

VM Mutex/Monitor currently owned by a thread: None

Heap address: 0x0000000780000000, size: 2048 MB, Compressed Oops mode: Zero based, Oop shift amount: 3

CDS archive(s) mapped at: [0x0000000800000000-0x0000000800bcd000-0x0000000800bcd000), size 12374016, SharedBaseAddress: 0x0000000800000000, ArchiveRelocationMode: 0.
Compressed class space mapped at: 0x0000000800c00000-0x0000000840c00000, reserved size: 1073741824
Narrow klass base: 0x0000000800000000, Narrow klass shift: 0, Narrow klass range: 0x100000000

GC Precious Log:
 CPUs: 4 total, 4 available
 Memory: 8192M
 Large Page Support: Disabled
 NUMA Support: Disabled
 Compressed Oops: Enabled (Zero based)
 Heap Region Size: 1M
 Heap Min Capacity: 8M
 Heap Initial Capacity: 128M
 Heap Max Capacity: 2G
 Pre-touch: Disabled
 Parallel Workers: 4
 Concurrent Workers: 1
 Concurrent Refinement Workers: 4
 Periodic GC: Disabled

Heap:
 garbage-first heap   total 133120K, used 6096K [0x0000000780000000, 0x0000000800000000)
  region size 1024K, 6 young (6144K), 0 survivors (0K)
 Metaspace       used 5580K, committed 5760K, reserved 1056768K
  class space    used 560K, committed 640K, reserved 1048576K

Heap Regions: E=young(eden), S=young(survivor), O=old, HS=humongous(starts), HC=humongous(continues), CS=collection set, F=free, OA=open archive, CA=closed archive, TAMS=top-at-mark-start (previous, next)
|   0|0x0000000780000000, 0x0000000780000000, 0x0000000780100000|  0%| F|  |TAMS 0x0000000780000000, 0x0000000780000000| Untracked 
|   1|0x0000000780100000, 0x0000000780100000, 0x0000000780200000|  0%| F|  |TAMS 0x0000000780100000, 0x0000000780100000| Untracked 
|   2|0x0000000780200000, 0x0000000780200000, 0x0000000780300000|  0%| F|  |TAMS 0x0000000780200000, 0x0000000780200000| Untracked 
|   3|0x0000000780300000, 0x0000000780300000, 0x0000000780400000|  0%| F|  |TAMS 0x0000000780300000, 0x0000000780300000| Untracked 
|   4|0x0000000780400000, 0x0000000780400000, 0x0000000780500000|  0%| F|  |TAMS 0x0000000780400000, 0x0000000780400000| Untracked 
|   5|0x0000000780500000, 0x0000000780500000, 0x0000000780600000|  0%| F|  |TAMS 0x0000000780500000, 0x0000000780500000| Untracked 
|   6|0x0000000780600000, 0x0000000780600000, 0x0000000780700000|  0%| F|  |TAMS 0x0000000780600000, 0x0000000780600000| Untracked 
|   7|0x0000000780700000, 0x0000000780700000, 0x0000000780800000|  0%| F|  |TAMS 0x0000000780700000, 0x0000000780700000| Untracked 
|   8|0x0000000780800000, 0x0000000780800000, 0x0000000780900000|  0%| F|  |TAMS 0x0000000780800000, 0x0000000780800000| Untracked 
|   9|0x0000000780900000, 0x0000000780900000, 0x0000000780a00000|  0%| F|  |TAMS 0x0000000780900000, 0x0000000780900000| Untracked 
|  10|0x0000000780a00000, 0x0000000780a00000, 0x0000000780b00000|  0%| F|  |TAMS 0x0000000780a00000, 0x0000000780a00000| Untracked 
|  11|0x0000000780b00000, 0x0000000780b00000, 0x0000000780c00000|  0%| F|  |TAMS 0x0000000780b00000, 0x0000000780b00000| Untracked 
|  12|0x0000000780c00000, 0x0000000780c00000, 0x0000000780d00000|  0%| F|  |TAMS 0x0000000780c00000, 0x0000000780c00000| Untracked 
|  13|0x0000000780d00000, 0x0000000780d00000, 0x0000000780e00000|  0%| F|  |TAMS 0x0000000780d00000, 0x0000000780d00000| Untracked 
|  14|0x0000000780e00000, 0x0000000780e00000, 0x0000000780f00000|  0%| F|  |TAMS 0x0000000780e00000, 0x0000000780e00000| Untracked 
|  15|0x0000000780f00000, 0x0000000780f00000, 0x0000000781000000|  0%| F|  |TAMS 0x0000000780f00000, 0x0000000780f00000| Untracked 
|  16|0x0000000781000000, 0x0000000781000000, 0x0000000781100000|  0%| F|  |TAMS 0x0000000781000000, 0x0000000781000000| Untracked 
|  17|0x0000000781100000, 0x0000000781100000, 0x0000000781200000|  0%| F|  |TAMS 0x0000000781100000, 0x0000000781100000| Untracked 
|  18|0x0000000781200000, 0x0000000781200000, 0x0000000781300000|  0%| F|  |TAMS 0x0000000781200000, 0x0000000781200000| Untracked 
|  19|0x0000000781300000, 0x0000000781300000, 0x0000000781400000|  0%| F|  |TAMS 0x0000000781300000, 0x0000000781300000| Untracked 
|  20|0x0000000781400000, 0x0000000781400000, 0x0000000781500000|  0%| F|  |TAMS 0x0000000781400000, 0x0000000781400000| Untracked 
|  21|0x0000000781500000, 0x0000000781500000, 0x0000000781600000|  0%| F|  |TAMS 0x0000000781500000, 0x0000000781500000| Untracked 
|  22|0x0000000781600000, 0x0000000781600000, 0x0000000781700000|  0%| F|  |TAMS 0x0000000781600000, 0x0000000781600000| Untracked 
|  23|0x0000000781700000, 0x0000000781700000, 0x0000000781800000|  0%| F|  |TAMS 0x0000000781700000, 0x0000000781700000| Untracked 
|  24|0x0000000781800000, 0x0000000781800000, 0x0000000781900000|  0%| F|  |TAMS 0x0000000781800000, 0x0000000781800000| Untracked 
|  25|0x0000000781900000, 0x0000000781900000, 0x0000000781a00000|  0%| F|  |TAMS 0x0000000781900000, 0x0000000781900000| Untracked 
|  26|0x0000000781a00000, 0x0000000781a00000, 0x0000000781b00000|  0%| F|  |TAMS 0x0000000781a00000, 0x0000000781a00000| Untracked 
|  27|0x0000000781b00000, 0x0000000781b00000, 0x0000000781c00000|  0%| F|  |TAMS 0x0000000781b00000, 0x0000000781b00000| Untracked 
|  28|0x0000000781c00000, 0x0000000781c00000, 0x0000000781d00000|  0%| F|  |TAMS 0x0000000781c00000, 0x0000000781c00000| Untracked 
|  29|0x0000000781d00000, 0x0000000781d00000, 0x0000000781e00000|  0%| F|  |TAMS 0x0000000781d00000, 0x0000000781d00000| Untracked 
|  30|0x0000000781e00000, 0x0000000781e00000, 0x0000000781f00000|  0%| F|  |TAMS 0x0000000781e00000, 0x0000000781e00000| Untracked 
|  31|0x0000000781f00000, 0x0000000781f00000, 0x0000000782000000|  0%| F|  |TAMS 0x0000000781f00000, 0x0000000781f00000| Untracked 
|  32|0x0000000782000000, 0x0000000782000000, 0x0000000782100000|  0%| F|  |TAMS 0x0000000782000000, 0x0000000782000000| Untracked 
|  33|0x0000000782100000, 0x0000000782100000, 0x0000000782200000|  0%| F|  |TAMS 0x0000000782100000, 0x0000000782100000| Untracked 
|  34|0x0000000782200000, 0x0000000782200000, 0x0000000782300000|  0%| F|  |TAMS 0x0000000782200000, 0x0000000782200000| Untracked 
|  35|0x0000000782300000, 0x0000000782300000, 0x0000000782400000|  0%| F|  |TAMS 0x0000000782300000, 0x0000000782300000| Untracked 
|  36|0x0000000782400000, 0x0000000782400000, 0x0000000782500000|  0%| F|  |TAMS 0x0000000782400000, 0x0000000782400000| Untracked 
|  37|0x0000000782500000, 0x0000000782500000, 0x0000000782600000|  0%| F|  |TAMS 0x0000000782500000, 0x0000000782500000| Untracked 
|  38|0x0000000782600000, 0x0000000782600000, 0x0000000782700000|  0%| F|  |TAMS 0x0000000782600000, 0x0000000782600000| Untracked 
|  39|0x0000000782700000, 0x0000000782700000, 0x0000000782800000|  0%| F|  |TAMS 0x0000000782700000, 0x0000000782700000| Untracked 
|  40|0x0000000782800000, 0x0000000782800000, 0x0000000782900000|  0%| F|  |TAMS 0x0000000782800000, 0x0000000782800000| Untracked 
|  41|0x0000000782900000, 0x0000000782900000, 0x0000000782a00000|  0%| F|  |TAMS 0x0000000782900000, 0x0000000782900000| Untracked 
|  42|0x0000000782a00000, 0x0000000782a00000, 0x0000000782b00000|  0%| F|  |TAMS 0x0000000782a00000, 0x0000000782a00000| Untracked 
|  43|0x0000000782b00000, 0x0000000782b00000, 0x0000000782c00000|  0%| F|  |TAMS 0x0000000782b00000, 0x0000000782b00000| Untracked 
|  44|0x0000000782c00000, 0x0000000782c00000, 0x0000000782d00000|  0%| F|  |TAMS 0x0000000782c00000, 0x0000000782c00000| Untracked 
|  45|0x0000000782d00000, 0x0000000782d00000, 0x0000000782e00000|  0%| F|  |TAMS 0x0000000782d00000, 0x0000000782d00000| Untracked 
|  46|0x0000000782e00000, 0x0000000782e00000, 0x0000000782f00000|  0%| F|  |TAMS 0x0000000782e00000, 0x0000000782e00000| Untracked 
|  47|0x0000000782f00000, 0x0000000782f00000, 0x0000000783000000|  0%| F|  |TAMS 0x0000000782f00000, 0x0000000782f00000| Untracked 
|  48|0x0000000783000000, 0x0000000783000000, 0x0000000783100000|  0%| F|  |TAMS 0x0000000783000000, 0x0000000783000000| Untracked 
|  49|0x0000000783100000, 0x0000000783100000, 0x0000000783200000|  0%| F|  |TAMS 0x0000000783100000, 0x0000000783100000| Untracked 
|  50|0x0000000783200000, 0x0000000783200000, 0x0000000783300000|  0%| F|  |TAMS 0x0000000783200000, 0x0000000783200000| Untracked 
|  51|0x0000000783300000, 0x0000000783300000, 0x0000000783400000|  0%| F|  |TAMS 0x0000000783300000, 0x0000000783300000| Untracked 
|  52|0x0000000783400000, 0x0000000783400000, 0x0000000783500000|  0%| F|  |TAMS 0x0000000783400000, 0x0000000783400000| Untracked 
|  53|0x0000000783500000, 0x0000000783500000, 0x0000000783600000|  0%| F|  |TAMS 0x0000000783500000, 0x0000000783500000| Untracked 
|  54|0x0000000783600000, 0x0000000783600000, 0x0000000783700000|  0%| F|  |TAMS 0x0000000783600000, 0x0000000783600000| Untracked 
|  55|0x0000000783700000, 0x0000000783700000, 0x0000000783800000|  0%| F|  |TAMS 0x0000000783700000, 0x0000000783700000| Untracked 
|  56|0x0000000783800000, 0x0000000783800000, 0x0000000783900000|  0%| F|  |TAMS 0x0000000783800000, 0x0000000783800000| Untracked 
|  57|0x0000000783900000, 0x0000000783900000, 0x0000000783a00000|  0%| F|  |TAMS 0x0000000783900000, 0x0000000783900000| Untracked 
|  58|0x0000000783a00000, 0x0000000783a00000, 0x0000000783b00000|  0%| F|  |TAMS 0x0000000783a00000, 0x0000000783a00000| Untracked 
|  59|0x0000000783b00000, 0x0000000783b00000, 0x0000000783c00000|  0%| F|  |TAMS 0x0000000783b00000, 0x0000000783b00000| Untracked 
|  60|0x0000000783c00000, 0x0000000783c00000, 0x0000000783d00000|  0%| F|  |TAMS 0x0000000783c00000, 0x0000000783c00000| Untracked 
|  61|0x0000000783d00000, 0x0000000783d00000, 0x0000000783e00000|  0%| F|  |TAMS 0x0000000783d00000, 0x0000000783d00000| Untracked 
|  62|0x0000000783e00000, 0x0000000783e00000, 0x0000000783f00000|  0%| F|  |TAMS 0x0000000783e00000, 0x0000000783e00000| Untracked 
|  63|0x0000000783f00000, 0x0000000783f00000, 0x0000000784000000|  0%| F|  |TAMS 0x0000000783f00000, 0x0000000783f00000| Untracked 
|  64|0x0000000784000000, 0x0000000784000000, 0x0000000784100000|  0%| F|  |TAMS 0x0000000784000000, 0x0000000784000000| Untracked 
|  65|0x0000000784100000, 0x0000000784100000, 0x0000000784200000|  0%| F|  |TAMS 0x0000000784100000, 0x0000000784100000| Untracked 
|  66|0x0000000784200000, 0x0000000784200000, 0x0000000784300000|  0%| F|  |TAMS 0x0000000784200000, 0x0000000784200000| Untracked 
|  67|0x0000000784300000, 0x0000000784300000, 0x0000000784400000|  0%| F|  |TAMS 0x0000000784300000, 0x0000000784300000| Untracked 
|  68|0x0000000784400000, 0x0000000784400000, 0x0000000784500000|  0%| F|  |TAMS 0x0000000784400000, 0x0000000784400000| Untracked 
|  69|0x0000000784500000, 0x0000000784500000, 0x0000000784600000|  0%| F|  |TAMS 0x0000000784500000, 0x0000000784500000| Untracked 
|  70|0x0000000784600000, 0x0000000784600000, 0x0000000784700000|  0%| F|  |TAMS 0x0000000784600000, 0x0000000784600000| Untracked 
|  71|0x0000000784700000, 0x0000000784700000, 0x0000000784800000|  0%| F|  |TAMS 0x0000000784700000, 0x0000000784700000| Untracked 
|  72|0x0000000784800000, 0x0000000784800000, 0x0000000784900000|  0%| F|  |TAMS 0x0000000784800000, 0x0000000784800000| Untracked 
|  73|0x0000000784900000, 0x0000000784900000, 0x0000000784a00000|  0%| F|  |TAMS 0x0000000784900000, 0x0000000784900000| Untracked 
|  74|0x0000000784a00000, 0x0000000784a00000, 0x0000000784b00000|  0%| F|  |TAMS 0x0000000784a00000, 0x0000000784a00000| Untracked 
|  75|0x0000000784b00000, 0x0000000784b00000, 0x0000000784c00000|  0%| F|  |TAMS 0x0000000784b00000, 0x0000000784b00000| Untracked 
|  76|0x0000000784c00000, 0x0000000784c00000, 0x0000000784d00000|  0%| F|  |TAMS 0x0000000784c00000, 0x0000000784c00000| Untracked 
|  77|0x0000000784d00000, 0x0000000784d00000, 0x0000000784e00000|  0%| F|  |TAMS 0x0000000784d00000, 0x0000000784d00000| Untracked 
|  78|0x0000000784e00000, 0x0000000784e00000, 0x0000000784f00000|  0%| F|  |TAMS 0x0000000784e00000, 0x0000000784e00000| Untracked 
|  79|0x0000000784f00000, 0x0000000784f00000, 0x0000000785000000|  0%| F|  |TAMS 0x0000000784f00000, 0x0000000784f00000| Untracked 
|  80|0x0000000785000000, 0x0000000785000000, 0x0000000785100000|  0%| F|  |TAMS 0x0000000785000000, 0x0000000785000000| Untracked 
|  81|0x0000000785100000, 0x0000000785100000, 0x0000000785200000|  0%| F|  |TAMS 0x0000000785100000, 0x0000000785100000| Untracked 
|  82|0x0000000785200000, 0x0000000785200000, 0x0000000785300000|  0%| F|  |TAMS 0x0000000785200000, 0x0000000785200000| Untracked 
|  83|0x0000000785300000, 0x0000000785300000, 0x0000000785400000|  0%| F|  |TAMS 0x0000000785300000, 0x0000000785300000| Untracked 
|  84|0x0000000785400000, 0x0000000785400000, 0x0000000785500000|  0%| F|  |TAMS 0x0000000785400000, 0x0000000785400000| Untracked 
|  85|0x0000000785500000, 0x0000000785500000, 0x0000000785600000|  0%| F|  |TAMS 0x0000000785500000, 0x0000000785500000| Untracked 
|  86|0x0000000785600000, 0x0000000785600000, 0x0000000785700000|  0%| F|  |TAMS 0x0000000785600000, 0x0000000785600000| Untracked 
|  87|0x0000000785700000, 0x0000000785700000, 0x0000000785800000|  0%| F|  |TAMS 0x0000000785700000, 0x0000000785700000| Untracked 
|  88|0x0000000785800000, 0x0000000785800000, 0x0000000785900000|  0%| F|  |TAMS 0x0000000785800000, 0x0000000785800000| Untracked 
|  89|0x0000000785900000, 0x0000000785900000, 0x0000000785a00000|  0%| F|  |TAMS 0x0000000785900000, 0x0000000785900000| Untracked 
|  90|0x0000000785a00000, 0x0000000785a00000, 0x0000000785b00000|  0%| F|  |TAMS 0x0000000785a00000, 0x0000000785a00000| Untracked 
|  91|0x0000000785b00000, 0x0000000785b00000, 0x0000000785c00000|  0%| F|  |TAMS 0x0000000785b00000, 0x0000000785b00000| Untracked 
|  92|0x0000000785c00000, 0x0000000785c00000, 0x0000000785d00000|  0%| F|  |TAMS 0x0000000785c00000, 0x0000000785c00000| Untracked 
|  93|0x0000000785d00000, 0x0000000785d00000, 0x0000000785e00000|  0%| F|  |TAMS 0x0000000785d00000, 0x0000000785d00000| Untracked 
|  94|0x0000000785e00000, 0x0000000785e00000, 0x0000000785f00000|  0%| F|  |TAMS 0x0000000785e00000, 0x0000000785e00000| Untracked 
|  95|0x0000000785f00000, 0x0000000785f00000, 0x0000000786000000|  0%| F|  |TAMS 0x0000000785f00000, 0x0000000785f00000| Untracked 
|  96|0x0000000786000000, 0x0000000786000000, 0x0000000786100000|  0%| F|  |TAMS 0x0000000786000000, 0x0000000786000000| Untracked 
|  97|0x0000000786100000, 0x0000000786100000, 0x0000000786200000|  0%| F|  |TAMS 0x0000000786100000, 0x0000000786100000| Untracked 
|  98|0x0000000786200000, 0x0000000786200000, 0x0000000786300000|  0%| F|  |TAMS 0x0000000786200000, 0x0000000786200000| Untracked 
|  99|0x0000000786300000, 0x0000000786300000, 0x0000000786400000|  0%| F|  |TAMS 0x0000000786300000, 0x0000000786300000| Untracked 
| 100|0x0000000786400000, 0x0000000786400000, 0x0000000786500000|  0%| F|  |TAMS 0x0000000786400000, 0x0000000786400000| Untracked 
| 101|0x0000000786500000, 0x0000000786500000, 0x0000000786600000|  0%| F|  |TAMS 0x0000000786500000, 0x0000000786500000| Untracked 
| 102|0x0000000786600000, 0x0000000786600000, 0x0000000786700000|  0%| F|  |TAMS 0x0000000786600000, 0x0000000786600000| Untracked 
| 103|0x0000000786700000, 0x0000000786700000, 0x0000000786800000|  0%| F|  |TAMS 0x0000000786700000, 0x0000000786700000| Untracked 
| 104|0x0000000786800000, 0x0000000786800000, 0x0000000786900000|  0%| F|  |TAMS 0x0000000786800000, 0x0000000786800000| Untracked 
| 105|0x0000000786900000, 0x0000000786900000, 0x0000000786a00000|  0%| F|  |TAMS 0x0000000786900000, 0x0000000786900000| Untracked 
| 106|0x0000000786a00000, 0x0000000786a00000, 0x0000000786b00000|  0%| F|  |TAMS 0x0000000786a00000, 0x0000000786a00000| Untracked 
| 107|0x0000000786b00000, 0x0000000786b00000, 0x0000000786c00000|  0%| F|  |TAMS 0x0000000786b00000, 0x0000000786b00000| Untracked 
| 108|0x0000000786c00000, 0x0000000786c00000, 0x0000000786d00000|  0%| F|  |TAMS 0x0000000786c00000, 0x0000000786c00000| Untracked 
| 109|0x0000000786d00000, 0x0000000786d00000, 0x0000000786e00000|  0%| F|  |TAMS 0x0000000786d00000, 0x0000000786d00000| Untracked 
| 110|0x0000000786e00000, 0x0000000786e00000, 0x0000000786f00000|  0%| F|  |TAMS 0x0000000786e00000, 0x0000000786e00000| Untracked 
| 111|0x0000000786f00000, 0x0000000786f00000, 0x0000000787000000|  0%| F|  |TAMS 0x0000000786f00000, 0x0000000786f00000| Untracked 
| 112|0x0000000787000000, 0x0000000787000000, 0x0000000787100000|  0%| F|  |TAMS 0x0000000787000000, 0x0000000787000000| Untracked 
| 113|0x0000000787100000, 0x0000000787100000, 0x0000000787200000|  0%| F|  |TAMS 0x0000000787100000, 0x0000000787100000| Untracked 
| 114|0x0000000787200000, 0x0000000787200000, 0x0000000787300000|  0%| F|  |TAMS 0x0000000787200000, 0x0000000787200000| Untracked 
| 115|0x0000000787300000, 0x0000000787300000, 0x0000000787400000|  0%| F|  |TAMS 0x0000000787300000, 0x0000000787300000| Untracked 
| 116|0x0000000787400000, 0x0000000787400000, 0x0000000787500000|  0%| F|  |TAMS 0x0000000787400000, 0x0000000787400000| Untracked 
| 117|0x0000000787500000, 0x0000000787500000, 0x0000000787600000|  0%| F|  |TAMS 0x0000000787500000, 0x0000000787500000| Untracked 
| 118|0x0000000787600000, 0x0000000787600000, 0x0000000787700000|  0%| F|  |TAMS 0x0000000787600000, 0x0000000787600000| Untracked 
| 119|0x0000000787700000, 0x0000000787700000, 0x0000000787800000|  0%| F|  |TAMS 0x0000000787700000, 0x0000000787700000| Untracked 
| 120|0x0000000787800000, 0x0000000787800000, 0x0000000787900000|  0%| F|  |TAMS 0x0000000787800000, 0x0000000787800000| Untracked 
| 121|0x0000000787900000, 0x0000000787900000, 0x0000000787a00000|  0%| F|  |TAMS 0x0000000787900000, 0x0000000787900000| Untracked 
| 122|0x0000000787a00000, 0x0000000787ac8348, 0x0000000787b00000| 78%| E|  |TAMS 0x0000000787a00000, 0x0000000787a00000| Complete 
| 123|0x0000000787b00000, 0x0000000787c00000, 0x0000000787c00000|100%| E|CS|TAMS 0x0000000787b00000, 0x0000000787b00000| Complete 
| 124|0x0000000787c00000, 0x0000000787d00000, 0x0000000787d00000|100%| E|CS|TAMS 0x0000000787c00000, 0x0000000787c00000| Complete 
| 125|0x0000000787d00000, 0x0000000787e00000, 0x0000000787e00000|100%| E|CS|TAMS 0x0000000787d00000, 0x0000000787d00000| Complete 
| 126|0x0000000787e00000, 0x0000000787f00000, 0x0000000787f00000|100%| E|CS|TAMS 0x0000000787e00000, 0x0000000787e00000| Complete 
| 127|0x0000000787f00000, 0x0000000788000000, 0x0000000788000000|100%| E|CS|TAMS 0x0000000787f00000, 0x0000000787f00000| Complete 
|2046|0x00000007ffe00000, 0x00000007ffe75000, 0x00000007fff00000| 45%|OA|  |TAMS 0x00000007ffe00000, 0x00000007ffe00000| Untracked 
|2047|0x00000007fff00000, 0x00000007fff7f000, 0x0000000800000000| 49%|CA|  |TAMS 0x00000007fff00000, 0x00000007fff00000| Untracked 

Card table byte_map: [0x0000000108a3e000,0x0000000108e3e000] _byte_map_base: 0x0000000104e3e000

Marking Bits (Prev, Next): (CMBitMap*) 0x00007ff4d182a810, (CMBitMap*) 0x00007ff4d182a850
 Prev Bits: [0x0000000121d41000, 0x0000000123d41000)
 Next Bits: [0x0000000123d41000, 0x0000000125d41000)

Polling page: 0x0000000108374000

Metaspace:

Usage:
  Non-class:      4.90 MB used.
      Class:    560.13 KB used.
       Both:      5.45 MB used.

Virtual space:
  Non-class space:        8.00 MB reserved,       5.00 MB ( 62%) committed,  1 nodes.
      Class space:        1.00 GB reserved,     640.00 KB ( <1%) committed,  1 nodes.
             Both:        1.01 GB reserved,       5.62 MB ( <1%) committed. 

Chunk freelists:
   Non-Class:  2.45 MB
       Class:  3.23 MB
        Both:  5.69 MB

MaxMetaspaceSize: unlimited
CompressedClassSpaceSize: 1.00 GB
Initial GC threshold: 21.00 MB
Current GC threshold: 21.00 MB
CDS: on
MetaspaceReclaimPolicy: balanced
 - commit_granule_bytes: 65536.
 - commit_granule_words: 8192.
 - virtual_space_node_default_size: 1048576.
 - enlarge_chunks_in_place: 1.
 - new_chunks_are_fully_committed: 0.
 - uncommit_free_chunks: 1.
 - use_allocation_guard: 0.
 - handle_deallocations: 1.


Internal statistics:

num_allocs_failed_limit: 0.
num_arena_births: 62.
num_arena_deaths: 0.
num_vsnodes_births: 2.
num_vsnodes_deaths: 0.
num_space_committed: 90.
num_space_uncommitted: 0.
num_chunks_returned_to_freelist: 0.
num_chunks_taken_from_freelist: 112.
num_chunk_merges: 0.
num_chunk_splits: 65.
num_chunks_enlarged: 33.
num_purges: 0.
num_inconsistent_stats: 0.

CodeHeap 'non-profiled nmethods': size=120032Kb used=183Kb max_used=183Kb free=119848Kb
 bounds [0x000000011a809000, 0x000000011aa79000, 0x0000000121d41000]
CodeHeap 'profiled nmethods': size=120028Kb used=864Kb max_used=864Kb free=119163Kb
 bounds [0x00000001132d2000, 0x0000000113542000, 0x000000011a809000]
CodeHeap 'non-nmethods': size=5700Kb used=1225Kb max_used=1233Kb free=4474Kb
 bounds [0x0000000112d41000, 0x0000000112fb1000, 0x00000001132d2000]
 total_blobs=1146 nmethods=605 adapters=455
 compilation: enabled
              stopped_count=0, restarted_count=0
 full_count=0

Compilation events (20 events):
Event: 0.985 Thread 0x00007ff4d2809600  593       1       java.lang.reflect.Field::getRoot (5 bytes)
Event: 0.985 Thread 0x00007ff4d2809600 nmethod 593 0x000000011a836290 code [0x000000011a836420, 0x000000011a8364f0]
Event: 0.986 Thread 0x00007ff4d2809600  595       3       java.lang.String::toLowerCase (8 bytes)
Event: 0.986 Thread 0x00007ff4d2809600 nmethod 595 0x00000001133a5b90 code [0x00000001133a5d80, 0x00000001133a60f0]
Event: 0.988 Thread 0x00007ff4d2809600  596       3       java.nio.Buffer::remaining (20 bytes)
Event: 0.988 Thread 0x00007ff4d2809600 nmethod 596 0x00000001133a6210 code [0x00000001133a63c0, 0x00000001133a6550]
Event: 0.988 Thread 0x00007ff4d2809600  597       3       java.util.WeakHashMap::getTable (9 bytes)
Event: 0.989 Thread 0x00007ff4d2809600 nmethod 597 0x00000001133a6610 code [0x00000001133a67c0, 0x00000001133a6900]
Event: 0.989 Thread 0x00007ff4d2809600  598   !   3       java.util.WeakHashMap::expungeStaleEntries (139 bytes)
Event: 0.989 Thread 0x00007ff4d2809600 nmethod 598 0x00000001133a6990 code [0x00000001133a6ba0, 0x00000001133a75e0]
Event: 0.989 Thread 0x00007ff4d2809600  599       3       java.util.WeakHashMap::indexFor (6 bytes)
Event: 0.989 Thread 0x00007ff4d2809600 nmethod 599 0x00000001133a7a90 code [0x00000001133a7c20, 0x00000001133a7d10]
Event: 0.990 Thread 0x00007ff4d2809600  601   !   3       java.util.zip.ZipFile$ZipFileInputStream::close (59 bytes)
Event: 0.990 Thread 0x00007ff4d2809600 nmethod 601 0x00000001133a7d90 code [0x00000001133a7f60, 0x00000001133a82e0]
Event: 0.991 Thread 0x00007ff4d2809600  602       3       jdk.internal.ref.PhantomCleanable::<init> (49 bytes)
Event: 0.992 Thread 0x00007ff4d2809600 nmethod 602 0x00000001133a8510 code [0x00000001133a8760, 0x00000001133a92b0]
Event: 0.992 Thread 0x00007ff4d2809600  603   !   3       jdk.internal.ref.PhantomCleanable::insert (53 bytes)
Event: 0.992 Thread 0x00007ff4d2809600 nmethod 603 0x00000001133a9610 code [0x00000001133a97c0, 0x00000001133a9b50]
Event: 0.994 Thread 0x00007ff4d2809600  604       3       jdk.internal.loader.NativeLibraries$NativeLibraryImpl::find (6 bytes)
Event: 0.994 Thread 0x00007ff4d2809600 nmethod 604 0x00000001133a9d10 code [0x00000001133a9ec0, 0x00000001133a9fe0]

GC Heap History (0 events):
No events

Deoptimization events (8 events):
Event: 0.105 Thread 0x00007ff4d1808a00 Uncommon trap: trap_request=0xfffffff4 fr.pc=0x000000011a814c50 relative=0x00000000000001b0
Event: 0.105 Thread 0x00007ff4d1808a00 Uncommon trap: reason=null_check action=make_not_entrant pc=0x000000011a814c50 method=java.lang.String.equals(Ljava/lang/Object;)Z @ 8 c2
Event: 0.105 Thread 0x00007ff4d1808a00 DEOPT PACKING pc=0x000000011a814c50 sp=0x000070000b234670
Event: 0.105 Thread 0x00007ff4d1808a00 DEOPT UNPACKING pc=0x0000000112d93099 sp=0x000070000b234638 mode 2
Event: 0.750 Thread 0x00007ff4d1808a00 Uncommon trap: trap_request=0xffffff45 fr.pc=0x000000011a829864 relative=0x00000000000008e4
Event: 0.750 Thread 0x00007ff4d1808a00 Uncommon trap: reason=unstable_if action=reinterpret pc=0x000000011a829864 method=java.util.HashMap.putVal(ILjava/lang/Object;Ljava/lang/Object;ZZ)Ljava/lang/Object; @ 181 c2
Event: 0.750 Thread 0x00007ff4d1808a00 DEOPT PACKING pc=0x000000011a829864 sp=0x000070000b234bd0
Event: 0.750 Thread 0x00007ff4d1808a00 DEOPT UNPACKING pc=0x0000000112d93099 sp=0x000070000b234b70 mode 2

Classes unloaded (0 events):
No events

Classes redefined (0 events):
No events

Internal exceptions (8 events):
Event: 0.105 Thread 0x00007ff4d1808a00 Implicit null exception at 0x000000011a814ad5 to 0x000000011a814c40
Event: 0.142 Thread 0x00007ff4d18a9600 Exception <a 'java/lang/NoSuchMethodError'{0x0000000787ecd118}: 'java.lang.Object java.lang.invoke.DirectMethodHandle$Holder.invokeStaticInit(java.lang.Object)'> (0x0000000787ecd118) 
thrown [src/hotspot/share/interpreter/linkResolver.cpp, line 766]
Event: 0.155 Thread 0x00007ff4d18a9600 Exception <a 'java/lang/NoSuchMethodError'{0x0000000787edb800}: 'void java.lang.invoke.DirectMethodHandle$Holder.invokeStatic(java.lang.Object, java.lang.Object)'> (0x0000000787edb800) 
thrown [src/hotspot/share/interpreter/linkResolver.cpp, line 766]
Event: 0.175 Thread 0x00007ff4d1808a00 Exception <a 'java/lang/ClassNotFoundException'{0x0000000787da2410}: sun/awt/resources/spi/awtProvider> (0x0000000787da2410) 
thrown [src/hotspot/share/classfile/systemDictionary.cpp, line 256]
Event: 0.204 Thread 0x00007ff4d1808a00 Exception <a 'java/io/FileNotFoundException'{0x0000000787df3c88}> (0x0000000787df3c88) 
thrown [src/hotspot/share/prims/jni.cpp, line 516]
Event: 0.213 Thread 0x00007ff4d1808a00 Exception <a 'java/io/FileNotFoundException'{0x0000000787c210d8}> (0x0000000787c210d8) 
thrown [src/hotspot/share/prims/jni.cpp, line 516]
Event: 0.217 Thread 0x00007ff4d1808a00 Exception <a 'java/lang/ClassNotFoundException'{0x0000000787c24e68}: sun/awt/resources/spi/awtosxProvider> (0x0000000787c24e68) 
thrown [src/hotspot/share/classfile/systemDictionary.cpp, line 256]
Event: 0.586 Thread 0x00007ff4d1808a00 Exception <a 'java/io/FileNotFoundException'{0x0000000787c9ede8}> (0x0000000787c9ede8) 
thrown [src/hotspot/share/prims/jni.cpp, line 516]

VM Operations (6 events):
Event: 0.078 Executing VM operation: HandshakeAllThreads
Event: 0.078 Executing VM operation: HandshakeAllThreads done
Event: 0.140 Executing VM operation: HandshakeAllThreads
Event: 0.140 Executing VM operation: HandshakeAllThreads done
Event: 0.633 Executing VM operation: HandshakeAllThreads
Event: 0.633 Executing VM operation: HandshakeAllThreads done

Events (20 events):
Event: 0.959 loading class sun/nio/cs/UTF_16
Event: 0.959 loading class sun/nio/cs/UTF_16 done
Event: 0.961 loading class sun/misc/Unsafe
Event: 0.961 loading class sun/misc/Unsafe done
Event: 0.962 loading class jdk/internal/reflect/UnsafeFieldAccessorFactory
Event: 0.962 loading class jdk/internal/reflect/UnsafeFieldAccessorFactory done
Event: 0.962 loading class jdk/internal/reflect/UnsafeQualifiedStaticObjectFieldAccessorImpl
Event: 0.963 loading class jdk/internal/reflect/UnsafeQualifiedStaticFieldAccessorImpl
Event: 0.963 loading class jdk/internal/reflect/UnsafeQualifiedStaticFieldAccessorImpl done
Event: 0.963 loading class jdk/internal/reflect/UnsafeQualifiedStaticObjectFieldAccessorImpl done
Event: 0.963 loading class jdk/internal/access/foreign/MemorySegmentProxy
Event: 0.963 loading class jdk/internal/access/foreign/MemorySegmentProxy done
Event: 0.964 loading class java/nio/StringCharBuffer
Event: 0.964 loading class java/nio/StringCharBuffer done
Event: 0.976 loading class java/awt/IllegalComponentStateException
Event: 0.976 loading class java/awt/IllegalComponentStateException done
Event: 0.982 loading class jdk/internal/reflect/UnsafeQualifiedStaticIntegerFieldAccessorImpl
Event: 0.983 loading class jdk/internal/reflect/UnsafeQualifiedStaticIntegerFieldAccessorImpl done
Event: 0.990 loading class java/lang/NumberFormatException
Event: 0.990 loading class java/lang/NumberFormatException done


Dynamic libraries:
0x0000000108377000 	/Users/loule/Library/Java/JavaVirtualMachines/temurin-17/Contents/Home/lib/libjli.dylib
0x00007ff826722000 	/usr/lib/libz.1.dylib
0x00007ff826802000 	/usr/lib/libSystem.B.dylib
0x00007ff8267fd000 	/usr/lib/system/libcache.dylib
0x00007ff8267b9000 	/usr/lib/system/libcommonCrypto.dylib
0x00007ff8267e2000 	/usr/lib/system/libcompiler_rt.dylib
0x00007ff8267d8000 	/usr/lib/system/libcopyfile.dylib
0x00007ff81b6fd000 	/usr/lib/system/libcorecrypto.dylib
0x00007ff81b7bb000 	/usr/lib/system/libdispatch.dylib
0x00007ff81b974000 	/usr/lib/system/libdyld.dylib
0x00007ff8267f4000 	/usr/lib/system/libkeymgr.dylib
0x00007ff826797000 	/usr/lib/system/libmacho.dylib
0x00007ff825e33000 	/usr/lib/system/libquarantine.dylib
0x00007ff8267f2000 	/usr/lib/system/libremovefile.dylib
0x00007ff8208b9000 	/usr/lib/system/libsystem_asl.dylib
0x00007ff81b6ab000 	/usr/lib/system/libsystem_blocks.dylib
0x00007ff81b83f000 	/usr/lib/system/libsystem_c.dylib
0x00007ff8267ea000 	/usr/lib/system/libsystem_collections.dylib
0x00007ff825019000 	/usr/lib/system/libsystem_configuration.dylib
0x00007ff82422d000 	/usr/lib/system/libsystem_containermanager.dylib
0x00007ff8264d8000 	/usr/lib/system/libsystem_coreservices.dylib
0x00007ff81df8f000 	/usr/lib/system/libsystem_darwin.dylib
0x00007ff8267f5000 	/usr/lib/system/libsystem_dnssd.dylib
0x00007ff81b83c000 	/usr/lib/system/libsystem_featureflags.dylib
0x00007ff81b98b000 	/usr/lib/system/libsystem_info.dylib
0x00007ff826735000 	/usr/lib/system/libsystem_m.dylib
0x00007ff81b78f000 	/usr/lib/system/libsystem_malloc.dylib
0x00007ff820856000 	/usr/lib/system/libsystem_networkextension.dylib
0x00007ff81e3b6000 	/usr/lib/system/libsystem_notify.dylib
0x00007ff82cd6c000 	/usr/lib/system/libsystem_product_info_filter.dylib
0x00007ff82501d000 	/usr/lib/system/libsystem_sandbox.dylib
0x00007ff8267ef000 	/usr/lib/system/libsystem_secinit.dylib
0x00007ff81b937000 	/usr/lib/system/libsystem_kernel.dylib
0x00007ff81b980000 	/usr/lib/system/libsystem_platform.dylib
0x00007ff81b968000 	/usr/lib/system/libsystem_pthread.dylib
0x00007ff8220f8000 	/usr/lib/system/libsystem_symptoms.dylib
0x00007ff81b6e4000 	/usr/lib/system/libsystem_trace.dylib
0x00007ff8267c5000 	/usr/lib/system/libunwind.dylib
0x00007ff81b6ad000 	/usr/lib/system/libxpc.dylib
0x00007ff81b921000 	/usr/lib/libc++abi.dylib
0x00007ff81b802000 	/usr/lib/libobjc.A.dylib
0x00007ff8267d0000 	/usr/lib/liboah.dylib
0x00007ff81b8c8000 	/usr/lib/libc++.1.dylib
0x00007ff832ad4000 	/System/Library/Frameworks/Cocoa.framework/Versions/A/Cocoa
0x00007ff81e413000 	/System/Library/Frameworks/AppKit.framework/Versions/C/AppKit
0x00007ff8218ef000 	/System/Library/Frameworks/CoreData.framework/Versions/A/CoreData
0x00007ff81c839000 	/System/Library/Frameworks/Foundation.framework/Versions/C/Foundation
0x00007ff81f29a000 	/System/Library/PrivateFrameworks/UIFoundation.framework/Versions/A/UIFoundation
0x00007ff82ca73000 	/System/Library/PrivateFrameworks/RemoteViewServices.framework/Versions/A/RemoteViewServices
0x00007ff8249b3000 	/System/Library/PrivateFrameworks/XCTTargetBootstrap.framework/Versions/A/XCTTargetBootstrap
0x00007ff828694000 	/System/Library/PrivateFrameworks/InternationalSupport.framework/Versions/A/InternationalSupport
0x00007ff82871e000 	/System/Library/PrivateFrameworks/UserActivity.framework/Versions/A/UserActivity
0x00007ff827a16000 	/usr/lib/libspindump.dylib
0x00007ff81f528000 	/System/Library/Frameworks/UniformTypeIdentifiers.framework/Versions/A/UniformTypeIdentifiers
0x00007ff823045000 	/usr/lib/libapp_launch_measurement.dylib
0x00007ff823048000 	/System/Library/PrivateFrameworks/CoreAutoLayout.framework/Versions/A/CoreAutoLayout
0x00007ff824265000 	/System/Library/Frameworks/Metal.framework/Versions/A/Metal
0x00007ff825028000 	/usr/lib/liblangid.dylib
0x00007ff8249b7000 	/System/Library/PrivateFrameworks/CoreSVG.framework/Versions/A/CoreSVG
0x00007ff8208e9000 	/System/Library/PrivateFrameworks/SkyLight.framework/Versions/A/SkyLight
0x00007ff820c6f000 	/System/Library/Frameworks/CoreGraphics.framework/Versions/A/CoreGraphics
0x00007ff82d0dc000 	/System/Library/Frameworks/Accelerate.framework/Versions/A/Accelerate
0x00007ff82746b000 	/System/Library/PrivateFrameworks/IconServices.framework/Versions/A/IconServices
0x00007ff82424a000 	/System/Library/Frameworks/IOSurface.framework/Versions/A/IOSurface
0x00007ff8222e0000 	/usr/lib/libDiagnosticMessagesClient.dylib
0x00007ff830785000 	/System/Library/Frameworks/ApplicationServices.framework/Versions/A/ApplicationServices
0x00007ff82499f000 	/System/Library/PrivateFrameworks/DFRFoundation.framework/Versions/A/DFRFoundation
0x00007ff81dd06000 	/usr/lib/libicucore.A.dylib
0x00007ff829775000 	/System/Library/Frameworks/AudioToolbox.framework/Versions/A/AudioToolbox
0x00007ff8286a0000 	/System/Library/PrivateFrameworks/DataDetectorsCore.framework/Versions/A/DataDetectorsCore
0x00007ff924287000 	/System/Library/PrivateFrameworks/TextInput.framework/Versions/A/TextInput
0x00007ff82086d000 	/usr/lib/libMobileGestalt.dylib
0x00007ff8246a7000 	/System/Library/Frameworks/Carbon.framework/Versions/A/Frameworks/HIToolbox.framework/Versions/A/HIToolbox
0x00007ff822a76000 	/System/Library/Frameworks/QuartzCore.framework/Versions/A/QuartzCore
0x00007ff81d9a8000 	/System/Library/Frameworks/Security.framework/Versions/A/Security
0x00007ff82caab000 	/System/Library/Frameworks/Carbon.framework/Versions/A/Frameworks/SpeechRecognition.framework/Versions/A/SpeechRecognition
0x00007ff822da7000 	/System/Library/PrivateFrameworks/CoreUI.framework/Versions/A/CoreUI
0x00007ff81d287000 	/System/Library/Frameworks/CoreAudio.framework/Versions/A/CoreAudio
0x00007ff8223ce000 	/System/Library/Frameworks/DiskArbitration.framework/Versions/A/DiskArbitration
0x00007ff827dfd000 	/System/Library/PrivateFrameworks/MultitouchSupport.framework/Versions/A/MultitouchSupport
0x00007ff82086c000 	/usr/lib/libenergytrace.dylib
0x00007ff81e301000 	/System/Library/Frameworks/IOKit.framework/Versions/A/IOKit
0x00007ff82ce95000 	/System/Library/Frameworks/CoreServices.framework/Versions/A/CoreServices
0x00007ff822fdf000 	/System/Library/PrivateFrameworks/PerformanceAnalysis.framework/Versions/A/PerformanceAnalysis
0x00007ffa32f2e000 	/System/Library/Frameworks/OpenGL.framework/Versions/A/OpenGL
0x00007ff825d5f000 	/System/Library/PrivateFrameworks/MobileKeyBag.framework/Versions/A/MobileKeyBag
0x00007ff82133c000 	/System/Library/Frameworks/ColorSync.framework/Versions/A/ColorSync
0x00007ff81b9b6000 	/System/Library/Frameworks/CoreFoundation.framework/Versions/A/CoreFoundation
0x00007ff824c2f000 	/System/Library/Frameworks/CoreImage.framework/Versions/A/CoreImage
0x00007ff81d09d000 	/System/Library/Frameworks/CoreText.framework/Versions/A/CoreText
0x00007ff8249e6000 	/System/Library/Frameworks/ImageIO.framework/Versions/A/ImageIO
0x00007ff826808000 	/System/Library/PrivateFrameworks/SoftLinking.framework/Versions/A/SoftLinking
0x00007ff823090000 	/usr/lib/libxml2.2.dylib
0x00007ff826a8b000 	/usr/lib/libcompression.dylib
0x00007ff8285ca000 	/System/Library/PrivateFrameworks/TextureIO.framework/Versions/A/TextureIO
0x00007ff82717e000 	/usr/lib/libate.dylib
0x00007ff826f5c000 	/usr/lib/liblzma.5.dylib
0x00007ff81c54a000 	/System/Library/Frameworks/SystemConfiguration.framework/Versions/A/SystemConfiguration
0x00007ff826804000 	/usr/lib/libfakelink.dylib
0x00007ff8203c0000 	/System/Library/Frameworks/CFNetwork.framework/Versions/A/CFNetwork
0x00007ff826943000 	/usr/lib/libarchive.2.dylib
0x00007ff825e59000 	/usr/lib/libbsm.0.dylib
0x00007ff81f9f8000 	/usr/lib/libnetwork.dylib
0x00007ff82679d000 	/usr/lib/system/libkxld.dylib
0x00007ffb306d7000 	/usr/lib/libCoreEntitlements.dylib
0x00007ff8264ba000 	/System/Library/PrivateFrameworks/AppleFSCompression.framework/Versions/A/AppleFSCompression
0x00007ff825e42000 	/usr/lib/libcoretls.dylib
0x00007ff826f76000 	/usr/lib/libcoretls_cfhelpers.dylib
0x00007ff826a86000 	/usr/lib/libpam.2.dylib
0x00007ff821d1b000 	/usr/lib/libsqlite3.dylib
0x00007ff826fe5000 	/usr/lib/libxar.1.dylib
0x00007ff825024000 	/System/Library/PrivateFrameworks/AppleSystemInfo.framework/Versions/A/AppleSystemInfo
0x00007ff825a87000 	/System/Library/PrivateFrameworks/IOMobileFramebuffer.framework/Versions/A/IOMobileFramebuffer
0x00007ff8264ca000 	/usr/lib/libbz2.1.0.dylib
0x00007ff826809000 	/usr/lib/libpcap.A.dylib
0x00007ff8220ef000 	/usr/lib/libdns_services.dylib
0x00007ff826a55000 	/usr/lib/libapple_nghttp2.dylib
0x00007ff826840000 	/usr/lib/libiconv.2.dylib
0x00007ff826796000 	/usr/lib/libcharset.1.dylib
0x00007ff823013000 	/System/Library/Frameworks/CoreServices.framework/Versions/A/Frameworks/FSEvents.framework/Versions/A/FSEvents
0x00007ff81df99000 	/System/Library/Frameworks/CoreServices.framework/Versions/A/Frameworks/CarbonCore.framework/Versions/A/CarbonCore
0x00007ff822333000 	/System/Library/Frameworks/CoreServices.framework/Versions/A/Frameworks/Metadata.framework/Versions/A/Metadata
0x00007ff8264dd000 	/System/Library/Frameworks/CoreServices.framework/Versions/A/Frameworks/OSServices.framework/Versions/A/OSServices
0x00007ff8269c9000 	/System/Library/Frameworks/CoreServices.framework/Versions/A/Frameworks/SearchKit.framework/Versions/A/SearchKit
0x00007ff822081000 	/System/Library/Frameworks/CoreServices.framework/Versions/A/Frameworks/AE.framework/Versions/A/AE
0x00007ff81beb9000 	/System/Library/Frameworks/CoreServices.framework/Versions/A/Frameworks/LaunchServices.framework/Versions/A/LaunchServices
0x00007ff826f0d000 	/System/Library/Frameworks/CoreServices.framework/Versions/A/Frameworks/DictionaryServices.framework/Versions/A/DictionaryServices
0x00007ff823020000 	/System/Library/Frameworks/CoreServices.framework/Versions/A/Frameworks/SharedFileList.framework/Versions/A/SharedFileList
0x00007ff825e36000 	/usr/lib/libCheckFix.dylib
0x00007ff8208d0000 	/System/Library/PrivateFrameworks/TCC.framework/Versions/A/TCC
0x00007ff82502a000 	/System/Library/PrivateFrameworks/CoreNLP.framework/Versions/A/CoreNLP
0x00007ff8222e3000 	/System/Library/PrivateFrameworks/MetadataUtilities.framework/Versions/A/MetadataUtilities
0x00007ff81c5fa000 	/usr/lib/libmecabra.dylib
0x00007ff825e69000 	/usr/lib/libmecab.dylib
0x00007ff81c5c5000 	/usr/lib/libCRFSuite.dylib
0x00007ff825ec6000 	/usr/lib/libgermantok.dylib
0x00007ff826a30000 	/usr/lib/libThaiTokenizer.dylib
0x00007ff8223d5000 	/System/Library/Frameworks/Accelerate.framework/Versions/A/Frameworks/vImage.framework/Versions/A/vImage
0x00007ff82ce6c000 	/System/Library/Frameworks/Accelerate.framework/Versions/A/Frameworks/vecLib.framework/Versions/A/vecLib
0x00007ff827026000 	/System/Library/Frameworks/Accelerate.framework/Versions/A/Frameworks/vecLib.framework/Versions/A/libvMisc.dylib
0x00007ff8258a5000 	/System/Library/Frameworks/Accelerate.framework/Versions/A/Frameworks/vecLib.framework/Versions/A/libvDSP.dylib
0x00007ff81c22e000 	/System/Library/Frameworks/Accelerate.framework/Versions/A/Frameworks/vecLib.framework/Versions/A/libBLAS.dylib
0x00007ff826b67000 	/System/Library/Frameworks/Accelerate.framework/Versions/A/Frameworks/vecLib.framework/Versions/A/libLAPACK.dylib
0x00007ff825ec9000 	/System/Library/Frameworks/Accelerate.framework/Versions/A/Frameworks/vecLib.framework/Versions/A/libLinearAlgebra.dylib
0x00007ff826a6e000 	/System/Library/Frameworks/Accelerate.framework/Versions/A/Frameworks/vecLib.framework/Versions/A/libSparseBLAS.dylib
0x00007ff826b61000 	/System/Library/Frameworks/Accelerate.framework/Versions/A/Frameworks/vecLib.framework/Versions/A/libQuadrature.dylib
0x00007ff825114000 	/System/Library/Frameworks/Accelerate.framework/Versions/A/Frameworks/vecLib.framework/Versions/A/libBNNS.dylib
0x00007ff81c4db000 	/System/Library/Frameworks/Accelerate.framework/Versions/A/Frameworks/vecLib.framework/Versions/A/libSparse.dylib
0x00007ff8222b2000 	/System/Library/PrivateFrameworks/CoreAnalytics.framework/Versions/A/CoreAnalytics
0x00007ff82510d000 	/System/Library/PrivateFrameworks/LinguisticData.framework/Versions/A/LinguisticData
0x00007ff81c490000 	/System/Library/PrivateFrameworks/Lexicon.framework/Versions/A/Lexicon
0x00007ff82701f000 	/usr/lib/libChineseTokenizer.dylib
0x00007ff81cbf2000 	/System/Library/PrivateFrameworks/LanguageModeling.framework/Versions/A/LanguageModeling
0x00007ff826a32000 	/System/Library/PrivateFrameworks/AppleSauce.framework/Versions/A/AppleSauce
0x00007ff825a75000 	/System/Library/PrivateFrameworks/CoreEmoji.framework/Versions/A/CoreEmoji
0x00007ff826932000 	/usr/lib/libcmph.dylib
0x00007ff822ff7000 	/System/Library/Frameworks/OpenDirectory.framework/Versions/A/Frameworks/CFOpenDirectory.framework/Versions/A/CFOpenDirectory
0x00007ff822feb000 	/System/Library/Frameworks/OpenDirectory.framework/Versions/A/OpenDirectory
0x00007ff826f78000 	/System/Library/PrivateFrameworks/APFS.framework/Versions/A/APFS
0x00007ff825d97000 	/System/Library/Frameworks/SecurityFoundation.framework/Versions/A/SecurityFoundation
0x00007ff826ff3000 	/usr/lib/libutil.dylib
0x00007ff81e2c4000 	/System/Library/PrivateFrameworks/CoreServicesStore.framework/Versions/A/CoreServicesStore
0x00007ff826ff7000 	/usr/lib/libxslt.1.dylib
0x00007ff825e24000 	/System/Library/PrivateFrameworks/BackgroundTaskManagement.framework/Versions/A/BackgroundTaskManagement
0x00007ff8284ea000 	/System/Library/Frameworks/ImageIO.framework/Versions/A/Resources/libRadiance.dylib
0x00007ff8284f3000 	/System/Library/Frameworks/ImageIO.framework/Versions/A/Resources/libJPEG.dylib
0x00007ff828443000 	/System/Library/Frameworks/ImageIO.framework/Versions/A/Resources/libPng.dylib
0x00007ff828464000 	/System/Library/Frameworks/ImageIO.framework/Versions/A/Resources/libTIFF.dylib
0x00007ff828553000 	/System/Library/Frameworks/ImageIO.framework/Versions/A/Resources/libGIF.dylib
0x00007ff827d16000 	/System/Library/Frameworks/ImageIO.framework/Versions/A/Resources/libJP2.dylib
0x00007ff827432000 	/usr/lib/libexpat.1.dylib
0x00007ff827ccb000 	/System/Library/PrivateFrameworks/AppleJPEG.framework/Versions/A/AppleJPEG
0x00007ff82456e000 	/System/Library/PrivateFrameworks/FontServices.framework/libFontParser.dylib
0x00007ff82202b000 	/System/Library/PrivateFrameworks/RunningBoardServices.framework/Versions/A/RunningBoardServices
0x00007ff833043000 	/System/Library/PrivateFrameworks/IOSurfaceAccelerator.framework/Versions/A/IOSurfaceAccelerator
0x00007ff827df9000 	/System/Library/PrivateFrameworks/WatchdogClient.framework/Versions/A/WatchdogClient
0x00007ff81cce1000 	/System/Library/Frameworks/CoreDisplay.framework/Versions/A/CoreDisplay
0x00007ff8243bf000 	/System/Library/Frameworks/CoreMedia.framework/Versions/A/CoreMedia
0x00007ff82425c000 	/System/Library/PrivateFrameworks/IOAccelerator.framework/Versions/A/IOAccelerator
0x00007ff823173000 	/System/Library/Frameworks/CoreVideo.framework/Versions/A/CoreVideo
0x00007ff826a84000 	/System/Library/Frameworks/MetalPerformanceShaders.framework/Versions/A/MetalPerformanceShaders
0x00007ff827e34000 	/System/Library/Frameworks/VideoToolbox.framework/Versions/A/VideoToolbox
0x00007ff821f74000 	/System/Library/PrivateFrameworks/BaseBoard.framework/Versions/A/BaseBoard
0x00007ff821d01000 	/System/Library/PrivateFrameworks/ProtocolBuffer.framework/Versions/A/ProtocolBuffer
0x00007ff8284e3000 	/System/Library/PrivateFrameworks/GPUWrangler.framework/Versions/A/GPUWrangler
0x00007ff8284c6000 	/System/Library/PrivateFrameworks/IOPresentment.framework/Versions/A/IOPresentment
0x00007ff8284ed000 	/System/Library/PrivateFrameworks/DSExternalDisplay.framework/Versions/A/DSExternalDisplay
0x00007ffa32f22000 	/System/Library/Frameworks/OpenGL.framework/Versions/A/Libraries/libCoreFSCache.dylib
0x00007ffb1edca000 	/System/Library/PrivateFrameworks/GPUCompiler.framework/Versions/31001/Libraries/libGPUCompilerUtils.dylib
0x00007ff828558000 	/System/Library/PrivateFrameworks/CMCaptureCore.framework/Versions/A/CMCaptureCore
0x00007ff827a04000 	/System/Library/PrivateFrameworks/AppServerSupport.framework/Versions/A/AppServerSupport
0x00007ff829ff1000 	/System/Library/PrivateFrameworks/perfdata.framework/Versions/A/perfdata
0x00007ff81ce0d000 	/System/Library/PrivateFrameworks/AudioToolboxCore.framework/Versions/A/AudioToolboxCore
0x00007ff82439c000 	/System/Library/PrivateFrameworks/caulk.framework/Versions/A/caulk
0x00007ff82991e000 	/usr/lib/libAudioStatistics.dylib
0x00007ff920b4e000 	/System/Library/PrivateFrameworks/SystemPolicy.framework/Versions/A/SystemPolicy
0x00007ff829b6a000 	/usr/lib/libSMC.dylib
0x00007ff83298b000 	/System/Library/Frameworks/CoreMIDI.framework/Versions/A/CoreMIDI
0x00007ff828413000 	/usr/lib/libAudioToolboxUtility.dylib
0x00007ff91cf49000 	/System/Library/PrivateFrameworks/OSAServicesClient.framework/Versions/A/OSAServicesClient
0x00007ff829ffe000 	/usr/lib/libperfcheck.dylib
0x00007ff9215da000 	/usr/lib/libmis.dylib
0x00007ffa32f7e000 	/System/Library/Frameworks/OpenGL.framework/Versions/A/Libraries/libGLU.dylib
0x00007ffa32f41000 	/System/Library/Frameworks/OpenGL.framework/Versions/A/Libraries/libGFXShared.dylib
0x00007ffa3314f000 	/System/Library/Frameworks/OpenGL.framework/Versions/A/Libraries/libGL.dylib
0x00007ffa32f4a000 	/System/Library/Frameworks/OpenGL.framework/Versions/A/Libraries/libGLImage.dylib
0x00007ffa32f3e000 	/System/Library/Frameworks/OpenGL.framework/Versions/A/Libraries/libCVMSPluginSupport.dylib
0x00007ffa32f29000 	/System/Library/Frameworks/OpenGL.framework/Versions/A/Libraries/libCoreVMClient.dylib
0x00007ff824fa8000 	/System/Library/Frameworks/MetalPerformanceShaders.framework/Versions/A/Frameworks/MPSCore.framework/Versions/A/MPSCore
0x00007ff826426000 	/System/Library/Frameworks/MetalPerformanceShaders.framework/Versions/A/Frameworks/MPSImage.framework/Versions/A/MPSImage
0x00007ff825edf000 	/System/Library/Frameworks/MetalPerformanceShaders.framework/Versions/A/Frameworks/MPSNeuralNetwork.framework/Versions/A/MPSNeuralNetwork
0x00007ff826354000 	/System/Library/Frameworks/MetalPerformanceShaders.framework/Versions/A/Frameworks/MPSMatrix.framework/Versions/A/MPSMatrix
0x00007ff826110000 	/System/Library/Frameworks/MetalPerformanceShaders.framework/Versions/A/Frameworks/MPSRayIntersector.framework/Versions/A/MPSRayIntersector
0x00007ff82638d000 	/System/Library/Frameworks/MetalPerformanceShaders.framework/Versions/A/Frameworks/MPSNDArray.framework/Versions/A/MPSNDArray
0x00007ffa37b23000 	/System/Library/Frameworks/MetalPerformanceShaders.framework/Versions/A/Frameworks/MPSFunctions.framework/Versions/A/MPSFunctions
0x00007ff81c111000 	/System/Library/PrivateFrameworks/MetalTools.framework/Versions/A/MetalTools
0x00007ff825022000 	/System/Library/PrivateFrameworks/AggregateDictionary.framework/Versions/A/AggregateDictionary
0x00007ff827215000 	/usr/lib/libIOReport.dylib
0x00007ffa3455e000 	/System/Library/Frameworks/OpenCL.framework/Versions/A/OpenCL
0x00007ff82759e000 	/System/Library/PrivateFrameworks/FaceCore.framework/Versions/A/FaceCore
0x00007ff82758f000 	/System/Library/PrivateFrameworks/GraphVisualizer.framework/Versions/A/GraphVisualizer
0x00007ffb1ecd5000 	/System/Library/PrivateFrameworks/FontServices.framework/Versions/A/FontServices
0x00007ff8279bb000 	/System/Library/PrivateFrameworks/OTSVG.framework/Versions/A/OTSVG
0x00007ff822d5d000 	/System/Library/Frameworks/ApplicationServices.framework/Versions/A/Frameworks/ATS.framework/Versions/A/Resources/libFontRegistry.dylib
0x00007ff827a0c000 	/System/Library/PrivateFrameworks/FontServices.framework/libhvf.dylib
0x00007ffb1ecd6000 	/System/Library/PrivateFrameworks/FontServices.framework/libXTFontStaticRegistryData.dylib
0x00007ff8273e2000 	/System/Library/PrivateFrameworks/AppleVA.framework/Versions/A/AppleVA
0x00007ff82993e000 	/System/Library/Frameworks/ApplicationServices.framework/Versions/A/Frameworks/ATS.framework/Versions/A/ATS
0x00007ff821438000 	/System/Library/Frameworks/ApplicationServices.framework/Versions/A/Frameworks/HIServices.framework/Versions/A/HIServices
0x00007ff828562000 	/System/Library/Frameworks/ApplicationServices.framework/Versions/A/Frameworks/PrintCore.framework/Versions/A/PrintCore
0x00007ff829cbd000 	/System/Library/Frameworks/ApplicationServices.framework/Versions/A/Frameworks/QD.framework/Versions/A/QD
0x00007ff829cb5000 	/System/Library/Frameworks/ApplicationServices.framework/Versions/A/Frameworks/ColorSyncLegacy.framework/Versions/A/ColorSyncLegacy
0x00007ff82992e000 	/System/Library/Frameworks/ApplicationServices.framework/Versions/A/Frameworks/SpeechSynthesis.framework/Versions/A/SpeechSynthesis
0x00007ff828523000 	/System/Library/Frameworks/ApplicationServices.framework/Versions/A/Frameworks/ATSUI.framework/Versions/A/ATSUI
0x00007ff829c4a000 	/usr/lib/libcups.2.dylib
0x00007ff82a00d000 	/System/Library/Frameworks/Kerberos.framework/Versions/A/Kerberos
0x00007ff82a01c000 	/System/Library/Frameworks/GSS.framework/Versions/A/GSS
0x00007ff8299aa000 	/usr/lib/libresolv.9.dylib
0x00007ff827a1b000 	/System/Library/PrivateFrameworks/Heimdal.framework/Versions/A/Heimdal
0x00007ff830af7000 	/System/Library/Frameworks/Kerberos.framework/Versions/A/Libraries/libHeimdalProxy.dylib
0x00007ff822100000 	/System/Library/Frameworks/Network.framework/Versions/A/Network
0x00007ff82744c000 	/usr/lib/libheimdal-asn1.dylib
0x00007ff82a067000 	/System/Library/PrivateFrameworks/CommonAuth.framework/Versions/A/CommonAuth
0x00007ff8298af000 	/System/Library/PrivateFrameworks/AudioSession.framework/Versions/A/AudioSession
0x00007ff8274dc000 	/System/Library/PrivateFrameworks/MediaExperience.framework/Versions/A/MediaExperience
0x00007ff829744000 	/System/Library/PrivateFrameworks/AudioSession.framework/libSessionUtility.dylib
0x00007ff829cc9000 	/System/Library/PrivateFrameworks/AudioResourceArbitration.framework/Versions/A/AudioResourceArbitration
0x00007ff827455000 	/System/Library/PrivateFrameworks/IconFoundation.framework/Versions/A/IconFoundation
0x00007ff82ca9b000 	/System/Library/PrivateFrameworks/SpeechRecognitionCore.framework/Versions/A/SpeechRecognitionCore
0x00000001094c4000 	/Users/loule/Library/Java/JavaVirtualMachines/temurin-17/Contents/Home/lib/server/libjvm.dylib
0x00000001083a6000 	/Users/loule/Library/Java/JavaVirtualMachines/temurin-17/Contents/Home/lib/libjimage.dylib
0x00000001083c2000 	/Users/loule/Library/Java/JavaVirtualMachines/temurin-17/Contents/Home/lib/libinstrument.dylib
0x00000001083fd000 	/Users/loule/Library/Java/JavaVirtualMachines/temurin-17/Contents/Home/lib/libjava.dylib
0x00000001083ec000 	/Users/loule/Library/Java/JavaVirtualMachines/temurin-17/Contents/Home/lib/libzip.dylib
0x0000000109298000 	/Users/loule/Library/Java/JavaVirtualMachines/temurin-17/Contents/Home/lib/libnio.dylib
0x00000001092c7000 	/Users/loule/Library/Java/JavaVirtualMachines/temurin-17/Contents/Home/lib/libnet.dylib
0x00000001092ad000 	/Users/loule/Library/Java/JavaVirtualMachines/temurin-17/Contents/Home/lib/libverify.dylib
0x0000000109283000 	/Users/loule/Library/Java/JavaVirtualMachines/temurin-17/Contents/Home/lib/libextnet.dylib
0x000000010937f000 	/Users/loule/Library/Java/JavaVirtualMachines/temurin-17/Contents/Home/lib/libawt.dylib
0x000000010a63f000 	/Users/loule/Library/Java/JavaVirtualMachines/temurin-17/Contents/Home/lib/libmlib_image.dylib
0x00007ffa37a91000 	/System/Library/Frameworks/JavaRuntimeSupport.framework/Versions/A/JavaRuntimeSupport
0x00007ff9206a8000 	/System/Library/Frameworks/Carbon.framework/Versions/A/Carbon
0x00007ff82ef3f000 	/System/Library/PrivateFrameworks/CoreSymbolication.framework/Versions/A/CoreSymbolication
0x00007ff834387000 	/System/Library/Frameworks/Carbon.framework/Versions/A/Frameworks/CommonPanels.framework/Versions/A/CommonPanels
0x00007ff830507000 	/System/Library/Frameworks/Carbon.framework/Versions/A/Frameworks/Help.framework/Versions/A/Help
0x00007ff83438b000 	/System/Library/Frameworks/Carbon.framework/Versions/A/Frameworks/ImageCapture.framework/Versions/A/ImageCapture
0x00007ff83435b000 	/System/Library/Frameworks/Carbon.framework/Versions/A/Frameworks/OpenScripting.framework/Versions/A/OpenScripting
0x00007ff834383000 	/System/Library/Frameworks/Carbon.framework/Versions/A/Frameworks/Ink.framework/Versions/A/Ink
0x00007ff9206a4000 	/System/Library/Frameworks/Carbon.framework/Versions/A/Frameworks/Print.framework/Versions/A/Print
0x00007ff83437f000 	/System/Library/Frameworks/Carbon.framework/Versions/A/Frameworks/SecurityHI.framework/Versions/A/SecurityHI
0x00007ff82ef04000 	/System/Library/PrivateFrameworks/DebugSymbols.framework/Versions/A/DebugSymbols
0x000000010b000000 	/Users/loule/Library/Java/JavaVirtualMachines/temurin-17/Contents/Home/lib/libawt_lwawt.dylib
0x0000000109307000 	/Users/loule/Library/Java/JavaVirtualMachines/temurin-17/Contents/Home/lib/libosxapp.dylib
0x00007ff91fb05000 	/System/Library/Frameworks/ExceptionHandling.framework/Versions/A/ExceptionHandling
0x0000000129986000 	/Users/loule/Library/Java/JavaVirtualMachines/temurin-17/Contents/Home/lib/libfontmanager.dylib
0x000000010b10c000 	/Users/loule/Library/Java/JavaVirtualMachines/temurin-17/Contents/Home/lib/libfreetype.dylib
0x00007ff81e285000 	/System/Library/PrivateFrameworks/CoreServicesInternal.framework/Versions/A/CoreServicesInternal
0x00007ff82e261000 	/System/Library/Frameworks/FileProvider.framework/Versions/A/FileProvider
0x00007ff821ee0000 	/System/Library/Frameworks/Accounts.framework/Versions/A/Accounts
0x00007ff82e3d8000 	/System/Library/PrivateFrameworks/GenerationalStorage.framework/Versions/A/GenerationalStorage
0x00007ff82dc65000 	/System/Library/PrivateFrameworks/SymptomDiagnosticReporter.framework/Versions/A/SymptomDiagnosticReporter
0x00007ff81f53c000 	/System/Library/PrivateFrameworks/DesktopServicesPriv.framework/Versions/A/DesktopServicesPriv
0x00007ff81e3c5000 	/usr/lib/libsandbox.1.dylib
0x00007ff8231f1000 	/System/Library/PrivateFrameworks/UserManagement.framework/Versions/A/UserManagement
0x00007ff829caa000 	/System/Library/PrivateFrameworks/NetAuth.framework/Versions/A/NetAuth
0x00007ff82ab94000 	/System/Library/PrivateFrameworks/Sharing.framework/Versions/A/Sharing
0x00007ff8231c4000 	/System/Library/PrivateFrameworks/login.framework/Versions/A/Frameworks/loginsupport.framework/Versions/A/loginsupport
0x00007ff830036000 	/System/Library/PrivateFrameworks/Apple80211.framework/Versions/A/Apple80211
0x00007ff82650a000 	/System/Library/PrivateFrameworks/AuthKit.framework/Versions/A/AuthKit
0x00007ff825b6c000 	/System/Library/PrivateFrameworks/CoreUtils.framework/Versions/A/CoreUtils
0x00007ff825a92000 	/System/Library/Frameworks/CoreWLAN.framework/Versions/A/CoreWLAN
0x00007ff82acee000 	/System/Library/Frameworks/IOBluetooth.framework/Versions/A/IOBluetooth
0x00007ff83009e000 	/System/Library/PrivateFrameworks/CoreWiFi.framework/Versions/A/CoreWiFi
0x00007ff82eadb000 	/System/Library/PrivateFrameworks/FrontBoardServices.framework/Versions/A/FrontBoardServices
0x00007ff82eb6d000 	/System/Library/PrivateFrameworks/BoardServices.framework/Versions/A/BoardServices
0x00007ff825d86000 	/System/Library/PrivateFrameworks/AssertionServices.framework/Versions/A/AssertionServices
0x00007ff830222000 	/System/Library/PrivateFrameworks/BackBoardServices.framework/Versions/A/BackBoardServices
0x00007ff82a0f6000 	/System/Library/PrivateFrameworks/CorePhoneNumbers.framework/Versions/A/CorePhoneNumbers
0x00007ff82dd82000 	/System/Library/PrivateFrameworks/DiskManagement.framework/Versions/A/DiskManagement
0x00007ff82dc96000 	/System/Library/PrivateFrameworks/AppleIDAuthSupport.framework/Versions/A/AppleIDAuthSupport
0x00007ffa39aa2000 	/System/Library/PrivateFrameworks/AAAFoundation.framework/Versions/A/AAAFoundation
0x00007ff82a0d7000 	/System/Library/PrivateFrameworks/KeychainCircle.framework/Versions/A/KeychainCircle
0x00007ff82dd4e000 	/System/Library/PrivateFrameworks/MediaKit.framework/Versions/A/MediaKit
0x00007ff82dca2000 	/System/Library/Frameworks/DiscRecording.framework/Versions/A/DiscRecording
0x00007ff82735a000 	/usr/lib/libCoreStorage.dylib
0x00007ff83050f000 	/usr/lib/libcsfde.dylib
0x00007ff82adb7000 	/System/Library/PrivateFrameworks/ProtectedCloudStorage.framework/Versions/A/ProtectedCloudStorage
0x00007ff83050b000 	/System/Library/PrivateFrameworks/EFILogin.framework/Versions/A/EFILogin
0x00007ff82e3fe000 	/System/Library/PrivateFrameworks/OctagonTrust.framework/Versions/A/OctagonTrust
0x00007ffb1e029000 	/System/Library/PrivateFrameworks/CoreUtilsExtras.framework/Versions/A/CoreUtilsExtras
0x00007ff82dbd9000 	/System/Library/Frameworks/CoreBluetooth.framework/Versions/A/CoreBluetooth
0x00007ff830b7c000 	/System/Library/Frameworks/AudioUnit.framework/Versions/A/AudioUnit
0x00007ff827352000 	/usr/lib/libMatch.1.dylib
0x00007ff9280b7000 	/System/Library/CoreServices/RawCamera.bundle/Contents/MacOS/RawCamera
0x00007ff82a077000 	/System/Library/PrivateFrameworks/MobileAsset.framework/Versions/A/MobileAsset
0x00007ff830ba3000 	/System/Library/PrivateFrameworks/StreamingZip.framework/Versions/A/StreamingZip
0x00007ffa3b56a000 	/System/Library/PrivateFrameworks/CMPhoto.framework/Versions/A/CMPhoto
0x00007ff82eddb000 	/System/Library/PrivateFrameworks/AppleVPA.framework/Versions/A/AppleVPA
0x00007ff82878a000 	/System/Library/Frameworks/MediaToolbox.framework/Versions/A/MediaToolbox
0x00007ff82e231000 	/System/Library/PrivateFrameworks/CoreAVCHD.framework/Versions/A/CoreAVCHD
0x00007ff82d124000 	/System/Library/Frameworks/MediaAccessibility.framework/Versions/A/MediaAccessibility
0x00007ff82e22d000 	/System/Library/PrivateFrameworks/Mangrove.framework/Versions/A/Mangrove
0x00007ff82d12f000 	/System/Library/PrivateFrameworks/AlgosScoreFramework.framework/Versions/A/AlgosScoreFramework
0x00007ff82de72000 	/System/Library/PrivateFrameworks/CoreAUC.framework/Versions/A/CoreAUC
0x00007ff925995000 	/System/Library/Frameworks/Accelerate.framework/Versions/A/Frameworks/vImage.framework/Versions/A/Libraries/libCGInterfaces.dylib
0x000000010a7c9000 	/usr/lib/libobjc-trampolines.dylib
0x00007ff822eeb000 	/System/Library/PrivateFrameworks/ViewBridge.framework/Versions/A/ViewBridge
0x000000012d5f0000 	/Users/loule/Documents/GitHub/Java-CodingDojo/resources/lib/liblwjgl.jnilib
0x000000010a7ec000 	/Users/loule/Library/Java/JavaVirtualMachines/temurin-17/Contents/Home/lib/libjawt.dylib
0x00007ffa3a158000 	/System/Library/PrivateFrameworks/AccessibilityBundles.framework/Versions/A/AccessibilityBundles
0x00007ffa3315a000 	/System/Library/Frameworks/OpenGL.framework/Versions/A/Resources/GLEngine.bundle/GLEngine
0x00007ffa32fbc000 	/System/Library/Frameworks/OpenGL.framework/Versions/A/Libraries/libGLProgrammability.dylib
0x00007ffa2808f000 	/System/Library/Extensions/AppleIntelKBLGraphicsGLDriver.bundle/Contents/MacOS/AppleIntelKBLGraphicsGLDriver
0x00007ff92b37f000 	/System/Library/PrivateFrameworks/GPUSupport.framework/Versions/A/Libraries/libGPUSupportMercury.dylib
0x00007ffa332e9000 	/System/Library/Frameworks/OpenGL.framework/Versions/A/Resources/GLRendererFloat.bundle/GLRendererFloat
0x00007ff827ad5000 	/System/Library/PrivateFrameworks/login.framework/Versions/A/login


VM Arguments:
jvm_args: -Djava.library.path=lib -javaagent:/Users/loule/Library/Application Support/JetBrains/Toolbox/apps/IDEA-U/ch-0/212.5284.40/IntelliJ IDEA.app/Contents/lib/idea_rt.jar=51789:/Users/loule/Library/Application Support/JetBrains/Toolbox/apps/IDEA-U/ch-0/212.5284.40/IntelliJ IDEA.app/Contents/bin -Dfile.encoding=UTF-8 
java_command: fr.rphstudio.codingdojo.launcher.MainLauncher -window
java_class_path (initial): ./codingdojo.jar:students/Student3-2.1-p.jar:students/Student47-2.1-p.jar:students/Student5-2.1-p.jar:students/Student11-2.1-p.jar:students/Student67-2.1-p.jar:students/Teachers-2.1-p.jar:students/Student10-2.1-p.jar:students/Student4-2.1-p.jar:students/Student76-2.1-p.jar:students/Student1-2.1-p.jar:students/Student64-2.1-p.jar:students/Student7-2.1-p.jar:students/Student07-2.1-p.jar:students/Student19-2.1-p.jar:students/Student99-2.1-p.jar
Launcher Type: SUN_STANDARD

[Global flags]
     intx CICompilerCount                          = 3                                         {product} {ergonomic}
     uint ConcGCThreads                            = 1                                         {product} {ergonomic}
     uint G1ConcRefinementThreads                  = 4                                         {product} {ergonomic}
   size_t G1HeapRegionSize                         = 1048576                                   {product} {ergonomic}
    uintx GCDrainStackTargetSize                   = 64                                        {product} {ergonomic}
   size_t InitialHeapSize                          = 134217728                                 {product} {ergonomic}
   size_t MarkStackSize                            = 4194304                                   {product} {ergonomic}
   size_t MaxHeapSize                              = 2147483648                                {product} {ergonomic}
   size_t MaxNewSize                               = 1287651328                                {product} {ergonomic}
   size_t MinHeapDeltaBytes                        = 1048576                                   {product} {ergonomic}
   size_t MinHeapSize                              = 8388608                                   {product} {ergonomic}
    uintx NonNMethodCodeHeapSize                   = 5832780                                {pd product} {ergonomic}
    uintx NonProfiledCodeHeapSize                  = 122912730                              {pd product} {ergonomic}
    uintx ProfiledCodeHeapSize                     = 122912730                              {pd product} {ergonomic}
    uintx ReservedCodeCacheSize                    = 251658240                              {pd product} {ergonomic}
     bool SegmentedCodeCache                       = true                                      {product} {ergonomic}
   size_t SoftMaxHeapSize                          = 2147483648                             {manageable} {ergonomic}
     bool UseCompressedClassPointers               = true                           {product lp64_product} {ergonomic}
     bool UseCompressedOops                        = true                           {product lp64_product} {ergonomic}
     bool UseG1GC                                  = true                                      {product} {ergonomic}
     bool UseNUMA                                  = false                                     {product} {ergonomic}
     bool UseNUMAInterleaving                      = false                                     {product} {ergonomic}

Logging:
Log output configuration:
 #0: stdout all=warning uptime,level,tags
 #1: stderr all=off uptime,level,tags

Environment Variables:
PATH=/usr/local/bin:/usr/bin:/bin:/usr/sbin:/sbin:/Users/loule/.fig/bin
SHELL=/bin/bash
LC_CTYPE=fr_FR.UTF-8

Signal Handlers:
   SIGSEGV: crash_handler in libjvm.dylib, mask=11100110000111110111111111111111, flags=SA_RESTART|SA_SIGINFO
    SIGBUS: crash_handler in libjvm.dylib, mask=11100110000111110111111111111111, flags=SA_RESTART|SA_SIGINFO
    SIGFPE: crash_handler in libjvm.dylib, mask=11100110000111110111111111111111, flags=SA_RESTART|SA_SIGINFO
   SIGPIPE: javaSignalHandler in libjvm.dylib, mask=11100110000111110111111111111111, flags=SA_RESTART|SA_SIGINFO
   SIGXFSZ: javaSignalHandler in libjvm.dylib, mask=11100110000111110111111111111111, flags=SA_RESTART|SA_SIGINFO
    SIGILL: crash_handler in libjvm.dylib, mask=11100110000111110111111111111111, flags=SA_RESTART|SA_SIGINFO
   SIGUSR2: SR_handler in libjvm.dylib, mask=00100000000000000000000000000000, flags=SA_RESTART|SA_SIGINFO
    SIGHUP: UserHandler in libjvm.dylib, mask=11100110000111110111111111111111, flags=SA_RESTART|SA_SIGINFO
    SIGINT: UserHandler in libjvm.dylib, mask=11100110000111110111111111111111, flags=SA_RESTART|SA_SIGINFO
   SIGTERM: UserHandler in libjvm.dylib, mask=11100110000111110111111111111111, flags=SA_RESTART|SA_SIGINFO
   SIGQUIT: UserHandler in libjvm.dylib, mask=11100110000111110111111111111111, flags=SA_RESTART|SA_SIGINFO
   SIGTRAP: crash_handler in libjvm.dylib, mask=11100110000111110111111111111111, flags=SA_RESTART|SA_SIGINFO


---------------  S Y S T E M  ---------------

OS:
uname: Darwin 21.1.0 Darwin Kernel Version 21.1.0: Sat Sep 11 12:27:43 PDT 2021; root:xnu-8019.40.67.171.4~1/RELEASE_X86_64 x86_64
OS uptime: 0 days 2:00 hours
rlimit (soft/hard): STACK 8192k/65532k , CORE 0k/infinity , NPROC 1392/2088 , NOFILE 10240/infinity , AS infinity/infinity , CPU infinity/infinity , DATA infinity/infinity , FSIZE infinity/infinity , MEMLOCK infinity/infinity , RSS infinity/infinity
load average: 2.61 2.79 2.99

CPU: total 4 (initial active 4) (2 cores per cpu, 2 threads per core) family 6 model 142 stepping 9 microcode 0xea, cx8, cmov, fxsr, ht, mmx, 3dnowpref, sse, sse2, sse3, ssse3, sse4.1, sse4.2, popcnt, lzcnt, tsc, tscinvbit, avx, avx2, aes, erms, clmul, bmi1, bmi2, rtm, adx, fma, vzeroupper, clflush, clflushopt

Memory: 4k page, physical 8388608k(307836k free), swap 2097152k(1240064k free)

vm_info: OpenJDK 64-Bit Server VM (17+35) for bsd-amd64 JRE (17+35), built on Sep 14 2021 23:37:50 by "jenkins" with clang 4.2.1 Compatible Apple LLVM 10.0.1 (clang-1001.0.46.4)

END.
