#
# A fatal error has been detected by the Java Runtime Environment:
#
#  SIGSEGV (0xb) at pc=0x00007ff804eafc4f, pid=2810, tid=5891
#
# JRE version: OpenJDK Runtime Environment Temurin-17+35 (17.0+35) (build 17+35)
# Java VM: OpenJDK 64-Bit Server VM Temurin-17+35 (17+35, mixed mode, sharing, tiered, compressed oops, compressed class ptrs, g1 gc, bsd-amd64)
# Problematic frame:
# C  [libobjc.A.dylib+0x8c4f]  objc_release+0x1f
#
# No core dump will be written. Core dumps have been disabled. To enable core dumping, try "ulimit -c unlimited" before starting Java again
#
# If you would like to submit a bug report, please visit:
#   https://github.com/adoptium/adoptium-support/issues
# The crash happened outside the Java Virtual Machine in native code.
# See problematic frame for where to report the bug.
#

---------------  S U M M A R Y ------------

Command Line: -Djava.library.path=lib -javaagent:/Users/loule/Library/Application Support/JetBrains/Toolbox/apps/IDEA-U/ch-0/212.5284.40/IntelliJ IDEA.app/Contents/lib/idea_rt.jar=50614:/Users/loule/Library/Application Support/JetBrains/Toolbox/apps/IDEA-U/ch-0/212.5284.40/IntelliJ IDEA.app/Contents/bin -Dfile.encoding=UTF-8 fr.rphstudio.codingdojo.launcher.MainLauncher

Host: "MacBookPro14,1" x86_64 2300 MHz, 4 cores, 8G, Darwin 21.1.0, macOS 10.16 (21A5522h)
Time: Wed Sep 29 18:54:13 2021 CEST elapsed time: 1.820695 seconds (0d 0h 0m 1s)

---------------  T H R E A D  ---------------

Current thread (0x00007fbc87012600):  JavaThread "main" [_thread_in_native, id=5891, stack(0x000070000ec54000,0x000070000ed54000)]

Stack: [0x000070000ec54000,0x000070000ed54000],  sp=0x000070000ed53358,  free space=1020k
Native frames: (J=compiled Java code, j=interpreted, Vv=VM code, C=native code)
C  [libobjc.A.dylib+0x8c4f]  objc_release+0x1f
C  [libobjc.A.dylib+0xa160]  objc_autoreleasePoolPop+0xa1
C  [CoreFoundation+0x420ec]  _CFAutoreleasePoolPop+0x16
C  [Foundation+0x1e92d]  -[NSAutoreleasePool release]+0x85
j  org.lwjgl.opengl.MacOSXContextImplementation.setView(Ljava/nio/ByteBuffer;Ljava/nio/ByteBuffer;)V+0
j  org.lwjgl.opengl.MacOSXContextImplementation.makeCurrent(Lorg/lwjgl/opengl/PeerInfo;Ljava/nio/ByteBuffer;)V+7
j  org.lwjgl.opengl.ContextGL.makeCurrent()V+46
j  org.lwjgl.opengl.DrawableGL.makeCurrent()V+14
j  org.lwjgl.opengl.Display.makeCurrent()V+3
j  org.lwjgl.opengl.Display.makeCurrentAndSetSwapInterval()V+0
j  org.lwjgl.opengl.Display.create(Lorg/lwjgl/opengl/PixelFormat;Lorg/lwjgl/opengl/Drawable;Lorg/lwjgl/opengl/ContextAttribs;)V+108
j  org.lwjgl.opengl.Display.create(Lorg/lwjgl/opengl/PixelFormat;)V+12
j  org.newdawn.slick.AppGameContainer.tryCreateDisplay(Lorg/lwjgl/opengl/PixelFormat;)V+7
j  org.newdawn.slick.AppGameContainer.access$000(Lorg/newdawn/slick/AppGameContainer;Lorg/lwjgl/opengl/PixelFormat;)V+2
j  org.newdawn.slick.AppGameContainer$2.run()Ljava/lang/Object;+36
j  java.security.AccessController.executePrivileged(Ljava/security/PrivilegedAction;Ljava/security/AccessControlContext;Ljava/lang/Class;)Ljava/lang/Object;+29 java.base@17
j  java.security.AccessController.doPrivileged(Ljava/security/PrivilegedAction;)Ljava/lang/Object;+5 java.base@17
j  org.newdawn.slick.AppGameContainer.setup()V+112
j  org.newdawn.slick.AppGameContainer.start()V+1
j  fr.rphstudio.codingdojo.launcher.MainLauncher.main([Ljava/lang/String;)V+133
v  ~StubRoutines::call_stub
V  [libjvm.dylib+0x519e46]  _ZN9JavaCalls11call_helperEP9JavaValueRK12methodHandleP17JavaCallArgumentsP10JavaThread+0x2b6
V  [libjvm.dylib+0x57d5e8]  _ZL17jni_invoke_staticP7JNIEnv_P9JavaValueP8_jobject11JNICallTypeP10_jmethodIDP18JNI_ArgumentPusherP10JavaThread+0x158
V  [libjvm.dylib+0x580b38]  jni_CallStaticVoidMethod+0x198
C  [libjli.dylib+0x4fcd]  JavaMain+0xc1d
C  [libjli.dylib+0x7699]  ThreadJavaMain+0x9
C  [libsystem_pthread.dylib+0x6514]  _pthread_start+0x7d
C  [libsystem_pthread.dylib+0x202f]  thread_start+0xf

Java frames: (J=compiled Java code, j=interpreted, Vv=VM code)
j  org.lwjgl.opengl.MacOSXContextImplementation.setView(Ljava/nio/ByteBuffer;Ljava/nio/ByteBuffer;)V+0
j  org.lwjgl.opengl.MacOSXContextImplementation.makeCurrent(Lorg/lwjgl/opengl/PeerInfo;Ljava/nio/ByteBuffer;)V+7
j  org.lwjgl.opengl.ContextGL.makeCurrent()V+46
j  org.lwjgl.opengl.DrawableGL.makeCurrent()V+14
j  org.lwjgl.opengl.Display.makeCurrent()V+3
j  org.lwjgl.opengl.Display.makeCurrentAndSetSwapInterval()V+0
j  org.lwjgl.opengl.Display.create(Lorg/lwjgl/opengl/PixelFormat;Lorg/lwjgl/opengl/Drawable;Lorg/lwjgl/opengl/ContextAttribs;)V+108
j  org.lwjgl.opengl.Display.create(Lorg/lwjgl/opengl/PixelFormat;)V+12
j  org.newdawn.slick.AppGameContainer.tryCreateDisplay(Lorg/lwjgl/opengl/PixelFormat;)V+7
j  org.newdawn.slick.AppGameContainer.access$000(Lorg/newdawn/slick/AppGameContainer;Lorg/lwjgl/opengl/PixelFormat;)V+2
j  org.newdawn.slick.AppGameContainer$2.run()Ljava/lang/Object;+36
j  java.security.AccessController.executePrivileged(Ljava/security/PrivilegedAction;Ljava/security/AccessControlContext;Ljava/lang/Class;)Ljava/lang/Object;+29 java.base@17
j  java.security.AccessController.doPrivileged(Ljava/security/PrivilegedAction;)Ljava/lang/Object;+5 java.base@17
j  org.newdawn.slick.AppGameContainer.setup()V+112
j  org.newdawn.slick.AppGameContainer.start()V+1
j  fr.rphstudio.codingdojo.launcher.MainLauncher.main([Ljava/lang/String;)V+133
v  ~StubRoutines::call_stub

siginfo: si_signo: 11 (SIGSEGV), si_code: 1 (SEGV_MAPERR), si_addr: 0x00000fb55d98de50

Register to memory mapping:

RAX=0x00008fb55d98de30 is an unknown value
RBX=0x0000000000000001 is an unknown value
RCX=0x00000fb55d98de30 is an unknown value
RDX=0x0000000000000006 is an unknown value
RSP=0x000070000ed53358 is pointing into the stack for thread: 0x00007fbc87012600
RBP=0x000070000ed53390 is pointing into the stack for thread: 0x00007fbc87012600
RSI=0x00007ff81f83178a: <offset 0x1a98a78a> in /usr/lib/libobjc.A.dylib at 0x00007ff804ea7000
RDI=0x00006000013ede30 points into unknown readable memory: 0x00008fb55d98de30 | 30 de 98 5d b5 8f 00 00
R8 =0x00007fbc8590dcc8 points into unknown readable memory: 0x0000000000000000 | 00 00 00 00 00 00 00 00
R9 =0x0 is NULL
R10=0x000000012be89b98: OBJC_CLASS_$_MacOSXOpenGLView+0 in /Users/loule/Documents/GitHub/Java-CodingDojo/resources/lib/liblwjgl.jnilib at 0x000000012be4e000
R11=0x00007ff807ac352b: -[NSResponder release]+0 in /System/Library/Frameworks/AppKit.framework/Versions/C/AppKit at 0x00007ff807ab8000
R12=0x00006000013ede30 points into unknown readable memory: 0x00007ff8467b90c0 | c0 90 7b 46 f8 7f 00 00
R13=0xa3a3a3a3a3a3a3a3 is an unknown value
R14=0x00007fbc858100c8 points into unknown readable memory: 0x0000000000000000 | 00 00 00 00 00 00 00 00
R15=0x00007fbc85810000 points into unknown readable memory: 0x4f545541a1a1a1a1 | a1 a1 a1 a1 41 55 54 4f


Registers:
RAX=0x00008fb55d98de30, RBX=0x0000000000000001, RCX=0x00000fb55d98de30, RDX=0x0000000000000006
RSP=0x000070000ed53358, RBP=0x000070000ed53390, RSI=0x00007ff81f83178a, RDI=0x00006000013ede30
R8 =0x00007fbc8590dcc8, R9 =0x0000000000000000, R10=0x000000012be89b98, R11=0x00007ff807ac352b
R12=0x00006000013ede30, R13=0xa3a3a3a3a3a3a3a3, R14=0x00007fbc858100c8, R15=0x00007fbc85810000
RIP=0x00007ff804eafc4f, EFLAGS=0x0000000000010206, ERR=0x0000000000000004
  TRAPNO=0x000000000000000e

Top of Stack: (sp=0x000070000ed53358)
0x000070000ed53358:   00007ff804eb419f d246c8eed9700000
0x000070000ed53368:   00007fbc85810000 0000000000000000
0x000070000ed53378:   0000000114c84ad0 00007ff81f83178a
0x000070000ed53388:   00006000013d91d0 000070000ed533b0
0x000070000ed53398:   00007ff804eb1160 d246c8eed970001c
0x000070000ed533a8:   00007fbc858100c8 000070000ed533d0
0x000070000ed533b8:   00007ff80509d0ec d246c8eed970001c
0x000070000ed533c8:   0000000114c84ad8 000070000ed53410
0x000070000ed533d8:   00007ff805efc92d 000070000ed53410
0x000070000ed533e8:   000000012be63804 d246c8eed970001c
0x000070000ed533f8:   0000000114c84ad8 000070000ed534a0
0x000070000ed53408:   00007fbc87012600 000070000ed53478
0x000070000ed53418:   0000000115ee153a 0000000114c83b58
0x000070000ed53428:   0000000115ee1276 000070000ed53430
0x000070000ed53438:   0000000114c84ad0 000070000ed534a0
0x000070000ed53448:   0000000114c85048 0000000000000000
0x000070000ed53458:   0000000787937d18 0000000114c84ad8
0x000070000ed53468:   0000000000000000 000070000ed53498
0x000070000ed53478:   000070000ed534f0 0000000115edd42b
0x000070000ed53488:   0000000787937d18 0000000115edef78
0x000070000ed53498:   0000000787940f40 0000000787acc8e0
0x000070000ed534a8:   000070000ed534a8 0000000114c849d7
0x000070000ed534b8:   000070000ed53520 0000000114c85048
0x000070000ed534c8:   0000000000000000 0000000787937d18
0x000070000ed534d8:   0000000114c84a48 000070000ed53498
0x000070000ed534e8:   000070000ed53510 000070000ed53580
0x000070000ed534f8:   0000000115edd88f 0000000000000000
0x000070000ed53508:   0000000787acc8e0 0000000787940f40
0x000070000ed53518:   0000000787acc820 0000000787937e40
0x000070000ed53528:   0000000000000001 0000000787937e50
0x000070000ed53538:   000070000ed53528 0000000114c82356
0x000070000ed53548:   000070000ed53590 0000000114c831f0 

Instructions: (pc=0x00007ff804eafc4f)
0x00007ff804eafb4f:   4a 18 48 8b 0d f0 45 92 41 48 89 4a 20 b9 05 00
0x00007ff804eafb5f:   00 00 48 89 df 48 89 c6 e8 3d a7 01 00 84 c0 75
0x00007ff804eafb6f:   23 66 f0 41 81 4e 1c 00 80 48 8b 05 f9 e1 e6 3f
0x00007ff804eafb7f:   48 8b 00 48 3b 45 e0 75 2c 48 83 c4 48 5b 41 5e
0x00007ff804eafb8f:   41 5f 5d c3 31 c0 80 3d 10 58 92 41 00 74 da 0f
0x00007ff804eafb9f:   b6 d0 4c 89 f7 be 02 00 00 00 e8 b8 e9 01 00 eb
0x00007ff804eafbaf:   c8 b0 01 eb e1 e8 9b f4 01 00 90 90 90 90 90 90
0x00007ff804eafbbf:   e9 0c 00 00 00 90 90 90 90 90 90 90 90 90 90 90
0x00007ff804eafbcf:   90 40 f6 c7 01 75 4e 48 8b 07 a8 01 74 34 48 b9
0x00007ff804eafbdf:   00 00 00 00 00 00 00 01 48 89 c2 48 c1 ea 37 74
0x00007ff804eafbef:   34 48 89 c2 48 01 ca 72 12 f0 48 0f b1 17 74 25
0x00007ff804eafbff:   a8 01 75 e4 31 f6 e9 7c d7 01 00 31 f6 e9 eb 86
0x00007ff804eafc0f:   00 00 48 b9 f8 ff ff ff ff 7f 00 00 48 21 c8 f6
0x00007ff804eafc1f:   40 1c 01 74 df 48 89 f8 c3 90 90 90 90 90 90 90
0x00007ff804eafc2f:   90 48 85 ff 74 76 89 f8 83 e0 01 48 85 c0 75 6c
0x00007ff804eafc3f:   48 8b 07 48 b9 f8 ff ff ff ff 7f 00 00 48 21 c1
0x00007ff804eafc4f:   48 8b 51 20 f6 c2 04 74 54 a8 01 74 6f 48 b9 00
0x00007ff804eafc5f:   00 00 00 00 00 80 00 48 ba 00 00 00 00 00 00 00
0x00007ff804eafc6f:   01 48 39 c8 72 36 48 89 c6 48 29 d6 72 17 f0 48
0x00007ff804eafc7f:   0f b1 37 74 22 a8 01 75 e8 31 f6 ba 01 00 00 00
0x00007ff804eafc8f:   e9 82 d3 01 00 48 85 c8 75 3a 48 8b 35 18 45 92
0x00007ff804eafc9f:   41 ff 25 f2 e2 e6 3f 48 39 ce 72 ee c3 f6 c2 02
0x00007ff804eafcaf:   74 0d 66 83 79 1c 00 79 06 f6 41 28 02 75 1f 48
0x00007ff804eafcbf:   8b 35 13 44 92 41 ff 25 cd e2 e6 3f f6 41 1c 01
0x00007ff804eafccf:   74 b7 eb d8 be 01 00 00 00 e9 05 a8 00 00 48 8b
0x00007ff804eafcdf:   05 d4 fa 8d 41 ff e0 e9 04 00 00 00 90 90 90 90
0x00007ff804eafcef:   55 48 89 e5 53 50 48 89 fb f6 c3 01 75 21 48 b8
0x00007ff804eafcff:   07 00 00 00 00 00 a0 00 48 23 03 48 83 f8 01 75
0x00007ff804eafd0f:   15 48 89 df 48 83 c4 08 5b 5d e9 08 f4 01 00 48
0x00007ff804eafd1f:   83 c4 08 5b 5d c3 48 89 df e8 0e 00 00 00 eb e1
0x00007ff804eafd2f:   90 90 90 90 90 90 90 90 90 90 90 90 55 48 89 e5
0x00007ff804eafd3f:   41 56 53 48 89 fb 48 85 ff 74 78 4c 8b 33 41 f6 


Stack slot to memory mapping:
stack at sp + 0 slots: 0x00007ff804eb419f: _ZN19AutoreleasePoolPage12releaseUntilEPP11objc_object+0xa7 in /usr/lib/libobjc.A.dylib at 0x00007ff804ea7000
stack at sp + 1 slots: 0xd246c8eed9700000 is an unknown value
stack at sp + 2 slots: 0x00007fbc85810000 points into unknown readable memory: 0x4f545541a1a1a1a1 | a1 a1 a1 a1 41 55 54 4f
stack at sp + 3 slots: 0x0 is NULL
stack at sp + 4 slots: 0x0000000114c84ad0 is pointing into metadata
stack at sp + 5 slots: 0x00007ff81f83178a: <offset 0x1a98a78a> in /usr/lib/libobjc.A.dylib at 0x00007ff804ea7000
stack at sp + 6 slots: 0x00006000013d91d0 points into unknown readable memory: 0x011dfff84663eac9 | c9 ea 63 46 f8 ff 1d 01
stack at sp + 7 slots: 0x000070000ed533b0 is pointing into the stack for thread: 0x00007fbc87012600


---------------  P R O C E S S  ---------------

Threads class SMR info:
_java_thread_list=0x0000600001d92ee0, length=17, elements={
0x00007fbc87012600, 0x00007fbc8580ea00, 0x00007fbc8580f000, 0x00007fbc8703f200,
0x00007fbc87041a00, 0x00007fbc87042000, 0x00007fbc8685a200, 0x00007fbc85811600,
0x00007fbc87042600, 0x00007fbc8580f600, 0x00007fbc8685ce00, 0x00007fbc87831200,
0x00007fbc87038c00, 0x00007fbc868ea200, 0x00007fbc8712b000, 0x00007fbc87976600,
0x00007fbc858f8e00
}

Java Threads: ( => current thread )
=>0x00007fbc87012600 JavaThread "main" [_thread_in_native, id=5891, stack(0x000070000ec54000,0x000070000ed54000)]
  0x00007fbc8580ea00 JavaThread "Reference Handler" daemon [_thread_blocked, id=14339, stack(0x000070000f369000,0x000070000f469000)]
  0x00007fbc8580f000 JavaThread "Finalizer" daemon [_thread_blocked, id=15363, stack(0x000070000f46c000,0x000070000f56c000)]
  0x00007fbc8703f200 JavaThread "Signal Dispatcher" daemon [_thread_blocked, id=22019, stack(0x000070000f675000,0x000070000f775000)]
  0x00007fbc87041a00 JavaThread "Service Thread" daemon [_thread_blocked, id=41475, stack(0x000070000f778000,0x000070000f878000)]
  0x00007fbc87042000 JavaThread "Monitor Deflation Thread" daemon [_thread_blocked, id=40963, stack(0x000070000f87b000,0x000070000f97b000)]
  0x00007fbc8685a200 JavaThread "C2 CompilerThread0" daemon [_thread_blocked, id=22531, stack(0x000070000f97e000,0x000070000fa7e000)]
  0x00007fbc85811600 JavaThread "C1 CompilerThread0" daemon [_thread_blocked, id=40195, stack(0x000070000fa81000,0x000070000fb81000)]
  0x00007fbc87042600 JavaThread "Sweeper thread" daemon [_thread_blocked, id=39683, stack(0x000070000fb84000,0x000070000fc84000)]
  0x00007fbc8580f600 JavaThread "Common-Cleaner" daemon [_thread_blocked, id=23043, stack(0x000070000fc87000,0x000070000fd87000)]
  0x00007fbc8685ce00 JavaThread "Monitor Ctrl-Break" daemon [_thread_in_native, id=23555, stack(0x000070000fd8a000,0x000070000fe8a000)]
  0x00007fbc87831200 JavaThread "Notification Thread" daemon [_thread_blocked, id=39427, stack(0x000070000fe8d000,0x000070000ff8d000)]
  0x00007fbc87038c00 JavaThread "AppKit Thread" daemon [_thread_in_native, id=259, stack(0x00007ff7b8d79000,0x00007ff7b9579000)]
  0x00007fbc868ea200 JavaThread "AWT-Shutdown" [_thread_blocked, id=32795, stack(0x0000700010116000,0x0000700010216000)]
  0x00007fbc8712b000 JavaThread "Attach Listener" daemon [_thread_blocked, id=79111, stack(0x0000700010528000,0x0000700010628000)]
  0x00007fbc87976600 JavaThread "Java2D Disposer" daemon [_thread_blocked, id=55567, stack(0x000070001062b000,0x000070001072b000)]
  0x00007fbc858f8e00 JavaThread "Java2D Queue Flusher" daemon [_thread_blocked, id=48663, stack(0x0000700010425000,0x0000700010525000)]

Other Threads:
  0x00007fbc863082b0 VMThread "VM Thread" [stack: 0x000070000f266000,0x000070000f366000] [id=16387]
  0x00007fbc8600d780 WatcherThread [stack: 0x000070000ff90000,0x0000700010090000] [id=39171]
  0x00007fbc86306a40 GCTaskThread "GC Thread#0" [stack: 0x000070000ed57000,0x000070000ee57000] [id=11779]
  0x00007fbc86104b00 ConcurrentGCThread "G1 Main Marker" [stack: 0x000070000ee5a000,0x000070000ef5a000] [id=19203]
  0x00007fbc860046f0 ConcurrentGCThread "G1 Conc#0" [stack: 0x000070000ef5d000,0x000070000f05d000] [id=12547]
  0x00007fbc86005d80 ConcurrentGCThread "G1 Refine#0" [stack: 0x000070000f060000,0x000070000f160000] [id=18179]
  0x00007fbc86105380 ConcurrentGCThread "G1 Service" [stack: 0x000070000f163000,0x000070000f263000] [id=17923]

Threads with active compile tasks:

VM state: not at safepoint (normal execution)

VM Mutex/Monitor currently owned by a thread: None

Heap address: 0x0000000780000000, size: 2048 MB, Compressed Oops mode: Zero based, Oop shift amount: 3

CDS archive(s) mapped at: [0x0000000800000000-0x0000000800bcd000-0x0000000800bcd000), size 12374016, SharedBaseAddress: 0x0000000800000000, ArchiveRelocationMode: 0.
Compressed class space mapped at: 0x0000000800c00000-0x0000000840c00000, reserved size: 1073741824
Narrow klass base: 0x0000000800000000, Narrow klass shift: 0, Narrow klass range: 0x100000000

GC Precious Log:
 CPUs: 4 total, 4 available
 Memory: 8192M
 Large Page Support: Disabled
 NUMA Support: Disabled
 Compressed Oops: Enabled (Zero based)
 Heap Region Size: 1M
 Heap Min Capacity: 8M
 Heap Initial Capacity: 128M
 Heap Max Capacity: 2G
 Pre-touch: Disabled
 Parallel Workers: 4
 Concurrent Workers: 1
 Concurrent Refinement Workers: 4
 Periodic GC: Disabled

Heap:
 garbage-first heap   total 133120K, used 7120K [0x0000000780000000, 0x0000000800000000)
  region size 1024K, 7 young (7168K), 0 survivors (0K)
 Metaspace       used 5613K, committed 5760K, reserved 1056768K
  class space    used 561K, committed 640K, reserved 1048576K

Heap Regions: E=young(eden), S=young(survivor), O=old, HS=humongous(starts), HC=humongous(continues), CS=collection set, F=free, OA=open archive, CA=closed archive, TAMS=top-at-mark-start (previous, next)
|   0|0x0000000780000000, 0x0000000780000000, 0x0000000780100000|  0%| F|  |TAMS 0x0000000780000000, 0x0000000780000000| Untracked 
|   1|0x0000000780100000, 0x0000000780100000, 0x0000000780200000|  0%| F|  |TAMS 0x0000000780100000, 0x0000000780100000| Untracked 
|   2|0x0000000780200000, 0x0000000780200000, 0x0000000780300000|  0%| F|  |TAMS 0x0000000780200000, 0x0000000780200000| Untracked 
|   3|0x0000000780300000, 0x0000000780300000, 0x0000000780400000|  0%| F|  |TAMS 0x0000000780300000, 0x0000000780300000| Untracked 
|   4|0x0000000780400000, 0x0000000780400000, 0x0000000780500000|  0%| F|  |TAMS 0x0000000780400000, 0x0000000780400000| Untracked 
|   5|0x0000000780500000, 0x0000000780500000, 0x0000000780600000|  0%| F|  |TAMS 0x0000000780500000, 0x0000000780500000| Untracked 
|   6|0x0000000780600000, 0x0000000780600000, 0x0000000780700000|  0%| F|  |TAMS 0x0000000780600000, 0x0000000780600000| Untracked 
|   7|0x0000000780700000, 0x0000000780700000, 0x0000000780800000|  0%| F|  |TAMS 0x0000000780700000, 0x0000000780700000| Untracked 
|   8|0x0000000780800000, 0x0000000780800000, 0x0000000780900000|  0%| F|  |TAMS 0x0000000780800000, 0x0000000780800000| Untracked 
|   9|0x0000000780900000, 0x0000000780900000, 0x0000000780a00000|  0%| F|  |TAMS 0x0000000780900000, 0x0000000780900000| Untracked 
|  10|0x0000000780a00000, 0x0000000780a00000, 0x0000000780b00000|  0%| F|  |TAMS 0x0000000780a00000, 0x0000000780a00000| Untracked 
|  11|0x0000000780b00000, 0x0000000780b00000, 0x0000000780c00000|  0%| F|  |TAMS 0x0000000780b00000, 0x0000000780b00000| Untracked 
|  12|0x0000000780c00000, 0x0000000780c00000, 0x0000000780d00000|  0%| F|  |TAMS 0x0000000780c00000, 0x0000000780c00000| Untracked 
|  13|0x0000000780d00000, 0x0000000780d00000, 0x0000000780e00000|  0%| F|  |TAMS 0x0000000780d00000, 0x0000000780d00000| Untracked 
|  14|0x0000000780e00000, 0x0000000780e00000, 0x0000000780f00000|  0%| F|  |TAMS 0x0000000780e00000, 0x0000000780e00000| Untracked 
|  15|0x0000000780f00000, 0x0000000780f00000, 0x0000000781000000|  0%| F|  |TAMS 0x0000000780f00000, 0x0000000780f00000| Untracked 
|  16|0x0000000781000000, 0x0000000781000000, 0x0000000781100000|  0%| F|  |TAMS 0x0000000781000000, 0x0000000781000000| Untracked 
|  17|0x0000000781100000, 0x0000000781100000, 0x0000000781200000|  0%| F|  |TAMS 0x0000000781100000, 0x0000000781100000| Untracked 
|  18|0x0000000781200000, 0x0000000781200000, 0x0000000781300000|  0%| F|  |TAMS 0x0000000781200000, 0x0000000781200000| Untracked 
|  19|0x0000000781300000, 0x0000000781300000, 0x0000000781400000|  0%| F|  |TAMS 0x0000000781300000, 0x0000000781300000| Untracked 
|  20|0x0000000781400000, 0x0000000781400000, 0x0000000781500000|  0%| F|  |TAMS 0x0000000781400000, 0x0000000781400000| Untracked 
|  21|0x0000000781500000, 0x0000000781500000, 0x0000000781600000|  0%| F|  |TAMS 0x0000000781500000, 0x0000000781500000| Untracked 
|  22|0x0000000781600000, 0x0000000781600000, 0x0000000781700000|  0%| F|  |TAMS 0x0000000781600000, 0x0000000781600000| Untracked 
|  23|0x0000000781700000, 0x0000000781700000, 0x0000000781800000|  0%| F|  |TAMS 0x0000000781700000, 0x0000000781700000| Untracked 
|  24|0x0000000781800000, 0x0000000781800000, 0x0000000781900000|  0%| F|  |TAMS 0x0000000781800000, 0x0000000781800000| Untracked 
|  25|0x0000000781900000, 0x0000000781900000, 0x0000000781a00000|  0%| F|  |TAMS 0x0000000781900000, 0x0000000781900000| Untracked 
|  26|0x0000000781a00000, 0x0000000781a00000, 0x0000000781b00000|  0%| F|  |TAMS 0x0000000781a00000, 0x0000000781a00000| Untracked 
|  27|0x0000000781b00000, 0x0000000781b00000, 0x0000000781c00000|  0%| F|  |TAMS 0x0000000781b00000, 0x0000000781b00000| Untracked 
|  28|0x0000000781c00000, 0x0000000781c00000, 0x0000000781d00000|  0%| F|  |TAMS 0x0000000781c00000, 0x0000000781c00000| Untracked 
|  29|0x0000000781d00000, 0x0000000781d00000, 0x0000000781e00000|  0%| F|  |TAMS 0x0000000781d00000, 0x0000000781d00000| Untracked 
|  30|0x0000000781e00000, 0x0000000781e00000, 0x0000000781f00000|  0%| F|  |TAMS 0x0000000781e00000, 0x0000000781e00000| Untracked 
|  31|0x0000000781f00000, 0x0000000781f00000, 0x0000000782000000|  0%| F|  |TAMS 0x0000000781f00000, 0x0000000781f00000| Untracked 
|  32|0x0000000782000000, 0x0000000782000000, 0x0000000782100000|  0%| F|  |TAMS 0x0000000782000000, 0x0000000782000000| Untracked 
|  33|0x0000000782100000, 0x0000000782100000, 0x0000000782200000|  0%| F|  |TAMS 0x0000000782100000, 0x0000000782100000| Untracked 
|  34|0x0000000782200000, 0x0000000782200000, 0x0000000782300000|  0%| F|  |TAMS 0x0000000782200000, 0x0000000782200000| Untracked 
|  35|0x0000000782300000, 0x0000000782300000, 0x0000000782400000|  0%| F|  |TAMS 0x0000000782300000, 0x0000000782300000| Untracked 
|  36|0x0000000782400000, 0x0000000782400000, 0x0000000782500000|  0%| F|  |TAMS 0x0000000782400000, 0x0000000782400000| Untracked 
|  37|0x0000000782500000, 0x0000000782500000, 0x0000000782600000|  0%| F|  |TAMS 0x0000000782500000, 0x0000000782500000| Untracked 
|  38|0x0000000782600000, 0x0000000782600000, 0x0000000782700000|  0%| F|  |TAMS 0x0000000782600000, 0x0000000782600000| Untracked 
|  39|0x0000000782700000, 0x0000000782700000, 0x0000000782800000|  0%| F|  |TAMS 0x0000000782700000, 0x0000000782700000| Untracked 
|  40|0x0000000782800000, 0x0000000782800000, 0x0000000782900000|  0%| F|  |TAMS 0x0000000782800000, 0x0000000782800000| Untracked 
|  41|0x0000000782900000, 0x0000000782900000, 0x0000000782a00000|  0%| F|  |TAMS 0x0000000782900000, 0x0000000782900000| Untracked 
|  42|0x0000000782a00000, 0x0000000782a00000, 0x0000000782b00000|  0%| F|  |TAMS 0x0000000782a00000, 0x0000000782a00000| Untracked 
|  43|0x0000000782b00000, 0x0000000782b00000, 0x0000000782c00000|  0%| F|  |TAMS 0x0000000782b00000, 0x0000000782b00000| Untracked 
|  44|0x0000000782c00000, 0x0000000782c00000, 0x0000000782d00000|  0%| F|  |TAMS 0x0000000782c00000, 0x0000000782c00000| Untracked 
|  45|0x0000000782d00000, 0x0000000782d00000, 0x0000000782e00000|  0%| F|  |TAMS 0x0000000782d00000, 0x0000000782d00000| Untracked 
|  46|0x0000000782e00000, 0x0000000782e00000, 0x0000000782f00000|  0%| F|  |TAMS 0x0000000782e00000, 0x0000000782e00000| Untracked 
|  47|0x0000000782f00000, 0x0000000782f00000, 0x0000000783000000|  0%| F|  |TAMS 0x0000000782f00000, 0x0000000782f00000| Untracked 
|  48|0x0000000783000000, 0x0000000783000000, 0x0000000783100000|  0%| F|  |TAMS 0x0000000783000000, 0x0000000783000000| Untracked 
|  49|0x0000000783100000, 0x0000000783100000, 0x0000000783200000|  0%| F|  |TAMS 0x0000000783100000, 0x0000000783100000| Untracked 
|  50|0x0000000783200000, 0x0000000783200000, 0x0000000783300000|  0%| F|  |TAMS 0x0000000783200000, 0x0000000783200000| Untracked 
|  51|0x0000000783300000, 0x0000000783300000, 0x0000000783400000|  0%| F|  |TAMS 0x0000000783300000, 0x0000000783300000| Untracked 
|  52|0x0000000783400000, 0x0000000783400000, 0x0000000783500000|  0%| F|  |TAMS 0x0000000783400000, 0x0000000783400000| Untracked 
|  53|0x0000000783500000, 0x0000000783500000, 0x0000000783600000|  0%| F|  |TAMS 0x0000000783500000, 0x0000000783500000| Untracked 
|  54|0x0000000783600000, 0x0000000783600000, 0x0000000783700000|  0%| F|  |TAMS 0x0000000783600000, 0x0000000783600000| Untracked 
|  55|0x0000000783700000, 0x0000000783700000, 0x0000000783800000|  0%| F|  |TAMS 0x0000000783700000, 0x0000000783700000| Untracked 
|  56|0x0000000783800000, 0x0000000783800000, 0x0000000783900000|  0%| F|  |TAMS 0x0000000783800000, 0x0000000783800000| Untracked 
|  57|0x0000000783900000, 0x0000000783900000, 0x0000000783a00000|  0%| F|  |TAMS 0x0000000783900000, 0x0000000783900000| Untracked 
|  58|0x0000000783a00000, 0x0000000783a00000, 0x0000000783b00000|  0%| F|  |TAMS 0x0000000783a00000, 0x0000000783a00000| Untracked 
|  59|0x0000000783b00000, 0x0000000783b00000, 0x0000000783c00000|  0%| F|  |TAMS 0x0000000783b00000, 0x0000000783b00000| Untracked 
|  60|0x0000000783c00000, 0x0000000783c00000, 0x0000000783d00000|  0%| F|  |TAMS 0x0000000783c00000, 0x0000000783c00000| Untracked 
|  61|0x0000000783d00000, 0x0000000783d00000, 0x0000000783e00000|  0%| F|  |TAMS 0x0000000783d00000, 0x0000000783d00000| Untracked 
|  62|0x0000000783e00000, 0x0000000783e00000, 0x0000000783f00000|  0%| F|  |TAMS 0x0000000783e00000, 0x0000000783e00000| Untracked 
|  63|0x0000000783f00000, 0x0000000783f00000, 0x0000000784000000|  0%| F|  |TAMS 0x0000000783f00000, 0x0000000783f00000| Untracked 
|  64|0x0000000784000000, 0x0000000784000000, 0x0000000784100000|  0%| F|  |TAMS 0x0000000784000000, 0x0000000784000000| Untracked 
|  65|0x0000000784100000, 0x0000000784100000, 0x0000000784200000|  0%| F|  |TAMS 0x0000000784100000, 0x0000000784100000| Untracked 
|  66|0x0000000784200000, 0x0000000784200000, 0x0000000784300000|  0%| F|  |TAMS 0x0000000784200000, 0x0000000784200000| Untracked 
|  67|0x0000000784300000, 0x0000000784300000, 0x0000000784400000|  0%| F|  |TAMS 0x0000000784300000, 0x0000000784300000| Untracked 
|  68|0x0000000784400000, 0x0000000784400000, 0x0000000784500000|  0%| F|  |TAMS 0x0000000784400000, 0x0000000784400000| Untracked 
|  69|0x0000000784500000, 0x0000000784500000, 0x0000000784600000|  0%| F|  |TAMS 0x0000000784500000, 0x0000000784500000| Untracked 
|  70|0x0000000784600000, 0x0000000784600000, 0x0000000784700000|  0%| F|  |TAMS 0x0000000784600000, 0x0000000784600000| Untracked 
|  71|0x0000000784700000, 0x0000000784700000, 0x0000000784800000|  0%| F|  |TAMS 0x0000000784700000, 0x0000000784700000| Untracked 
|  72|0x0000000784800000, 0x0000000784800000, 0x0000000784900000|  0%| F|  |TAMS 0x0000000784800000, 0x0000000784800000| Untracked 
|  73|0x0000000784900000, 0x0000000784900000, 0x0000000784a00000|  0%| F|  |TAMS 0x0000000784900000, 0x0000000784900000| Untracked 
|  74|0x0000000784a00000, 0x0000000784a00000, 0x0000000784b00000|  0%| F|  |TAMS 0x0000000784a00000, 0x0000000784a00000| Untracked 
|  75|0x0000000784b00000, 0x0000000784b00000, 0x0000000784c00000|  0%| F|  |TAMS 0x0000000784b00000, 0x0000000784b00000| Untracked 
|  76|0x0000000784c00000, 0x0000000784c00000, 0x0000000784d00000|  0%| F|  |TAMS 0x0000000784c00000, 0x0000000784c00000| Untracked 
|  77|0x0000000784d00000, 0x0000000784d00000, 0x0000000784e00000|  0%| F|  |TAMS 0x0000000784d00000, 0x0000000784d00000| Untracked 
|  78|0x0000000784e00000, 0x0000000784e00000, 0x0000000784f00000|  0%| F|  |TAMS 0x0000000784e00000, 0x0000000784e00000| Untracked 
|  79|0x0000000784f00000, 0x0000000784f00000, 0x0000000785000000|  0%| F|  |TAMS 0x0000000784f00000, 0x0000000784f00000| Untracked 
|  80|0x0000000785000000, 0x0000000785000000, 0x0000000785100000|  0%| F|  |TAMS 0x0000000785000000, 0x0000000785000000| Untracked 
|  81|0x0000000785100000, 0x0000000785100000, 0x0000000785200000|  0%| F|  |TAMS 0x0000000785100000, 0x0000000785100000| Untracked 
|  82|0x0000000785200000, 0x0000000785200000, 0x0000000785300000|  0%| F|  |TAMS 0x0000000785200000, 0x0000000785200000| Untracked 
|  83|0x0000000785300000, 0x0000000785300000, 0x0000000785400000|  0%| F|  |TAMS 0x0000000785300000, 0x0000000785300000| Untracked 
|  84|0x0000000785400000, 0x0000000785400000, 0x0000000785500000|  0%| F|  |TAMS 0x0000000785400000, 0x0000000785400000| Untracked 
|  85|0x0000000785500000, 0x0000000785500000, 0x0000000785600000|  0%| F|  |TAMS 0x0000000785500000, 0x0000000785500000| Untracked 
|  86|0x0000000785600000, 0x0000000785600000, 0x0000000785700000|  0%| F|  |TAMS 0x0000000785600000, 0x0000000785600000| Untracked 
|  87|0x0000000785700000, 0x0000000785700000, 0x0000000785800000|  0%| F|  |TAMS 0x0000000785700000, 0x0000000785700000| Untracked 
|  88|0x0000000785800000, 0x0000000785800000, 0x0000000785900000|  0%| F|  |TAMS 0x0000000785800000, 0x0000000785800000| Untracked 
|  89|0x0000000785900000, 0x0000000785900000, 0x0000000785a00000|  0%| F|  |TAMS 0x0000000785900000, 0x0000000785900000| Untracked 
|  90|0x0000000785a00000, 0x0000000785a00000, 0x0000000785b00000|  0%| F|  |TAMS 0x0000000785a00000, 0x0000000785a00000| Untracked 
|  91|0x0000000785b00000, 0x0000000785b00000, 0x0000000785c00000|  0%| F|  |TAMS 0x0000000785b00000, 0x0000000785b00000| Untracked 
|  92|0x0000000785c00000, 0x0000000785c00000, 0x0000000785d00000|  0%| F|  |TAMS 0x0000000785c00000, 0x0000000785c00000| Untracked 
|  93|0x0000000785d00000, 0x0000000785d00000, 0x0000000785e00000|  0%| F|  |TAMS 0x0000000785d00000, 0x0000000785d00000| Untracked 
|  94|0x0000000785e00000, 0x0000000785e00000, 0x0000000785f00000|  0%| F|  |TAMS 0x0000000785e00000, 0x0000000785e00000| Untracked 
|  95|0x0000000785f00000, 0x0000000785f00000, 0x0000000786000000|  0%| F|  |TAMS 0x0000000785f00000, 0x0000000785f00000| Untracked 
|  96|0x0000000786000000, 0x0000000786000000, 0x0000000786100000|  0%| F|  |TAMS 0x0000000786000000, 0x0000000786000000| Untracked 
|  97|0x0000000786100000, 0x0000000786100000, 0x0000000786200000|  0%| F|  |TAMS 0x0000000786100000, 0x0000000786100000| Untracked 
|  98|0x0000000786200000, 0x0000000786200000, 0x0000000786300000|  0%| F|  |TAMS 0x0000000786200000, 0x0000000786200000| Untracked 
|  99|0x0000000786300000, 0x0000000786300000, 0x0000000786400000|  0%| F|  |TAMS 0x0000000786300000, 0x0000000786300000| Untracked 
| 100|0x0000000786400000, 0x0000000786400000, 0x0000000786500000|  0%| F|  |TAMS 0x0000000786400000, 0x0000000786400000| Untracked 
| 101|0x0000000786500000, 0x0000000786500000, 0x0000000786600000|  0%| F|  |TAMS 0x0000000786500000, 0x0000000786500000| Untracked 
| 102|0x0000000786600000, 0x0000000786600000, 0x0000000786700000|  0%| F|  |TAMS 0x0000000786600000, 0x0000000786600000| Untracked 
| 103|0x0000000786700000, 0x0000000786700000, 0x0000000786800000|  0%| F|  |TAMS 0x0000000786700000, 0x0000000786700000| Untracked 
| 104|0x0000000786800000, 0x0000000786800000, 0x0000000786900000|  0%| F|  |TAMS 0x0000000786800000, 0x0000000786800000| Untracked 
| 105|0x0000000786900000, 0x0000000786900000, 0x0000000786a00000|  0%| F|  |TAMS 0x0000000786900000, 0x0000000786900000| Untracked 
| 106|0x0000000786a00000, 0x0000000786a00000, 0x0000000786b00000|  0%| F|  |TAMS 0x0000000786a00000, 0x0000000786a00000| Untracked 
| 107|0x0000000786b00000, 0x0000000786b00000, 0x0000000786c00000|  0%| F|  |TAMS 0x0000000786b00000, 0x0000000786b00000| Untracked 
| 108|0x0000000786c00000, 0x0000000786c00000, 0x0000000786d00000|  0%| F|  |TAMS 0x0000000786c00000, 0x0000000786c00000| Untracked 
| 109|0x0000000786d00000, 0x0000000786d00000, 0x0000000786e00000|  0%| F|  |TAMS 0x0000000786d00000, 0x0000000786d00000| Untracked 
| 110|0x0000000786e00000, 0x0000000786e00000, 0x0000000786f00000|  0%| F|  |TAMS 0x0000000786e00000, 0x0000000786e00000| Untracked 
| 111|0x0000000786f00000, 0x0000000786f00000, 0x0000000787000000|  0%| F|  |TAMS 0x0000000786f00000, 0x0000000786f00000| Untracked 
| 112|0x0000000787000000, 0x0000000787000000, 0x0000000787100000|  0%| F|  |TAMS 0x0000000787000000, 0x0000000787000000| Untracked 
| 113|0x0000000787100000, 0x0000000787100000, 0x0000000787200000|  0%| F|  |TAMS 0x0000000787100000, 0x0000000787100000| Untracked 
| 114|0x0000000787200000, 0x0000000787200000, 0x0000000787300000|  0%| F|  |TAMS 0x0000000787200000, 0x0000000787200000| Untracked 
| 115|0x0000000787300000, 0x0000000787300000, 0x0000000787400000|  0%| F|  |TAMS 0x0000000787300000, 0x0000000787300000| Untracked 
| 116|0x0000000787400000, 0x0000000787400000, 0x0000000787500000|  0%| F|  |TAMS 0x0000000787400000, 0x0000000787400000| Untracked 
| 117|0x0000000787500000, 0x0000000787500000, 0x0000000787600000|  0%| F|  |TAMS 0x0000000787500000, 0x0000000787500000| Untracked 
| 118|0x0000000787600000, 0x0000000787600000, 0x0000000787700000|  0%| F|  |TAMS 0x0000000787600000, 0x0000000787600000| Untracked 
| 119|0x0000000787700000, 0x0000000787700000, 0x0000000787800000|  0%| F|  |TAMS 0x0000000787700000, 0x0000000787700000| Untracked 
| 120|0x0000000787800000, 0x0000000787800000, 0x0000000787900000|  0%| F|  |TAMS 0x0000000787800000, 0x0000000787800000| Untracked 
| 121|0x0000000787900000, 0x0000000787943110, 0x0000000787a00000| 26%| E|  |TAMS 0x0000000787900000, 0x0000000787900000| Complete 
| 122|0x0000000787a00000, 0x0000000787b00000, 0x0000000787b00000|100%| E|CS|TAMS 0x0000000787a00000, 0x0000000787a00000| Complete 
| 123|0x0000000787b00000, 0x0000000787c00000, 0x0000000787c00000|100%| E|CS|TAMS 0x0000000787b00000, 0x0000000787b00000| Complete 
| 124|0x0000000787c00000, 0x0000000787d00000, 0x0000000787d00000|100%| E|CS|TAMS 0x0000000787c00000, 0x0000000787c00000| Complete 
| 125|0x0000000787d00000, 0x0000000787e00000, 0x0000000787e00000|100%| E|CS|TAMS 0x0000000787d00000, 0x0000000787d00000| Complete 
| 126|0x0000000787e00000, 0x0000000787f00000, 0x0000000787f00000|100%| E|CS|TAMS 0x0000000787e00000, 0x0000000787e00000| Complete 
| 127|0x0000000787f00000, 0x0000000788000000, 0x0000000788000000|100%| E|CS|TAMS 0x0000000787f00000, 0x0000000787f00000| Complete 
|2046|0x00000007ffe00000, 0x00000007ffe75000, 0x00000007fff00000| 45%|OA|  |TAMS 0x00000007ffe00000, 0x00000007ffe00000| Untracked 
|2047|0x00000007fff00000, 0x00000007fff7f000, 0x0000000800000000| 49%|CA|  |TAMS 0x00000007fff00000, 0x00000007fff00000| Untracked 

Card table byte_map: [0x000000010716d000,0x000000010756d000] _byte_map_base: 0x000000010356d000

Marking Bits (Prev, Next): (CMBitMap*) 0x00007fbc87808c10, (CMBitMap*) 0x00007fbc87808c50
 Prev Bits: [0x000000011074d000, 0x000000011274d000)
 Next Bits: [0x000000011274d000, 0x000000011474d000)

Polling page: 0x0000000106aa3000

Metaspace:

Usage:
  Non-class:      4.93 MB used.
      Class:    561.89 KB used.
       Both:      5.48 MB used.

Virtual space:
  Non-class space:        8.00 MB reserved,       5.00 MB ( 62%) committed,  1 nodes.
      Class space:        1.00 GB reserved,     640.00 KB ( <1%) committed,  1 nodes.
             Both:        1.01 GB reserved,       5.62 MB ( <1%) committed. 

Chunk freelists:
   Non-Class:  2.45 MB
       Class:  3.23 MB
        Both:  5.69 MB

MaxMetaspaceSize: unlimited
CompressedClassSpaceSize: 1.00 GB
Initial GC threshold: 21.00 MB
Current GC threshold: 21.00 MB
CDS: on
MetaspaceReclaimPolicy: balanced
 - commit_granule_bytes: 65536.
 - commit_granule_words: 8192.
 - virtual_space_node_default_size: 1048576.
 - enlarge_chunks_in_place: 1.
 - new_chunks_are_fully_committed: 0.
 - uncommit_free_chunks: 1.
 - use_allocation_guard: 0.
 - handle_deallocations: 1.


Internal statistics:

num_allocs_failed_limit: 0.
num_arena_births: 62.
num_arena_deaths: 0.
num_vsnodes_births: 2.
num_vsnodes_deaths: 0.
num_space_committed: 90.
num_space_uncommitted: 0.
num_chunks_returned_to_freelist: 0.
num_chunks_taken_from_freelist: 112.
num_chunk_merges: 0.
num_chunk_splits: 66.
num_chunks_enlarged: 33.
num_purges: 0.
num_inconsistent_stats: 0.

CodeHeap 'non-profiled nmethods': size=120032Kb used=190Kb max_used=190Kb free=119841Kb
 bounds [0x000000011d99c000, 0x000000011dc0c000, 0x0000000124ed4000]
CodeHeap 'profiled nmethods': size=120028Kb used=900Kb max_used=900Kb free=119127Kb
 bounds [0x0000000116465000, 0x00000001166d5000, 0x000000011d99c000]
CodeHeap 'non-nmethods': size=5700Kb used=1226Kb max_used=1234Kb free=4473Kb
 bounds [0x0000000115ed4000, 0x0000000116144000, 0x0000000116465000]
 total_blobs=1167 nmethods=626 adapters=455
 compilation: enabled
              stopped_count=0, restarted_count=0
 full_count=0

Compilation events (20 events):
Event: 1.800 Thread 0x00007fbc85811600  617       3       java.lang.reflect.Field::setFieldAccessor (34 bytes)
Event: 1.800 Thread 0x00007fbc85811600 nmethod 617 0x0000000116541810 code [0x00000001165419e0, 0x0000000116541e20]
Event: 1.800 Thread 0x00007fbc85811600  616       1       java.lang.reflect.Field::getRoot (5 bytes)
Event: 1.800 Thread 0x00007fbc85811600 nmethod 616 0x000000011d9cae90 code [0x000000011d9cb020, 0x000000011d9cb0f0]
Event: 1.801 Thread 0x00007fbc85811600  618       3       java.lang.String::toLowerCase (8 bytes)
Event: 1.801 Thread 0x00007fbc85811600 nmethod 618 0x0000000116541f10 code [0x0000000116542100, 0x0000000116542470]
Event: 1.803 Thread 0x00007fbc85811600  620   !   3       java.util.WeakHashMap::expungeStaleEntries (139 bytes)
Event: 1.804 Thread 0x00007fbc85811600 nmethod 620 0x0000000116542590 code [0x00000001165427a0, 0x00000001165431e0]
Event: 1.804 Thread 0x00007fbc85811600  619       3       java.nio.Buffer::remaining (20 bytes)
Event: 1.804 Thread 0x00007fbc85811600 nmethod 619 0x0000000116543690 code [0x0000000116543840, 0x00000001165439d0]
Event: 1.804 Thread 0x00007fbc85811600  621       3       java.util.WeakHashMap::indexFor (6 bytes)
Event: 1.804 Thread 0x00007fbc85811600 nmethod 621 0x0000000116543a90 code [0x0000000116543c20, 0x0000000116543d10]
Event: 1.807 Thread 0x00007fbc85811600  623   !   3       java.util.zip.ZipFile$ZipFileInputStream::close (59 bytes)
Event: 1.808 Thread 0x00007fbc85811600 nmethod 623 0x0000000116543d90 code [0x0000000116543f60, 0x00000001165442e0]
Event: 1.808 Thread 0x00007fbc85811600  624       3       jdk.internal.ref.PhantomCleanable::<init> (49 bytes)
Event: 1.809 Thread 0x00007fbc85811600 nmethod 624 0x0000000116544510 code [0x0000000116544760, 0x00000001165452b0]
Event: 1.809 Thread 0x00007fbc85811600  625   !   3       jdk.internal.ref.PhantomCleanable::insert (53 bytes)
Event: 1.809 Thread 0x00007fbc85811600 nmethod 625 0x0000000116545610 code [0x00000001165457c0, 0x0000000116545b50]
Event: 1.813 Thread 0x00007fbc85811600  626       3       jdk.internal.loader.NativeLibraries$NativeLibraryImpl::find (6 bytes)
Event: 1.813 Thread 0x00007fbc85811600 nmethod 626 0x0000000116545d10 code [0x0000000116545ec0, 0x0000000116545fe0]

GC Heap History (0 events):
No events

Deoptimization events (12 events):
Event: 0.136 Thread 0x00007fbc87012600 Uncommon trap: trap_request=0xfffffff4 fr.pc=0x000000011d9a8a50 relative=0x00000000000001b0
Event: 0.136 Thread 0x00007fbc87012600 Uncommon trap: reason=null_check action=make_not_entrant pc=0x000000011d9a8a50 method=java.lang.String.equals(Ljava/lang/Object;)Z @ 8 c2
Event: 0.136 Thread 0x00007fbc87012600 DEOPT PACKING pc=0x000000011d9a8a50 sp=0x000070000ed52670
Event: 0.136 Thread 0x00007fbc87012600 DEOPT UNPACKING pc=0x0000000115f26099 sp=0x000070000ed52638 mode 2
Event: 1.337 Thread 0x00007fbc87012600 Uncommon trap: trap_request=0xffffff45 fr.pc=0x000000011d9c20f0 relative=0x0000000000001150
Event: 1.337 Thread 0x00007fbc87012600 Uncommon trap: reason=unstable_if action=reinterpret pc=0x000000011d9c20f0 method=java.util.HashMap.putVal(ILjava/lang/Object;Ljava/lang/Object;ZZ)Ljava/lang/Object; @ 181 c2
Event: 1.337 Thread 0x00007fbc87012600 DEOPT PACKING pc=0x000000011d9c20f0 sp=0x000070000ed52c50
Event: 1.337 Thread 0x00007fbc87012600 DEOPT UNPACKING pc=0x0000000115f26099 sp=0x000070000ed52ba8 mode 2
Event: 1.342 Thread 0x00007fbc87012600 Uncommon trap: trap_request=0xffffff45 fr.pc=0x000000011d9a7e40 relative=0x0000000000000760
Event: 1.342 Thread 0x00007fbc87012600 Uncommon trap: reason=unstable_if action=reinterpret pc=0x000000011d9a7e40 method=java.util.HashMap.putVal(ILjava/lang/Object;Ljava/lang/Object;ZZ)Ljava/lang/Object; @ 181 c2
Event: 1.342 Thread 0x00007fbc87012600 DEOPT PACKING pc=0x000000011d9a7e40 sp=0x000070000ed52be0
Event: 1.342 Thread 0x00007fbc87012600 DEOPT UNPACKING pc=0x0000000115f26099 sp=0x000070000ed52bb0 mode 2

Classes unloaded (0 events):
No events

Classes redefined (0 events):
No events

Internal exceptions (8 events):
Event: 0.136 Thread 0x00007fbc87012600 Implicit null exception at 0x000000011d9a88d5 to 0x000000011d9a8a40
Event: 0.176 Thread 0x00007fbc8685ce00 Exception <a 'java/lang/NoSuchMethodError'{0x0000000787eccf28}: 'java.lang.Object java.lang.invoke.DirectMethodHandle$Holder.invokeStaticInit(java.lang.Object)'> (0x0000000787eccf28) 
thrown [src/hotspot/share/interpreter/linkResolver.cpp, line 766]
Event: 0.190 Thread 0x00007fbc8685ce00 Exception <a 'java/lang/NoSuchMethodError'{0x0000000787edb610}: 'void java.lang.invoke.DirectMethodHandle$Holder.invokeStatic(java.lang.Object, java.lang.Object)'> (0x0000000787edb610) 
thrown [src/hotspot/share/interpreter/linkResolver.cpp, line 766]
Event: 0.366 Thread 0x00007fbc87012600 Exception <a 'java/lang/ClassNotFoundException'{0x0000000787da2430}: sun/awt/resources/spi/awtProvider> (0x0000000787da2430) 
thrown [src/hotspot/share/classfile/systemDictionary.cpp, line 256]
Event: 0.500 Thread 0x00007fbc87012600 Exception <a 'java/io/FileNotFoundException'{0x0000000787df3ca8}> (0x0000000787df3ca8) 
thrown [src/hotspot/share/prims/jni.cpp, line 516]
Event: 0.511 Thread 0x00007fbc87012600 Exception <a 'java/io/FileNotFoundException'{0x0000000787c210d8}> (0x0000000787c210d8) 
thrown [src/hotspot/share/prims/jni.cpp, line 516]
Event: 0.518 Thread 0x00007fbc87012600 Exception <a 'java/lang/ClassNotFoundException'{0x0000000787c24e68}: sun/awt/resources/spi/awtosxProvider> (0x0000000787c24e68) 
thrown [src/hotspot/share/classfile/systemDictionary.cpp, line 256]
Event: 0.988 Thread 0x00007fbc87012600 Exception <a 'java/io/FileNotFoundException'{0x0000000787c9ede8}> (0x0000000787c9ede8) 
thrown [src/hotspot/share/prims/jni.cpp, line 516]

VM Operations (12 events):
Event: 0.106 Executing VM operation: HandshakeAllThreads
Event: 0.106 Executing VM operation: HandshakeAllThreads done
Event: 0.171 Executing VM operation: HandshakeAllThreads
Event: 0.171 Executing VM operation: HandshakeAllThreads done
Event: 0.350 Executing VM operation: HandshakeAllThreads
Event: 0.350 Executing VM operation: HandshakeAllThreads done
Event: 1.037 Executing VM operation: HandshakeAllThreads
Event: 1.037 Executing VM operation: HandshakeAllThreads done
Event: 1.037 Executing VM operation: Cleanup
Event: 1.038 Executing VM operation: Cleanup done
Event: 1.618 Executing VM operation: HandshakeAllThreads
Event: 1.618 Executing VM operation: HandshakeAllThreads done

Events (20 events):
Event: 1.769 loading class sun/nio/cs/UTF_16
Event: 1.769 loading class sun/nio/cs/UTF_16 done
Event: 1.770 loading class sun/misc/Unsafe
Event: 1.771 loading class sun/misc/Unsafe done
Event: 1.774 loading class jdk/internal/reflect/UnsafeFieldAccessorFactory
Event: 1.774 loading class jdk/internal/reflect/UnsafeFieldAccessorFactory done
Event: 1.774 loading class jdk/internal/reflect/UnsafeQualifiedStaticObjectFieldAccessorImpl
Event: 1.774 loading class jdk/internal/reflect/UnsafeQualifiedStaticFieldAccessorImpl
Event: 1.774 loading class jdk/internal/reflect/UnsafeQualifiedStaticFieldAccessorImpl done
Event: 1.774 loading class jdk/internal/reflect/UnsafeQualifiedStaticObjectFieldAccessorImpl done
Event: 1.774 loading class jdk/internal/access/foreign/MemorySegmentProxy
Event: 1.774 loading class jdk/internal/access/foreign/MemorySegmentProxy done
Event: 1.776 loading class java/nio/StringCharBuffer
Event: 1.776 loading class java/nio/StringCharBuffer done
Event: 1.794 loading class java/awt/IllegalComponentStateException
Event: 1.794 loading class java/awt/IllegalComponentStateException done
Event: 1.798 loading class jdk/internal/reflect/UnsafeQualifiedStaticIntegerFieldAccessorImpl
Event: 1.798 loading class jdk/internal/reflect/UnsafeQualifiedStaticIntegerFieldAccessorImpl done
Event: 1.808 loading class java/lang/NumberFormatException
Event: 1.808 loading class java/lang/NumberFormatException done


Dynamic libraries:
0x0000000106aa6000 	/Users/loule/Library/Java/JavaVirtualMachines/temurin-17/Contents/Home/lib/libjli.dylib
0x00007ff80fdc7000 	/usr/lib/libz.1.dylib
0x00007ff80fea7000 	/usr/lib/libSystem.B.dylib
0x00007ff80fea2000 	/usr/lib/system/libcache.dylib
0x00007ff80fe5e000 	/usr/lib/system/libcommonCrypto.dylib
0x00007ff80fe87000 	/usr/lib/system/libcompiler_rt.dylib
0x00007ff80fe7d000 	/usr/lib/system/libcopyfile.dylib
0x00007ff804da2000 	/usr/lib/system/libcorecrypto.dylib
0x00007ff804e60000 	/usr/lib/system/libdispatch.dylib
0x00007ff805019000 	/usr/lib/system/libdyld.dylib
0x00007ff80fe99000 	/usr/lib/system/libkeymgr.dylib
0x00007ff80fe3c000 	/usr/lib/system/libmacho.dylib
0x00007ff80f4d8000 	/usr/lib/system/libquarantine.dylib
0x00007ff80fe97000 	/usr/lib/system/libremovefile.dylib
0x00007ff809f5e000 	/usr/lib/system/libsystem_asl.dylib
0x00007ff804d50000 	/usr/lib/system/libsystem_blocks.dylib
0x00007ff804ee4000 	/usr/lib/system/libsystem_c.dylib
0x00007ff80fe8f000 	/usr/lib/system/libsystem_collections.dylib
0x00007ff80e6be000 	/usr/lib/system/libsystem_configuration.dylib
0x00007ff80d8d2000 	/usr/lib/system/libsystem_containermanager.dylib
0x00007ff80fb7d000 	/usr/lib/system/libsystem_coreservices.dylib
0x00007ff807634000 	/usr/lib/system/libsystem_darwin.dylib
0x00007ff80fe9a000 	/usr/lib/system/libsystem_dnssd.dylib
0x00007ff804ee1000 	/usr/lib/system/libsystem_featureflags.dylib
0x00007ff805030000 	/usr/lib/system/libsystem_info.dylib
0x00007ff80fdda000 	/usr/lib/system/libsystem_m.dylib
0x00007ff804e34000 	/usr/lib/system/libsystem_malloc.dylib
0x00007ff809efb000 	/usr/lib/system/libsystem_networkextension.dylib
0x00007ff807a5b000 	/usr/lib/system/libsystem_notify.dylib
0x00007ff816411000 	/usr/lib/system/libsystem_product_info_filter.dylib
0x00007ff80e6c2000 	/usr/lib/system/libsystem_sandbox.dylib
0x00007ff80fe94000 	/usr/lib/system/libsystem_secinit.dylib
0x00007ff804fdc000 	/usr/lib/system/libsystem_kernel.dylib
0x00007ff805025000 	/usr/lib/system/libsystem_platform.dylib
0x00007ff80500d000 	/usr/lib/system/libsystem_pthread.dylib
0x00007ff80b79d000 	/usr/lib/system/libsystem_symptoms.dylib
0x00007ff804d89000 	/usr/lib/system/libsystem_trace.dylib
0x00007ff80fe6a000 	/usr/lib/system/libunwind.dylib
0x00007ff804d52000 	/usr/lib/system/libxpc.dylib
0x00007ff804fc6000 	/usr/lib/libc++abi.dylib
0x00007ff804ea7000 	/usr/lib/libobjc.A.dylib
0x00007ff80fe75000 	/usr/lib/liboah.dylib
0x00007ff804f6d000 	/usr/lib/libc++.1.dylib
0x00007ff81c179000 	/System/Library/Frameworks/Cocoa.framework/Versions/A/Cocoa
0x00007ff807ab8000 	/System/Library/Frameworks/AppKit.framework/Versions/C/AppKit
0x00007ff80af94000 	/System/Library/Frameworks/CoreData.framework/Versions/A/CoreData
0x00007ff805ede000 	/System/Library/Frameworks/Foundation.framework/Versions/C/Foundation
0x00007ff80893f000 	/System/Library/PrivateFrameworks/UIFoundation.framework/Versions/A/UIFoundation
0x00007ff816118000 	/System/Library/PrivateFrameworks/RemoteViewServices.framework/Versions/A/RemoteViewServices
0x00007ff80e058000 	/System/Library/PrivateFrameworks/XCTTargetBootstrap.framework/Versions/A/XCTTargetBootstrap
0x00007ff811d39000 	/System/Library/PrivateFrameworks/InternationalSupport.framework/Versions/A/InternationalSupport
0x00007ff811dc3000 	/System/Library/PrivateFrameworks/UserActivity.framework/Versions/A/UserActivity
0x00007ff8110bb000 	/usr/lib/libspindump.dylib
0x00007ff808bcd000 	/System/Library/Frameworks/UniformTypeIdentifiers.framework/Versions/A/UniformTypeIdentifiers
0x00007ff80c6ea000 	/usr/lib/libapp_launch_measurement.dylib
0x00007ff80c6ed000 	/System/Library/PrivateFrameworks/CoreAutoLayout.framework/Versions/A/CoreAutoLayout
0x00007ff80d90a000 	/System/Library/Frameworks/Metal.framework/Versions/A/Metal
0x00007ff80e6cd000 	/usr/lib/liblangid.dylib
0x00007ff80e05c000 	/System/Library/PrivateFrameworks/CoreSVG.framework/Versions/A/CoreSVG
0x00007ff809f8e000 	/System/Library/PrivateFrameworks/SkyLight.framework/Versions/A/SkyLight
0x00007ff80a314000 	/System/Library/Frameworks/CoreGraphics.framework/Versions/A/CoreGraphics
0x00007ff816781000 	/System/Library/Frameworks/Accelerate.framework/Versions/A/Accelerate
0x00007ff810b10000 	/System/Library/PrivateFrameworks/IconServices.framework/Versions/A/IconServices
0x00007ff80d8ef000 	/System/Library/Frameworks/IOSurface.framework/Versions/A/IOSurface
0x00007ff80b985000 	/usr/lib/libDiagnosticMessagesClient.dylib
0x00007ff819e2a000 	/System/Library/Frameworks/ApplicationServices.framework/Versions/A/ApplicationServices
0x00007ff80e044000 	/System/Library/PrivateFrameworks/DFRFoundation.framework/Versions/A/DFRFoundation
0x00007ff8073ab000 	/usr/lib/libicucore.A.dylib
0x00007ff812e1a000 	/System/Library/Frameworks/AudioToolbox.framework/Versions/A/AudioToolbox
0x00007ff811d45000 	/System/Library/PrivateFrameworks/DataDetectorsCore.framework/Versions/A/DataDetectorsCore
0x00007ff90d92c000 	/System/Library/PrivateFrameworks/TextInput.framework/Versions/A/TextInput
0x00007ff809f12000 	/usr/lib/libMobileGestalt.dylib
0x00007ff80dd4c000 	/System/Library/Frameworks/Carbon.framework/Versions/A/Frameworks/HIToolbox.framework/Versions/A/HIToolbox
0x00007ff80c11b000 	/System/Library/Frameworks/QuartzCore.framework/Versions/A/QuartzCore
0x00007ff80704d000 	/System/Library/Frameworks/Security.framework/Versions/A/Security
0x00007ff816150000 	/System/Library/Frameworks/Carbon.framework/Versions/A/Frameworks/SpeechRecognition.framework/Versions/A/SpeechRecognition
0x00007ff80c44c000 	/System/Library/PrivateFrameworks/CoreUI.framework/Versions/A/CoreUI
0x00007ff80692c000 	/System/Library/Frameworks/CoreAudio.framework/Versions/A/CoreAudio
0x00007ff80ba73000 	/System/Library/Frameworks/DiskArbitration.framework/Versions/A/DiskArbitration
0x00007ff8114a2000 	/System/Library/PrivateFrameworks/MultitouchSupport.framework/Versions/A/MultitouchSupport
0x00007ff809f11000 	/usr/lib/libenergytrace.dylib
0x00007ff8079a6000 	/System/Library/Frameworks/IOKit.framework/Versions/A/IOKit
0x00007ff81653a000 	/System/Library/Frameworks/CoreServices.framework/Versions/A/CoreServices
0x00007ff80c684000 	/System/Library/PrivateFrameworks/PerformanceAnalysis.framework/Versions/A/PerformanceAnalysis
0x00007ffa1c5d3000 	/System/Library/Frameworks/OpenGL.framework/Versions/A/OpenGL
0x00007ff80f404000 	/System/Library/PrivateFrameworks/MobileKeyBag.framework/Versions/A/MobileKeyBag
0x00007ff80a9e1000 	/System/Library/Frameworks/ColorSync.framework/Versions/A/ColorSync
0x00007ff80505b000 	/System/Library/Frameworks/CoreFoundation.framework/Versions/A/CoreFoundation
0x00007ff80e2d4000 	/System/Library/Frameworks/CoreImage.framework/Versions/A/CoreImage
0x00007ff806742000 	/System/Library/Frameworks/CoreText.framework/Versions/A/CoreText
0x00007ff80e08b000 	/System/Library/Frameworks/ImageIO.framework/Versions/A/ImageIO
0x00007ff80fead000 	/System/Library/PrivateFrameworks/SoftLinking.framework/Versions/A/SoftLinking
0x00007ff80c735000 	/usr/lib/libxml2.2.dylib
0x00007ff810130000 	/usr/lib/libcompression.dylib
0x00007ff811c6f000 	/System/Library/PrivateFrameworks/TextureIO.framework/Versions/A/TextureIO
0x00007ff810823000 	/usr/lib/libate.dylib
0x00007ff810601000 	/usr/lib/liblzma.5.dylib
0x00007ff805bef000 	/System/Library/Frameworks/SystemConfiguration.framework/Versions/A/SystemConfiguration
0x00007ff80fea9000 	/usr/lib/libfakelink.dylib
0x00007ff809a65000 	/System/Library/Frameworks/CFNetwork.framework/Versions/A/CFNetwork
0x00007ff80ffe8000 	/usr/lib/libarchive.2.dylib
0x00007ff80f4fe000 	/usr/lib/libbsm.0.dylib
0x00007ff80909d000 	/usr/lib/libnetwork.dylib
0x00007ff80fe42000 	/usr/lib/system/libkxld.dylib
0x00007ffb19d7c000 	/usr/lib/libCoreEntitlements.dylib
0x00007ff80fb5f000 	/System/Library/PrivateFrameworks/AppleFSCompression.framework/Versions/A/AppleFSCompression
0x00007ff80f4e7000 	/usr/lib/libcoretls.dylib
0x00007ff81061b000 	/usr/lib/libcoretls_cfhelpers.dylib
0x00007ff81012b000 	/usr/lib/libpam.2.dylib
0x00007ff80b3c0000 	/usr/lib/libsqlite3.dylib
0x00007ff81068a000 	/usr/lib/libxar.1.dylib
0x00007ff80e6c9000 	/System/Library/PrivateFrameworks/AppleSystemInfo.framework/Versions/A/AppleSystemInfo
0x00007ff80f12c000 	/System/Library/PrivateFrameworks/IOMobileFramebuffer.framework/Versions/A/IOMobileFramebuffer
0x00007ff80fb6f000 	/usr/lib/libbz2.1.0.dylib
0x00007ff80feae000 	/usr/lib/libpcap.A.dylib
0x00007ff80b794000 	/usr/lib/libdns_services.dylib
0x00007ff8100fa000 	/usr/lib/libapple_nghttp2.dylib
0x00007ff80fee5000 	/usr/lib/libiconv.2.dylib
0x00007ff80fe3b000 	/usr/lib/libcharset.1.dylib
0x00007ff80c6b8000 	/System/Library/Frameworks/CoreServices.framework/Versions/A/Frameworks/FSEvents.framework/Versions/A/FSEvents
0x00007ff80763e000 	/System/Library/Frameworks/CoreServices.framework/Versions/A/Frameworks/CarbonCore.framework/Versions/A/CarbonCore
0x00007ff80b9d8000 	/System/Library/Frameworks/CoreServices.framework/Versions/A/Frameworks/Metadata.framework/Versions/A/Metadata
0x00007ff80fb82000 	/System/Library/Frameworks/CoreServices.framework/Versions/A/Frameworks/OSServices.framework/Versions/A/OSServices
0x00007ff81006e000 	/System/Library/Frameworks/CoreServices.framework/Versions/A/Frameworks/SearchKit.framework/Versions/A/SearchKit
0x00007ff80b726000 	/System/Library/Frameworks/CoreServices.framework/Versions/A/Frameworks/AE.framework/Versions/A/AE
0x00007ff80555e000 	/System/Library/Frameworks/CoreServices.framework/Versions/A/Frameworks/LaunchServices.framework/Versions/A/LaunchServices
0x00007ff8105b2000 	/System/Library/Frameworks/CoreServices.framework/Versions/A/Frameworks/DictionaryServices.framework/Versions/A/DictionaryServices
0x00007ff80c6c5000 	/System/Library/Frameworks/CoreServices.framework/Versions/A/Frameworks/SharedFileList.framework/Versions/A/SharedFileList
0x00007ff80f4db000 	/usr/lib/libCheckFix.dylib
0x00007ff809f75000 	/System/Library/PrivateFrameworks/TCC.framework/Versions/A/TCC
0x00007ff80e6cf000 	/System/Library/PrivateFrameworks/CoreNLP.framework/Versions/A/CoreNLP
0x00007ff80b988000 	/System/Library/PrivateFrameworks/MetadataUtilities.framework/Versions/A/MetadataUtilities
0x00007ff805c9f000 	/usr/lib/libmecabra.dylib
0x00007ff80f50e000 	/usr/lib/libmecab.dylib
0x00007ff805c6a000 	/usr/lib/libCRFSuite.dylib
0x00007ff80f56b000 	/usr/lib/libgermantok.dylib
0x00007ff8100d5000 	/usr/lib/libThaiTokenizer.dylib
0x00007ff80ba7a000 	/System/Library/Frameworks/Accelerate.framework/Versions/A/Frameworks/vImage.framework/Versions/A/vImage
0x00007ff816511000 	/System/Library/Frameworks/Accelerate.framework/Versions/A/Frameworks/vecLib.framework/Versions/A/vecLib
0x00007ff8106cb000 	/System/Library/Frameworks/Accelerate.framework/Versions/A/Frameworks/vecLib.framework/Versions/A/libvMisc.dylib
0x00007ff80ef4a000 	/System/Library/Frameworks/Accelerate.framework/Versions/A/Frameworks/vecLib.framework/Versions/A/libvDSP.dylib
0x00007ff8058d3000 	/System/Library/Frameworks/Accelerate.framework/Versions/A/Frameworks/vecLib.framework/Versions/A/libBLAS.dylib
0x00007ff81020c000 	/System/Library/Frameworks/Accelerate.framework/Versions/A/Frameworks/vecLib.framework/Versions/A/libLAPACK.dylib
0x00007ff80f56e000 	/System/Library/Frameworks/Accelerate.framework/Versions/A/Frameworks/vecLib.framework/Versions/A/libLinearAlgebra.dylib
0x00007ff810113000 	/System/Library/Frameworks/Accelerate.framework/Versions/A/Frameworks/vecLib.framework/Versions/A/libSparseBLAS.dylib
0x00007ff810206000 	/System/Library/Frameworks/Accelerate.framework/Versions/A/Frameworks/vecLib.framework/Versions/A/libQuadrature.dylib
0x00007ff80e7b9000 	/System/Library/Frameworks/Accelerate.framework/Versions/A/Frameworks/vecLib.framework/Versions/A/libBNNS.dylib
0x00007ff805b80000 	/System/Library/Frameworks/Accelerate.framework/Versions/A/Frameworks/vecLib.framework/Versions/A/libSparse.dylib
0x00007ff80b957000 	/System/Library/PrivateFrameworks/CoreAnalytics.framework/Versions/A/CoreAnalytics
0x00007ff80e7b2000 	/System/Library/PrivateFrameworks/LinguisticData.framework/Versions/A/LinguisticData
0x00007ff805b35000 	/System/Library/PrivateFrameworks/Lexicon.framework/Versions/A/Lexicon
0x00007ff8106c4000 	/usr/lib/libChineseTokenizer.dylib
0x00007ff806297000 	/System/Library/PrivateFrameworks/LanguageModeling.framework/Versions/A/LanguageModeling
0x00007ff8100d7000 	/System/Library/PrivateFrameworks/AppleSauce.framework/Versions/A/AppleSauce
0x00007ff80f11a000 	/System/Library/PrivateFrameworks/CoreEmoji.framework/Versions/A/CoreEmoji
0x00007ff80ffd7000 	/usr/lib/libcmph.dylib
0x00007ff80c69c000 	/System/Library/Frameworks/OpenDirectory.framework/Versions/A/Frameworks/CFOpenDirectory.framework/Versions/A/CFOpenDirectory
0x00007ff80c690000 	/System/Library/Frameworks/OpenDirectory.framework/Versions/A/OpenDirectory
0x00007ff81061d000 	/System/Library/PrivateFrameworks/APFS.framework/Versions/A/APFS
0x00007ff80f43c000 	/System/Library/Frameworks/SecurityFoundation.framework/Versions/A/SecurityFoundation
0x00007ff810698000 	/usr/lib/libutil.dylib
0x00007ff807969000 	/System/Library/PrivateFrameworks/CoreServicesStore.framework/Versions/A/CoreServicesStore
0x00007ff81069c000 	/usr/lib/libxslt.1.dylib
0x00007ff80f4c9000 	/System/Library/PrivateFrameworks/BackgroundTaskManagement.framework/Versions/A/BackgroundTaskManagement
0x00007ff811b8f000 	/System/Library/Frameworks/ImageIO.framework/Versions/A/Resources/libRadiance.dylib
0x00007ff811b98000 	/System/Library/Frameworks/ImageIO.framework/Versions/A/Resources/libJPEG.dylib
0x00007ff811ae8000 	/System/Library/Frameworks/ImageIO.framework/Versions/A/Resources/libPng.dylib
0x00007ff811b09000 	/System/Library/Frameworks/ImageIO.framework/Versions/A/Resources/libTIFF.dylib
0x00007ff811bf8000 	/System/Library/Frameworks/ImageIO.framework/Versions/A/Resources/libGIF.dylib
0x00007ff8113bb000 	/System/Library/Frameworks/ImageIO.framework/Versions/A/Resources/libJP2.dylib
0x00007ff810ad7000 	/usr/lib/libexpat.1.dylib
0x00007ff811370000 	/System/Library/PrivateFrameworks/AppleJPEG.framework/Versions/A/AppleJPEG
0x00007ff80dc13000 	/System/Library/PrivateFrameworks/FontServices.framework/libFontParser.dylib
0x00007ff80b6d0000 	/System/Library/PrivateFrameworks/RunningBoardServices.framework/Versions/A/RunningBoardServices
0x00007ff81c6e8000 	/System/Library/PrivateFrameworks/IOSurfaceAccelerator.framework/Versions/A/IOSurfaceAccelerator
0x00007ff81149e000 	/System/Library/PrivateFrameworks/WatchdogClient.framework/Versions/A/WatchdogClient
0x00007ff806386000 	/System/Library/Frameworks/CoreDisplay.framework/Versions/A/CoreDisplay
0x00007ff80da64000 	/System/Library/Frameworks/CoreMedia.framework/Versions/A/CoreMedia
0x00007ff80d901000 	/System/Library/PrivateFrameworks/IOAccelerator.framework/Versions/A/IOAccelerator
0x00007ff80c818000 	/System/Library/Frameworks/CoreVideo.framework/Versions/A/CoreVideo
0x00007ff810129000 	/System/Library/Frameworks/MetalPerformanceShaders.framework/Versions/A/MetalPerformanceShaders
0x00007ff8114d9000 	/System/Library/Frameworks/VideoToolbox.framework/Versions/A/VideoToolbox
0x00007ff80b619000 	/System/Library/PrivateFrameworks/BaseBoard.framework/Versions/A/BaseBoard
0x00007ff80b3a6000 	/System/Library/PrivateFrameworks/ProtocolBuffer.framework/Versions/A/ProtocolBuffer
0x00007ff811b88000 	/System/Library/PrivateFrameworks/GPUWrangler.framework/Versions/A/GPUWrangler
0x00007ff811b6b000 	/System/Library/PrivateFrameworks/IOPresentment.framework/Versions/A/IOPresentment
0x00007ff811b92000 	/System/Library/PrivateFrameworks/DSExternalDisplay.framework/Versions/A/DSExternalDisplay
0x00007ffa1c5c7000 	/System/Library/Frameworks/OpenGL.framework/Versions/A/Libraries/libCoreFSCache.dylib
0x00007ffb0846f000 	/System/Library/PrivateFrameworks/GPUCompiler.framework/Versions/31001/Libraries/libGPUCompilerUtils.dylib
0x00007ff811bfd000 	/System/Library/PrivateFrameworks/CMCaptureCore.framework/Versions/A/CMCaptureCore
0x00007ff8110a9000 	/System/Library/PrivateFrameworks/AppServerSupport.framework/Versions/A/AppServerSupport
0x00007ff813696000 	/System/Library/PrivateFrameworks/perfdata.framework/Versions/A/perfdata
0x00007ff8064b2000 	/System/Library/PrivateFrameworks/AudioToolboxCore.framework/Versions/A/AudioToolboxCore
0x00007ff80da41000 	/System/Library/PrivateFrameworks/caulk.framework/Versions/A/caulk
0x00007ff812fc3000 	/usr/lib/libAudioStatistics.dylib
0x00007ff90a1f3000 	/System/Library/PrivateFrameworks/SystemPolicy.framework/Versions/A/SystemPolicy
0x00007ff81320f000 	/usr/lib/libSMC.dylib
0x00007ff81c030000 	/System/Library/Frameworks/CoreMIDI.framework/Versions/A/CoreMIDI
0x00007ff811ab8000 	/usr/lib/libAudioToolboxUtility.dylib
0x00007ff9065ee000 	/System/Library/PrivateFrameworks/OSAServicesClient.framework/Versions/A/OSAServicesClient
0x00007ff8136a3000 	/usr/lib/libperfcheck.dylib
0x00007ff90ac7f000 	/usr/lib/libmis.dylib
0x00007ffa1c623000 	/System/Library/Frameworks/OpenGL.framework/Versions/A/Libraries/libGLU.dylib
0x00007ffa1c5e6000 	/System/Library/Frameworks/OpenGL.framework/Versions/A/Libraries/libGFXShared.dylib
0x00007ffa1c7f4000 	/System/Library/Frameworks/OpenGL.framework/Versions/A/Libraries/libGL.dylib
0x00007ffa1c5ef000 	/System/Library/Frameworks/OpenGL.framework/Versions/A/Libraries/libGLImage.dylib
0x00007ffa1c5e3000 	/System/Library/Frameworks/OpenGL.framework/Versions/A/Libraries/libCVMSPluginSupport.dylib
0x00007ffa1c5ce000 	/System/Library/Frameworks/OpenGL.framework/Versions/A/Libraries/libCoreVMClient.dylib
0x00007ff80e64d000 	/System/Library/Frameworks/MetalPerformanceShaders.framework/Versions/A/Frameworks/MPSCore.framework/Versions/A/MPSCore
0x00007ff80facb000 	/System/Library/Frameworks/MetalPerformanceShaders.framework/Versions/A/Frameworks/MPSImage.framework/Versions/A/MPSImage
0x00007ff80f584000 	/System/Library/Frameworks/MetalPerformanceShaders.framework/Versions/A/Frameworks/MPSNeuralNetwork.framework/Versions/A/MPSNeuralNetwork
0x00007ff80f9f9000 	/System/Library/Frameworks/MetalPerformanceShaders.framework/Versions/A/Frameworks/MPSMatrix.framework/Versions/A/MPSMatrix
0x00007ff80f7b5000 	/System/Library/Frameworks/MetalPerformanceShaders.framework/Versions/A/Frameworks/MPSRayIntersector.framework/Versions/A/MPSRayIntersector
0x00007ff80fa32000 	/System/Library/Frameworks/MetalPerformanceShaders.framework/Versions/A/Frameworks/MPSNDArray.framework/Versions/A/MPSNDArray
0x00007ffa211c8000 	/System/Library/Frameworks/MetalPerformanceShaders.framework/Versions/A/Frameworks/MPSFunctions.framework/Versions/A/MPSFunctions
0x00007ff8057b6000 	/System/Library/PrivateFrameworks/MetalTools.framework/Versions/A/MetalTools
0x00007ff80e6c7000 	/System/Library/PrivateFrameworks/AggregateDictionary.framework/Versions/A/AggregateDictionary
0x00007ff8108ba000 	/usr/lib/libIOReport.dylib
0x00007ffa1dc03000 	/System/Library/Frameworks/OpenCL.framework/Versions/A/OpenCL
0x00007ff810c43000 	/System/Library/PrivateFrameworks/FaceCore.framework/Versions/A/FaceCore
0x00007ff810c34000 	/System/Library/PrivateFrameworks/GraphVisualizer.framework/Versions/A/GraphVisualizer
0x00007ffb0837a000 	/System/Library/PrivateFrameworks/FontServices.framework/Versions/A/FontServices
0x00007ff811060000 	/System/Library/PrivateFrameworks/OTSVG.framework/Versions/A/OTSVG
0x00007ff80c402000 	/System/Library/Frameworks/ApplicationServices.framework/Versions/A/Frameworks/ATS.framework/Versions/A/Resources/libFontRegistry.dylib
0x00007ff8110b1000 	/System/Library/PrivateFrameworks/FontServices.framework/libhvf.dylib
0x00007ffb0837b000 	/System/Library/PrivateFrameworks/FontServices.framework/libXTFontStaticRegistryData.dylib
0x00007ff810a87000 	/System/Library/PrivateFrameworks/AppleVA.framework/Versions/A/AppleVA
0x00007ff812fe3000 	/System/Library/Frameworks/ApplicationServices.framework/Versions/A/Frameworks/ATS.framework/Versions/A/ATS
0x00007ff80aadd000 	/System/Library/Frameworks/ApplicationServices.framework/Versions/A/Frameworks/HIServices.framework/Versions/A/HIServices
0x00007ff811c07000 	/System/Library/Frameworks/ApplicationServices.framework/Versions/A/Frameworks/PrintCore.framework/Versions/A/PrintCore
0x00007ff813362000 	/System/Library/Frameworks/ApplicationServices.framework/Versions/A/Frameworks/QD.framework/Versions/A/QD
0x00007ff81335a000 	/System/Library/Frameworks/ApplicationServices.framework/Versions/A/Frameworks/ColorSyncLegacy.framework/Versions/A/ColorSyncLegacy
0x00007ff812fd3000 	/System/Library/Frameworks/ApplicationServices.framework/Versions/A/Frameworks/SpeechSynthesis.framework/Versions/A/SpeechSynthesis
0x00007ff811bc8000 	/System/Library/Frameworks/ApplicationServices.framework/Versions/A/Frameworks/ATSUI.framework/Versions/A/ATSUI
0x00007ff8132ef000 	/usr/lib/libcups.2.dylib
0x00007ff8136b2000 	/System/Library/Frameworks/Kerberos.framework/Versions/A/Kerberos
0x00007ff8136c1000 	/System/Library/Frameworks/GSS.framework/Versions/A/GSS
0x00007ff81304f000 	/usr/lib/libresolv.9.dylib
0x00007ff8110c0000 	/System/Library/PrivateFrameworks/Heimdal.framework/Versions/A/Heimdal
0x00007ff81a19c000 	/System/Library/Frameworks/Kerberos.framework/Versions/A/Libraries/libHeimdalProxy.dylib
0x00007ff80b7a5000 	/System/Library/Frameworks/Network.framework/Versions/A/Network
0x00007ff810af1000 	/usr/lib/libheimdal-asn1.dylib
0x00007ff81370c000 	/System/Library/PrivateFrameworks/CommonAuth.framework/Versions/A/CommonAuth
0x00007ff812f54000 	/System/Library/PrivateFrameworks/AudioSession.framework/Versions/A/AudioSession
0x00007ff810b81000 	/System/Library/PrivateFrameworks/MediaExperience.framework/Versions/A/MediaExperience
0x00007ff812de9000 	/System/Library/PrivateFrameworks/AudioSession.framework/libSessionUtility.dylib
0x00007ff81336e000 	/System/Library/PrivateFrameworks/AudioResourceArbitration.framework/Versions/A/AudioResourceArbitration
0x00007ff810afa000 	/System/Library/PrivateFrameworks/IconFoundation.framework/Versions/A/IconFoundation
0x00007ff816140000 	/System/Library/PrivateFrameworks/SpeechRecognitionCore.framework/Versions/A/SpeechRecognitionCore
0x0000000107bf3000 	/Users/loule/Library/Java/JavaVirtualMachines/temurin-17/Contents/Home/lib/server/libjvm.dylib
0x0000000106ad5000 	/Users/loule/Library/Java/JavaVirtualMachines/temurin-17/Contents/Home/lib/libjimage.dylib
0x0000000106af1000 	/Users/loule/Library/Java/JavaVirtualMachines/temurin-17/Contents/Home/lib/libinstrument.dylib
0x0000000106b2c000 	/Users/loule/Library/Java/JavaVirtualMachines/temurin-17/Contents/Home/lib/libjava.dylib
0x0000000106b1b000 	/Users/loule/Library/Java/JavaVirtualMachines/temurin-17/Contents/Home/lib/libzip.dylib
0x00000001079c7000 	/Users/loule/Library/Java/JavaVirtualMachines/temurin-17/Contents/Home/lib/libnio.dylib
0x00000001079f6000 	/Users/loule/Library/Java/JavaVirtualMachines/temurin-17/Contents/Home/lib/libnet.dylib
0x00000001079dc000 	/Users/loule/Library/Java/JavaVirtualMachines/temurin-17/Contents/Home/lib/libverify.dylib
0x00000001079b2000 	/Users/loule/Library/Java/JavaVirtualMachines/temurin-17/Contents/Home/lib/libextnet.dylib
0x0000000107aae000 	/Users/loule/Library/Java/JavaVirtualMachines/temurin-17/Contents/Home/lib/libawt.dylib
0x000000011474d000 	/Users/loule/Library/Java/JavaVirtualMachines/temurin-17/Contents/Home/lib/libmlib_image.dylib
0x00007ffa21136000 	/System/Library/Frameworks/JavaRuntimeSupport.framework/Versions/A/JavaRuntimeSupport
0x00007ff909d4d000 	/System/Library/Frameworks/Carbon.framework/Versions/A/Carbon
0x00007ff8185e4000 	/System/Library/PrivateFrameworks/CoreSymbolication.framework/Versions/A/CoreSymbolication
0x00007ff81da2c000 	/System/Library/Frameworks/Carbon.framework/Versions/A/Frameworks/CommonPanels.framework/Versions/A/CommonPanels
0x00007ff819bac000 	/System/Library/Frameworks/Carbon.framework/Versions/A/Frameworks/Help.framework/Versions/A/Help
0x00007ff81da30000 	/System/Library/Frameworks/Carbon.framework/Versions/A/Frameworks/ImageCapture.framework/Versions/A/ImageCapture
0x00007ff81da00000 	/System/Library/Frameworks/Carbon.framework/Versions/A/Frameworks/OpenScripting.framework/Versions/A/OpenScripting
0x00007ff81da28000 	/System/Library/Frameworks/Carbon.framework/Versions/A/Frameworks/Ink.framework/Versions/A/Ink
0x00007ff909d49000 	/System/Library/Frameworks/Carbon.framework/Versions/A/Frameworks/Print.framework/Versions/A/Print
0x00007ff81da24000 	/System/Library/Frameworks/Carbon.framework/Versions/A/Frameworks/SecurityHI.framework/Versions/A/SecurityHI
0x00007ff8185a9000 	/System/Library/PrivateFrameworks/DebugSymbols.framework/Versions/A/DebugSymbols
0x0000000115108000 	/Users/loule/Library/Java/JavaVirtualMachines/temurin-17/Contents/Home/lib/libawt_lwawt.dylib
0x0000000107a36000 	/Users/loule/Library/Java/JavaVirtualMachines/temurin-17/Contents/Home/lib/libosxapp.dylib
0x00007ff9091aa000 	/System/Library/Frameworks/ExceptionHandling.framework/Versions/A/ExceptionHandling
0x00000001153a8000 	/Users/loule/Library/Java/JavaVirtualMachines/temurin-17/Contents/Home/lib/libfontmanager.dylib
0x0000000115214000 	/Users/loule/Library/Java/JavaVirtualMachines/temurin-17/Contents/Home/lib/libfreetype.dylib
0x00007ff80792a000 	/System/Library/PrivateFrameworks/CoreServicesInternal.framework/Versions/A/CoreServicesInternal
0x00007ff817906000 	/System/Library/Frameworks/FileProvider.framework/Versions/A/FileProvider
0x00007ff80b585000 	/System/Library/Frameworks/Accounts.framework/Versions/A/Accounts
0x00007ff817a7d000 	/System/Library/PrivateFrameworks/GenerationalStorage.framework/Versions/A/GenerationalStorage
0x00007ff81730a000 	/System/Library/PrivateFrameworks/SymptomDiagnosticReporter.framework/Versions/A/SymptomDiagnosticReporter
0x00007ff808be1000 	/System/Library/PrivateFrameworks/DesktopServicesPriv.framework/Versions/A/DesktopServicesPriv
0x00007ff807a6a000 	/usr/lib/libsandbox.1.dylib
0x00007ff80c896000 	/System/Library/PrivateFrameworks/UserManagement.framework/Versions/A/UserManagement
0x00007ff81334f000 	/System/Library/PrivateFrameworks/NetAuth.framework/Versions/A/NetAuth
0x00007ff814239000 	/System/Library/PrivateFrameworks/Sharing.framework/Versions/A/Sharing
0x00007ff80c869000 	/System/Library/PrivateFrameworks/login.framework/Versions/A/Frameworks/loginsupport.framework/Versions/A/loginsupport
0x00007ff8196db000 	/System/Library/PrivateFrameworks/Apple80211.framework/Versions/A/Apple80211
0x00007ff80fbaf000 	/System/Library/PrivateFrameworks/AuthKit.framework/Versions/A/AuthKit
0x00007ff80f211000 	/System/Library/PrivateFrameworks/CoreUtils.framework/Versions/A/CoreUtils
0x00007ff80f137000 	/System/Library/Frameworks/CoreWLAN.framework/Versions/A/CoreWLAN
0x00007ff814393000 	/System/Library/Frameworks/IOBluetooth.framework/Versions/A/IOBluetooth
0x00007ff819743000 	/System/Library/PrivateFrameworks/CoreWiFi.framework/Versions/A/CoreWiFi
0x00007ff818180000 	/System/Library/PrivateFrameworks/FrontBoardServices.framework/Versions/A/FrontBoardServices
0x00007ff818212000 	/System/Library/PrivateFrameworks/BoardServices.framework/Versions/A/BoardServices
0x00007ff80f42b000 	/System/Library/PrivateFrameworks/AssertionServices.framework/Versions/A/AssertionServices
0x00007ff8198c7000 	/System/Library/PrivateFrameworks/BackBoardServices.framework/Versions/A/BackBoardServices
0x00007ff81379b000 	/System/Library/PrivateFrameworks/CorePhoneNumbers.framework/Versions/A/CorePhoneNumbers
0x00007ff817427000 	/System/Library/PrivateFrameworks/DiskManagement.framework/Versions/A/DiskManagement
0x00007ff81733b000 	/System/Library/PrivateFrameworks/AppleIDAuthSupport.framework/Versions/A/AppleIDAuthSupport
0x00007ffa23147000 	/System/Library/PrivateFrameworks/AAAFoundation.framework/Versions/A/AAAFoundation
0x00007ff81377c000 	/System/Library/PrivateFrameworks/KeychainCircle.framework/Versions/A/KeychainCircle
0x00007ff8173f3000 	/System/Library/PrivateFrameworks/MediaKit.framework/Versions/A/MediaKit
0x00007ff817347000 	/System/Library/Frameworks/DiscRecording.framework/Versions/A/DiscRecording
0x00007ff8109ff000 	/usr/lib/libCoreStorage.dylib
0x00007ff819bb4000 	/usr/lib/libcsfde.dylib
0x00007ff81445c000 	/System/Library/PrivateFrameworks/ProtectedCloudStorage.framework/Versions/A/ProtectedCloudStorage
0x00007ff819bb0000 	/System/Library/PrivateFrameworks/EFILogin.framework/Versions/A/EFILogin
0x00007ff817aa3000 	/System/Library/PrivateFrameworks/OctagonTrust.framework/Versions/A/OctagonTrust
0x00007ffb076ce000 	/System/Library/PrivateFrameworks/CoreUtilsExtras.framework/Versions/A/CoreUtilsExtras
0x00007ff81727e000 	/System/Library/Frameworks/CoreBluetooth.framework/Versions/A/CoreBluetooth
0x00007ff81a221000 	/System/Library/Frameworks/AudioUnit.framework/Versions/A/AudioUnit
0x00007ff8109f7000 	/usr/lib/libMatch.1.dylib
0x00007ff91175c000 	/System/Library/CoreServices/RawCamera.bundle/Contents/MacOS/RawCamera
0x00007ff81371c000 	/System/Library/PrivateFrameworks/MobileAsset.framework/Versions/A/MobileAsset
0x00007ff81a248000 	/System/Library/PrivateFrameworks/StreamingZip.framework/Versions/A/StreamingZip
0x00007ffa24c0f000 	/System/Library/PrivateFrameworks/CMPhoto.framework/Versions/A/CMPhoto
0x00007ff818480000 	/System/Library/PrivateFrameworks/AppleVPA.framework/Versions/A/AppleVPA
0x00007ff811e2f000 	/System/Library/Frameworks/MediaToolbox.framework/Versions/A/MediaToolbox
0x00007ff8178d6000 	/System/Library/PrivateFrameworks/CoreAVCHD.framework/Versions/A/CoreAVCHD
0x00007ff8167c9000 	/System/Library/Frameworks/MediaAccessibility.framework/Versions/A/MediaAccessibility
0x00007ff8178d2000 	/System/Library/PrivateFrameworks/Mangrove.framework/Versions/A/Mangrove
0x00007ff8167d4000 	/System/Library/PrivateFrameworks/AlgosScoreFramework.framework/Versions/A/AlgosScoreFramework
0x00007ff817517000 	/System/Library/PrivateFrameworks/CoreAUC.framework/Versions/A/CoreAUC
0x00007ff90f03a000 	/System/Library/Frameworks/Accelerate.framework/Versions/A/Frameworks/vImage.framework/Versions/A/Libraries/libCGInterfaces.dylib
0x00000001150b0000 	/usr/lib/libobjc-trampolines.dylib
0x00007ff80c590000 	/System/Library/PrivateFrameworks/ViewBridge.framework/Versions/A/ViewBridge
0x000000012be4e000 	/Users/loule/Documents/GitHub/Java-CodingDojo/resources/lib/liblwjgl.jnilib
0x00000001150f9000 	/Users/loule/Library/Java/JavaVirtualMachines/temurin-17/Contents/Home/lib/libjawt.dylib
0x00007ffa237fd000 	/System/Library/PrivateFrameworks/AccessibilityBundles.framework/Versions/A/AccessibilityBundles
0x00007ffa1c7ff000 	/System/Library/Frameworks/OpenGL.framework/Versions/A/Resources/GLEngine.bundle/GLEngine
0x00007ffa1c661000 	/System/Library/Frameworks/OpenGL.framework/Versions/A/Libraries/libGLProgrammability.dylib
0x00007ffa11734000 	/System/Library/Extensions/AppleIntelKBLGraphicsGLDriver.bundle/Contents/MacOS/AppleIntelKBLGraphicsGLDriver
0x00007ff914a24000 	/System/Library/PrivateFrameworks/GPUSupport.framework/Versions/A/Libraries/libGPUSupportMercury.dylib
0x00007ffa1c98e000 	/System/Library/Frameworks/OpenGL.framework/Versions/A/Resources/GLRendererFloat.bundle/GLRendererFloat
0x00007ff81117a000 	/System/Library/PrivateFrameworks/login.framework/Versions/A/login


VM Arguments:
jvm_args: -Djava.library.path=lib -javaagent:/Users/loule/Library/Application Support/JetBrains/Toolbox/apps/IDEA-U/ch-0/212.5284.40/IntelliJ IDEA.app/Contents/lib/idea_rt.jar=50614:/Users/loule/Library/Application Support/JetBrains/Toolbox/apps/IDEA-U/ch-0/212.5284.40/IntelliJ IDEA.app/Contents/bin -Dfile.encoding=UTF-8 
java_command: fr.rphstudio.codingdojo.launcher.MainLauncher
java_class_path (initial): ./codingdojo.jar:students/Student3-2.1-p.jar:students/Student47-2.1-p.jar:students/Student5-2.1-p.jar:students/Student11-2.1-p.jar:students/Student67-2.1-p.jar:students/Teachers-2.1-p.jar:students/Student10-2.1-p.jar:students/Student4-2.1-p.jar:students/Student76-2.1-p.jar:students/Student1-2.1-p.jar:students/Student64-2.1-p.jar:students/Student7-2.1-p.jar:students/Student07-2.1-p.jar:students/Student19-2.1-p.jar:students/Student99-2.1-p.jar
Launcher Type: SUN_STANDARD

[Global flags]
     intx CICompilerCount                          = 3                                         {product} {ergonomic}
     uint ConcGCThreads                            = 1                                         {product} {ergonomic}
     uint G1ConcRefinementThreads                  = 4                                         {product} {ergonomic}
   size_t G1HeapRegionSize                         = 1048576                                   {product} {ergonomic}
    uintx GCDrainStackTargetSize                   = 64                                        {product} {ergonomic}
   size_t InitialHeapSize                          = 134217728                                 {product} {ergonomic}
   size_t MarkStackSize                            = 4194304                                   {product} {ergonomic}
   size_t MaxHeapSize                              = 2147483648                                {product} {ergonomic}
   size_t MaxNewSize                               = 1287651328                                {product} {ergonomic}
   size_t MinHeapDeltaBytes                        = 1048576                                   {product} {ergonomic}
   size_t MinHeapSize                              = 8388608                                   {product} {ergonomic}
    uintx NonNMethodCodeHeapSize                   = 5832780                                {pd product} {ergonomic}
    uintx NonProfiledCodeHeapSize                  = 122912730                              {pd product} {ergonomic}
    uintx ProfiledCodeHeapSize                     = 122912730                              {pd product} {ergonomic}
    uintx ReservedCodeCacheSize                    = 251658240                              {pd product} {ergonomic}
     bool SegmentedCodeCache                       = true                                      {product} {ergonomic}
   size_t SoftMaxHeapSize                          = 2147483648                             {manageable} {ergonomic}
     bool UseCompressedClassPointers               = true                           {product lp64_product} {ergonomic}
     bool UseCompressedOops                        = true                           {product lp64_product} {ergonomic}
     bool UseG1GC                                  = true                                      {product} {ergonomic}
     bool UseNUMA                                  = false                                     {product} {ergonomic}
     bool UseNUMAInterleaving                      = false                                     {product} {ergonomic}

Logging:
Log output configuration:
 #0: stdout all=warning uptime,level,tags
 #1: stderr all=off uptime,level,tags

Environment Variables:
PATH=/usr/local/bin:/usr/bin:/bin:/usr/sbin:/sbin
SHELL=/bin/bash
LC_CTYPE=fr_FR.UTF-8

Signal Handlers:
   SIGSEGV: _ZL13crash_handleriP9__siginfoPv in libjvm.dylib, mask=11100110000111110111111111111111, flags=SA_RESTART|SA_SIGINFO
    SIGBUS: _ZL13crash_handleriP9__siginfoPv in libjvm.dylib, mask=11100110000111110111111111111111, flags=SA_RESTART|SA_SIGINFO
    SIGFPE: _ZL13crash_handleriP9__siginfoPv in libjvm.dylib, mask=11100110000111110111111111111111, flags=SA_RESTART|SA_SIGINFO
   SIGPIPE: _ZL17javaSignalHandleriP9__siginfoPv in libjvm.dylib, mask=11100110000111110111111111111111, flags=SA_RESTART|SA_SIGINFO
   SIGXFSZ: _ZL17javaSignalHandleriP9__siginfoPv in libjvm.dylib, mask=11100110000111110111111111111111, flags=SA_RESTART|SA_SIGINFO
    SIGILL: _ZL13crash_handleriP9__siginfoPv in libjvm.dylib, mask=11100110000111110111111111111111, flags=SA_RESTART|SA_SIGINFO
   SIGUSR2: _ZL10SR_handleriP9__siginfoP17__darwin_ucontext in libjvm.dylib, mask=00100000000000000000000000000000, flags=SA_RESTART|SA_SIGINFO
    SIGHUP: _ZL11UserHandleriPvS_ in libjvm.dylib, mask=11100110000111110111111111111111, flags=SA_RESTART|SA_SIGINFO
    SIGINT: _ZL11UserHandleriPvS_ in libjvm.dylib, mask=11100110000111110111111111111111, flags=SA_RESTART|SA_SIGINFO
   SIGTERM: _ZL11UserHandleriPvS_ in libjvm.dylib, mask=11100110000111110111111111111111, flags=SA_RESTART|SA_SIGINFO
   SIGQUIT: _ZL11UserHandleriPvS_ in libjvm.dylib, mask=11100110000111110111111111111111, flags=SA_RESTART|SA_SIGINFO
   SIGTRAP: _ZL13crash_handleriP9__siginfoPv in libjvm.dylib, mask=11100110000111110111111111111111, flags=SA_RESTART|SA_SIGINFO


---------------  S Y S T E M  ---------------

OS:
uname: Darwin 21.1.0 Darwin Kernel Version 21.1.0: Sat Sep 11 12:27:43 PDT 2021; root:xnu-8019.40.67.171.4~1/RELEASE_X86_64 x86_64
OS uptime: 0 days 0:23 hours
rlimit (soft/hard): STACK 8192k/65532k , CORE 0k/infinity , NPROC 1392/2088 , NOFILE 10240/infinity , AS infinity/infinity , CPU infinity/infinity , DATA infinity/infinity , FSIZE infinity/infinity , MEMLOCK infinity/infinity , RSS infinity/infinity
load average: 15.75 16.64 24.66

CPU: total 4 (initial active 4) (2 cores per cpu, 2 threads per core) family 6 model 142 stepping 9 microcode 0xea, cx8, cmov, fxsr, ht, mmx, 3dnowpref, sse, sse2, sse3, ssse3, sse4.1, sse4.2, popcnt, lzcnt, tsc, tscinvbit, avx, avx2, aes, erms, clmul, bmi1, bmi2, rtm, adx, fma, vzeroupper, clflush, clflushopt

Memory: 4k page, physical 8388608k(515228k free), swap 2097152k(742400k free)

vm_info: OpenJDK 64-Bit Server VM (17+35) for bsd-amd64 JRE (17+35), built on Sep 14 2021 23:37:50 by "jenkins" with clang 4.2.1 Compatible Apple LLVM 10.0.1 (clang-1001.0.46.4)

END.
